[2024-09-19T18:09:40.330+0000] {taskinstance.py:1157} INFO - Dependencies all met for dep_context=non-requeueable deps ti=<TaskInstance: account_dim_generator.generate_account_dim_data scheduled__2024-09-18T00:00:00+00:00 [queued]>
[2024-09-19T18:09:41.204+0000] {taskinstance.py:1157} INFO - Dependencies all met for dep_context=requeueable deps ti=<TaskInstance: account_dim_generator.generate_account_dim_data scheduled__2024-09-18T00:00:00+00:00 [queued]>
[2024-09-19T18:09:41.215+0000] {taskinstance.py:1359} INFO - Starting attempt 1 of 1
[2024-09-19T18:09:41.291+0000] {taskinstance.py:1380} INFO - Executing <Task(PythonOperator): generate_account_dim_data> on 2024-09-18 00:00:00+00:00
[2024-09-19T18:09:41.317+0000] {standard_task_runner.py:57} INFO - Started process 237 to run task
[2024-09-19T18:09:41.342+0000] {standard_task_runner.py:84} INFO - Running: ['***', 'tasks', 'run', 'account_dim_generator', 'generate_account_dim_data', 'scheduled__2024-09-18T00:00:00+00:00', '--job-id', '27', '--raw', '--subdir', 'DAGS_FOLDER/account_dim_generator.py', '--cfg-path', '/tmp/tmpqv_67h_c']
[2024-09-19T18:09:41.362+0000] {standard_task_runner.py:85} INFO - Job 27: Subtask generate_account_dim_data
[2024-09-19T18:09:41.520+0000] {task_command.py:415} INFO - Running <TaskInstance: account_dim_generator.generate_account_dim_data scheduled__2024-09-18T00:00:00+00:00 [running]> on host 48913e9acee9
[2024-09-19T18:09:41.696+0000] {taskinstance.py:1660} INFO - Exporting env vars: AIRFLOW_CTX_DAG_OWNER='codewithyu' AIRFLOW_CTX_DAG_ID='account_dim_generator' AIRFLOW_CTX_TASK_ID='generate_account_dim_data' AIRFLOW_CTX_EXECUTION_DATE='2024-09-18T00:00:00+00:00' AIRFLOW_CTX_TRY_NUMBER='1' AIRFLOW_CTX_DAG_RUN_ID='scheduled__2024-09-18T00:00:00+00:00'
[2024-09-19T18:09:41.716+0000] {logging_mixin.py:151} INFO - CSV file ./account_dim_large_data.csv with 50 rows has been generated successfully!
[2024-09-19T18:09:41.716+0000] {python.py:194} INFO - Done. Returned value was: None
[2024-09-19T18:09:41.733+0000] {taskinstance.py:1398} INFO - Marking task as SUCCESS. dag_id=account_dim_generator, task_id=generate_account_dim_data, execution_date=20240918T000000, start_date=20240919T180940, end_date=20240919T180941
[2024-09-19T18:09:41.780+0000] {local_task_job_runner.py:228} INFO - Task exited with return code 0
[2024-09-19T18:09:41.814+0000] {taskinstance.py:2776} INFO - 0 downstream tasks scheduled from follow-on schedule check
[2024-10-31T23:30:12.879+0000] {taskinstance.py:1157} INFO - Dependencies all met for dep_context=non-requeueable deps ti=<TaskInstance: account_dim_generator.generate_account_dim_data scheduled__2024-09-18T00:00:00+00:00 [queued]>
[2024-10-31T23:30:13.173+0000] {taskinstance.py:1157} INFO - Dependencies all met for dep_context=requeueable deps ti=<TaskInstance: account_dim_generator.generate_account_dim_data scheduled__2024-09-18T00:00:00+00:00 [queued]>
[2024-10-31T23:30:13.178+0000] {taskinstance.py:1359} INFO - Starting attempt 1 of 1
[2024-10-31T23:30:13.508+0000] {taskinstance.py:1380} INFO - Executing <Task(PythonOperator): generate_account_dim_data> on 2024-09-18 00:00:00+00:00
[2024-10-31T23:30:13.860+0000] {standard_task_runner.py:57} INFO - Started process 25275 to run task
[2024-10-31T23:30:14.031+0000] {standard_task_runner.py:84} INFO - Running: ['***', 'tasks', 'run', 'account_dim_generator', 'generate_account_dim_data', 'scheduled__2024-09-18T00:00:00+00:00', '--job-id', '22', '--raw', '--subdir', 'DAGS_FOLDER/account_dim_generator.py', '--cfg-path', '/tmp/tmp9pxy4kx_']
[2024-10-31T23:30:14.082+0000] {standard_task_runner.py:85} INFO - Job 22: Subtask generate_account_dim_data
[2024-10-31T23:30:14.801+0000] {task_command.py:415} INFO - Running <TaskInstance: account_dim_generator.generate_account_dim_data scheduled__2024-09-18T00:00:00+00:00 [running]> on host 3f4612cc381d
[2024-10-31T23:30:16.628+0000] {taskinstance.py:1660} INFO - Exporting env vars: AIRFLOW_CTX_DAG_OWNER='codewithyu' AIRFLOW_CTX_DAG_ID='account_dim_generator' AIRFLOW_CTX_TASK_ID='generate_account_dim_data' AIRFLOW_CTX_EXECUTION_DATE='2024-09-18T00:00:00+00:00' AIRFLOW_CTX_TRY_NUMBER='1' AIRFLOW_CTX_DAG_RUN_ID='scheduled__2024-09-18T00:00:00+00:00'
[2024-10-31T23:30:16.886+0000] {logging_mixin.py:151} INFO - CSV file ./account_dim_large_data.csv with 50 rows has been generated successfully!
[2024-10-31T23:30:16.888+0000] {python.py:194} INFO - Done. Returned value was: None
[2024-10-31T23:30:17.054+0000] {taskinstance.py:1398} INFO - Marking task as SUCCESS. dag_id=account_dim_generator, task_id=generate_account_dim_data, execution_date=20240918T000000, start_date=20241031T233012, end_date=20241031T233017
[2024-10-31T23:30:17.275+0000] {local_task_job_runner.py:228} INFO - Task exited with return code 0
[2024-10-31T23:30:17.998+0000] {taskinstance.py:2776} INFO - 0 downstream tasks scheduled from follow-on schedule check
