[2024-11-05T00:09:43.070+0000] {taskinstance.py:1157} INFO - Dependencies all met for dep_context=non-requeueable deps ti=<TaskInstance: dimension_batch_ingestion.ingest_account_dim scheduled__2024-11-04T00:00:00+00:00 [queued]>
[2024-11-05T00:09:43.342+0000] {taskinstance.py:1157} INFO - Dependencies all met for dep_context=requeueable deps ti=<TaskInstance: dimension_batch_ingestion.ingest_account_dim scheduled__2024-11-04T00:00:00+00:00 [queued]>
[2024-11-05T00:09:43.348+0000] {taskinstance.py:1359} INFO - Starting attempt 1 of 1
[2024-11-05T00:09:43.683+0000] {taskinstance.py:1380} INFO - Executing <Task(BashOperator): ingest_account_dim> on 2024-11-04 00:00:00+00:00
[2024-11-05T00:09:43.781+0000] {standard_task_runner.py:57} INFO - Started process 10864 to run task
[2024-11-05T00:09:43.877+0000] {standard_task_runner.py:84} INFO - Running: ['***', 'tasks', 'run', 'dimension_batch_ingestion', 'ingest_account_dim', 'scheduled__2024-11-04T00:00:00+00:00', '--job-id', '337', '--raw', '--subdir', 'DAGS_FOLDER/loader_dag.py', '--cfg-path', '/tmp/tmphveoyh0j']
[2024-11-05T00:09:43.985+0000] {standard_task_runner.py:85} INFO - Job 337: Subtask ingest_account_dim
[2024-11-05T00:09:48.644+0000] {task_command.py:415} INFO - Running <TaskInstance: dimension_batch_ingestion.ingest_account_dim scheduled__2024-11-04T00:00:00+00:00 [running]> on host 5840299c91cd
[2024-11-05T00:09:54.310+0000] {taskinstance.py:1660} INFO - Exporting env vars: AIRFLOW_CTX_DAG_OWNER='ctwang' AIRFLOW_CTX_DAG_ID='dimension_batch_ingestion' AIRFLOW_CTX_TASK_ID='ingest_account_dim' AIRFLOW_CTX_EXECUTION_DATE='2024-11-04T00:00:00+00:00' AIRFLOW_CTX_TRY_NUMBER='1' AIRFLOW_CTX_DAG_RUN_ID='scheduled__2024-11-04T00:00:00+00:00'
[2024-11-05T00:09:54.390+0000] {subprocess.py:63} INFO - Tmp dir root location: /tmp
[2024-11-05T00:09:54.725+0000] {subprocess.py:75} INFO - Running command: ['/bin/bash', '-c', 'curl -X POST -F file=@/opt/***/account_dim_large_data.csv -H "Content-Type: multipart/form-data" "http://pinot-controller:9000/ingestFromFile?tableNameWithType=account_dim_OFFLINE&batchConfigMapStr=%7B%22inputFormat%22%3A%22csv%22%2C%22recordReader.prop.delimiter%22%3A%22%2C%22%7D"']
[2024-11-05T00:09:55.120+0000] {subprocess.py:86} INFO - Output:
[2024-11-05T00:09:55.504+0000] {subprocess.py:93} INFO -   % Total    % Received % Xferd  Average Speed   Time    Time     Time  Current
[2024-11-05T00:09:55.506+0000] {subprocess.py:93} INFO -                                  Dload  Upload   Total   Spent    Left  Speed
[2024-11-05T00:09:58.156+0000] {subprocess.py:93} INFO -   0     0    0     0    0     0      0      0 --:--:-- --:--:-- --:--:--     0100  2847    0     0  100  2847      0   2215  0:00:01  0:00:01 --:--:--  2217100  2847    0     0  100  2847      0   1222  0:00:02  0:00:02 --:--:--  1223100  2956  100   109  100  2847     40   1063  0:00:02  0:00:02 --:--:--  1105
[2024-11-05T00:09:58.180+0000] {subprocess.py:93} INFO - {"status":"Successfully ingested file into table: account_dim_OFFLINE as segment: account_dim_1730765395705"}
[2024-11-05T00:09:58.187+0000] {subprocess.py:97} INFO - Command exited with return code 0
[2024-11-05T00:09:58.950+0000] {taskinstance.py:1398} INFO - Marking task as SUCCESS. dag_id=dimension_batch_ingestion, task_id=ingest_account_dim, execution_date=20241104T000000, start_date=20241105T000943, end_date=20241105T000958
[2024-11-05T00:09:59.608+0000] {local_task_job_runner.py:228} INFO - Task exited with return code 0
[2024-11-05T00:10:01.356+0000] {taskinstance.py:2776} INFO - 0 downstream tasks scheduled from follow-on schedule check
