[2024-11-01T18:33:15.759+0000] {taskinstance.py:1157} INFO - Dependencies all met for dep_context=non-requeueable deps ti=<TaskInstance: dimension_batch_ingestion.ingest_branch_dim scheduled__2024-10-31T00:00:00+00:00 [queued]>
[2024-11-01T18:33:15.769+0000] {taskinstance.py:1157} INFO - Dependencies all met for dep_context=requeueable deps ti=<TaskInstance: dimension_batch_ingestion.ingest_branch_dim scheduled__2024-10-31T00:00:00+00:00 [queued]>
[2024-11-01T18:33:15.769+0000] {taskinstance.py:1359} INFO - Starting attempt 1 of 1
[2024-11-01T18:33:15.782+0000] {taskinstance.py:1380} INFO - Executing <Task(BashOperator): ingest_branch_dim> on 2024-10-31 00:00:00+00:00
[2024-11-01T18:33:15.787+0000] {standard_task_runner.py:57} INFO - Started process 1877 to run task
[2024-11-01T18:33:15.791+0000] {standard_task_runner.py:84} INFO - Running: ['***', 'tasks', 'run', 'dimension_batch_ingestion', 'ingest_branch_dim', 'scheduled__2024-10-31T00:00:00+00:00', '--job-id', '143', '--raw', '--subdir', 'DAGS_FOLDER/loader_dag.py', '--cfg-path', '/tmp/tmprwse8a57']
[2024-11-01T18:33:15.837+0000] {standard_task_runner.py:85} INFO - Job 143: Subtask ingest_branch_dim
[2024-11-01T18:33:16.558+0000] {task_command.py:415} INFO - Running <TaskInstance: dimension_batch_ingestion.ingest_branch_dim scheduled__2024-10-31T00:00:00+00:00 [running]> on host 3f4612cc381d
[2024-11-01T18:33:16.824+0000] {taskinstance.py:1660} INFO - Exporting env vars: AIRFLOW_CTX_DAG_OWNER='codewithyu' AIRFLOW_CTX_DAG_ID='dimension_batch_ingestion' AIRFLOW_CTX_TASK_ID='ingest_branch_dim' AIRFLOW_CTX_EXECUTION_DATE='2024-10-31T00:00:00+00:00' AIRFLOW_CTX_TRY_NUMBER='1' AIRFLOW_CTX_DAG_RUN_ID='scheduled__2024-10-31T00:00:00+00:00'
[2024-11-01T18:33:16.827+0000] {subprocess.py:63} INFO - Tmp dir root location: /tmp
[2024-11-01T18:33:16.829+0000] {subprocess.py:75} INFO - Running command: ['/bin/bash', '-c', 'curl -X POST -F file=@/opt/***/branch_dim_large_data.csv -H "Content-Type: multipart/form-data" "http://pinot-controller:9000/ingestFromFile?tableNameWithType=branch_dim_OFFLINE&batchConfigMapStr=%7B%22inputFormat%22%3A%22csv%22%2C%22recordReader.prop.delimiter%22%3A%22%2C%22%7D"']
[2024-11-01T18:33:16.862+0000] {subprocess.py:86} INFO - Output:
[2024-11-01T18:33:16.893+0000] {subprocess.py:93} INFO -   % Total    % Received % Xferd  Average Speed   Time    Time     Time  Current
[2024-11-01T18:33:16.894+0000] {subprocess.py:93} INFO -                                  Dload  Upload   Total   Spent    Left  Speed
[2024-11-01T18:33:18.269+0000] {subprocess.py:93} INFO -   0     0    0     0    0     0      0      0 --:--:-- --:--:-- --:--:--     0100  3903    0     0  100  3903      0   3236  0:00:01  0:00:01 --:--:--  3236100  4030  100   127  100  3903     92   2838  0:00:01  0:00:01 --:--:--  2930
[2024-11-01T18:33:18.273+0000] {subprocess.py:93} INFO - {"code":500,"error":"Caught exception when ingesting file into table: branch_dim_OFFLINE. Table: branch_dim_OFFLINE not found"}
[2024-11-01T18:33:18.274+0000] {subprocess.py:97} INFO - Command exited with return code 0
[2024-11-01T18:33:18.318+0000] {taskinstance.py:1398} INFO - Marking task as SUCCESS. dag_id=dimension_batch_ingestion, task_id=ingest_branch_dim, execution_date=20241031T000000, start_date=20241101T183315, end_date=20241101T183318
[2024-11-01T18:33:18.361+0000] {local_task_job_runner.py:228} INFO - Task exited with return code 0
[2024-11-01T18:33:18.380+0000] {taskinstance.py:2776} INFO - 0 downstream tasks scheduled from follow-on schedule check
