[2024-11-03T00:08:08.875+0000] {processor.py:157} INFO - Started process (PID=19617) to work on /opt/airflow/dags/account_dim_generator.py
[2024-11-03T00:08:08.885+0000] {processor.py:829} INFO - Processing file /opt/airflow/dags/account_dim_generator.py for tasks to queue
[2024-11-03T00:08:08.889+0000] {logging_mixin.py:151} INFO - [2024-11-03T00:08:08.888+0000] {dagbag.py:539} INFO - Filling up the DagBag from /opt/airflow/dags/account_dim_generator.py
[2024-11-03T00:08:10.320+0000] {processor.py:839} INFO - DAG(s) dict_keys(['account_dim_generator']) retrieved from /opt/airflow/dags/account_dim_generator.py
[2024-11-03T00:08:10.466+0000] {logging_mixin.py:151} INFO - [2024-11-03T00:08:10.463+0000] {dag.py:2915} INFO - Sync 1 DAGs
[2024-11-03T00:08:10.661+0000] {logging_mixin.py:151} INFO - [2024-11-03T00:08:10.659+0000] {dag.py:3696} INFO - Setting next_dagrun for account_dim_generator to 2024-10-31T00:00:00+00:00, run_after=2024-11-01T00:00:00+00:00
[2024-11-03T00:08:10.716+0000] {processor.py:179} INFO - Processing /opt/airflow/dags/account_dim_generator.py took 1.852 seconds
[2024-11-03T00:56:33.177+0000] {processor.py:157} INFO - Started process (PID=239) to work on /opt/airflow/dags/account_dim_generator.py
[2024-11-03T00:56:33.184+0000] {processor.py:829} INFO - Processing file /opt/airflow/dags/account_dim_generator.py for tasks to queue
[2024-11-03T00:56:33.188+0000] {logging_mixin.py:151} INFO - [2024-11-03T00:56:33.187+0000] {dagbag.py:539} INFO - Filling up the DagBag from /opt/airflow/dags/account_dim_generator.py
[2024-11-03T00:56:34.016+0000] {processor.py:839} INFO - DAG(s) dict_keys(['account_dim_generator']) retrieved from /opt/airflow/dags/account_dim_generator.py
[2024-11-03T00:56:34.151+0000] {logging_mixin.py:151} INFO - [2024-11-03T00:56:34.151+0000] {security.py:708} INFO - Not syncing DAG-level permissions for DAG 'DAG:account_dim_generator' as access control is unset.
[2024-11-03T00:56:34.152+0000] {logging_mixin.py:151} INFO - [2024-11-03T00:56:34.152+0000] {dag.py:2915} INFO - Sync 1 DAGs
[2024-11-03T00:56:34.184+0000] {logging_mixin.py:151} INFO - [2024-11-03T00:56:34.184+0000] {dag.py:3696} INFO - Setting next_dagrun for account_dim_generator to 2024-10-31T00:00:00+00:00, run_after=2024-11-01T00:00:00+00:00
[2024-11-03T00:56:34.210+0000] {processor.py:179} INFO - Processing /opt/airflow/dags/account_dim_generator.py took 1.039 seconds
[2024-11-03T00:57:05.194+0000] {processor.py:157} INFO - Started process (PID=286) to work on /opt/airflow/dags/account_dim_generator.py
[2024-11-03T00:57:05.197+0000] {processor.py:829} INFO - Processing file /opt/airflow/dags/account_dim_generator.py for tasks to queue
[2024-11-03T00:57:05.198+0000] {logging_mixin.py:151} INFO - [2024-11-03T00:57:05.197+0000] {dagbag.py:539} INFO - Filling up the DagBag from /opt/airflow/dags/account_dim_generator.py
[2024-11-03T00:57:05.926+0000] {processor.py:839} INFO - DAG(s) dict_keys(['account_dim_generator']) retrieved from /opt/airflow/dags/account_dim_generator.py
[2024-11-03T00:57:05.963+0000] {logging_mixin.py:151} INFO - [2024-11-03T00:57:05.962+0000] {dag.py:2915} INFO - Sync 1 DAGs
[2024-11-03T00:57:05.984+0000] {logging_mixin.py:151} INFO - [2024-11-03T00:57:05.984+0000] {dag.py:3696} INFO - Setting next_dagrun for account_dim_generator to 2024-10-31T00:00:00+00:00, run_after=2024-11-01T00:00:00+00:00
[2024-11-03T00:57:06.003+0000] {processor.py:179} INFO - Processing /opt/airflow/dags/account_dim_generator.py took 0.812 seconds
[2024-11-03T00:57:36.090+0000] {processor.py:157} INFO - Started process (PID=332) to work on /opt/airflow/dags/account_dim_generator.py
[2024-11-03T00:57:36.092+0000] {processor.py:829} INFO - Processing file /opt/airflow/dags/account_dim_generator.py for tasks to queue
[2024-11-03T00:57:36.094+0000] {logging_mixin.py:151} INFO - [2024-11-03T00:57:36.094+0000] {dagbag.py:539} INFO - Filling up the DagBag from /opt/airflow/dags/account_dim_generator.py
[2024-11-03T00:57:36.917+0000] {processor.py:839} INFO - DAG(s) dict_keys(['account_dim_generator']) retrieved from /opt/airflow/dags/account_dim_generator.py
[2024-11-03T00:57:36.957+0000] {logging_mixin.py:151} INFO - [2024-11-03T00:57:36.956+0000] {dag.py:2915} INFO - Sync 1 DAGs
[2024-11-03T00:57:36.986+0000] {logging_mixin.py:151} INFO - [2024-11-03T00:57:36.986+0000] {dag.py:3696} INFO - Setting next_dagrun for account_dim_generator to 2024-10-31T00:00:00+00:00, run_after=2024-11-01T00:00:00+00:00
[2024-11-03T00:57:37.011+0000] {processor.py:179} INFO - Processing /opt/airflow/dags/account_dim_generator.py took 0.927 seconds
[2024-11-03T00:58:08.637+0000] {processor.py:157} INFO - Started process (PID=379) to work on /opt/airflow/dags/account_dim_generator.py
[2024-11-03T00:58:08.640+0000] {processor.py:829} INFO - Processing file /opt/airflow/dags/account_dim_generator.py for tasks to queue
[2024-11-03T00:58:08.642+0000] {logging_mixin.py:151} INFO - [2024-11-03T00:58:08.641+0000] {dagbag.py:539} INFO - Filling up the DagBag from /opt/airflow/dags/account_dim_generator.py
[2024-11-03T00:58:10.920+0000] {processor.py:839} INFO - DAG(s) dict_keys(['account_dim_generator']) retrieved from /opt/airflow/dags/account_dim_generator.py
[2024-11-03T00:58:11.270+0000] {logging_mixin.py:151} INFO - [2024-11-03T00:58:11.269+0000] {dag.py:2915} INFO - Sync 1 DAGs
[2024-11-03T00:58:11.412+0000] {logging_mixin.py:151} INFO - [2024-11-03T00:58:11.411+0000] {dag.py:3696} INFO - Setting next_dagrun for account_dim_generator to 2024-10-31T00:00:00+00:00, run_after=2024-11-01T00:00:00+00:00
[2024-11-03T00:58:11.560+0000] {processor.py:179} INFO - Processing /opt/airflow/dags/account_dim_generator.py took 2.930 seconds
[2024-11-03T00:58:42.208+0000] {processor.py:157} INFO - Started process (PID=435) to work on /opt/airflow/dags/account_dim_generator.py
[2024-11-03T00:58:42.210+0000] {processor.py:829} INFO - Processing file /opt/airflow/dags/account_dim_generator.py for tasks to queue
[2024-11-03T00:58:42.211+0000] {logging_mixin.py:151} INFO - [2024-11-03T00:58:42.211+0000] {dagbag.py:539} INFO - Filling up the DagBag from /opt/airflow/dags/account_dim_generator.py
[2024-11-03T00:58:42.591+0000] {processor.py:839} INFO - DAG(s) dict_keys(['account_dim_generator']) retrieved from /opt/airflow/dags/account_dim_generator.py
[2024-11-03T00:58:42.631+0000] {logging_mixin.py:151} INFO - [2024-11-03T00:58:42.630+0000] {dag.py:2915} INFO - Sync 1 DAGs
[2024-11-03T00:58:42.660+0000] {logging_mixin.py:151} INFO - [2024-11-03T00:58:42.660+0000] {dag.py:3696} INFO - Setting next_dagrun for account_dim_generator to 2024-10-31T00:00:00+00:00, run_after=2024-11-01T00:00:00+00:00
[2024-11-03T00:58:42.685+0000] {processor.py:179} INFO - Processing /opt/airflow/dags/account_dim_generator.py took 0.482 seconds
[2024-11-03T00:59:13.147+0000] {processor.py:157} INFO - Started process (PID=482) to work on /opt/airflow/dags/account_dim_generator.py
[2024-11-03T00:59:13.149+0000] {processor.py:829} INFO - Processing file /opt/airflow/dags/account_dim_generator.py for tasks to queue
[2024-11-03T00:59:13.150+0000] {logging_mixin.py:151} INFO - [2024-11-03T00:59:13.149+0000] {dagbag.py:539} INFO - Filling up the DagBag from /opt/airflow/dags/account_dim_generator.py
[2024-11-03T00:59:13.579+0000] {processor.py:839} INFO - DAG(s) dict_keys(['account_dim_generator']) retrieved from /opt/airflow/dags/account_dim_generator.py
[2024-11-03T00:59:13.626+0000] {logging_mixin.py:151} INFO - [2024-11-03T00:59:13.626+0000] {dag.py:2915} INFO - Sync 1 DAGs
[2024-11-03T00:59:13.677+0000] {logging_mixin.py:151} INFO - [2024-11-03T00:59:13.677+0000] {dag.py:3696} INFO - Setting next_dagrun for account_dim_generator to 2024-10-31T00:00:00+00:00, run_after=2024-11-01T00:00:00+00:00
[2024-11-03T00:59:13.721+0000] {processor.py:179} INFO - Processing /opt/airflow/dags/account_dim_generator.py took 0.578 seconds
[2024-11-03T00:59:44.149+0000] {processor.py:157} INFO - Started process (PID=529) to work on /opt/airflow/dags/account_dim_generator.py
[2024-11-03T00:59:44.162+0000] {processor.py:829} INFO - Processing file /opt/airflow/dags/account_dim_generator.py for tasks to queue
[2024-11-03T00:59:44.172+0000] {logging_mixin.py:151} INFO - [2024-11-03T00:59:44.172+0000] {dagbag.py:539} INFO - Filling up the DagBag from /opt/airflow/dags/account_dim_generator.py
[2024-11-03T00:59:44.979+0000] {processor.py:839} INFO - DAG(s) dict_keys(['account_dim_generator']) retrieved from /opt/airflow/dags/account_dim_generator.py
[2024-11-03T00:59:45.093+0000] {logging_mixin.py:151} INFO - [2024-11-03T00:59:45.092+0000] {dag.py:2915} INFO - Sync 1 DAGs
[2024-11-03T00:59:45.155+0000] {logging_mixin.py:151} INFO - [2024-11-03T00:59:45.155+0000] {dag.py:3696} INFO - Setting next_dagrun for account_dim_generator to 2024-10-31T00:00:00+00:00, run_after=2024-11-01T00:00:00+00:00
[2024-11-03T00:59:45.196+0000] {processor.py:179} INFO - Processing /opt/airflow/dags/account_dim_generator.py took 1.054 seconds
[2024-11-03T01:00:15.516+0000] {processor.py:157} INFO - Started process (PID=576) to work on /opt/airflow/dags/account_dim_generator.py
[2024-11-03T01:00:15.518+0000] {processor.py:829} INFO - Processing file /opt/airflow/dags/account_dim_generator.py for tasks to queue
[2024-11-03T01:00:15.520+0000] {logging_mixin.py:151} INFO - [2024-11-03T01:00:15.519+0000] {dagbag.py:539} INFO - Filling up the DagBag from /opt/airflow/dags/account_dim_generator.py
[2024-11-03T01:00:15.974+0000] {processor.py:839} INFO - DAG(s) dict_keys(['account_dim_generator']) retrieved from /opt/airflow/dags/account_dim_generator.py
[2024-11-03T01:00:16.019+0000] {logging_mixin.py:151} INFO - [2024-11-03T01:00:16.017+0000] {dag.py:2915} INFO - Sync 1 DAGs
[2024-11-03T01:00:16.054+0000] {logging_mixin.py:151} INFO - [2024-11-03T01:00:16.054+0000] {dag.py:3696} INFO - Setting next_dagrun for account_dim_generator to 2024-10-31T00:00:00+00:00, run_after=2024-11-01T00:00:00+00:00
[2024-11-03T01:00:16.080+0000] {processor.py:179} INFO - Processing /opt/airflow/dags/account_dim_generator.py took 0.569 seconds
[2024-11-03T01:00:46.230+0000] {processor.py:157} INFO - Started process (PID=623) to work on /opt/airflow/dags/account_dim_generator.py
[2024-11-03T01:00:46.232+0000] {processor.py:829} INFO - Processing file /opt/airflow/dags/account_dim_generator.py for tasks to queue
[2024-11-03T01:00:46.234+0000] {logging_mixin.py:151} INFO - [2024-11-03T01:00:46.234+0000] {dagbag.py:539} INFO - Filling up the DagBag from /opt/airflow/dags/account_dim_generator.py
[2024-11-03T01:00:46.941+0000] {processor.py:839} INFO - DAG(s) dict_keys(['account_dim_generator']) retrieved from /opt/airflow/dags/account_dim_generator.py
[2024-11-03T01:00:46.988+0000] {logging_mixin.py:151} INFO - [2024-11-03T01:00:46.986+0000] {dag.py:2915} INFO - Sync 1 DAGs
[2024-11-03T01:00:47.023+0000] {logging_mixin.py:151} INFO - [2024-11-03T01:00:47.022+0000] {dag.py:3696} INFO - Setting next_dagrun for account_dim_generator to 2024-10-31T00:00:00+00:00, run_after=2024-11-01T00:00:00+00:00
[2024-11-03T01:00:47.049+0000] {processor.py:179} INFO - Processing /opt/airflow/dags/account_dim_generator.py took 0.825 seconds
[2024-11-03T01:01:20.046+0000] {processor.py:157} INFO - Started process (PID=668) to work on /opt/airflow/dags/account_dim_generator.py
[2024-11-03T01:01:20.051+0000] {processor.py:829} INFO - Processing file /opt/airflow/dags/account_dim_generator.py for tasks to queue
[2024-11-03T01:01:20.055+0000] {logging_mixin.py:151} INFO - [2024-11-03T01:01:20.053+0000] {dagbag.py:539} INFO - Filling up the DagBag from /opt/airflow/dags/account_dim_generator.py
[2024-11-03T01:01:20.781+0000] {processor.py:839} INFO - DAG(s) dict_keys(['account_dim_generator']) retrieved from /opt/airflow/dags/account_dim_generator.py
[2024-11-03T01:01:21.304+0000] {logging_mixin.py:151} INFO - [2024-11-03T01:01:21.300+0000] {dag.py:2915} INFO - Sync 1 DAGs
[2024-11-03T01:01:21.580+0000] {logging_mixin.py:151} INFO - [2024-11-03T01:01:21.579+0000] {dag.py:3696} INFO - Setting next_dagrun for account_dim_generator to 2024-10-31T00:00:00+00:00, run_after=2024-11-01T00:00:00+00:00
[2024-11-03T01:01:21.702+0000] {processor.py:179} INFO - Processing /opt/airflow/dags/account_dim_generator.py took 1.666 seconds
[2024-11-03T01:01:52.040+0000] {processor.py:157} INFO - Started process (PID=717) to work on /opt/airflow/dags/account_dim_generator.py
[2024-11-03T01:01:52.044+0000] {processor.py:829} INFO - Processing file /opt/airflow/dags/account_dim_generator.py for tasks to queue
[2024-11-03T01:01:52.048+0000] {logging_mixin.py:151} INFO - [2024-11-03T01:01:52.046+0000] {dagbag.py:539} INFO - Filling up the DagBag from /opt/airflow/dags/account_dim_generator.py
[2024-11-03T01:01:52.583+0000] {processor.py:839} INFO - DAG(s) dict_keys(['account_dim_generator']) retrieved from /opt/airflow/dags/account_dim_generator.py
[2024-11-03T01:01:52.636+0000] {logging_mixin.py:151} INFO - [2024-11-03T01:01:52.635+0000] {dag.py:2915} INFO - Sync 1 DAGs
[2024-11-03T01:01:52.945+0000] {logging_mixin.py:151} INFO - [2024-11-03T01:01:52.944+0000] {dag.py:3696} INFO - Setting next_dagrun for account_dim_generator to 2024-10-31T00:00:00+00:00, run_after=2024-11-01T00:00:00+00:00
[2024-11-03T01:01:53.146+0000] {processor.py:179} INFO - Processing /opt/airflow/dags/account_dim_generator.py took 1.115 seconds
[2024-11-03T01:02:23.615+0000] {processor.py:157} INFO - Started process (PID=764) to work on /opt/airflow/dags/account_dim_generator.py
[2024-11-03T01:02:23.617+0000] {processor.py:829} INFO - Processing file /opt/airflow/dags/account_dim_generator.py for tasks to queue
[2024-11-03T01:02:23.619+0000] {logging_mixin.py:151} INFO - [2024-11-03T01:02:23.619+0000] {dagbag.py:539} INFO - Filling up the DagBag from /opt/airflow/dags/account_dim_generator.py
[2024-11-03T01:02:24.098+0000] {processor.py:839} INFO - DAG(s) dict_keys(['account_dim_generator']) retrieved from /opt/airflow/dags/account_dim_generator.py
[2024-11-03T01:02:24.145+0000] {logging_mixin.py:151} INFO - [2024-11-03T01:02:24.143+0000] {dag.py:2915} INFO - Sync 1 DAGs
[2024-11-03T01:02:24.182+0000] {logging_mixin.py:151} INFO - [2024-11-03T01:02:24.181+0000] {dag.py:3696} INFO - Setting next_dagrun for account_dim_generator to 2024-10-31T00:00:00+00:00, run_after=2024-11-01T00:00:00+00:00
[2024-11-03T01:02:24.217+0000] {processor.py:179} INFO - Processing /opt/airflow/dags/account_dim_generator.py took 0.609 seconds
[2024-11-03T01:02:54.993+0000] {processor.py:157} INFO - Started process (PID=811) to work on /opt/airflow/dags/account_dim_generator.py
[2024-11-03T01:02:55.000+0000] {processor.py:829} INFO - Processing file /opt/airflow/dags/account_dim_generator.py for tasks to queue
[2024-11-03T01:02:55.002+0000] {logging_mixin.py:151} INFO - [2024-11-03T01:02:55.002+0000] {dagbag.py:539} INFO - Filling up the DagBag from /opt/airflow/dags/account_dim_generator.py
[2024-11-03T01:02:55.697+0000] {processor.py:839} INFO - DAG(s) dict_keys(['account_dim_generator']) retrieved from /opt/airflow/dags/account_dim_generator.py
[2024-11-03T01:02:55.969+0000] {logging_mixin.py:151} INFO - [2024-11-03T01:02:55.968+0000] {dag.py:2915} INFO - Sync 1 DAGs
[2024-11-03T01:02:56.066+0000] {logging_mixin.py:151} INFO - [2024-11-03T01:02:56.065+0000] {dag.py:3696} INFO - Setting next_dagrun for account_dim_generator to 2024-10-31T00:00:00+00:00, run_after=2024-11-01T00:00:00+00:00
[2024-11-03T01:02:56.128+0000] {processor.py:179} INFO - Processing /opt/airflow/dags/account_dim_generator.py took 1.146 seconds
[2024-11-03T01:03:26.310+0000] {processor.py:157} INFO - Started process (PID=857) to work on /opt/airflow/dags/account_dim_generator.py
[2024-11-03T01:03:26.312+0000] {processor.py:829} INFO - Processing file /opt/airflow/dags/account_dim_generator.py for tasks to queue
[2024-11-03T01:03:26.313+0000] {logging_mixin.py:151} INFO - [2024-11-03T01:03:26.313+0000] {dagbag.py:539} INFO - Filling up the DagBag from /opt/airflow/dags/account_dim_generator.py
[2024-11-03T01:03:26.732+0000] {processor.py:839} INFO - DAG(s) dict_keys(['account_dim_generator']) retrieved from /opt/airflow/dags/account_dim_generator.py
[2024-11-03T01:03:26.790+0000] {logging_mixin.py:151} INFO - [2024-11-03T01:03:26.789+0000] {dag.py:2915} INFO - Sync 1 DAGs
[2024-11-03T01:03:26.873+0000] {logging_mixin.py:151} INFO - [2024-11-03T01:03:26.873+0000] {dag.py:3696} INFO - Setting next_dagrun for account_dim_generator to 2024-10-31T00:00:00+00:00, run_after=2024-11-01T00:00:00+00:00
[2024-11-03T01:03:26.944+0000] {processor.py:179} INFO - Processing /opt/airflow/dags/account_dim_generator.py took 0.640 seconds
[2024-11-03T01:03:57.274+0000] {processor.py:157} INFO - Started process (PID=904) to work on /opt/airflow/dags/account_dim_generator.py
[2024-11-03T01:03:57.276+0000] {processor.py:829} INFO - Processing file /opt/airflow/dags/account_dim_generator.py for tasks to queue
[2024-11-03T01:03:57.278+0000] {logging_mixin.py:151} INFO - [2024-11-03T01:03:57.277+0000] {dagbag.py:539} INFO - Filling up the DagBag from /opt/airflow/dags/account_dim_generator.py
[2024-11-03T01:03:57.741+0000] {processor.py:839} INFO - DAG(s) dict_keys(['account_dim_generator']) retrieved from /opt/airflow/dags/account_dim_generator.py
[2024-11-03T01:03:57.791+0000] {logging_mixin.py:151} INFO - [2024-11-03T01:03:57.790+0000] {dag.py:2915} INFO - Sync 1 DAGs
[2024-11-03T01:03:57.823+0000] {logging_mixin.py:151} INFO - [2024-11-03T01:03:57.823+0000] {dag.py:3696} INFO - Setting next_dagrun for account_dim_generator to 2024-10-31T00:00:00+00:00, run_after=2024-11-01T00:00:00+00:00
[2024-11-03T01:03:57.850+0000] {processor.py:179} INFO - Processing /opt/airflow/dags/account_dim_generator.py took 0.583 seconds
[2024-11-03T01:04:27.928+0000] {processor.py:157} INFO - Started process (PID=951) to work on /opt/airflow/dags/account_dim_generator.py
[2024-11-03T01:04:27.930+0000] {processor.py:829} INFO - Processing file /opt/airflow/dags/account_dim_generator.py for tasks to queue
[2024-11-03T01:04:27.931+0000] {logging_mixin.py:151} INFO - [2024-11-03T01:04:27.930+0000] {dagbag.py:539} INFO - Filling up the DagBag from /opt/airflow/dags/account_dim_generator.py
[2024-11-03T01:04:28.282+0000] {processor.py:839} INFO - DAG(s) dict_keys(['account_dim_generator']) retrieved from /opt/airflow/dags/account_dim_generator.py
[2024-11-03T01:04:28.326+0000] {logging_mixin.py:151} INFO - [2024-11-03T01:04:28.324+0000] {dag.py:2915} INFO - Sync 1 DAGs
[2024-11-03T01:04:28.355+0000] {logging_mixin.py:151} INFO - [2024-11-03T01:04:28.354+0000] {dag.py:3696} INFO - Setting next_dagrun for account_dim_generator to 2024-10-31T00:00:00+00:00, run_after=2024-11-01T00:00:00+00:00
[2024-11-03T01:04:28.378+0000] {processor.py:179} INFO - Processing /opt/airflow/dags/account_dim_generator.py took 0.455 seconds
[2024-11-03T01:04:58.818+0000] {processor.py:157} INFO - Started process (PID=998) to work on /opt/airflow/dags/account_dim_generator.py
[2024-11-03T01:04:58.820+0000] {processor.py:829} INFO - Processing file /opt/airflow/dags/account_dim_generator.py for tasks to queue
[2024-11-03T01:04:58.821+0000] {logging_mixin.py:151} INFO - [2024-11-03T01:04:58.821+0000] {dagbag.py:539} INFO - Filling up the DagBag from /opt/airflow/dags/account_dim_generator.py
[2024-11-03T01:04:59.169+0000] {processor.py:839} INFO - DAG(s) dict_keys(['account_dim_generator']) retrieved from /opt/airflow/dags/account_dim_generator.py
[2024-11-03T01:04:59.205+0000] {logging_mixin.py:151} INFO - [2024-11-03T01:04:59.205+0000] {dag.py:2915} INFO - Sync 1 DAGs
[2024-11-03T01:04:59.236+0000] {logging_mixin.py:151} INFO - [2024-11-03T01:04:59.236+0000] {dag.py:3696} INFO - Setting next_dagrun for account_dim_generator to 2024-10-31T00:00:00+00:00, run_after=2024-11-01T00:00:00+00:00
[2024-11-03T01:04:59.262+0000] {processor.py:179} INFO - Processing /opt/airflow/dags/account_dim_generator.py took 0.449 seconds
[2024-11-03T01:05:29.670+0000] {processor.py:157} INFO - Started process (PID=1050) to work on /opt/airflow/dags/account_dim_generator.py
[2024-11-03T01:05:29.672+0000] {processor.py:829} INFO - Processing file /opt/airflow/dags/account_dim_generator.py for tasks to queue
[2024-11-03T01:05:29.673+0000] {logging_mixin.py:151} INFO - [2024-11-03T01:05:29.672+0000] {dagbag.py:539} INFO - Filling up the DagBag from /opt/airflow/dags/account_dim_generator.py
[2024-11-03T01:05:30.050+0000] {processor.py:839} INFO - DAG(s) dict_keys(['account_dim_generator']) retrieved from /opt/airflow/dags/account_dim_generator.py
[2024-11-03T01:05:30.086+0000] {logging_mixin.py:151} INFO - [2024-11-03T01:05:30.085+0000] {dag.py:2915} INFO - Sync 1 DAGs
[2024-11-03T01:05:30.114+0000] {logging_mixin.py:151} INFO - [2024-11-03T01:05:30.114+0000] {dag.py:3696} INFO - Setting next_dagrun for account_dim_generator to 2024-10-31T00:00:00+00:00, run_after=2024-11-01T00:00:00+00:00
[2024-11-03T01:05:30.138+0000] {processor.py:179} INFO - Processing /opt/airflow/dags/account_dim_generator.py took 0.472 seconds
[2024-11-03T01:06:00.600+0000] {processor.py:157} INFO - Started process (PID=1099) to work on /opt/airflow/dags/account_dim_generator.py
[2024-11-03T01:06:00.604+0000] {processor.py:829} INFO - Processing file /opt/airflow/dags/account_dim_generator.py for tasks to queue
[2024-11-03T01:06:00.605+0000] {logging_mixin.py:151} INFO - [2024-11-03T01:06:00.605+0000] {dagbag.py:539} INFO - Filling up the DagBag from /opt/airflow/dags/account_dim_generator.py
[2024-11-03T01:06:01.217+0000] {processor.py:839} INFO - DAG(s) dict_keys(['account_dim_generator']) retrieved from /opt/airflow/dags/account_dim_generator.py
[2024-11-03T01:06:01.253+0000] {logging_mixin.py:151} INFO - [2024-11-03T01:06:01.252+0000] {dag.py:2915} INFO - Sync 1 DAGs
[2024-11-03T01:06:01.320+0000] {logging_mixin.py:151} INFO - [2024-11-03T01:06:01.320+0000] {dag.py:3696} INFO - Setting next_dagrun for account_dim_generator to 2024-10-31T00:00:00+00:00, run_after=2024-11-01T00:00:00+00:00
[2024-11-03T01:06:01.364+0000] {processor.py:179} INFO - Processing /opt/airflow/dags/account_dim_generator.py took 0.771 seconds
[2024-11-03T01:06:31.435+0000] {processor.py:157} INFO - Started process (PID=1146) to work on /opt/airflow/dags/account_dim_generator.py
[2024-11-03T01:06:31.436+0000] {processor.py:829} INFO - Processing file /opt/airflow/dags/account_dim_generator.py for tasks to queue
[2024-11-03T01:06:31.438+0000] {logging_mixin.py:151} INFO - [2024-11-03T01:06:31.437+0000] {dagbag.py:539} INFO - Filling up the DagBag from /opt/airflow/dags/account_dim_generator.py
[2024-11-03T01:06:31.807+0000] {processor.py:839} INFO - DAG(s) dict_keys(['account_dim_generator']) retrieved from /opt/airflow/dags/account_dim_generator.py
[2024-11-03T01:06:31.836+0000] {logging_mixin.py:151} INFO - [2024-11-03T01:06:31.835+0000] {dag.py:2915} INFO - Sync 1 DAGs
[2024-11-03T01:06:31.863+0000] {logging_mixin.py:151} INFO - [2024-11-03T01:06:31.863+0000] {dag.py:3696} INFO - Setting next_dagrun for account_dim_generator to 2024-10-31T00:00:00+00:00, run_after=2024-11-01T00:00:00+00:00
[2024-11-03T01:06:31.883+0000] {processor.py:179} INFO - Processing /opt/airflow/dags/account_dim_generator.py took 0.453 seconds
[2024-11-03T01:07:02.624+0000] {processor.py:157} INFO - Started process (PID=1192) to work on /opt/airflow/dags/account_dim_generator.py
[2024-11-03T01:07:02.626+0000] {processor.py:829} INFO - Processing file /opt/airflow/dags/account_dim_generator.py for tasks to queue
[2024-11-03T01:07:02.627+0000] {logging_mixin.py:151} INFO - [2024-11-03T01:07:02.627+0000] {dagbag.py:539} INFO - Filling up the DagBag from /opt/airflow/dags/account_dim_generator.py
[2024-11-03T01:07:02.970+0000] {processor.py:839} INFO - DAG(s) dict_keys(['account_dim_generator']) retrieved from /opt/airflow/dags/account_dim_generator.py
[2024-11-03T01:07:02.998+0000] {logging_mixin.py:151} INFO - [2024-11-03T01:07:02.998+0000] {dag.py:2915} INFO - Sync 1 DAGs
[2024-11-03T01:07:03.024+0000] {logging_mixin.py:151} INFO - [2024-11-03T01:07:03.024+0000] {dag.py:3696} INFO - Setting next_dagrun for account_dim_generator to 2024-10-31T00:00:00+00:00, run_after=2024-11-01T00:00:00+00:00
[2024-11-03T01:07:03.044+0000] {processor.py:179} INFO - Processing /opt/airflow/dags/account_dim_generator.py took 0.425 seconds
[2024-11-03T01:07:33.904+0000] {processor.py:157} INFO - Started process (PID=1239) to work on /opt/airflow/dags/account_dim_generator.py
[2024-11-03T01:07:33.905+0000] {processor.py:829} INFO - Processing file /opt/airflow/dags/account_dim_generator.py for tasks to queue
[2024-11-03T01:07:33.907+0000] {logging_mixin.py:151} INFO - [2024-11-03T01:07:33.907+0000] {dagbag.py:539} INFO - Filling up the DagBag from /opt/airflow/dags/account_dim_generator.py
[2024-11-03T01:07:34.317+0000] {processor.py:839} INFO - DAG(s) dict_keys(['account_dim_generator']) retrieved from /opt/airflow/dags/account_dim_generator.py
[2024-11-03T01:07:34.352+0000] {logging_mixin.py:151} INFO - [2024-11-03T01:07:34.351+0000] {dag.py:2915} INFO - Sync 1 DAGs
[2024-11-03T01:07:34.381+0000] {logging_mixin.py:151} INFO - [2024-11-03T01:07:34.381+0000] {dag.py:3696} INFO - Setting next_dagrun for account_dim_generator to 2024-10-31T00:00:00+00:00, run_after=2024-11-01T00:00:00+00:00
[2024-11-03T01:07:34.405+0000] {processor.py:179} INFO - Processing /opt/airflow/dags/account_dim_generator.py took 0.506 seconds
[2024-11-03T01:08:04.991+0000] {processor.py:157} INFO - Started process (PID=1286) to work on /opt/airflow/dags/account_dim_generator.py
[2024-11-03T01:08:04.994+0000] {processor.py:829} INFO - Processing file /opt/airflow/dags/account_dim_generator.py for tasks to queue
[2024-11-03T01:08:04.995+0000] {logging_mixin.py:151} INFO - [2024-11-03T01:08:04.995+0000] {dagbag.py:539} INFO - Filling up the DagBag from /opt/airflow/dags/account_dim_generator.py
[2024-11-03T01:08:05.337+0000] {processor.py:839} INFO - DAG(s) dict_keys(['account_dim_generator']) retrieved from /opt/airflow/dags/account_dim_generator.py
[2024-11-03T01:08:05.372+0000] {logging_mixin.py:151} INFO - [2024-11-03T01:08:05.371+0000] {dag.py:2915} INFO - Sync 1 DAGs
[2024-11-03T01:08:05.401+0000] {logging_mixin.py:151} INFO - [2024-11-03T01:08:05.401+0000] {dag.py:3696} INFO - Setting next_dagrun for account_dim_generator to 2024-10-31T00:00:00+00:00, run_after=2024-11-01T00:00:00+00:00
[2024-11-03T01:08:05.425+0000] {processor.py:179} INFO - Processing /opt/airflow/dags/account_dim_generator.py took 0.439 seconds
[2024-11-03T01:08:35.847+0000] {processor.py:157} INFO - Started process (PID=1333) to work on /opt/airflow/dags/account_dim_generator.py
[2024-11-03T01:08:35.850+0000] {processor.py:829} INFO - Processing file /opt/airflow/dags/account_dim_generator.py for tasks to queue
[2024-11-03T01:08:35.851+0000] {logging_mixin.py:151} INFO - [2024-11-03T01:08:35.851+0000] {dagbag.py:539} INFO - Filling up the DagBag from /opt/airflow/dags/account_dim_generator.py
[2024-11-03T01:08:36.202+0000] {processor.py:839} INFO - DAG(s) dict_keys(['account_dim_generator']) retrieved from /opt/airflow/dags/account_dim_generator.py
[2024-11-03T01:08:36.240+0000] {logging_mixin.py:151} INFO - [2024-11-03T01:08:36.239+0000] {dag.py:2915} INFO - Sync 1 DAGs
[2024-11-03T01:08:36.271+0000] {logging_mixin.py:151} INFO - [2024-11-03T01:08:36.270+0000] {dag.py:3696} INFO - Setting next_dagrun for account_dim_generator to 2024-10-31T00:00:00+00:00, run_after=2024-11-01T00:00:00+00:00
[2024-11-03T01:08:36.294+0000] {processor.py:179} INFO - Processing /opt/airflow/dags/account_dim_generator.py took 0.452 seconds
[2024-11-03T01:09:06.772+0000] {processor.py:157} INFO - Started process (PID=1379) to work on /opt/airflow/dags/account_dim_generator.py
[2024-11-03T01:09:06.774+0000] {processor.py:829} INFO - Processing file /opt/airflow/dags/account_dim_generator.py for tasks to queue
[2024-11-03T01:09:06.776+0000] {logging_mixin.py:151} INFO - [2024-11-03T01:09:06.775+0000] {dagbag.py:539} INFO - Filling up the DagBag from /opt/airflow/dags/account_dim_generator.py
[2024-11-03T01:09:07.205+0000] {processor.py:839} INFO - DAG(s) dict_keys(['account_dim_generator']) retrieved from /opt/airflow/dags/account_dim_generator.py
[2024-11-03T01:09:07.256+0000] {logging_mixin.py:151} INFO - [2024-11-03T01:09:07.255+0000] {dag.py:2915} INFO - Sync 1 DAGs
[2024-11-03T01:09:07.291+0000] {logging_mixin.py:151} INFO - [2024-11-03T01:09:07.291+0000] {dag.py:3696} INFO - Setting next_dagrun for account_dim_generator to 2024-10-31T00:00:00+00:00, run_after=2024-11-01T00:00:00+00:00
[2024-11-03T01:09:07.319+0000] {processor.py:179} INFO - Processing /opt/airflow/dags/account_dim_generator.py took 0.552 seconds
[2024-11-03T01:09:37.448+0000] {processor.py:157} INFO - Started process (PID=1426) to work on /opt/airflow/dags/account_dim_generator.py
[2024-11-03T01:09:37.449+0000] {processor.py:829} INFO - Processing file /opt/airflow/dags/account_dim_generator.py for tasks to queue
[2024-11-03T01:09:37.450+0000] {logging_mixin.py:151} INFO - [2024-11-03T01:09:37.450+0000] {dagbag.py:539} INFO - Filling up the DagBag from /opt/airflow/dags/account_dim_generator.py
[2024-11-03T01:09:37.861+0000] {processor.py:839} INFO - DAG(s) dict_keys(['account_dim_generator']) retrieved from /opt/airflow/dags/account_dim_generator.py
[2024-11-03T01:09:37.897+0000] {logging_mixin.py:151} INFO - [2024-11-03T01:09:37.896+0000] {dag.py:2915} INFO - Sync 1 DAGs
[2024-11-03T01:09:37.930+0000] {logging_mixin.py:151} INFO - [2024-11-03T01:09:37.930+0000] {dag.py:3696} INFO - Setting next_dagrun for account_dim_generator to 2024-10-31T00:00:00+00:00, run_after=2024-11-01T00:00:00+00:00
[2024-11-03T01:09:37.955+0000] {processor.py:179} INFO - Processing /opt/airflow/dags/account_dim_generator.py took 0.512 seconds
[2024-11-03T01:10:13.805+0000] {processor.py:157} INFO - Started process (PID=1504) to work on /opt/airflow/dags/account_dim_generator.py
[2024-11-03T01:10:13.810+0000] {processor.py:829} INFO - Processing file /opt/airflow/dags/account_dim_generator.py for tasks to queue
[2024-11-03T01:10:13.812+0000] {logging_mixin.py:151} INFO - [2024-11-03T01:10:13.811+0000] {dagbag.py:539} INFO - Filling up the DagBag from /opt/airflow/dags/account_dim_generator.py
[2024-11-03T01:10:14.705+0000] {processor.py:839} INFO - DAG(s) dict_keys(['account_dim_generator']) retrieved from /opt/airflow/dags/account_dim_generator.py
[2024-11-03T01:10:14.783+0000] {logging_mixin.py:151} INFO - [2024-11-03T01:10:14.781+0000] {dag.py:2915} INFO - Sync 1 DAGs
[2024-11-03T01:10:14.852+0000] {logging_mixin.py:151} INFO - [2024-11-03T01:10:14.852+0000] {dag.py:3696} INFO - Setting next_dagrun for account_dim_generator to 2024-11-03T00:00:00+00:00, run_after=2024-11-04T00:00:00+00:00
[2024-11-03T01:10:14.909+0000] {processor.py:179} INFO - Processing /opt/airflow/dags/account_dim_generator.py took 1.113 seconds
[2024-11-03T01:10:45.919+0000] {processor.py:157} INFO - Started process (PID=1556) to work on /opt/airflow/dags/account_dim_generator.py
[2024-11-03T01:10:45.920+0000] {processor.py:829} INFO - Processing file /opt/airflow/dags/account_dim_generator.py for tasks to queue
[2024-11-03T01:10:45.922+0000] {logging_mixin.py:151} INFO - [2024-11-03T01:10:45.921+0000] {dagbag.py:539} INFO - Filling up the DagBag from /opt/airflow/dags/account_dim_generator.py
[2024-11-03T01:10:46.320+0000] {processor.py:839} INFO - DAG(s) dict_keys(['account_dim_generator']) retrieved from /opt/airflow/dags/account_dim_generator.py
[2024-11-03T01:10:46.358+0000] {logging_mixin.py:151} INFO - [2024-11-03T01:10:46.357+0000] {dag.py:2915} INFO - Sync 1 DAGs
[2024-11-03T01:10:46.387+0000] {logging_mixin.py:151} INFO - [2024-11-03T01:10:46.386+0000] {dag.py:3696} INFO - Setting next_dagrun for account_dim_generator to 2024-11-03T00:00:00+00:00, run_after=2024-11-04T00:00:00+00:00
[2024-11-03T01:10:46.424+0000] {processor.py:179} INFO - Processing /opt/airflow/dags/account_dim_generator.py took 0.510 seconds
[2024-11-03T01:11:17.370+0000] {processor.py:157} INFO - Started process (PID=1603) to work on /opt/airflow/dags/account_dim_generator.py
[2024-11-03T01:11:17.372+0000] {processor.py:829} INFO - Processing file /opt/airflow/dags/account_dim_generator.py for tasks to queue
[2024-11-03T01:11:17.373+0000] {logging_mixin.py:151} INFO - [2024-11-03T01:11:17.373+0000] {dagbag.py:539} INFO - Filling up the DagBag from /opt/airflow/dags/account_dim_generator.py
[2024-11-03T01:11:17.738+0000] {processor.py:839} INFO - DAG(s) dict_keys(['account_dim_generator']) retrieved from /opt/airflow/dags/account_dim_generator.py
[2024-11-03T01:11:17.773+0000] {logging_mixin.py:151} INFO - [2024-11-03T01:11:17.772+0000] {dag.py:2915} INFO - Sync 1 DAGs
[2024-11-03T01:11:17.800+0000] {logging_mixin.py:151} INFO - [2024-11-03T01:11:17.800+0000] {dag.py:3696} INFO - Setting next_dagrun for account_dim_generator to 2024-11-03T00:00:00+00:00, run_after=2024-11-04T00:00:00+00:00
[2024-11-03T01:11:17.826+0000] {processor.py:179} INFO - Processing /opt/airflow/dags/account_dim_generator.py took 0.461 seconds
[2024-11-03T01:11:48.771+0000] {processor.py:157} INFO - Started process (PID=1650) to work on /opt/airflow/dags/account_dim_generator.py
[2024-11-03T01:11:48.773+0000] {processor.py:829} INFO - Processing file /opt/airflow/dags/account_dim_generator.py for tasks to queue
[2024-11-03T01:11:48.774+0000] {logging_mixin.py:151} INFO - [2024-11-03T01:11:48.774+0000] {dagbag.py:539} INFO - Filling up the DagBag from /opt/airflow/dags/account_dim_generator.py
[2024-11-03T01:11:49.162+0000] {processor.py:839} INFO - DAG(s) dict_keys(['account_dim_generator']) retrieved from /opt/airflow/dags/account_dim_generator.py
[2024-11-03T01:11:49.199+0000] {logging_mixin.py:151} INFO - [2024-11-03T01:11:49.198+0000] {dag.py:2915} INFO - Sync 1 DAGs
[2024-11-03T01:11:49.228+0000] {logging_mixin.py:151} INFO - [2024-11-03T01:11:49.228+0000] {dag.py:3696} INFO - Setting next_dagrun for account_dim_generator to 2024-11-03T00:00:00+00:00, run_after=2024-11-04T00:00:00+00:00
[2024-11-03T01:11:49.252+0000] {processor.py:179} INFO - Processing /opt/airflow/dags/account_dim_generator.py took 0.485 seconds
[2024-11-03T01:12:19.760+0000] {processor.py:157} INFO - Started process (PID=1697) to work on /opt/airflow/dags/account_dim_generator.py
[2024-11-03T01:12:19.763+0000] {processor.py:829} INFO - Processing file /opt/airflow/dags/account_dim_generator.py for tasks to queue
[2024-11-03T01:12:19.764+0000] {logging_mixin.py:151} INFO - [2024-11-03T01:12:19.764+0000] {dagbag.py:539} INFO - Filling up the DagBag from /opt/airflow/dags/account_dim_generator.py
[2024-11-03T01:12:20.173+0000] {processor.py:839} INFO - DAG(s) dict_keys(['account_dim_generator']) retrieved from /opt/airflow/dags/account_dim_generator.py
[2024-11-03T01:12:20.207+0000] {logging_mixin.py:151} INFO - [2024-11-03T01:12:20.206+0000] {dag.py:2915} INFO - Sync 1 DAGs
[2024-11-03T01:12:20.251+0000] {logging_mixin.py:151} INFO - [2024-11-03T01:12:20.251+0000] {dag.py:3696} INFO - Setting next_dagrun for account_dim_generator to 2024-11-03T00:00:00+00:00, run_after=2024-11-04T00:00:00+00:00
[2024-11-03T01:12:20.285+0000] {processor.py:179} INFO - Processing /opt/airflow/dags/account_dim_generator.py took 0.529 seconds
[2024-11-03T01:12:51.080+0000] {processor.py:157} INFO - Started process (PID=1762) to work on /opt/airflow/dags/account_dim_generator.py
[2024-11-03T01:12:51.082+0000] {processor.py:829} INFO - Processing file /opt/airflow/dags/account_dim_generator.py for tasks to queue
[2024-11-03T01:12:51.083+0000] {logging_mixin.py:151} INFO - [2024-11-03T01:12:51.083+0000] {dagbag.py:539} INFO - Filling up the DagBag from /opt/airflow/dags/account_dim_generator.py
[2024-11-03T01:12:51.469+0000] {processor.py:839} INFO - DAG(s) dict_keys(['account_dim_generator']) retrieved from /opt/airflow/dags/account_dim_generator.py
[2024-11-03T01:12:51.509+0000] {logging_mixin.py:151} INFO - [2024-11-03T01:12:51.508+0000] {dag.py:2915} INFO - Sync 1 DAGs
[2024-11-03T01:12:51.537+0000] {logging_mixin.py:151} INFO - [2024-11-03T01:12:51.537+0000] {dag.py:3696} INFO - Setting next_dagrun for account_dim_generator to 2024-11-03T00:00:00+00:00, run_after=2024-11-04T00:00:00+00:00
[2024-11-03T01:12:51.563+0000] {processor.py:179} INFO - Processing /opt/airflow/dags/account_dim_generator.py took 0.488 seconds
[2024-11-03T01:13:22.165+0000] {processor.py:157} INFO - Started process (PID=1814) to work on /opt/airflow/dags/account_dim_generator.py
[2024-11-03T01:13:22.171+0000] {processor.py:829} INFO - Processing file /opt/airflow/dags/account_dim_generator.py for tasks to queue
[2024-11-03T01:13:22.173+0000] {logging_mixin.py:151} INFO - [2024-11-03T01:13:22.172+0000] {dagbag.py:539} INFO - Filling up the DagBag from /opt/airflow/dags/account_dim_generator.py
[2024-11-03T01:13:22.602+0000] {processor.py:839} INFO - DAG(s) dict_keys(['account_dim_generator']) retrieved from /opt/airflow/dags/account_dim_generator.py
[2024-11-03T01:13:22.640+0000] {logging_mixin.py:151} INFO - [2024-11-03T01:13:22.639+0000] {dag.py:2915} INFO - Sync 1 DAGs
[2024-11-03T01:13:22.669+0000] {logging_mixin.py:151} INFO - [2024-11-03T01:13:22.669+0000] {dag.py:3696} INFO - Setting next_dagrun for account_dim_generator to 2024-11-03T00:00:00+00:00, run_after=2024-11-04T00:00:00+00:00
[2024-11-03T01:13:22.694+0000] {processor.py:179} INFO - Processing /opt/airflow/dags/account_dim_generator.py took 0.534 seconds
[2024-11-03T01:13:52.863+0000] {processor.py:157} INFO - Started process (PID=1859) to work on /opt/airflow/dags/account_dim_generator.py
[2024-11-03T01:13:52.868+0000] {processor.py:829} INFO - Processing file /opt/airflow/dags/account_dim_generator.py for tasks to queue
[2024-11-03T01:13:52.870+0000] {logging_mixin.py:151} INFO - [2024-11-03T01:13:52.869+0000] {dagbag.py:539} INFO - Filling up the DagBag from /opt/airflow/dags/account_dim_generator.py
[2024-11-03T01:13:53.211+0000] {processor.py:839} INFO - DAG(s) dict_keys(['account_dim_generator']) retrieved from /opt/airflow/dags/account_dim_generator.py
[2024-11-03T01:13:53.254+0000] {logging_mixin.py:151} INFO - [2024-11-03T01:13:53.253+0000] {dag.py:2915} INFO - Sync 1 DAGs
[2024-11-03T01:13:53.284+0000] {logging_mixin.py:151} INFO - [2024-11-03T01:13:53.284+0000] {dag.py:3696} INFO - Setting next_dagrun for account_dim_generator to 2024-11-03T00:00:00+00:00, run_after=2024-11-04T00:00:00+00:00
[2024-11-03T01:13:53.311+0000] {processor.py:179} INFO - Processing /opt/airflow/dags/account_dim_generator.py took 0.468 seconds
[2024-11-03T01:14:24.266+0000] {processor.py:157} INFO - Started process (PID=1906) to work on /opt/airflow/dags/account_dim_generator.py
[2024-11-03T01:14:24.268+0000] {processor.py:829} INFO - Processing file /opt/airflow/dags/account_dim_generator.py for tasks to queue
[2024-11-03T01:14:24.269+0000] {logging_mixin.py:151} INFO - [2024-11-03T01:14:24.269+0000] {dagbag.py:539} INFO - Filling up the DagBag from /opt/airflow/dags/account_dim_generator.py
[2024-11-03T01:14:24.628+0000] {processor.py:839} INFO - DAG(s) dict_keys(['account_dim_generator']) retrieved from /opt/airflow/dags/account_dim_generator.py
[2024-11-03T01:14:24.668+0000] {logging_mixin.py:151} INFO - [2024-11-03T01:14:24.667+0000] {dag.py:2915} INFO - Sync 1 DAGs
[2024-11-03T01:14:24.700+0000] {logging_mixin.py:151} INFO - [2024-11-03T01:14:24.699+0000] {dag.py:3696} INFO - Setting next_dagrun for account_dim_generator to 2024-11-03T00:00:00+00:00, run_after=2024-11-04T00:00:00+00:00
[2024-11-03T01:14:24.728+0000] {processor.py:179} INFO - Processing /opt/airflow/dags/account_dim_generator.py took 0.471 seconds
[2024-11-03T01:14:55.633+0000] {processor.py:157} INFO - Started process (PID=1953) to work on /opt/airflow/dags/account_dim_generator.py
[2024-11-03T01:14:55.635+0000] {processor.py:829} INFO - Processing file /opt/airflow/dags/account_dim_generator.py for tasks to queue
[2024-11-03T01:14:55.636+0000] {logging_mixin.py:151} INFO - [2024-11-03T01:14:55.635+0000] {dagbag.py:539} INFO - Filling up the DagBag from /opt/airflow/dags/account_dim_generator.py
[2024-11-03T01:14:55.972+0000] {processor.py:839} INFO - DAG(s) dict_keys(['account_dim_generator']) retrieved from /opt/airflow/dags/account_dim_generator.py
[2024-11-03T01:14:56.006+0000] {logging_mixin.py:151} INFO - [2024-11-03T01:14:56.005+0000] {dag.py:2915} INFO - Sync 1 DAGs
[2024-11-03T01:14:56.035+0000] {logging_mixin.py:151} INFO - [2024-11-03T01:14:56.035+0000] {dag.py:3696} INFO - Setting next_dagrun for account_dim_generator to 2024-11-03T00:00:00+00:00, run_after=2024-11-04T00:00:00+00:00
[2024-11-03T01:14:56.058+0000] {processor.py:179} INFO - Processing /opt/airflow/dags/account_dim_generator.py took 0.430 seconds
[2024-11-03T01:15:26.511+0000] {processor.py:157} INFO - Started process (PID=2000) to work on /opt/airflow/dags/account_dim_generator.py
[2024-11-03T01:15:26.513+0000] {processor.py:829} INFO - Processing file /opt/airflow/dags/account_dim_generator.py for tasks to queue
[2024-11-03T01:15:26.514+0000] {logging_mixin.py:151} INFO - [2024-11-03T01:15:26.514+0000] {dagbag.py:539} INFO - Filling up the DagBag from /opt/airflow/dags/account_dim_generator.py
[2024-11-03T01:15:26.846+0000] {processor.py:839} INFO - DAG(s) dict_keys(['account_dim_generator']) retrieved from /opt/airflow/dags/account_dim_generator.py
[2024-11-03T01:15:26.877+0000] {logging_mixin.py:151} INFO - [2024-11-03T01:15:26.876+0000] {dag.py:2915} INFO - Sync 1 DAGs
[2024-11-03T01:15:26.906+0000] {logging_mixin.py:151} INFO - [2024-11-03T01:15:26.906+0000] {dag.py:3696} INFO - Setting next_dagrun for account_dim_generator to 2024-11-03T00:00:00+00:00, run_after=2024-11-04T00:00:00+00:00
[2024-11-03T01:15:26.931+0000] {processor.py:179} INFO - Processing /opt/airflow/dags/account_dim_generator.py took 0.424 seconds
[2024-11-03T01:15:57.225+0000] {processor.py:157} INFO - Started process (PID=2047) to work on /opt/airflow/dags/account_dim_generator.py
[2024-11-03T01:15:57.226+0000] {processor.py:829} INFO - Processing file /opt/airflow/dags/account_dim_generator.py for tasks to queue
[2024-11-03T01:15:57.228+0000] {logging_mixin.py:151} INFO - [2024-11-03T01:15:57.227+0000] {dagbag.py:539} INFO - Filling up the DagBag from /opt/airflow/dags/account_dim_generator.py
[2024-11-03T01:15:57.574+0000] {processor.py:839} INFO - DAG(s) dict_keys(['account_dim_generator']) retrieved from /opt/airflow/dags/account_dim_generator.py
[2024-11-03T01:15:57.610+0000] {logging_mixin.py:151} INFO - [2024-11-03T01:15:57.609+0000] {dag.py:2915} INFO - Sync 1 DAGs
[2024-11-03T01:15:57.637+0000] {logging_mixin.py:151} INFO - [2024-11-03T01:15:57.637+0000] {dag.py:3696} INFO - Setting next_dagrun for account_dim_generator to 2024-11-03T00:00:00+00:00, run_after=2024-11-04T00:00:00+00:00
[2024-11-03T01:15:57.661+0000] {processor.py:179} INFO - Processing /opt/airflow/dags/account_dim_generator.py took 0.441 seconds
[2024-11-03T01:16:27.922+0000] {processor.py:157} INFO - Started process (PID=2094) to work on /opt/airflow/dags/account_dim_generator.py
[2024-11-03T01:16:27.925+0000] {processor.py:829} INFO - Processing file /opt/airflow/dags/account_dim_generator.py for tasks to queue
[2024-11-03T01:16:27.926+0000] {logging_mixin.py:151} INFO - [2024-11-03T01:16:27.925+0000] {dagbag.py:539} INFO - Filling up the DagBag from /opt/airflow/dags/account_dim_generator.py
[2024-11-03T01:16:28.242+0000] {processor.py:839} INFO - DAG(s) dict_keys(['account_dim_generator']) retrieved from /opt/airflow/dags/account_dim_generator.py
[2024-11-03T01:16:28.275+0000] {logging_mixin.py:151} INFO - [2024-11-03T01:16:28.275+0000] {dag.py:2915} INFO - Sync 1 DAGs
[2024-11-03T01:16:28.302+0000] {logging_mixin.py:151} INFO - [2024-11-03T01:16:28.302+0000] {dag.py:3696} INFO - Setting next_dagrun for account_dim_generator to 2024-11-03T00:00:00+00:00, run_after=2024-11-04T00:00:00+00:00
[2024-11-03T01:16:28.319+0000] {processor.py:179} INFO - Processing /opt/airflow/dags/account_dim_generator.py took 0.401 seconds
[2024-11-03T01:16:58.743+0000] {processor.py:157} INFO - Started process (PID=2149) to work on /opt/airflow/dags/account_dim_generator.py
[2024-11-03T01:16:58.744+0000] {processor.py:829} INFO - Processing file /opt/airflow/dags/account_dim_generator.py for tasks to queue
[2024-11-03T01:16:58.745+0000] {logging_mixin.py:151} INFO - [2024-11-03T01:16:58.745+0000] {dagbag.py:539} INFO - Filling up the DagBag from /opt/airflow/dags/account_dim_generator.py
[2024-11-03T01:16:59.090+0000] {processor.py:839} INFO - DAG(s) dict_keys(['account_dim_generator']) retrieved from /opt/airflow/dags/account_dim_generator.py
[2024-11-03T01:16:59.126+0000] {logging_mixin.py:151} INFO - [2024-11-03T01:16:59.125+0000] {dag.py:2915} INFO - Sync 1 DAGs
[2024-11-03T01:16:59.153+0000] {logging_mixin.py:151} INFO - [2024-11-03T01:16:59.153+0000] {dag.py:3696} INFO - Setting next_dagrun for account_dim_generator to 2024-11-03T00:00:00+00:00, run_after=2024-11-04T00:00:00+00:00
[2024-11-03T01:16:59.174+0000] {processor.py:179} INFO - Processing /opt/airflow/dags/account_dim_generator.py took 0.436 seconds
[2024-11-03T01:17:29.473+0000] {processor.py:157} INFO - Started process (PID=2198) to work on /opt/airflow/dags/account_dim_generator.py
[2024-11-03T01:17:29.475+0000] {processor.py:829} INFO - Processing file /opt/airflow/dags/account_dim_generator.py for tasks to queue
[2024-11-03T01:17:29.476+0000] {logging_mixin.py:151} INFO - [2024-11-03T01:17:29.476+0000] {dagbag.py:539} INFO - Filling up the DagBag from /opt/airflow/dags/account_dim_generator.py
[2024-11-03T01:17:29.804+0000] {processor.py:839} INFO - DAG(s) dict_keys(['account_dim_generator']) retrieved from /opt/airflow/dags/account_dim_generator.py
[2024-11-03T01:17:29.833+0000] {logging_mixin.py:151} INFO - [2024-11-03T01:17:29.832+0000] {dag.py:2915} INFO - Sync 1 DAGs
[2024-11-03T01:17:29.858+0000] {logging_mixin.py:151} INFO - [2024-11-03T01:17:29.858+0000] {dag.py:3696} INFO - Setting next_dagrun for account_dim_generator to 2024-11-03T00:00:00+00:00, run_after=2024-11-04T00:00:00+00:00
[2024-11-03T01:17:29.880+0000] {processor.py:179} INFO - Processing /opt/airflow/dags/account_dim_generator.py took 0.411 seconds
[2024-11-03T01:18:00.506+0000] {processor.py:157} INFO - Started process (PID=2245) to work on /opt/airflow/dags/account_dim_generator.py
[2024-11-03T01:18:00.508+0000] {processor.py:829} INFO - Processing file /opt/airflow/dags/account_dim_generator.py for tasks to queue
[2024-11-03T01:18:00.509+0000] {logging_mixin.py:151} INFO - [2024-11-03T01:18:00.509+0000] {dagbag.py:539} INFO - Filling up the DagBag from /opt/airflow/dags/account_dim_generator.py
[2024-11-03T01:18:00.849+0000] {processor.py:839} INFO - DAG(s) dict_keys(['account_dim_generator']) retrieved from /opt/airflow/dags/account_dim_generator.py
[2024-11-03T01:18:00.884+0000] {logging_mixin.py:151} INFO - [2024-11-03T01:18:00.884+0000] {dag.py:2915} INFO - Sync 1 DAGs
[2024-11-03T01:18:00.910+0000] {logging_mixin.py:151} INFO - [2024-11-03T01:18:00.910+0000] {dag.py:3696} INFO - Setting next_dagrun for account_dim_generator to 2024-11-03T00:00:00+00:00, run_after=2024-11-04T00:00:00+00:00
[2024-11-03T01:18:00.933+0000] {processor.py:179} INFO - Processing /opt/airflow/dags/account_dim_generator.py took 0.432 seconds
[2024-11-03T01:18:31.158+0000] {processor.py:157} INFO - Started process (PID=2292) to work on /opt/airflow/dags/account_dim_generator.py
[2024-11-03T01:18:31.160+0000] {processor.py:829} INFO - Processing file /opt/airflow/dags/account_dim_generator.py for tasks to queue
[2024-11-03T01:18:31.161+0000] {logging_mixin.py:151} INFO - [2024-11-03T01:18:31.161+0000] {dagbag.py:539} INFO - Filling up the DagBag from /opt/airflow/dags/account_dim_generator.py
[2024-11-03T01:18:31.483+0000] {processor.py:839} INFO - DAG(s) dict_keys(['account_dim_generator']) retrieved from /opt/airflow/dags/account_dim_generator.py
[2024-11-03T01:18:31.538+0000] {logging_mixin.py:151} INFO - [2024-11-03T01:18:31.537+0000] {dag.py:2915} INFO - Sync 1 DAGs
[2024-11-03T01:18:31.589+0000] {logging_mixin.py:151} INFO - [2024-11-03T01:18:31.589+0000] {dag.py:3696} INFO - Setting next_dagrun for account_dim_generator to 2024-11-03T00:00:00+00:00, run_after=2024-11-04T00:00:00+00:00
[2024-11-03T01:18:31.618+0000] {processor.py:179} INFO - Processing /opt/airflow/dags/account_dim_generator.py took 0.465 seconds
[2024-11-03T01:19:02.824+0000] {processor.py:157} INFO - Started process (PID=2344) to work on /opt/airflow/dags/account_dim_generator.py
[2024-11-03T01:19:02.843+0000] {processor.py:829} INFO - Processing file /opt/airflow/dags/account_dim_generator.py for tasks to queue
[2024-11-03T01:19:02.865+0000] {logging_mixin.py:151} INFO - [2024-11-03T01:19:02.863+0000] {dagbag.py:539} INFO - Filling up the DagBag from /opt/airflow/dags/account_dim_generator.py
[2024-11-03T01:19:03.534+0000] {processor.py:839} INFO - DAG(s) dict_keys(['account_dim_generator']) retrieved from /opt/airflow/dags/account_dim_generator.py
[2024-11-03T01:19:03.572+0000] {logging_mixin.py:151} INFO - [2024-11-03T01:19:03.571+0000] {dag.py:2915} INFO - Sync 1 DAGs
[2024-11-03T01:19:03.603+0000] {logging_mixin.py:151} INFO - [2024-11-03T01:19:03.602+0000] {dag.py:3696} INFO - Setting next_dagrun for account_dim_generator to 2024-11-03T00:00:00+00:00, run_after=2024-11-04T00:00:00+00:00
[2024-11-03T01:19:03.624+0000] {processor.py:179} INFO - Processing /opt/airflow/dags/account_dim_generator.py took 0.805 seconds
[2024-11-03T01:19:33.792+0000] {processor.py:157} INFO - Started process (PID=2390) to work on /opt/airflow/dags/account_dim_generator.py
[2024-11-03T01:19:33.793+0000] {processor.py:829} INFO - Processing file /opt/airflow/dags/account_dim_generator.py for tasks to queue
[2024-11-03T01:19:33.794+0000] {logging_mixin.py:151} INFO - [2024-11-03T01:19:33.794+0000] {dagbag.py:539} INFO - Filling up the DagBag from /opt/airflow/dags/account_dim_generator.py
[2024-11-03T01:19:34.142+0000] {processor.py:839} INFO - DAG(s) dict_keys(['account_dim_generator']) retrieved from /opt/airflow/dags/account_dim_generator.py
[2024-11-03T01:19:34.232+0000] {logging_mixin.py:151} INFO - [2024-11-03T01:19:34.232+0000] {dag.py:2915} INFO - Sync 1 DAGs
[2024-11-03T01:19:34.289+0000] {logging_mixin.py:151} INFO - [2024-11-03T01:19:34.289+0000] {dag.py:3696} INFO - Setting next_dagrun for account_dim_generator to 2024-11-03T00:00:00+00:00, run_after=2024-11-04T00:00:00+00:00
[2024-11-03T01:19:34.320+0000] {processor.py:179} INFO - Processing /opt/airflow/dags/account_dim_generator.py took 0.533 seconds
[2024-11-03T01:20:05.272+0000] {processor.py:157} INFO - Started process (PID=2438) to work on /opt/airflow/dags/account_dim_generator.py
[2024-11-03T01:20:05.275+0000] {processor.py:829} INFO - Processing file /opt/airflow/dags/account_dim_generator.py for tasks to queue
[2024-11-03T01:20:05.277+0000] {logging_mixin.py:151} INFO - [2024-11-03T01:20:05.277+0000] {dagbag.py:539} INFO - Filling up the DagBag from /opt/airflow/dags/account_dim_generator.py
[2024-11-03T01:20:05.783+0000] {processor.py:839} INFO - DAG(s) dict_keys(['account_dim_generator']) retrieved from /opt/airflow/dags/account_dim_generator.py
[2024-11-03T01:20:05.828+0000] {logging_mixin.py:151} INFO - [2024-11-03T01:20:05.827+0000] {dag.py:2915} INFO - Sync 1 DAGs
[2024-11-03T01:20:05.887+0000] {logging_mixin.py:151} INFO - [2024-11-03T01:20:05.887+0000] {dag.py:3696} INFO - Setting next_dagrun for account_dim_generator to 2024-11-03T00:00:00+00:00, run_after=2024-11-04T00:00:00+00:00
[2024-11-03T01:20:05.941+0000] {processor.py:179} INFO - Processing /opt/airflow/dags/account_dim_generator.py took 0.674 seconds
[2024-11-03T01:20:37.134+0000] {processor.py:157} INFO - Started process (PID=2487) to work on /opt/airflow/dags/account_dim_generator.py
[2024-11-03T01:20:37.137+0000] {processor.py:829} INFO - Processing file /opt/airflow/dags/account_dim_generator.py for tasks to queue
[2024-11-03T01:20:37.139+0000] {logging_mixin.py:151} INFO - [2024-11-03T01:20:37.138+0000] {dagbag.py:539} INFO - Filling up the DagBag from /opt/airflow/dags/account_dim_generator.py
[2024-11-03T01:20:37.873+0000] {processor.py:839} INFO - DAG(s) dict_keys(['account_dim_generator']) retrieved from /opt/airflow/dags/account_dim_generator.py
[2024-11-03T01:20:37.918+0000] {logging_mixin.py:151} INFO - [2024-11-03T01:20:37.915+0000] {dag.py:2915} INFO - Sync 1 DAGs
[2024-11-03T01:20:37.956+0000] {logging_mixin.py:151} INFO - [2024-11-03T01:20:37.955+0000] {dag.py:3696} INFO - Setting next_dagrun for account_dim_generator to 2024-11-03T00:00:00+00:00, run_after=2024-11-04T00:00:00+00:00
[2024-11-03T01:20:37.987+0000] {processor.py:179} INFO - Processing /opt/airflow/dags/account_dim_generator.py took 0.860 seconds
[2024-11-03T01:21:08.997+0000] {processor.py:157} INFO - Started process (PID=2534) to work on /opt/airflow/dags/account_dim_generator.py
[2024-11-03T01:21:09.000+0000] {processor.py:829} INFO - Processing file /opt/airflow/dags/account_dim_generator.py for tasks to queue
[2024-11-03T01:21:09.002+0000] {logging_mixin.py:151} INFO - [2024-11-03T01:21:09.002+0000] {dagbag.py:539} INFO - Filling up the DagBag from /opt/airflow/dags/account_dim_generator.py
[2024-11-03T01:21:09.428+0000] {processor.py:839} INFO - DAG(s) dict_keys(['account_dim_generator']) retrieved from /opt/airflow/dags/account_dim_generator.py
[2024-11-03T01:21:09.470+0000] {logging_mixin.py:151} INFO - [2024-11-03T01:21:09.469+0000] {dag.py:2915} INFO - Sync 1 DAGs
[2024-11-03T01:21:09.500+0000] {logging_mixin.py:151} INFO - [2024-11-03T01:21:09.499+0000] {dag.py:3696} INFO - Setting next_dagrun for account_dim_generator to 2024-11-03T00:00:00+00:00, run_after=2024-11-04T00:00:00+00:00
[2024-11-03T01:21:09.539+0000] {processor.py:179} INFO - Processing /opt/airflow/dags/account_dim_generator.py took 0.552 seconds
[2024-11-03T01:21:40.157+0000] {processor.py:157} INFO - Started process (PID=2581) to work on /opt/airflow/dags/account_dim_generator.py
[2024-11-03T01:21:40.160+0000] {processor.py:829} INFO - Processing file /opt/airflow/dags/account_dim_generator.py for tasks to queue
[2024-11-03T01:21:40.162+0000] {logging_mixin.py:151} INFO - [2024-11-03T01:21:40.161+0000] {dagbag.py:539} INFO - Filling up the DagBag from /opt/airflow/dags/account_dim_generator.py
[2024-11-03T01:21:40.680+0000] {processor.py:839} INFO - DAG(s) dict_keys(['account_dim_generator']) retrieved from /opt/airflow/dags/account_dim_generator.py
[2024-11-03T01:21:40.723+0000] {logging_mixin.py:151} INFO - [2024-11-03T01:21:40.722+0000] {dag.py:2915} INFO - Sync 1 DAGs
[2024-11-03T01:21:40.758+0000] {logging_mixin.py:151} INFO - [2024-11-03T01:21:40.758+0000] {dag.py:3696} INFO - Setting next_dagrun for account_dim_generator to 2024-11-03T00:00:00+00:00, run_after=2024-11-04T00:00:00+00:00
[2024-11-03T01:21:40.789+0000] {processor.py:179} INFO - Processing /opt/airflow/dags/account_dim_generator.py took 0.642 seconds
[2024-11-03T01:22:11.380+0000] {processor.py:157} INFO - Started process (PID=2628) to work on /opt/airflow/dags/account_dim_generator.py
[2024-11-03T01:22:11.382+0000] {processor.py:829} INFO - Processing file /opt/airflow/dags/account_dim_generator.py for tasks to queue
[2024-11-03T01:22:11.384+0000] {logging_mixin.py:151} INFO - [2024-11-03T01:22:11.383+0000] {dagbag.py:539} INFO - Filling up the DagBag from /opt/airflow/dags/account_dim_generator.py
[2024-11-03T01:22:11.798+0000] {processor.py:839} INFO - DAG(s) dict_keys(['account_dim_generator']) retrieved from /opt/airflow/dags/account_dim_generator.py
[2024-11-03T01:22:11.842+0000] {logging_mixin.py:151} INFO - [2024-11-03T01:22:11.841+0000] {dag.py:2915} INFO - Sync 1 DAGs
[2024-11-03T01:22:11.890+0000] {logging_mixin.py:151} INFO - [2024-11-03T01:22:11.889+0000] {dag.py:3696} INFO - Setting next_dagrun for account_dim_generator to 2024-11-03T00:00:00+00:00, run_after=2024-11-04T00:00:00+00:00
[2024-11-03T01:22:11.935+0000] {processor.py:179} INFO - Processing /opt/airflow/dags/account_dim_generator.py took 0.559 seconds
[2024-11-03T01:22:42.797+0000] {processor.py:157} INFO - Started process (PID=2675) to work on /opt/airflow/dags/account_dim_generator.py
[2024-11-03T01:22:42.799+0000] {processor.py:829} INFO - Processing file /opt/airflow/dags/account_dim_generator.py for tasks to queue
[2024-11-03T01:22:42.800+0000] {logging_mixin.py:151} INFO - [2024-11-03T01:22:42.800+0000] {dagbag.py:539} INFO - Filling up the DagBag from /opt/airflow/dags/account_dim_generator.py
[2024-11-03T01:22:43.170+0000] {processor.py:839} INFO - DAG(s) dict_keys(['account_dim_generator']) retrieved from /opt/airflow/dags/account_dim_generator.py
[2024-11-03T01:22:43.213+0000] {logging_mixin.py:151} INFO - [2024-11-03T01:22:43.211+0000] {dag.py:2915} INFO - Sync 1 DAGs
[2024-11-03T01:22:43.252+0000] {logging_mixin.py:151} INFO - [2024-11-03T01:22:43.252+0000] {dag.py:3696} INFO - Setting next_dagrun for account_dim_generator to 2024-11-03T00:00:00+00:00, run_after=2024-11-04T00:00:00+00:00
[2024-11-03T01:22:43.276+0000] {processor.py:179} INFO - Processing /opt/airflow/dags/account_dim_generator.py took 0.484 seconds
[2024-11-03T01:23:13.358+0000] {processor.py:157} INFO - Started process (PID=2722) to work on /opt/airflow/dags/account_dim_generator.py
[2024-11-03T01:23:13.360+0000] {processor.py:829} INFO - Processing file /opt/airflow/dags/account_dim_generator.py for tasks to queue
[2024-11-03T01:23:13.361+0000] {logging_mixin.py:151} INFO - [2024-11-03T01:23:13.361+0000] {dagbag.py:539} INFO - Filling up the DagBag from /opt/airflow/dags/account_dim_generator.py
[2024-11-03T01:23:13.744+0000] {processor.py:839} INFO - DAG(s) dict_keys(['account_dim_generator']) retrieved from /opt/airflow/dags/account_dim_generator.py
[2024-11-03T01:23:13.808+0000] {logging_mixin.py:151} INFO - [2024-11-03T01:23:13.808+0000] {dag.py:2915} INFO - Sync 1 DAGs
[2024-11-03T01:23:13.843+0000] {logging_mixin.py:151} INFO - [2024-11-03T01:23:13.843+0000] {dag.py:3696} INFO - Setting next_dagrun for account_dim_generator to 2024-11-03T00:00:00+00:00, run_after=2024-11-04T00:00:00+00:00
[2024-11-03T01:23:13.878+0000] {processor.py:179} INFO - Processing /opt/airflow/dags/account_dim_generator.py took 0.525 seconds
[2024-11-03T01:23:44.268+0000] {processor.py:157} INFO - Started process (PID=2767) to work on /opt/airflow/dags/account_dim_generator.py
[2024-11-03T01:23:44.270+0000] {processor.py:829} INFO - Processing file /opt/airflow/dags/account_dim_generator.py for tasks to queue
[2024-11-03T01:23:44.271+0000] {logging_mixin.py:151} INFO - [2024-11-03T01:23:44.270+0000] {dagbag.py:539} INFO - Filling up the DagBag from /opt/airflow/dags/account_dim_generator.py
[2024-11-03T01:23:44.649+0000] {processor.py:839} INFO - DAG(s) dict_keys(['account_dim_generator']) retrieved from /opt/airflow/dags/account_dim_generator.py
[2024-11-03T01:23:44.683+0000] {logging_mixin.py:151} INFO - [2024-11-03T01:23:44.682+0000] {dag.py:2915} INFO - Sync 1 DAGs
[2024-11-03T01:23:44.713+0000] {logging_mixin.py:151} INFO - [2024-11-03T01:23:44.713+0000] {dag.py:3696} INFO - Setting next_dagrun for account_dim_generator to 2024-11-03T00:00:00+00:00, run_after=2024-11-04T00:00:00+00:00
[2024-11-03T01:23:44.737+0000] {processor.py:179} INFO - Processing /opt/airflow/dags/account_dim_generator.py took 0.473 seconds
[2024-11-03T01:24:15.369+0000] {processor.py:157} INFO - Started process (PID=2821) to work on /opt/airflow/dags/account_dim_generator.py
[2024-11-03T01:24:15.371+0000] {processor.py:829} INFO - Processing file /opt/airflow/dags/account_dim_generator.py for tasks to queue
[2024-11-03T01:24:15.372+0000] {logging_mixin.py:151} INFO - [2024-11-03T01:24:15.372+0000] {dagbag.py:539} INFO - Filling up the DagBag from /opt/airflow/dags/account_dim_generator.py
[2024-11-03T01:24:15.933+0000] {processor.py:839} INFO - DAG(s) dict_keys(['account_dim_generator']) retrieved from /opt/airflow/dags/account_dim_generator.py
[2024-11-03T01:24:15.978+0000] {logging_mixin.py:151} INFO - [2024-11-03T01:24:15.977+0000] {dag.py:2915} INFO - Sync 1 DAGs
[2024-11-03T01:24:16.214+0000] {logging_mixin.py:151} INFO - [2024-11-03T01:24:16.212+0000] {dag.py:3696} INFO - Setting next_dagrun for account_dim_generator to 2024-11-03T00:00:00+00:00, run_after=2024-11-04T00:00:00+00:00
[2024-11-03T01:24:16.253+0000] {processor.py:179} INFO - Processing /opt/airflow/dags/account_dim_generator.py took 0.890 seconds
[2024-11-03T01:24:47.130+0000] {processor.py:157} INFO - Started process (PID=2880) to work on /opt/airflow/dags/account_dim_generator.py
[2024-11-03T01:24:47.133+0000] {processor.py:829} INFO - Processing file /opt/airflow/dags/account_dim_generator.py for tasks to queue
[2024-11-03T01:24:47.136+0000] {logging_mixin.py:151} INFO - [2024-11-03T01:24:47.136+0000] {dagbag.py:539} INFO - Filling up the DagBag from /opt/airflow/dags/account_dim_generator.py
[2024-11-03T01:24:47.752+0000] {processor.py:839} INFO - DAG(s) dict_keys(['account_dim_generator']) retrieved from /opt/airflow/dags/account_dim_generator.py
[2024-11-03T01:24:47.848+0000] {logging_mixin.py:151} INFO - [2024-11-03T01:24:47.845+0000] {dag.py:2915} INFO - Sync 1 DAGs
[2024-11-03T01:24:47.936+0000] {logging_mixin.py:151} INFO - [2024-11-03T01:24:47.936+0000] {dag.py:3696} INFO - Setting next_dagrun for account_dim_generator to 2024-11-03T00:00:00+00:00, run_after=2024-11-04T00:00:00+00:00
[2024-11-03T01:24:47.972+0000] {processor.py:179} INFO - Processing /opt/airflow/dags/account_dim_generator.py took 0.847 seconds
[2024-11-03T01:25:18.359+0000] {processor.py:157} INFO - Started process (PID=2927) to work on /opt/airflow/dags/account_dim_generator.py
[2024-11-03T01:25:18.361+0000] {processor.py:829} INFO - Processing file /opt/airflow/dags/account_dim_generator.py for tasks to queue
[2024-11-03T01:25:18.362+0000] {logging_mixin.py:151} INFO - [2024-11-03T01:25:18.361+0000] {dagbag.py:539} INFO - Filling up the DagBag from /opt/airflow/dags/account_dim_generator.py
[2024-11-03T01:25:18.766+0000] {processor.py:839} INFO - DAG(s) dict_keys(['account_dim_generator']) retrieved from /opt/airflow/dags/account_dim_generator.py
[2024-11-03T01:25:18.806+0000] {logging_mixin.py:151} INFO - [2024-11-03T01:25:18.805+0000] {dag.py:2915} INFO - Sync 1 DAGs
[2024-11-03T01:25:18.836+0000] {logging_mixin.py:151} INFO - [2024-11-03T01:25:18.836+0000] {dag.py:3696} INFO - Setting next_dagrun for account_dim_generator to 2024-11-03T00:00:00+00:00, run_after=2024-11-04T00:00:00+00:00
[2024-11-03T01:25:18.860+0000] {processor.py:179} INFO - Processing /opt/airflow/dags/account_dim_generator.py took 0.506 seconds
[2024-11-03T01:25:49.246+0000] {processor.py:157} INFO - Started process (PID=2974) to work on /opt/airflow/dags/account_dim_generator.py
[2024-11-03T01:25:49.248+0000] {processor.py:829} INFO - Processing file /opt/airflow/dags/account_dim_generator.py for tasks to queue
[2024-11-03T01:25:49.249+0000] {logging_mixin.py:151} INFO - [2024-11-03T01:25:49.249+0000] {dagbag.py:539} INFO - Filling up the DagBag from /opt/airflow/dags/account_dim_generator.py
[2024-11-03T01:25:49.611+0000] {processor.py:839} INFO - DAG(s) dict_keys(['account_dim_generator']) retrieved from /opt/airflow/dags/account_dim_generator.py
[2024-11-03T01:25:49.643+0000] {logging_mixin.py:151} INFO - [2024-11-03T01:25:49.643+0000] {dag.py:2915} INFO - Sync 1 DAGs
[2024-11-03T01:25:49.669+0000] {logging_mixin.py:151} INFO - [2024-11-03T01:25:49.668+0000] {dag.py:3696} INFO - Setting next_dagrun for account_dim_generator to 2024-11-03T00:00:00+00:00, run_after=2024-11-04T00:00:00+00:00
[2024-11-03T01:25:49.691+0000] {processor.py:179} INFO - Processing /opt/airflow/dags/account_dim_generator.py took 0.450 seconds
[2024-11-03T01:26:20.371+0000] {processor.py:157} INFO - Started process (PID=3021) to work on /opt/airflow/dags/account_dim_generator.py
[2024-11-03T01:26:20.373+0000] {processor.py:829} INFO - Processing file /opt/airflow/dags/account_dim_generator.py for tasks to queue
[2024-11-03T01:26:20.374+0000] {logging_mixin.py:151} INFO - [2024-11-03T01:26:20.374+0000] {dagbag.py:539} INFO - Filling up the DagBag from /opt/airflow/dags/account_dim_generator.py
[2024-11-03T01:26:20.831+0000] {processor.py:839} INFO - DAG(s) dict_keys(['account_dim_generator']) retrieved from /opt/airflow/dags/account_dim_generator.py
[2024-11-03T01:26:20.866+0000] {logging_mixin.py:151} INFO - [2024-11-03T01:26:20.865+0000] {dag.py:2915} INFO - Sync 1 DAGs
[2024-11-03T01:26:20.898+0000] {logging_mixin.py:151} INFO - [2024-11-03T01:26:20.897+0000] {dag.py:3696} INFO - Setting next_dagrun for account_dim_generator to 2024-11-03T00:00:00+00:00, run_after=2024-11-04T00:00:00+00:00
[2024-11-03T01:26:20.924+0000] {processor.py:179} INFO - Processing /opt/airflow/dags/account_dim_generator.py took 0.558 seconds
[2024-11-03T01:26:51.269+0000] {processor.py:157} INFO - Started process (PID=3068) to work on /opt/airflow/dags/account_dim_generator.py
[2024-11-03T01:26:51.271+0000] {processor.py:829} INFO - Processing file /opt/airflow/dags/account_dim_generator.py for tasks to queue
[2024-11-03T01:26:51.272+0000] {logging_mixin.py:151} INFO - [2024-11-03T01:26:51.272+0000] {dagbag.py:539} INFO - Filling up the DagBag from /opt/airflow/dags/account_dim_generator.py
[2024-11-03T01:26:51.582+0000] {processor.py:839} INFO - DAG(s) dict_keys(['account_dim_generator']) retrieved from /opt/airflow/dags/account_dim_generator.py
[2024-11-03T01:26:51.608+0000] {logging_mixin.py:151} INFO - [2024-11-03T01:26:51.607+0000] {dag.py:2915} INFO - Sync 1 DAGs
[2024-11-03T01:26:51.631+0000] {logging_mixin.py:151} INFO - [2024-11-03T01:26:51.631+0000] {dag.py:3696} INFO - Setting next_dagrun for account_dim_generator to 2024-11-03T00:00:00+00:00, run_after=2024-11-04T00:00:00+00:00
[2024-11-03T01:26:51.649+0000] {processor.py:179} INFO - Processing /opt/airflow/dags/account_dim_generator.py took 0.384 seconds
[2024-11-03T01:27:22.076+0000] {processor.py:157} INFO - Started process (PID=3115) to work on /opt/airflow/dags/account_dim_generator.py
[2024-11-03T01:27:22.079+0000] {processor.py:829} INFO - Processing file /opt/airflow/dags/account_dim_generator.py for tasks to queue
[2024-11-03T01:27:22.080+0000] {logging_mixin.py:151} INFO - [2024-11-03T01:27:22.080+0000] {dagbag.py:539} INFO - Filling up the DagBag from /opt/airflow/dags/account_dim_generator.py
[2024-11-03T01:27:22.394+0000] {processor.py:839} INFO - DAG(s) dict_keys(['account_dim_generator']) retrieved from /opt/airflow/dags/account_dim_generator.py
[2024-11-03T01:27:22.422+0000] {logging_mixin.py:151} INFO - [2024-11-03T01:27:22.422+0000] {dag.py:2915} INFO - Sync 1 DAGs
[2024-11-03T01:27:22.447+0000] {logging_mixin.py:151} INFO - [2024-11-03T01:27:22.447+0000] {dag.py:3696} INFO - Setting next_dagrun for account_dim_generator to 2024-11-03T00:00:00+00:00, run_after=2024-11-04T00:00:00+00:00
[2024-11-03T01:27:22.470+0000] {processor.py:179} INFO - Processing /opt/airflow/dags/account_dim_generator.py took 0.398 seconds
[2024-11-03T01:27:52.995+0000] {processor.py:157} INFO - Started process (PID=3162) to work on /opt/airflow/dags/account_dim_generator.py
[2024-11-03T01:27:52.998+0000] {processor.py:829} INFO - Processing file /opt/airflow/dags/account_dim_generator.py for tasks to queue
[2024-11-03T01:27:52.999+0000] {logging_mixin.py:151} INFO - [2024-11-03T01:27:52.999+0000] {dagbag.py:539} INFO - Filling up the DagBag from /opt/airflow/dags/account_dim_generator.py
[2024-11-03T01:27:53.317+0000] {processor.py:839} INFO - DAG(s) dict_keys(['account_dim_generator']) retrieved from /opt/airflow/dags/account_dim_generator.py
[2024-11-03T01:27:53.344+0000] {logging_mixin.py:151} INFO - [2024-11-03T01:27:53.344+0000] {dag.py:2915} INFO - Sync 1 DAGs
[2024-11-03T01:27:53.369+0000] {logging_mixin.py:151} INFO - [2024-11-03T01:27:53.369+0000] {dag.py:3696} INFO - Setting next_dagrun for account_dim_generator to 2024-11-03T00:00:00+00:00, run_after=2024-11-04T00:00:00+00:00
[2024-11-03T01:27:53.390+0000] {processor.py:179} INFO - Processing /opt/airflow/dags/account_dim_generator.py took 0.400 seconds
[2024-11-03T01:28:23.660+0000] {processor.py:157} INFO - Started process (PID=3209) to work on /opt/airflow/dags/account_dim_generator.py
[2024-11-03T01:28:23.662+0000] {processor.py:829} INFO - Processing file /opt/airflow/dags/account_dim_generator.py for tasks to queue
[2024-11-03T01:28:23.663+0000] {logging_mixin.py:151} INFO - [2024-11-03T01:28:23.662+0000] {dagbag.py:539} INFO - Filling up the DagBag from /opt/airflow/dags/account_dim_generator.py
[2024-11-03T01:28:23.990+0000] {processor.py:839} INFO - DAG(s) dict_keys(['account_dim_generator']) retrieved from /opt/airflow/dags/account_dim_generator.py
[2024-11-03T01:28:24.018+0000] {logging_mixin.py:151} INFO - [2024-11-03T01:28:24.017+0000] {dag.py:2915} INFO - Sync 1 DAGs
[2024-11-03T01:28:24.043+0000] {logging_mixin.py:151} INFO - [2024-11-03T01:28:24.043+0000] {dag.py:3696} INFO - Setting next_dagrun for account_dim_generator to 2024-11-03T00:00:00+00:00, run_after=2024-11-04T00:00:00+00:00
[2024-11-03T01:28:24.063+0000] {processor.py:179} INFO - Processing /opt/airflow/dags/account_dim_generator.py took 0.408 seconds
[2024-11-03T01:28:54.930+0000] {processor.py:157} INFO - Started process (PID=3256) to work on /opt/airflow/dags/account_dim_generator.py
[2024-11-03T01:28:54.932+0000] {processor.py:829} INFO - Processing file /opt/airflow/dags/account_dim_generator.py for tasks to queue
[2024-11-03T01:28:54.933+0000] {logging_mixin.py:151} INFO - [2024-11-03T01:28:54.932+0000] {dagbag.py:539} INFO - Filling up the DagBag from /opt/airflow/dags/account_dim_generator.py
[2024-11-03T01:28:55.252+0000] {processor.py:839} INFO - DAG(s) dict_keys(['account_dim_generator']) retrieved from /opt/airflow/dags/account_dim_generator.py
[2024-11-03T01:28:55.284+0000] {logging_mixin.py:151} INFO - [2024-11-03T01:28:55.282+0000] {dag.py:2915} INFO - Sync 1 DAGs
[2024-11-03T01:28:55.315+0000] {logging_mixin.py:151} INFO - [2024-11-03T01:28:55.314+0000] {dag.py:3696} INFO - Setting next_dagrun for account_dim_generator to 2024-11-03T00:00:00+00:00, run_after=2024-11-04T00:00:00+00:00
[2024-11-03T01:28:55.338+0000] {processor.py:179} INFO - Processing /opt/airflow/dags/account_dim_generator.py took 0.413 seconds
[2024-11-03T01:29:26.188+0000] {processor.py:157} INFO - Started process (PID=3303) to work on /opt/airflow/dags/account_dim_generator.py
[2024-11-03T01:29:26.191+0000] {processor.py:829} INFO - Processing file /opt/airflow/dags/account_dim_generator.py for tasks to queue
[2024-11-03T01:29:26.192+0000] {logging_mixin.py:151} INFO - [2024-11-03T01:29:26.191+0000] {dagbag.py:539} INFO - Filling up the DagBag from /opt/airflow/dags/account_dim_generator.py
[2024-11-03T01:29:26.524+0000] {processor.py:839} INFO - DAG(s) dict_keys(['account_dim_generator']) retrieved from /opt/airflow/dags/account_dim_generator.py
[2024-11-03T01:29:26.554+0000] {logging_mixin.py:151} INFO - [2024-11-03T01:29:26.553+0000] {dag.py:2915} INFO - Sync 1 DAGs
[2024-11-03T01:29:26.580+0000] {logging_mixin.py:151} INFO - [2024-11-03T01:29:26.579+0000] {dag.py:3696} INFO - Setting next_dagrun for account_dim_generator to 2024-11-03T00:00:00+00:00, run_after=2024-11-04T00:00:00+00:00
[2024-11-03T01:29:26.599+0000] {processor.py:179} INFO - Processing /opt/airflow/dags/account_dim_generator.py took 0.416 seconds
[2024-11-03T01:29:57.440+0000] {processor.py:157} INFO - Started process (PID=3350) to work on /opt/airflow/dags/account_dim_generator.py
[2024-11-03T01:29:57.442+0000] {processor.py:829} INFO - Processing file /opt/airflow/dags/account_dim_generator.py for tasks to queue
[2024-11-03T01:29:57.443+0000] {logging_mixin.py:151} INFO - [2024-11-03T01:29:57.442+0000] {dagbag.py:539} INFO - Filling up the DagBag from /opt/airflow/dags/account_dim_generator.py
[2024-11-03T01:29:57.794+0000] {processor.py:839} INFO - DAG(s) dict_keys(['account_dim_generator']) retrieved from /opt/airflow/dags/account_dim_generator.py
[2024-11-03T01:29:57.825+0000] {logging_mixin.py:151} INFO - [2024-11-03T01:29:57.824+0000] {dag.py:2915} INFO - Sync 1 DAGs
[2024-11-03T01:29:57.850+0000] {logging_mixin.py:151} INFO - [2024-11-03T01:29:57.849+0000] {dag.py:3696} INFO - Setting next_dagrun for account_dim_generator to 2024-11-03T00:00:00+00:00, run_after=2024-11-04T00:00:00+00:00
[2024-11-03T01:29:57.872+0000] {processor.py:179} INFO - Processing /opt/airflow/dags/account_dim_generator.py took 0.437 seconds
[2024-11-03T01:30:28.930+0000] {processor.py:157} INFO - Started process (PID=3397) to work on /opt/airflow/dags/account_dim_generator.py
[2024-11-03T01:30:28.937+0000] {processor.py:829} INFO - Processing file /opt/airflow/dags/account_dim_generator.py for tasks to queue
[2024-11-03T01:30:28.938+0000] {logging_mixin.py:151} INFO - [2024-11-03T01:30:28.938+0000] {dagbag.py:539} INFO - Filling up the DagBag from /opt/airflow/dags/account_dim_generator.py
[2024-11-03T01:30:29.306+0000] {processor.py:839} INFO - DAG(s) dict_keys(['account_dim_generator']) retrieved from /opt/airflow/dags/account_dim_generator.py
[2024-11-03T01:30:29.337+0000] {logging_mixin.py:151} INFO - [2024-11-03T01:30:29.337+0000] {dag.py:2915} INFO - Sync 1 DAGs
[2024-11-03T01:30:29.366+0000] {logging_mixin.py:151} INFO - [2024-11-03T01:30:29.366+0000] {dag.py:3696} INFO - Setting next_dagrun for account_dim_generator to 2024-11-03T00:00:00+00:00, run_after=2024-11-04T00:00:00+00:00
[2024-11-03T01:30:29.389+0000] {processor.py:179} INFO - Processing /opt/airflow/dags/account_dim_generator.py took 0.462 seconds
[2024-11-03T01:30:59.891+0000] {processor.py:157} INFO - Started process (PID=3444) to work on /opt/airflow/dags/account_dim_generator.py
[2024-11-03T01:30:59.895+0000] {processor.py:829} INFO - Processing file /opt/airflow/dags/account_dim_generator.py for tasks to queue
[2024-11-03T01:30:59.896+0000] {logging_mixin.py:151} INFO - [2024-11-03T01:30:59.896+0000] {dagbag.py:539} INFO - Filling up the DagBag from /opt/airflow/dags/account_dim_generator.py
[2024-11-03T01:31:00.278+0000] {processor.py:839} INFO - DAG(s) dict_keys(['account_dim_generator']) retrieved from /opt/airflow/dags/account_dim_generator.py
[2024-11-03T01:31:00.309+0000] {logging_mixin.py:151} INFO - [2024-11-03T01:31:00.308+0000] {dag.py:2915} INFO - Sync 1 DAGs
[2024-11-03T01:31:00.337+0000] {logging_mixin.py:151} INFO - [2024-11-03T01:31:00.336+0000] {dag.py:3696} INFO - Setting next_dagrun for account_dim_generator to 2024-11-03T00:00:00+00:00, run_after=2024-11-04T00:00:00+00:00
[2024-11-03T01:31:00.357+0000] {processor.py:179} INFO - Processing /opt/airflow/dags/account_dim_generator.py took 0.470 seconds
[2024-11-03T01:31:30.940+0000] {processor.py:157} INFO - Started process (PID=3491) to work on /opt/airflow/dags/account_dim_generator.py
[2024-11-03T01:31:30.950+0000] {processor.py:829} INFO - Processing file /opt/airflow/dags/account_dim_generator.py for tasks to queue
[2024-11-03T01:31:30.953+0000] {logging_mixin.py:151} INFO - [2024-11-03T01:31:30.952+0000] {dagbag.py:539} INFO - Filling up the DagBag from /opt/airflow/dags/account_dim_generator.py
[2024-11-03T01:31:31.306+0000] {processor.py:839} INFO - DAG(s) dict_keys(['account_dim_generator']) retrieved from /opt/airflow/dags/account_dim_generator.py
[2024-11-03T01:31:31.336+0000] {logging_mixin.py:151} INFO - [2024-11-03T01:31:31.336+0000] {dag.py:2915} INFO - Sync 1 DAGs
[2024-11-03T01:31:31.357+0000] {logging_mixin.py:151} INFO - [2024-11-03T01:31:31.357+0000] {dag.py:3696} INFO - Setting next_dagrun for account_dim_generator to 2024-11-03T00:00:00+00:00, run_after=2024-11-04T00:00:00+00:00
[2024-11-03T01:31:31.379+0000] {processor.py:179} INFO - Processing /opt/airflow/dags/account_dim_generator.py took 0.444 seconds
[2024-11-03T01:32:01.993+0000] {processor.py:157} INFO - Started process (PID=3538) to work on /opt/airflow/dags/account_dim_generator.py
[2024-11-03T01:32:01.996+0000] {processor.py:829} INFO - Processing file /opt/airflow/dags/account_dim_generator.py for tasks to queue
[2024-11-03T01:32:01.998+0000] {logging_mixin.py:151} INFO - [2024-11-03T01:32:01.997+0000] {dagbag.py:539} INFO - Filling up the DagBag from /opt/airflow/dags/account_dim_generator.py
[2024-11-03T01:32:02.409+0000] {processor.py:839} INFO - DAG(s) dict_keys(['account_dim_generator']) retrieved from /opt/airflow/dags/account_dim_generator.py
[2024-11-03T01:32:02.446+0000] {logging_mixin.py:151} INFO - [2024-11-03T01:32:02.445+0000] {dag.py:2915} INFO - Sync 1 DAGs
[2024-11-03T01:32:02.475+0000] {logging_mixin.py:151} INFO - [2024-11-03T01:32:02.475+0000] {dag.py:3696} INFO - Setting next_dagrun for account_dim_generator to 2024-11-03T00:00:00+00:00, run_after=2024-11-04T00:00:00+00:00
[2024-11-03T01:32:02.508+0000] {processor.py:179} INFO - Processing /opt/airflow/dags/account_dim_generator.py took 0.520 seconds
[2024-11-03T01:32:33.396+0000] {processor.py:157} INFO - Started process (PID=3585) to work on /opt/airflow/dags/account_dim_generator.py
[2024-11-03T01:32:33.398+0000] {processor.py:829} INFO - Processing file /opt/airflow/dags/account_dim_generator.py for tasks to queue
[2024-11-03T01:32:33.400+0000] {logging_mixin.py:151} INFO - [2024-11-03T01:32:33.399+0000] {dagbag.py:539} INFO - Filling up the DagBag from /opt/airflow/dags/account_dim_generator.py
[2024-11-03T01:32:33.794+0000] {processor.py:839} INFO - DAG(s) dict_keys(['account_dim_generator']) retrieved from /opt/airflow/dags/account_dim_generator.py
[2024-11-03T01:32:33.829+0000] {logging_mixin.py:151} INFO - [2024-11-03T01:32:33.828+0000] {dag.py:2915} INFO - Sync 1 DAGs
[2024-11-03T01:32:33.862+0000] {logging_mixin.py:151} INFO - [2024-11-03T01:32:33.862+0000] {dag.py:3696} INFO - Setting next_dagrun for account_dim_generator to 2024-11-03T00:00:00+00:00, run_after=2024-11-04T00:00:00+00:00
[2024-11-03T01:32:33.888+0000] {processor.py:179} INFO - Processing /opt/airflow/dags/account_dim_generator.py took 0.496 seconds
[2024-11-03T01:33:04.041+0000] {processor.py:157} INFO - Started process (PID=3632) to work on /opt/airflow/dags/account_dim_generator.py
[2024-11-03T01:33:04.044+0000] {processor.py:829} INFO - Processing file /opt/airflow/dags/account_dim_generator.py for tasks to queue
[2024-11-03T01:33:04.046+0000] {logging_mixin.py:151} INFO - [2024-11-03T01:33:04.045+0000] {dagbag.py:539} INFO - Filling up the DagBag from /opt/airflow/dags/account_dim_generator.py
[2024-11-03T01:33:04.571+0000] {processor.py:839} INFO - DAG(s) dict_keys(['account_dim_generator']) retrieved from /opt/airflow/dags/account_dim_generator.py
[2024-11-03T01:33:04.626+0000] {logging_mixin.py:151} INFO - [2024-11-03T01:33:04.624+0000] {dag.py:2915} INFO - Sync 1 DAGs
[2024-11-03T01:33:04.663+0000] {logging_mixin.py:151} INFO - [2024-11-03T01:33:04.663+0000] {dag.py:3696} INFO - Setting next_dagrun for account_dim_generator to 2024-11-03T00:00:00+00:00, run_after=2024-11-04T00:00:00+00:00
[2024-11-03T01:33:04.700+0000] {processor.py:179} INFO - Processing /opt/airflow/dags/account_dim_generator.py took 0.663 seconds
[2024-11-03T01:33:35.346+0000] {processor.py:157} INFO - Started process (PID=3686) to work on /opt/airflow/dags/account_dim_generator.py
[2024-11-03T01:33:35.348+0000] {processor.py:829} INFO - Processing file /opt/airflow/dags/account_dim_generator.py for tasks to queue
[2024-11-03T01:33:35.349+0000] {logging_mixin.py:151} INFO - [2024-11-03T01:33:35.348+0000] {dagbag.py:539} INFO - Filling up the DagBag from /opt/airflow/dags/account_dim_generator.py
[2024-11-03T01:33:35.715+0000] {processor.py:839} INFO - DAG(s) dict_keys(['account_dim_generator']) retrieved from /opt/airflow/dags/account_dim_generator.py
[2024-11-03T01:33:35.750+0000] {logging_mixin.py:151} INFO - [2024-11-03T01:33:35.749+0000] {dag.py:2915} INFO - Sync 1 DAGs
[2024-11-03T01:33:35.778+0000] {logging_mixin.py:151} INFO - [2024-11-03T01:33:35.778+0000] {dag.py:3696} INFO - Setting next_dagrun for account_dim_generator to 2024-11-03T00:00:00+00:00, run_after=2024-11-04T00:00:00+00:00
[2024-11-03T01:33:35.800+0000] {processor.py:179} INFO - Processing /opt/airflow/dags/account_dim_generator.py took 0.459 seconds
[2024-11-03T01:34:06.873+0000] {processor.py:157} INFO - Started process (PID=3733) to work on /opt/airflow/dags/account_dim_generator.py
[2024-11-03T01:34:06.875+0000] {processor.py:829} INFO - Processing file /opt/airflow/dags/account_dim_generator.py for tasks to queue
[2024-11-03T01:34:06.877+0000] {logging_mixin.py:151} INFO - [2024-11-03T01:34:06.876+0000] {dagbag.py:539} INFO - Filling up the DagBag from /opt/airflow/dags/account_dim_generator.py
[2024-11-03T01:34:07.349+0000] {processor.py:839} INFO - DAG(s) dict_keys(['account_dim_generator']) retrieved from /opt/airflow/dags/account_dim_generator.py
[2024-11-03T01:34:07.391+0000] {logging_mixin.py:151} INFO - [2024-11-03T01:34:07.390+0000] {dag.py:2915} INFO - Sync 1 DAGs
[2024-11-03T01:34:07.425+0000] {logging_mixin.py:151} INFO - [2024-11-03T01:34:07.425+0000] {dag.py:3696} INFO - Setting next_dagrun for account_dim_generator to 2024-11-03T00:00:00+00:00, run_after=2024-11-04T00:00:00+00:00
[2024-11-03T01:34:07.453+0000] {processor.py:179} INFO - Processing /opt/airflow/dags/account_dim_generator.py took 0.585 seconds
[2024-11-03T01:34:37.616+0000] {processor.py:157} INFO - Started process (PID=3780) to work on /opt/airflow/dags/account_dim_generator.py
[2024-11-03T01:34:37.619+0000] {processor.py:829} INFO - Processing file /opt/airflow/dags/account_dim_generator.py for tasks to queue
[2024-11-03T01:34:37.620+0000] {logging_mixin.py:151} INFO - [2024-11-03T01:34:37.620+0000] {dagbag.py:539} INFO - Filling up the DagBag from /opt/airflow/dags/account_dim_generator.py
[2024-11-03T01:34:38.088+0000] {processor.py:839} INFO - DAG(s) dict_keys(['account_dim_generator']) retrieved from /opt/airflow/dags/account_dim_generator.py
[2024-11-03T01:34:38.131+0000] {logging_mixin.py:151} INFO - [2024-11-03T01:34:38.130+0000] {dag.py:2915} INFO - Sync 1 DAGs
[2024-11-03T01:34:38.163+0000] {logging_mixin.py:151} INFO - [2024-11-03T01:34:38.163+0000] {dag.py:3696} INFO - Setting next_dagrun for account_dim_generator to 2024-11-03T00:00:00+00:00, run_after=2024-11-04T00:00:00+00:00
[2024-11-03T01:34:38.188+0000] {processor.py:179} INFO - Processing /opt/airflow/dags/account_dim_generator.py took 0.579 seconds
