[2024-11-03T00:08:01.984+0000] {processor.py:157} INFO - Started process (PID=19608) to work on /opt/airflow/dags/branch_dim_generator.py
[2024-11-03T00:08:01.988+0000] {processor.py:829} INFO - Processing file /opt/airflow/dags/branch_dim_generator.py for tasks to queue
[2024-11-03T00:08:01.992+0000] {logging_mixin.py:151} INFO - [2024-11-03T00:08:01.991+0000] {dagbag.py:539} INFO - Filling up the DagBag from /opt/airflow/dags/branch_dim_generator.py
[2024-11-03T00:08:08.370+0000] {processor.py:839} INFO - DAG(s) dict_keys(['branch_dim_generator']) retrieved from /opt/airflow/dags/branch_dim_generator.py
[2024-11-03T00:08:08.458+0000] {logging_mixin.py:151} INFO - [2024-11-03T00:08:08.456+0000] {dag.py:2915} INFO - Sync 1 DAGs
[2024-11-03T00:08:08.705+0000] {logging_mixin.py:151} INFO - [2024-11-03T00:08:08.704+0000] {dag.py:3696} INFO - Setting next_dagrun for branch_dim_generator to 2024-10-31T00:00:00+00:00, run_after=2024-11-01T00:00:00+00:00
[2024-11-03T00:08:08.795+0000] {processor.py:179} INFO - Processing /opt/airflow/dags/branch_dim_generator.py took 6.823 seconds
[2024-11-03T00:56:31.770+0000] {processor.py:157} INFO - Started process (PID=233) to work on /opt/airflow/dags/branch_dim_generator.py
[2024-11-03T00:56:31.792+0000] {processor.py:829} INFO - Processing file /opt/airflow/dags/branch_dim_generator.py for tasks to queue
[2024-11-03T00:56:31.799+0000] {logging_mixin.py:151} INFO - [2024-11-03T00:56:31.795+0000] {dagbag.py:539} INFO - Filling up the DagBag from /opt/airflow/dags/branch_dim_generator.py
[2024-11-03T00:56:33.576+0000] {processor.py:839} INFO - DAG(s) dict_keys(['branch_dim_generator']) retrieved from /opt/airflow/dags/branch_dim_generator.py
[2024-11-03T00:56:33.859+0000] {logging_mixin.py:151} INFO - [2024-11-03T00:56:33.858+0000] {security.py:708} INFO - Not syncing DAG-level permissions for DAG 'DAG:branch_dim_generator' as access control is unset.
[2024-11-03T00:56:33.859+0000] {logging_mixin.py:151} INFO - [2024-11-03T00:56:33.859+0000] {dag.py:2915} INFO - Sync 1 DAGs
[2024-11-03T00:56:33.880+0000] {logging_mixin.py:151} INFO - [2024-11-03T00:56:33.880+0000] {dag.py:3696} INFO - Setting next_dagrun for branch_dim_generator to 2024-10-31T00:00:00+00:00, run_after=2024-11-01T00:00:00+00:00
[2024-11-03T00:56:33.901+0000] {processor.py:179} INFO - Processing /opt/airflow/dags/branch_dim_generator.py took 2.177 seconds
[2024-11-03T00:57:04.570+0000] {processor.py:157} INFO - Started process (PID=280) to work on /opt/airflow/dags/branch_dim_generator.py
[2024-11-03T00:57:04.571+0000] {processor.py:829} INFO - Processing file /opt/airflow/dags/branch_dim_generator.py for tasks to queue
[2024-11-03T00:57:04.572+0000] {logging_mixin.py:151} INFO - [2024-11-03T00:57:04.572+0000] {dagbag.py:539} INFO - Filling up the DagBag from /opt/airflow/dags/branch_dim_generator.py
[2024-11-03T00:57:05.524+0000] {processor.py:839} INFO - DAG(s) dict_keys(['branch_dim_generator']) retrieved from /opt/airflow/dags/branch_dim_generator.py
[2024-11-03T00:57:05.593+0000] {logging_mixin.py:151} INFO - [2024-11-03T00:57:05.592+0000] {dag.py:2915} INFO - Sync 1 DAGs
[2024-11-03T00:57:05.668+0000] {logging_mixin.py:151} INFO - [2024-11-03T00:57:05.668+0000] {dag.py:3696} INFO - Setting next_dagrun for branch_dim_generator to 2024-10-31T00:00:00+00:00, run_after=2024-11-01T00:00:00+00:00
[2024-11-03T00:57:05.728+0000] {processor.py:179} INFO - Processing /opt/airflow/dags/branch_dim_generator.py took 1.163 seconds
[2024-11-03T00:57:36.075+0000] {processor.py:157} INFO - Started process (PID=329) to work on /opt/airflow/dags/branch_dim_generator.py
[2024-11-03T00:57:36.077+0000] {processor.py:829} INFO - Processing file /opt/airflow/dags/branch_dim_generator.py for tasks to queue
[2024-11-03T00:57:36.078+0000] {logging_mixin.py:151} INFO - [2024-11-03T00:57:36.078+0000] {dagbag.py:539} INFO - Filling up the DagBag from /opt/airflow/dags/branch_dim_generator.py
[2024-11-03T00:57:36.678+0000] {processor.py:839} INFO - DAG(s) dict_keys(['branch_dim_generator']) retrieved from /opt/airflow/dags/branch_dim_generator.py
[2024-11-03T00:57:36.721+0000] {logging_mixin.py:151} INFO - [2024-11-03T00:57:36.720+0000] {dag.py:2915} INFO - Sync 1 DAGs
[2024-11-03T00:57:36.749+0000] {logging_mixin.py:151} INFO - [2024-11-03T00:57:36.749+0000] {dag.py:3696} INFO - Setting next_dagrun for branch_dim_generator to 2024-10-31T00:00:00+00:00, run_after=2024-11-01T00:00:00+00:00
[2024-11-03T00:57:36.790+0000] {processor.py:179} INFO - Processing /opt/airflow/dags/branch_dim_generator.py took 0.720 seconds
[2024-11-03T00:58:08.355+0000] {processor.py:157} INFO - Started process (PID=374) to work on /opt/airflow/dags/branch_dim_generator.py
[2024-11-03T00:58:08.358+0000] {processor.py:829} INFO - Processing file /opt/airflow/dags/branch_dim_generator.py for tasks to queue
[2024-11-03T00:58:08.361+0000] {logging_mixin.py:151} INFO - [2024-11-03T00:58:08.360+0000] {dagbag.py:539} INFO - Filling up the DagBag from /opt/airflow/dags/branch_dim_generator.py
[2024-11-03T00:58:10.088+0000] {processor.py:839} INFO - DAG(s) dict_keys(['branch_dim_generator']) retrieved from /opt/airflow/dags/branch_dim_generator.py
[2024-11-03T00:58:10.367+0000] {logging_mixin.py:151} INFO - [2024-11-03T00:58:10.366+0000] {dag.py:2915} INFO - Sync 1 DAGs
[2024-11-03T00:58:10.571+0000] {logging_mixin.py:151} INFO - [2024-11-03T00:58:10.571+0000] {dag.py:3696} INFO - Setting next_dagrun for branch_dim_generator to 2024-10-31T00:00:00+00:00, run_after=2024-11-01T00:00:00+00:00
[2024-11-03T00:58:10.663+0000] {processor.py:179} INFO - Processing /opt/airflow/dags/branch_dim_generator.py took 2.317 seconds
[2024-11-03T00:58:40.953+0000] {processor.py:157} INFO - Started process (PID=429) to work on /opt/airflow/dags/branch_dim_generator.py
[2024-11-03T00:58:40.955+0000] {processor.py:829} INFO - Processing file /opt/airflow/dags/branch_dim_generator.py for tasks to queue
[2024-11-03T00:58:40.956+0000] {logging_mixin.py:151} INFO - [2024-11-03T00:58:40.955+0000] {dagbag.py:539} INFO - Filling up the DagBag from /opt/airflow/dags/branch_dim_generator.py
[2024-11-03T00:58:41.269+0000] {processor.py:839} INFO - DAG(s) dict_keys(['branch_dim_generator']) retrieved from /opt/airflow/dags/branch_dim_generator.py
[2024-11-03T00:58:41.296+0000] {logging_mixin.py:151} INFO - [2024-11-03T00:58:41.295+0000] {dag.py:2915} INFO - Sync 1 DAGs
[2024-11-03T00:58:41.322+0000] {logging_mixin.py:151} INFO - [2024-11-03T00:58:41.321+0000] {dag.py:3696} INFO - Setting next_dagrun for branch_dim_generator to 2024-10-31T00:00:00+00:00, run_after=2024-11-01T00:00:00+00:00
[2024-11-03T00:58:41.342+0000] {processor.py:179} INFO - Processing /opt/airflow/dags/branch_dim_generator.py took 0.393 seconds
[2024-11-03T00:59:11.691+0000] {processor.py:157} INFO - Started process (PID=476) to work on /opt/airflow/dags/branch_dim_generator.py
[2024-11-03T00:59:11.693+0000] {processor.py:829} INFO - Processing file /opt/airflow/dags/branch_dim_generator.py for tasks to queue
[2024-11-03T00:59:11.694+0000] {logging_mixin.py:151} INFO - [2024-11-03T00:59:11.693+0000] {dagbag.py:539} INFO - Filling up the DagBag from /opt/airflow/dags/branch_dim_generator.py
[2024-11-03T00:59:12.011+0000] {processor.py:839} INFO - DAG(s) dict_keys(['branch_dim_generator']) retrieved from /opt/airflow/dags/branch_dim_generator.py
[2024-11-03T00:59:12.044+0000] {logging_mixin.py:151} INFO - [2024-11-03T00:59:12.044+0000] {dag.py:2915} INFO - Sync 1 DAGs
[2024-11-03T00:59:12.082+0000] {logging_mixin.py:151} INFO - [2024-11-03T00:59:12.081+0000] {dag.py:3696} INFO - Setting next_dagrun for branch_dim_generator to 2024-10-31T00:00:00+00:00, run_after=2024-11-01T00:00:00+00:00
[2024-11-03T00:59:12.105+0000] {processor.py:179} INFO - Processing /opt/airflow/dags/branch_dim_generator.py took 0.417 seconds
[2024-11-03T00:59:42.868+0000] {processor.py:157} INFO - Started process (PID=523) to work on /opt/airflow/dags/branch_dim_generator.py
[2024-11-03T00:59:42.870+0000] {processor.py:829} INFO - Processing file /opt/airflow/dags/branch_dim_generator.py for tasks to queue
[2024-11-03T00:59:42.872+0000] {logging_mixin.py:151} INFO - [2024-11-03T00:59:42.871+0000] {dagbag.py:539} INFO - Filling up the DagBag from /opt/airflow/dags/branch_dim_generator.py
[2024-11-03T00:59:43.375+0000] {processor.py:839} INFO - DAG(s) dict_keys(['branch_dim_generator']) retrieved from /opt/airflow/dags/branch_dim_generator.py
[2024-11-03T00:59:43.412+0000] {logging_mixin.py:151} INFO - [2024-11-03T00:59:43.411+0000] {dag.py:2915} INFO - Sync 1 DAGs
[2024-11-03T00:59:43.443+0000] {logging_mixin.py:151} INFO - [2024-11-03T00:59:43.443+0000] {dag.py:3696} INFO - Setting next_dagrun for branch_dim_generator to 2024-10-31T00:00:00+00:00, run_after=2024-11-01T00:00:00+00:00
[2024-11-03T00:59:43.488+0000] {processor.py:179} INFO - Processing /opt/airflow/dags/branch_dim_generator.py took 0.625 seconds
[2024-11-03T01:00:14.089+0000] {processor.py:157} INFO - Started process (PID=570) to work on /opt/airflow/dags/branch_dim_generator.py
[2024-11-03T01:00:14.092+0000] {processor.py:829} INFO - Processing file /opt/airflow/dags/branch_dim_generator.py for tasks to queue
[2024-11-03T01:00:14.093+0000] {logging_mixin.py:151} INFO - [2024-11-03T01:00:14.093+0000] {dagbag.py:539} INFO - Filling up the DagBag from /opt/airflow/dags/branch_dim_generator.py
[2024-11-03T01:00:14.538+0000] {processor.py:839} INFO - DAG(s) dict_keys(['branch_dim_generator']) retrieved from /opt/airflow/dags/branch_dim_generator.py
[2024-11-03T01:00:14.584+0000] {logging_mixin.py:151} INFO - [2024-11-03T01:00:14.582+0000] {dag.py:2915} INFO - Sync 1 DAGs
[2024-11-03T01:00:14.617+0000] {logging_mixin.py:151} INFO - [2024-11-03T01:00:14.617+0000] {dag.py:3696} INFO - Setting next_dagrun for branch_dim_generator to 2024-10-31T00:00:00+00:00, run_after=2024-11-01T00:00:00+00:00
[2024-11-03T01:00:14.646+0000] {processor.py:179} INFO - Processing /opt/airflow/dags/branch_dim_generator.py took 0.562 seconds
[2024-11-03T01:00:45.153+0000] {processor.py:157} INFO - Started process (PID=614) to work on /opt/airflow/dags/branch_dim_generator.py
[2024-11-03T01:00:45.171+0000] {processor.py:829} INFO - Processing file /opt/airflow/dags/branch_dim_generator.py for tasks to queue
[2024-11-03T01:00:45.181+0000] {logging_mixin.py:151} INFO - [2024-11-03T01:00:45.180+0000] {dagbag.py:539} INFO - Filling up the DagBag from /opt/airflow/dags/branch_dim_generator.py
[2024-11-03T01:00:45.801+0000] {processor.py:839} INFO - DAG(s) dict_keys(['branch_dim_generator']) retrieved from /opt/airflow/dags/branch_dim_generator.py
[2024-11-03T01:00:45.889+0000] {logging_mixin.py:151} INFO - [2024-11-03T01:00:45.885+0000] {dag.py:2915} INFO - Sync 1 DAGs
[2024-11-03T01:00:46.101+0000] {logging_mixin.py:151} INFO - [2024-11-03T01:00:46.100+0000] {dag.py:3696} INFO - Setting next_dagrun for branch_dim_generator to 2024-10-31T00:00:00+00:00, run_after=2024-11-01T00:00:00+00:00
[2024-11-03T01:00:46.176+0000] {processor.py:179} INFO - Processing /opt/airflow/dags/branch_dim_generator.py took 1.070 seconds
[2024-11-03T01:01:16.621+0000] {processor.py:157} INFO - Started process (PID=661) to work on /opt/airflow/dags/branch_dim_generator.py
[2024-11-03T01:01:16.624+0000] {processor.py:829} INFO - Processing file /opt/airflow/dags/branch_dim_generator.py for tasks to queue
[2024-11-03T01:01:16.625+0000] {logging_mixin.py:151} INFO - [2024-11-03T01:01:16.625+0000] {dagbag.py:539} INFO - Filling up the DagBag from /opt/airflow/dags/branch_dim_generator.py
[2024-11-03T01:01:18.870+0000] {processor.py:839} INFO - DAG(s) dict_keys(['branch_dim_generator']) retrieved from /opt/airflow/dags/branch_dim_generator.py
[2024-11-03T01:01:19.462+0000] {logging_mixin.py:151} INFO - [2024-11-03T01:01:19.460+0000] {dag.py:2915} INFO - Sync 1 DAGs
[2024-11-03T01:01:19.749+0000] {logging_mixin.py:151} INFO - [2024-11-03T01:01:19.748+0000] {dag.py:3696} INFO - Setting next_dagrun for branch_dim_generator to 2024-10-31T00:00:00+00:00, run_after=2024-11-01T00:00:00+00:00
[2024-11-03T01:01:19.874+0000] {processor.py:179} INFO - Processing /opt/airflow/dags/branch_dim_generator.py took 3.270 seconds
[2024-11-03T01:01:50.275+0000] {processor.py:157} INFO - Started process (PID=708) to work on /opt/airflow/dags/branch_dim_generator.py
[2024-11-03T01:01:50.278+0000] {processor.py:829} INFO - Processing file /opt/airflow/dags/branch_dim_generator.py for tasks to queue
[2024-11-03T01:01:50.280+0000] {logging_mixin.py:151} INFO - [2024-11-03T01:01:50.279+0000] {dagbag.py:539} INFO - Filling up the DagBag from /opt/airflow/dags/branch_dim_generator.py
[2024-11-03T01:01:50.868+0000] {processor.py:839} INFO - DAG(s) dict_keys(['branch_dim_generator']) retrieved from /opt/airflow/dags/branch_dim_generator.py
[2024-11-03T01:01:50.916+0000] {logging_mixin.py:151} INFO - [2024-11-03T01:01:50.915+0000] {dag.py:2915} INFO - Sync 1 DAGs
[2024-11-03T01:01:50.957+0000] {logging_mixin.py:151} INFO - [2024-11-03T01:01:50.957+0000] {dag.py:3696} INFO - Setting next_dagrun for branch_dim_generator to 2024-10-31T00:00:00+00:00, run_after=2024-11-01T00:00:00+00:00
[2024-11-03T01:01:50.989+0000] {processor.py:179} INFO - Processing /opt/airflow/dags/branch_dim_generator.py took 0.719 seconds
[2024-11-03T01:02:21.886+0000] {processor.py:157} INFO - Started process (PID=755) to work on /opt/airflow/dags/branch_dim_generator.py
[2024-11-03T01:02:21.889+0000] {processor.py:829} INFO - Processing file /opt/airflow/dags/branch_dim_generator.py for tasks to queue
[2024-11-03T01:02:21.891+0000] {logging_mixin.py:151} INFO - [2024-11-03T01:02:21.890+0000] {dagbag.py:539} INFO - Filling up the DagBag from /opt/airflow/dags/branch_dim_generator.py
[2024-11-03T01:02:22.391+0000] {processor.py:839} INFO - DAG(s) dict_keys(['branch_dim_generator']) retrieved from /opt/airflow/dags/branch_dim_generator.py
[2024-11-03T01:02:22.439+0000] {logging_mixin.py:151} INFO - [2024-11-03T01:02:22.437+0000] {dag.py:2915} INFO - Sync 1 DAGs
[2024-11-03T01:02:22.475+0000] {logging_mixin.py:151} INFO - [2024-11-03T01:02:22.474+0000] {dag.py:3696} INFO - Setting next_dagrun for branch_dim_generator to 2024-10-31T00:00:00+00:00, run_after=2024-11-01T00:00:00+00:00
[2024-11-03T01:02:22.507+0000] {processor.py:179} INFO - Processing /opt/airflow/dags/branch_dim_generator.py took 0.627 seconds
[2024-11-03T01:02:52.991+0000] {processor.py:157} INFO - Started process (PID=802) to work on /opt/airflow/dags/branch_dim_generator.py
[2024-11-03T01:02:52.993+0000] {processor.py:829} INFO - Processing file /opt/airflow/dags/branch_dim_generator.py for tasks to queue
[2024-11-03T01:02:52.995+0000] {logging_mixin.py:151} INFO - [2024-11-03T01:02:52.994+0000] {dagbag.py:539} INFO - Filling up the DagBag from /opt/airflow/dags/branch_dim_generator.py
[2024-11-03T01:02:53.686+0000] {processor.py:839} INFO - DAG(s) dict_keys(['branch_dim_generator']) retrieved from /opt/airflow/dags/branch_dim_generator.py
[2024-11-03T01:02:53.894+0000] {logging_mixin.py:151} INFO - [2024-11-03T01:02:53.893+0000] {dag.py:2915} INFO - Sync 1 DAGs
[2024-11-03T01:02:54.010+0000] {logging_mixin.py:151} INFO - [2024-11-03T01:02:54.010+0000] {dag.py:3696} INFO - Setting next_dagrun for branch_dim_generator to 2024-10-31T00:00:00+00:00, run_after=2024-11-01T00:00:00+00:00
[2024-11-03T01:02:54.064+0000] {processor.py:179} INFO - Processing /opt/airflow/dags/branch_dim_generator.py took 1.078 seconds
[2024-11-03T01:03:24.613+0000] {processor.py:157} INFO - Started process (PID=848) to work on /opt/airflow/dags/branch_dim_generator.py
[2024-11-03T01:03:24.614+0000] {processor.py:829} INFO - Processing file /opt/airflow/dags/branch_dim_generator.py for tasks to queue
[2024-11-03T01:03:24.615+0000] {logging_mixin.py:151} INFO - [2024-11-03T01:03:24.615+0000] {dagbag.py:539} INFO - Filling up the DagBag from /opt/airflow/dags/branch_dim_generator.py
[2024-11-03T01:03:25.150+0000] {processor.py:839} INFO - DAG(s) dict_keys(['branch_dim_generator']) retrieved from /opt/airflow/dags/branch_dim_generator.py
[2024-11-03T01:03:25.199+0000] {logging_mixin.py:151} INFO - [2024-11-03T01:03:25.198+0000] {dag.py:2915} INFO - Sync 1 DAGs
[2024-11-03T01:03:25.236+0000] {logging_mixin.py:151} INFO - [2024-11-03T01:03:25.236+0000] {dag.py:3696} INFO - Setting next_dagrun for branch_dim_generator to 2024-10-31T00:00:00+00:00, run_after=2024-11-01T00:00:00+00:00
[2024-11-03T01:03:25.264+0000] {processor.py:179} INFO - Processing /opt/airflow/dags/branch_dim_generator.py took 0.655 seconds
[2024-11-03T01:03:55.761+0000] {processor.py:157} INFO - Started process (PID=895) to work on /opt/airflow/dags/branch_dim_generator.py
[2024-11-03T01:03:55.764+0000] {processor.py:829} INFO - Processing file /opt/airflow/dags/branch_dim_generator.py for tasks to queue
[2024-11-03T01:03:55.767+0000] {logging_mixin.py:151} INFO - [2024-11-03T01:03:55.766+0000] {dagbag.py:539} INFO - Filling up the DagBag from /opt/airflow/dags/branch_dim_generator.py
[2024-11-03T01:03:56.100+0000] {processor.py:839} INFO - DAG(s) dict_keys(['branch_dim_generator']) retrieved from /opt/airflow/dags/branch_dim_generator.py
[2024-11-03T01:03:56.154+0000] {logging_mixin.py:151} INFO - [2024-11-03T01:03:56.153+0000] {dag.py:2915} INFO - Sync 1 DAGs
[2024-11-03T01:03:56.210+0000] {logging_mixin.py:151} INFO - [2024-11-03T01:03:56.210+0000] {dag.py:3696} INFO - Setting next_dagrun for branch_dim_generator to 2024-10-31T00:00:00+00:00, run_after=2024-11-01T00:00:00+00:00
[2024-11-03T01:03:56.244+0000] {processor.py:179} INFO - Processing /opt/airflow/dags/branch_dim_generator.py took 0.488 seconds
[2024-11-03T01:04:26.308+0000] {processor.py:157} INFO - Started process (PID=942) to work on /opt/airflow/dags/branch_dim_generator.py
[2024-11-03T01:04:26.311+0000] {processor.py:829} INFO - Processing file /opt/airflow/dags/branch_dim_generator.py for tasks to queue
[2024-11-03T01:04:26.313+0000] {logging_mixin.py:151} INFO - [2024-11-03T01:04:26.312+0000] {dagbag.py:539} INFO - Filling up the DagBag from /opt/airflow/dags/branch_dim_generator.py
[2024-11-03T01:04:26.781+0000] {processor.py:839} INFO - DAG(s) dict_keys(['branch_dim_generator']) retrieved from /opt/airflow/dags/branch_dim_generator.py
[2024-11-03T01:04:26.823+0000] {logging_mixin.py:151} INFO - [2024-11-03T01:04:26.821+0000] {dag.py:2915} INFO - Sync 1 DAGs
[2024-11-03T01:04:26.857+0000] {logging_mixin.py:151} INFO - [2024-11-03T01:04:26.856+0000] {dag.py:3696} INFO - Setting next_dagrun for branch_dim_generator to 2024-10-31T00:00:00+00:00, run_after=2024-11-01T00:00:00+00:00
[2024-11-03T01:04:26.883+0000] {processor.py:179} INFO - Processing /opt/airflow/dags/branch_dim_generator.py took 0.580 seconds
[2024-11-03T01:04:57.795+0000] {processor.py:157} INFO - Started process (PID=989) to work on /opt/airflow/dags/branch_dim_generator.py
[2024-11-03T01:04:57.796+0000] {processor.py:829} INFO - Processing file /opt/airflow/dags/branch_dim_generator.py for tasks to queue
[2024-11-03T01:04:57.797+0000] {logging_mixin.py:151} INFO - [2024-11-03T01:04:57.797+0000] {dagbag.py:539} INFO - Filling up the DagBag from /opt/airflow/dags/branch_dim_generator.py
[2024-11-03T01:04:58.118+0000] {processor.py:839} INFO - DAG(s) dict_keys(['branch_dim_generator']) retrieved from /opt/airflow/dags/branch_dim_generator.py
[2024-11-03T01:04:58.152+0000] {logging_mixin.py:151} INFO - [2024-11-03T01:04:58.152+0000] {dag.py:2915} INFO - Sync 1 DAGs
[2024-11-03T01:04:58.178+0000] {logging_mixin.py:151} INFO - [2024-11-03T01:04:58.178+0000] {dag.py:3696} INFO - Setting next_dagrun for branch_dim_generator to 2024-10-31T00:00:00+00:00, run_after=2024-11-01T00:00:00+00:00
[2024-11-03T01:04:58.200+0000] {processor.py:179} INFO - Processing /opt/airflow/dags/branch_dim_generator.py took 0.409 seconds
[2024-11-03T01:05:29.191+0000] {processor.py:157} INFO - Started process (PID=1043) to work on /opt/airflow/dags/branch_dim_generator.py
[2024-11-03T01:05:29.192+0000] {processor.py:829} INFO - Processing file /opt/airflow/dags/branch_dim_generator.py for tasks to queue
[2024-11-03T01:05:29.193+0000] {logging_mixin.py:151} INFO - [2024-11-03T01:05:29.193+0000] {dagbag.py:539} INFO - Filling up the DagBag from /opt/airflow/dags/branch_dim_generator.py
[2024-11-03T01:05:29.524+0000] {processor.py:839} INFO - DAG(s) dict_keys(['branch_dim_generator']) retrieved from /opt/airflow/dags/branch_dim_generator.py
[2024-11-03T01:05:29.648+0000] {logging_mixin.py:151} INFO - [2024-11-03T01:05:29.646+0000] {dag.py:2915} INFO - Sync 1 DAGs
[2024-11-03T01:05:29.696+0000] {logging_mixin.py:151} INFO - [2024-11-03T01:05:29.696+0000] {dag.py:3696} INFO - Setting next_dagrun for branch_dim_generator to 2024-10-31T00:00:00+00:00, run_after=2024-11-01T00:00:00+00:00
[2024-11-03T01:05:29.715+0000] {processor.py:179} INFO - Processing /opt/airflow/dags/branch_dim_generator.py took 0.529 seconds
[2024-11-03T01:05:59.836+0000] {processor.py:157} INFO - Started process (PID=1090) to work on /opt/airflow/dags/branch_dim_generator.py
[2024-11-03T01:05:59.838+0000] {processor.py:829} INFO - Processing file /opt/airflow/dags/branch_dim_generator.py for tasks to queue
[2024-11-03T01:05:59.840+0000] {logging_mixin.py:151} INFO - [2024-11-03T01:05:59.839+0000] {dagbag.py:539} INFO - Filling up the DagBag from /opt/airflow/dags/branch_dim_generator.py
[2024-11-03T01:06:00.366+0000] {processor.py:839} INFO - DAG(s) dict_keys(['branch_dim_generator']) retrieved from /opt/airflow/dags/branch_dim_generator.py
[2024-11-03T01:06:00.436+0000] {logging_mixin.py:151} INFO - [2024-11-03T01:06:00.434+0000] {dag.py:2915} INFO - Sync 1 DAGs
[2024-11-03T01:06:00.498+0000] {logging_mixin.py:151} INFO - [2024-11-03T01:06:00.498+0000] {dag.py:3696} INFO - Setting next_dagrun for branch_dim_generator to 2024-10-31T00:00:00+00:00, run_after=2024-11-01T00:00:00+00:00
[2024-11-03T01:06:00.547+0000] {processor.py:179} INFO - Processing /opt/airflow/dags/branch_dim_generator.py took 0.717 seconds
[2024-11-03T01:06:30.915+0000] {processor.py:157} INFO - Started process (PID=1137) to work on /opt/airflow/dags/branch_dim_generator.py
[2024-11-03T01:06:30.918+0000] {processor.py:829} INFO - Processing file /opt/airflow/dags/branch_dim_generator.py for tasks to queue
[2024-11-03T01:06:30.920+0000] {logging_mixin.py:151} INFO - [2024-11-03T01:06:30.920+0000] {dagbag.py:539} INFO - Filling up the DagBag from /opt/airflow/dags/branch_dim_generator.py
[2024-11-03T01:06:31.318+0000] {processor.py:839} INFO - DAG(s) dict_keys(['branch_dim_generator']) retrieved from /opt/airflow/dags/branch_dim_generator.py
[2024-11-03T01:06:31.356+0000] {logging_mixin.py:151} INFO - [2024-11-03T01:06:31.355+0000] {dag.py:2915} INFO - Sync 1 DAGs
[2024-11-03T01:06:31.386+0000] {logging_mixin.py:151} INFO - [2024-11-03T01:06:31.386+0000] {dag.py:3696} INFO - Setting next_dagrun for branch_dim_generator to 2024-10-31T00:00:00+00:00, run_after=2024-11-01T00:00:00+00:00
[2024-11-03T01:06:31.412+0000] {processor.py:179} INFO - Processing /opt/airflow/dags/branch_dim_generator.py took 0.501 seconds
[2024-11-03T01:07:02.135+0000] {processor.py:157} INFO - Started process (PID=1183) to work on /opt/airflow/dags/branch_dim_generator.py
[2024-11-03T01:07:02.138+0000] {processor.py:829} INFO - Processing file /opt/airflow/dags/branch_dim_generator.py for tasks to queue
[2024-11-03T01:07:02.139+0000] {logging_mixin.py:151} INFO - [2024-11-03T01:07:02.139+0000] {dagbag.py:539} INFO - Filling up the DagBag from /opt/airflow/dags/branch_dim_generator.py
[2024-11-03T01:07:02.488+0000] {processor.py:839} INFO - DAG(s) dict_keys(['branch_dim_generator']) retrieved from /opt/airflow/dags/branch_dim_generator.py
[2024-11-03T01:07:02.540+0000] {logging_mixin.py:151} INFO - [2024-11-03T01:07:02.539+0000] {dag.py:2915} INFO - Sync 1 DAGs
[2024-11-03T01:07:02.570+0000] {logging_mixin.py:151} INFO - [2024-11-03T01:07:02.569+0000] {dag.py:3696} INFO - Setting next_dagrun for branch_dim_generator to 2024-10-31T00:00:00+00:00, run_after=2024-11-01T00:00:00+00:00
[2024-11-03T01:07:02.599+0000] {processor.py:179} INFO - Processing /opt/airflow/dags/branch_dim_generator.py took 0.469 seconds
[2024-11-03T01:07:33.459+0000] {processor.py:157} INFO - Started process (PID=1230) to work on /opt/airflow/dags/branch_dim_generator.py
[2024-11-03T01:07:33.460+0000] {processor.py:829} INFO - Processing file /opt/airflow/dags/branch_dim_generator.py for tasks to queue
[2024-11-03T01:07:33.462+0000] {logging_mixin.py:151} INFO - [2024-11-03T01:07:33.462+0000] {dagbag.py:539} INFO - Filling up the DagBag from /opt/airflow/dags/branch_dim_generator.py
[2024-11-03T01:07:33.791+0000] {processor.py:839} INFO - DAG(s) dict_keys(['branch_dim_generator']) retrieved from /opt/airflow/dags/branch_dim_generator.py
[2024-11-03T01:07:33.819+0000] {logging_mixin.py:151} INFO - [2024-11-03T01:07:33.818+0000] {dag.py:2915} INFO - Sync 1 DAGs
[2024-11-03T01:07:33.847+0000] {logging_mixin.py:151} INFO - [2024-11-03T01:07:33.846+0000] {dag.py:3696} INFO - Setting next_dagrun for branch_dim_generator to 2024-10-31T00:00:00+00:00, run_after=2024-11-01T00:00:00+00:00
[2024-11-03T01:07:33.874+0000] {processor.py:179} INFO - Processing /opt/airflow/dags/branch_dim_generator.py took 0.419 seconds
[2024-11-03T01:08:03.968+0000] {processor.py:157} INFO - Started process (PID=1277) to work on /opt/airflow/dags/branch_dim_generator.py
[2024-11-03T01:08:03.972+0000] {processor.py:829} INFO - Processing file /opt/airflow/dags/branch_dim_generator.py for tasks to queue
[2024-11-03T01:08:03.973+0000] {logging_mixin.py:151} INFO - [2024-11-03T01:08:03.973+0000] {dagbag.py:539} INFO - Filling up the DagBag from /opt/airflow/dags/branch_dim_generator.py
[2024-11-03T01:08:04.301+0000] {processor.py:839} INFO - DAG(s) dict_keys(['branch_dim_generator']) retrieved from /opt/airflow/dags/branch_dim_generator.py
[2024-11-03T01:08:04.349+0000] {logging_mixin.py:151} INFO - [2024-11-03T01:08:04.349+0000] {dag.py:2915} INFO - Sync 1 DAGs
[2024-11-03T01:08:04.378+0000] {logging_mixin.py:151} INFO - [2024-11-03T01:08:04.377+0000] {dag.py:3696} INFO - Setting next_dagrun for branch_dim_generator to 2024-10-31T00:00:00+00:00, run_after=2024-11-01T00:00:00+00:00
[2024-11-03T01:08:04.402+0000] {processor.py:179} INFO - Processing /opt/airflow/dags/branch_dim_generator.py took 0.438 seconds
[2024-11-03T01:08:35.361+0000] {processor.py:157} INFO - Started process (PID=1324) to work on /opt/airflow/dags/branch_dim_generator.py
[2024-11-03T01:08:35.364+0000] {processor.py:829} INFO - Processing file /opt/airflow/dags/branch_dim_generator.py for tasks to queue
[2024-11-03T01:08:35.365+0000] {logging_mixin.py:151} INFO - [2024-11-03T01:08:35.365+0000] {dagbag.py:539} INFO - Filling up the DagBag from /opt/airflow/dags/branch_dim_generator.py
[2024-11-03T01:08:35.724+0000] {processor.py:839} INFO - DAG(s) dict_keys(['branch_dim_generator']) retrieved from /opt/airflow/dags/branch_dim_generator.py
[2024-11-03T01:08:35.759+0000] {logging_mixin.py:151} INFO - [2024-11-03T01:08:35.758+0000] {dag.py:2915} INFO - Sync 1 DAGs
[2024-11-03T01:08:35.787+0000] {logging_mixin.py:151} INFO - [2024-11-03T01:08:35.787+0000] {dag.py:3696} INFO - Setting next_dagrun for branch_dim_generator to 2024-10-31T00:00:00+00:00, run_after=2024-11-01T00:00:00+00:00
[2024-11-03T01:08:35.813+0000] {processor.py:179} INFO - Processing /opt/airflow/dags/branch_dim_generator.py took 0.457 seconds
[2024-11-03T01:09:06.169+0000] {processor.py:157} INFO - Started process (PID=1370) to work on /opt/airflow/dags/branch_dim_generator.py
[2024-11-03T01:09:06.171+0000] {processor.py:829} INFO - Processing file /opt/airflow/dags/branch_dim_generator.py for tasks to queue
[2024-11-03T01:09:06.174+0000] {logging_mixin.py:151} INFO - [2024-11-03T01:09:06.174+0000] {dagbag.py:539} INFO - Filling up the DagBag from /opt/airflow/dags/branch_dim_generator.py
[2024-11-03T01:09:06.641+0000] {processor.py:839} INFO - DAG(s) dict_keys(['branch_dim_generator']) retrieved from /opt/airflow/dags/branch_dim_generator.py
[2024-11-03T01:09:06.691+0000] {logging_mixin.py:151} INFO - [2024-11-03T01:09:06.691+0000] {dag.py:2915} INFO - Sync 1 DAGs
[2024-11-03T01:09:06.723+0000] {logging_mixin.py:151} INFO - [2024-11-03T01:09:06.723+0000] {dag.py:3696} INFO - Setting next_dagrun for branch_dim_generator to 2024-10-31T00:00:00+00:00, run_after=2024-11-01T00:00:00+00:00
[2024-11-03T01:09:06.751+0000] {processor.py:179} INFO - Processing /opt/airflow/dags/branch_dim_generator.py took 0.587 seconds
[2024-11-03T01:09:36.891+0000] {processor.py:157} INFO - Started process (PID=1417) to work on /opt/airflow/dags/branch_dim_generator.py
[2024-11-03T01:09:36.894+0000] {processor.py:829} INFO - Processing file /opt/airflow/dags/branch_dim_generator.py for tasks to queue
[2024-11-03T01:09:36.896+0000] {logging_mixin.py:151} INFO - [2024-11-03T01:09:36.895+0000] {dagbag.py:539} INFO - Filling up the DagBag from /opt/airflow/dags/branch_dim_generator.py
[2024-11-03T01:09:37.274+0000] {processor.py:839} INFO - DAG(s) dict_keys(['branch_dim_generator']) retrieved from /opt/airflow/dags/branch_dim_generator.py
[2024-11-03T01:09:37.314+0000] {logging_mixin.py:151} INFO - [2024-11-03T01:09:37.313+0000] {dag.py:2915} INFO - Sync 1 DAGs
[2024-11-03T01:09:37.345+0000] {logging_mixin.py:151} INFO - [2024-11-03T01:09:37.345+0000] {dag.py:3696} INFO - Setting next_dagrun for branch_dim_generator to 2024-10-31T00:00:00+00:00, run_after=2024-11-01T00:00:00+00:00
[2024-11-03T01:09:37.374+0000] {processor.py:179} INFO - Processing /opt/airflow/dags/branch_dim_generator.py took 0.486 seconds
[2024-11-03T01:10:08.893+0000] {processor.py:157} INFO - Started process (PID=1487) to work on /opt/airflow/dags/branch_dim_generator.py
[2024-11-03T01:10:09.434+0000] {processor.py:829} INFO - Processing file /opt/airflow/dags/branch_dim_generator.py for tasks to queue
[2024-11-03T01:10:09.487+0000] {logging_mixin.py:151} INFO - [2024-11-03T01:10:09.485+0000] {dagbag.py:539} INFO - Filling up the DagBag from /opt/airflow/dags/branch_dim_generator.py
[2024-11-03T01:10:13.428+0000] {processor.py:839} INFO - DAG(s) dict_keys(['branch_dim_generator']) retrieved from /opt/airflow/dags/branch_dim_generator.py
[2024-11-03T01:10:13.533+0000] {logging_mixin.py:151} INFO - [2024-11-03T01:10:13.532+0000] {dag.py:2915} INFO - Sync 1 DAGs
[2024-11-03T01:10:13.649+0000] {logging_mixin.py:151} INFO - [2024-11-03T01:10:13.648+0000] {dag.py:3696} INFO - Setting next_dagrun for branch_dim_generator to 2024-11-03T00:00:00+00:00, run_after=2024-11-04T00:00:00+00:00
[2024-11-03T01:10:13.729+0000] {processor.py:179} INFO - Processing /opt/airflow/dags/branch_dim_generator.py took 5.129 seconds
[2024-11-03T01:10:44.417+0000] {processor.py:157} INFO - Started process (PID=1547) to work on /opt/airflow/dags/branch_dim_generator.py
[2024-11-03T01:10:44.418+0000] {processor.py:829} INFO - Processing file /opt/airflow/dags/branch_dim_generator.py for tasks to queue
[2024-11-03T01:10:44.420+0000] {logging_mixin.py:151} INFO - [2024-11-03T01:10:44.420+0000] {dagbag.py:539} INFO - Filling up the DagBag from /opt/airflow/dags/branch_dim_generator.py
[2024-11-03T01:10:44.800+0000] {processor.py:839} INFO - DAG(s) dict_keys(['branch_dim_generator']) retrieved from /opt/airflow/dags/branch_dim_generator.py
[2024-11-03T01:10:44.841+0000] {logging_mixin.py:151} INFO - [2024-11-03T01:10:44.841+0000] {dag.py:2915} INFO - Sync 1 DAGs
[2024-11-03T01:10:44.870+0000] {logging_mixin.py:151} INFO - [2024-11-03T01:10:44.870+0000] {dag.py:3696} INFO - Setting next_dagrun for branch_dim_generator to 2024-11-03T00:00:00+00:00, run_after=2024-11-04T00:00:00+00:00
[2024-11-03T01:10:44.894+0000] {processor.py:179} INFO - Processing /opt/airflow/dags/branch_dim_generator.py took 0.482 seconds
[2024-11-03T01:11:15.883+0000] {processor.py:157} INFO - Started process (PID=1594) to work on /opt/airflow/dags/branch_dim_generator.py
[2024-11-03T01:11:15.885+0000] {processor.py:829} INFO - Processing file /opt/airflow/dags/branch_dim_generator.py for tasks to queue
[2024-11-03T01:11:15.886+0000] {logging_mixin.py:151} INFO - [2024-11-03T01:11:15.885+0000] {dagbag.py:539} INFO - Filling up the DagBag from /opt/airflow/dags/branch_dim_generator.py
[2024-11-03T01:11:16.243+0000] {processor.py:839} INFO - DAG(s) dict_keys(['branch_dim_generator']) retrieved from /opt/airflow/dags/branch_dim_generator.py
[2024-11-03T01:11:16.279+0000] {logging_mixin.py:151} INFO - [2024-11-03T01:11:16.278+0000] {dag.py:2915} INFO - Sync 1 DAGs
[2024-11-03T01:11:16.306+0000] {logging_mixin.py:151} INFO - [2024-11-03T01:11:16.306+0000] {dag.py:3696} INFO - Setting next_dagrun for branch_dim_generator to 2024-11-03T00:00:00+00:00, run_after=2024-11-04T00:00:00+00:00
[2024-11-03T01:11:16.332+0000] {processor.py:179} INFO - Processing /opt/airflow/dags/branch_dim_generator.py took 0.453 seconds
[2024-11-03T01:11:47.267+0000] {processor.py:157} INFO - Started process (PID=1641) to work on /opt/airflow/dags/branch_dim_generator.py
[2024-11-03T01:11:47.269+0000] {processor.py:829} INFO - Processing file /opt/airflow/dags/branch_dim_generator.py for tasks to queue
[2024-11-03T01:11:47.270+0000] {logging_mixin.py:151} INFO - [2024-11-03T01:11:47.269+0000] {dagbag.py:539} INFO - Filling up the DagBag from /opt/airflow/dags/branch_dim_generator.py
[2024-11-03T01:11:47.616+0000] {processor.py:839} INFO - DAG(s) dict_keys(['branch_dim_generator']) retrieved from /opt/airflow/dags/branch_dim_generator.py
[2024-11-03T01:11:47.672+0000] {logging_mixin.py:151} INFO - [2024-11-03T01:11:47.671+0000] {dag.py:2915} INFO - Sync 1 DAGs
[2024-11-03T01:11:47.709+0000] {logging_mixin.py:151} INFO - [2024-11-03T01:11:47.709+0000] {dag.py:3696} INFO - Setting next_dagrun for branch_dim_generator to 2024-11-03T00:00:00+00:00, run_after=2024-11-04T00:00:00+00:00
[2024-11-03T01:11:47.734+0000] {processor.py:179} INFO - Processing /opt/airflow/dags/branch_dim_generator.py took 0.471 seconds
[2024-11-03T01:12:17.957+0000] {processor.py:157} INFO - Started process (PID=1688) to work on /opt/airflow/dags/branch_dim_generator.py
[2024-11-03T01:12:17.964+0000] {processor.py:829} INFO - Processing file /opt/airflow/dags/branch_dim_generator.py for tasks to queue
[2024-11-03T01:12:17.966+0000] {logging_mixin.py:151} INFO - [2024-11-03T01:12:17.965+0000] {dagbag.py:539} INFO - Filling up the DagBag from /opt/airflow/dags/branch_dim_generator.py
[2024-11-03T01:12:18.573+0000] {processor.py:839} INFO - DAG(s) dict_keys(['branch_dim_generator']) retrieved from /opt/airflow/dags/branch_dim_generator.py
[2024-11-03T01:12:18.621+0000] {logging_mixin.py:151} INFO - [2024-11-03T01:12:18.620+0000] {dag.py:2915} INFO - Sync 1 DAGs
[2024-11-03T01:12:18.664+0000] {logging_mixin.py:151} INFO - [2024-11-03T01:12:18.664+0000] {dag.py:3696} INFO - Setting next_dagrun for branch_dim_generator to 2024-11-03T00:00:00+00:00, run_after=2024-11-04T00:00:00+00:00
[2024-11-03T01:12:18.696+0000] {processor.py:179} INFO - Processing /opt/airflow/dags/branch_dim_generator.py took 0.749 seconds
[2024-11-03T01:12:49.471+0000] {processor.py:157} INFO - Started process (PID=1753) to work on /opt/airflow/dags/branch_dim_generator.py
[2024-11-03T01:12:49.474+0000] {processor.py:829} INFO - Processing file /opt/airflow/dags/branch_dim_generator.py for tasks to queue
[2024-11-03T01:12:49.476+0000] {logging_mixin.py:151} INFO - [2024-11-03T01:12:49.475+0000] {dagbag.py:539} INFO - Filling up the DagBag from /opt/airflow/dags/branch_dim_generator.py
[2024-11-03T01:12:49.938+0000] {processor.py:839} INFO - DAG(s) dict_keys(['branch_dim_generator']) retrieved from /opt/airflow/dags/branch_dim_generator.py
[2024-11-03T01:12:49.976+0000] {logging_mixin.py:151} INFO - [2024-11-03T01:12:49.976+0000] {dag.py:2915} INFO - Sync 1 DAGs
[2024-11-03T01:12:50.007+0000] {logging_mixin.py:151} INFO - [2024-11-03T01:12:50.007+0000] {dag.py:3696} INFO - Setting next_dagrun for branch_dim_generator to 2024-11-03T00:00:00+00:00, run_after=2024-11-04T00:00:00+00:00
[2024-11-03T01:12:50.033+0000] {processor.py:179} INFO - Processing /opt/airflow/dags/branch_dim_generator.py took 0.568 seconds
[2024-11-03T01:13:20.070+0000] {processor.py:157} INFO - Started process (PID=1796) to work on /opt/airflow/dags/branch_dim_generator.py
[2024-11-03T01:13:20.072+0000] {processor.py:829} INFO - Processing file /opt/airflow/dags/branch_dim_generator.py for tasks to queue
[2024-11-03T01:13:20.073+0000] {logging_mixin.py:151} INFO - [2024-11-03T01:13:20.073+0000] {dagbag.py:539} INFO - Filling up the DagBag from /opt/airflow/dags/branch_dim_generator.py
[2024-11-03T01:13:20.426+0000] {processor.py:839} INFO - DAG(s) dict_keys(['branch_dim_generator']) retrieved from /opt/airflow/dags/branch_dim_generator.py
[2024-11-03T01:13:20.472+0000] {logging_mixin.py:151} INFO - [2024-11-03T01:13:20.471+0000] {dag.py:2915} INFO - Sync 1 DAGs
[2024-11-03T01:13:20.504+0000] {logging_mixin.py:151} INFO - [2024-11-03T01:13:20.504+0000] {dag.py:3696} INFO - Setting next_dagrun for branch_dim_generator to 2024-11-03T00:00:00+00:00, run_after=2024-11-04T00:00:00+00:00
[2024-11-03T01:13:20.527+0000] {processor.py:179} INFO - Processing /opt/airflow/dags/branch_dim_generator.py took 0.461 seconds
[2024-11-03T01:13:51.233+0000] {processor.py:157} INFO - Started process (PID=1848) to work on /opt/airflow/dags/branch_dim_generator.py
[2024-11-03T01:13:51.236+0000] {processor.py:829} INFO - Processing file /opt/airflow/dags/branch_dim_generator.py for tasks to queue
[2024-11-03T01:13:51.237+0000] {logging_mixin.py:151} INFO - [2024-11-03T01:13:51.237+0000] {dagbag.py:539} INFO - Filling up the DagBag from /opt/airflow/dags/branch_dim_generator.py
[2024-11-03T01:13:51.676+0000] {processor.py:839} INFO - DAG(s) dict_keys(['branch_dim_generator']) retrieved from /opt/airflow/dags/branch_dim_generator.py
[2024-11-03T01:13:51.715+0000] {logging_mixin.py:151} INFO - [2024-11-03T01:13:51.714+0000] {dag.py:2915} INFO - Sync 1 DAGs
[2024-11-03T01:13:51.746+0000] {logging_mixin.py:151} INFO - [2024-11-03T01:13:51.746+0000] {dag.py:3696} INFO - Setting next_dagrun for branch_dim_generator to 2024-11-03T00:00:00+00:00, run_after=2024-11-04T00:00:00+00:00
[2024-11-03T01:13:51.776+0000] {processor.py:179} INFO - Processing /opt/airflow/dags/branch_dim_generator.py took 0.549 seconds
[2024-11-03T01:14:22.791+0000] {processor.py:157} INFO - Started process (PID=1897) to work on /opt/airflow/dags/branch_dim_generator.py
[2024-11-03T01:14:22.793+0000] {processor.py:829} INFO - Processing file /opt/airflow/dags/branch_dim_generator.py for tasks to queue
[2024-11-03T01:14:22.797+0000] {logging_mixin.py:151} INFO - [2024-11-03T01:14:22.796+0000] {dagbag.py:539} INFO - Filling up the DagBag from /opt/airflow/dags/branch_dim_generator.py
[2024-11-03T01:14:23.148+0000] {processor.py:839} INFO - DAG(s) dict_keys(['branch_dim_generator']) retrieved from /opt/airflow/dags/branch_dim_generator.py
[2024-11-03T01:14:23.179+0000] {logging_mixin.py:151} INFO - [2024-11-03T01:14:23.178+0000] {dag.py:2915} INFO - Sync 1 DAGs
[2024-11-03T01:14:23.207+0000] {logging_mixin.py:151} INFO - [2024-11-03T01:14:23.207+0000] {dag.py:3696} INFO - Setting next_dagrun for branch_dim_generator to 2024-11-03T00:00:00+00:00, run_after=2024-11-04T00:00:00+00:00
[2024-11-03T01:14:23.230+0000] {processor.py:179} INFO - Processing /opt/airflow/dags/branch_dim_generator.py took 0.445 seconds
[2024-11-03T01:14:54.132+0000] {processor.py:157} INFO - Started process (PID=1944) to work on /opt/airflow/dags/branch_dim_generator.py
[2024-11-03T01:14:54.133+0000] {processor.py:829} INFO - Processing file /opt/airflow/dags/branch_dim_generator.py for tasks to queue
[2024-11-03T01:14:54.134+0000] {logging_mixin.py:151} INFO - [2024-11-03T01:14:54.134+0000] {dagbag.py:539} INFO - Filling up the DagBag from /opt/airflow/dags/branch_dim_generator.py
[2024-11-03T01:14:54.489+0000] {processor.py:839} INFO - DAG(s) dict_keys(['branch_dim_generator']) retrieved from /opt/airflow/dags/branch_dim_generator.py
[2024-11-03T01:14:54.527+0000] {logging_mixin.py:151} INFO - [2024-11-03T01:14:54.526+0000] {dag.py:2915} INFO - Sync 1 DAGs
[2024-11-03T01:14:54.561+0000] {logging_mixin.py:151} INFO - [2024-11-03T01:14:54.561+0000] {dag.py:3696} INFO - Setting next_dagrun for branch_dim_generator to 2024-11-03T00:00:00+00:00, run_after=2024-11-04T00:00:00+00:00
[2024-11-03T01:14:54.609+0000] {processor.py:179} INFO - Processing /opt/airflow/dags/branch_dim_generator.py took 0.482 seconds
[2024-11-03T01:15:25.490+0000] {processor.py:157} INFO - Started process (PID=1991) to work on /opt/airflow/dags/branch_dim_generator.py
[2024-11-03T01:15:25.491+0000] {processor.py:829} INFO - Processing file /opt/airflow/dags/branch_dim_generator.py for tasks to queue
[2024-11-03T01:15:25.492+0000] {logging_mixin.py:151} INFO - [2024-11-03T01:15:25.492+0000] {dagbag.py:539} INFO - Filling up the DagBag from /opt/airflow/dags/branch_dim_generator.py
[2024-11-03T01:15:25.819+0000] {processor.py:839} INFO - DAG(s) dict_keys(['branch_dim_generator']) retrieved from /opt/airflow/dags/branch_dim_generator.py
[2024-11-03T01:15:25.851+0000] {logging_mixin.py:151} INFO - [2024-11-03T01:15:25.851+0000] {dag.py:2915} INFO - Sync 1 DAGs
[2024-11-03T01:15:25.878+0000] {logging_mixin.py:151} INFO - [2024-11-03T01:15:25.878+0000] {dag.py:3696} INFO - Setting next_dagrun for branch_dim_generator to 2024-11-03T00:00:00+00:00, run_after=2024-11-04T00:00:00+00:00
[2024-11-03T01:15:25.902+0000] {processor.py:179} INFO - Processing /opt/airflow/dags/branch_dim_generator.py took 0.417 seconds
[2024-11-03T01:15:56.792+0000] {processor.py:157} INFO - Started process (PID=2038) to work on /opt/airflow/dags/branch_dim_generator.py
[2024-11-03T01:15:56.794+0000] {processor.py:829} INFO - Processing file /opt/airflow/dags/branch_dim_generator.py for tasks to queue
[2024-11-03T01:15:56.795+0000] {logging_mixin.py:151} INFO - [2024-11-03T01:15:56.794+0000] {dagbag.py:539} INFO - Filling up the DagBag from /opt/airflow/dags/branch_dim_generator.py
[2024-11-03T01:15:57.112+0000] {processor.py:839} INFO - DAG(s) dict_keys(['branch_dim_generator']) retrieved from /opt/airflow/dags/branch_dim_generator.py
[2024-11-03T01:15:57.141+0000] {logging_mixin.py:151} INFO - [2024-11-03T01:15:57.140+0000] {dag.py:2915} INFO - Sync 1 DAGs
[2024-11-03T01:15:57.166+0000] {logging_mixin.py:151} INFO - [2024-11-03T01:15:57.166+0000] {dag.py:3696} INFO - Setting next_dagrun for branch_dim_generator to 2024-11-03T00:00:00+00:00, run_after=2024-11-04T00:00:00+00:00
[2024-11-03T01:15:57.191+0000] {processor.py:179} INFO - Processing /opt/airflow/dags/branch_dim_generator.py took 0.403 seconds
[2024-11-03T01:16:27.463+0000] {processor.py:157} INFO - Started process (PID=2085) to work on /opt/airflow/dags/branch_dim_generator.py
[2024-11-03T01:16:27.465+0000] {processor.py:829} INFO - Processing file /opt/airflow/dags/branch_dim_generator.py for tasks to queue
[2024-11-03T01:16:27.466+0000] {logging_mixin.py:151} INFO - [2024-11-03T01:16:27.466+0000] {dagbag.py:539} INFO - Filling up the DagBag from /opt/airflow/dags/branch_dim_generator.py
[2024-11-03T01:16:27.802+0000] {processor.py:839} INFO - DAG(s) dict_keys(['branch_dim_generator']) retrieved from /opt/airflow/dags/branch_dim_generator.py
[2024-11-03T01:16:27.836+0000] {logging_mixin.py:151} INFO - [2024-11-03T01:16:27.835+0000] {dag.py:2915} INFO - Sync 1 DAGs
[2024-11-03T01:16:27.864+0000] {logging_mixin.py:151} INFO - [2024-11-03T01:16:27.863+0000] {dag.py:3696} INFO - Setting next_dagrun for branch_dim_generator to 2024-11-03T00:00:00+00:00, run_after=2024-11-04T00:00:00+00:00
[2024-11-03T01:16:27.886+0000] {processor.py:179} INFO - Processing /opt/airflow/dags/branch_dim_generator.py took 0.429 seconds
[2024-11-03T01:16:58.160+0000] {processor.py:157} INFO - Started process (PID=2132) to work on /opt/airflow/dags/branch_dim_generator.py
[2024-11-03T01:16:58.162+0000] {processor.py:829} INFO - Processing file /opt/airflow/dags/branch_dim_generator.py for tasks to queue
[2024-11-03T01:16:58.163+0000] {logging_mixin.py:151} INFO - [2024-11-03T01:16:58.162+0000] {dagbag.py:539} INFO - Filling up the DagBag from /opt/airflow/dags/branch_dim_generator.py
[2024-11-03T01:16:58.481+0000] {processor.py:839} INFO - DAG(s) dict_keys(['branch_dim_generator']) retrieved from /opt/airflow/dags/branch_dim_generator.py
[2024-11-03T01:16:58.511+0000] {logging_mixin.py:151} INFO - [2024-11-03T01:16:58.510+0000] {dag.py:2915} INFO - Sync 1 DAGs
[2024-11-03T01:16:58.538+0000] {logging_mixin.py:151} INFO - [2024-11-03T01:16:58.538+0000] {dag.py:3696} INFO - Setting next_dagrun for branch_dim_generator to 2024-11-03T00:00:00+00:00, run_after=2024-11-04T00:00:00+00:00
[2024-11-03T01:16:58.567+0000] {processor.py:179} INFO - Processing /opt/airflow/dags/branch_dim_generator.py took 0.412 seconds
[2024-11-03T01:17:28.973+0000] {processor.py:157} INFO - Started process (PID=2185) to work on /opt/airflow/dags/branch_dim_generator.py
[2024-11-03T01:17:28.974+0000] {processor.py:829} INFO - Processing file /opt/airflow/dags/branch_dim_generator.py for tasks to queue
[2024-11-03T01:17:28.976+0000] {logging_mixin.py:151} INFO - [2024-11-03T01:17:28.976+0000] {dagbag.py:539} INFO - Filling up the DagBag from /opt/airflow/dags/branch_dim_generator.py
[2024-11-03T01:17:29.348+0000] {processor.py:839} INFO - DAG(s) dict_keys(['branch_dim_generator']) retrieved from /opt/airflow/dags/branch_dim_generator.py
[2024-11-03T01:17:29.385+0000] {logging_mixin.py:151} INFO - [2024-11-03T01:17:29.384+0000] {dag.py:2915} INFO - Sync 1 DAGs
[2024-11-03T01:17:29.414+0000] {logging_mixin.py:151} INFO - [2024-11-03T01:17:29.414+0000] {dag.py:3696} INFO - Setting next_dagrun for branch_dim_generator to 2024-11-03T00:00:00+00:00, run_after=2024-11-04T00:00:00+00:00
[2024-11-03T01:17:29.436+0000] {processor.py:179} INFO - Processing /opt/airflow/dags/branch_dim_generator.py took 0.468 seconds
[2024-11-03T01:18:00.076+0000] {processor.py:157} INFO - Started process (PID=2239) to work on /opt/airflow/dags/branch_dim_generator.py
[2024-11-03T01:18:00.079+0000] {processor.py:829} INFO - Processing file /opt/airflow/dags/branch_dim_generator.py for tasks to queue
[2024-11-03T01:18:00.080+0000] {logging_mixin.py:151} INFO - [2024-11-03T01:18:00.080+0000] {dagbag.py:539} INFO - Filling up the DagBag from /opt/airflow/dags/branch_dim_generator.py
[2024-11-03T01:18:00.396+0000] {processor.py:839} INFO - DAG(s) dict_keys(['branch_dim_generator']) retrieved from /opt/airflow/dags/branch_dim_generator.py
[2024-11-03T01:18:00.425+0000] {logging_mixin.py:151} INFO - [2024-11-03T01:18:00.424+0000] {dag.py:2915} INFO - Sync 1 DAGs
[2024-11-03T01:18:00.450+0000] {logging_mixin.py:151} INFO - [2024-11-03T01:18:00.450+0000] {dag.py:3696} INFO - Setting next_dagrun for branch_dim_generator to 2024-11-03T00:00:00+00:00, run_after=2024-11-04T00:00:00+00:00
[2024-11-03T01:18:00.471+0000] {processor.py:179} INFO - Processing /opt/airflow/dags/branch_dim_generator.py took 0.400 seconds
[2024-11-03T01:18:30.731+0000] {processor.py:157} INFO - Started process (PID=2286) to work on /opt/airflow/dags/branch_dim_generator.py
[2024-11-03T01:18:30.732+0000] {processor.py:829} INFO - Processing file /opt/airflow/dags/branch_dim_generator.py for tasks to queue
[2024-11-03T01:18:30.733+0000] {logging_mixin.py:151} INFO - [2024-11-03T01:18:30.733+0000] {dagbag.py:539} INFO - Filling up the DagBag from /opt/airflow/dags/branch_dim_generator.py
[2024-11-03T01:18:31.056+0000] {processor.py:839} INFO - DAG(s) dict_keys(['branch_dim_generator']) retrieved from /opt/airflow/dags/branch_dim_generator.py
[2024-11-03T01:18:31.083+0000] {logging_mixin.py:151} INFO - [2024-11-03T01:18:31.083+0000] {dag.py:2915} INFO - Sync 1 DAGs
[2024-11-03T01:18:31.107+0000] {logging_mixin.py:151} INFO - [2024-11-03T01:18:31.107+0000] {dag.py:3696} INFO - Setting next_dagrun for branch_dim_generator to 2024-11-03T00:00:00+00:00, run_after=2024-11-04T00:00:00+00:00
[2024-11-03T01:18:31.124+0000] {processor.py:179} INFO - Processing /opt/airflow/dags/branch_dim_generator.py took 0.399 seconds
[2024-11-03T01:19:02.030+0000] {processor.py:157} INFO - Started process (PID=2331) to work on /opt/airflow/dags/branch_dim_generator.py
[2024-11-03T01:19:02.035+0000] {processor.py:829} INFO - Processing file /opt/airflow/dags/branch_dim_generator.py for tasks to queue
[2024-11-03T01:19:02.037+0000] {logging_mixin.py:151} INFO - [2024-11-03T01:19:02.036+0000] {dagbag.py:539} INFO - Filling up the DagBag from /opt/airflow/dags/branch_dim_generator.py
[2024-11-03T01:19:03.192+0000] {processor.py:839} INFO - DAG(s) dict_keys(['branch_dim_generator']) retrieved from /opt/airflow/dags/branch_dim_generator.py
[2024-11-03T01:19:03.252+0000] {logging_mixin.py:151} INFO - [2024-11-03T01:19:03.250+0000] {dag.py:2915} INFO - Sync 1 DAGs
[2024-11-03T01:19:03.349+0000] {logging_mixin.py:151} INFO - [2024-11-03T01:19:03.349+0000] {dag.py:3696} INFO - Setting next_dagrun for branch_dim_generator to 2024-11-03T00:00:00+00:00, run_after=2024-11-04T00:00:00+00:00
[2024-11-03T01:19:03.373+0000] {processor.py:179} INFO - Processing /opt/airflow/dags/branch_dim_generator.py took 1.352 seconds
[2024-11-03T01:19:33.783+0000] {processor.py:157} INFO - Started process (PID=2387) to work on /opt/airflow/dags/branch_dim_generator.py
[2024-11-03T01:19:33.785+0000] {processor.py:829} INFO - Processing file /opt/airflow/dags/branch_dim_generator.py for tasks to queue
[2024-11-03T01:19:33.786+0000] {logging_mixin.py:151} INFO - [2024-11-03T01:19:33.786+0000] {dagbag.py:539} INFO - Filling up the DagBag from /opt/airflow/dags/branch_dim_generator.py
[2024-11-03T01:19:34.134+0000] {processor.py:839} INFO - DAG(s) dict_keys(['branch_dim_generator']) retrieved from /opt/airflow/dags/branch_dim_generator.py
[2024-11-03T01:19:34.241+0000] {logging_mixin.py:151} INFO - [2024-11-03T01:19:34.240+0000] {dag.py:2915} INFO - Sync 1 DAGs
[2024-11-03T01:19:34.292+0000] {logging_mixin.py:151} INFO - [2024-11-03T01:19:34.292+0000] {dag.py:3696} INFO - Setting next_dagrun for branch_dim_generator to 2024-11-03T00:00:00+00:00, run_after=2024-11-04T00:00:00+00:00
[2024-11-03T01:19:34.317+0000] {processor.py:179} INFO - Processing /opt/airflow/dags/branch_dim_generator.py took 0.539 seconds
[2024-11-03T01:20:04.651+0000] {processor.py:157} INFO - Started process (PID=2431) to work on /opt/airflow/dags/branch_dim_generator.py
[2024-11-03T01:20:04.653+0000] {processor.py:829} INFO - Processing file /opt/airflow/dags/branch_dim_generator.py for tasks to queue
[2024-11-03T01:20:04.654+0000] {logging_mixin.py:151} INFO - [2024-11-03T01:20:04.654+0000] {dagbag.py:539} INFO - Filling up the DagBag from /opt/airflow/dags/branch_dim_generator.py
[2024-11-03T01:20:05.187+0000] {processor.py:839} INFO - DAG(s) dict_keys(['branch_dim_generator']) retrieved from /opt/airflow/dags/branch_dim_generator.py
[2024-11-03T01:20:05.235+0000] {logging_mixin.py:151} INFO - [2024-11-03T01:20:05.235+0000] {dag.py:2915} INFO - Sync 1 DAGs
[2024-11-03T01:20:05.269+0000] {logging_mixin.py:151} INFO - [2024-11-03T01:20:05.269+0000] {dag.py:3696} INFO - Setting next_dagrun for branch_dim_generator to 2024-11-03T00:00:00+00:00, run_after=2024-11-04T00:00:00+00:00
[2024-11-03T01:20:05.295+0000] {processor.py:179} INFO - Processing /opt/airflow/dags/branch_dim_generator.py took 0.648 seconds
[2024-11-03T01:20:35.908+0000] {processor.py:157} INFO - Started process (PID=2478) to work on /opt/airflow/dags/branch_dim_generator.py
[2024-11-03T01:20:35.911+0000] {processor.py:829} INFO - Processing file /opt/airflow/dags/branch_dim_generator.py for tasks to queue
[2024-11-03T01:20:35.913+0000] {logging_mixin.py:151} INFO - [2024-11-03T01:20:35.912+0000] {dagbag.py:539} INFO - Filling up the DagBag from /opt/airflow/dags/branch_dim_generator.py
[2024-11-03T01:20:36.881+0000] {processor.py:839} INFO - DAG(s) dict_keys(['branch_dim_generator']) retrieved from /opt/airflow/dags/branch_dim_generator.py
[2024-11-03T01:20:36.938+0000] {logging_mixin.py:151} INFO - [2024-11-03T01:20:36.938+0000] {dag.py:2915} INFO - Sync 1 DAGs
[2024-11-03T01:20:36.995+0000] {logging_mixin.py:151} INFO - [2024-11-03T01:20:36.994+0000] {dag.py:3696} INFO - Setting next_dagrun for branch_dim_generator to 2024-11-03T00:00:00+00:00, run_after=2024-11-04T00:00:00+00:00
[2024-11-03T01:20:37.057+0000] {processor.py:179} INFO - Processing /opt/airflow/dags/branch_dim_generator.py took 1.154 seconds
[2024-11-03T01:21:07.289+0000] {processor.py:157} INFO - Started process (PID=2525) to work on /opt/airflow/dags/branch_dim_generator.py
[2024-11-03T01:21:07.291+0000] {processor.py:829} INFO - Processing file /opt/airflow/dags/branch_dim_generator.py for tasks to queue
[2024-11-03T01:21:07.296+0000] {logging_mixin.py:151} INFO - [2024-11-03T01:21:07.295+0000] {dagbag.py:539} INFO - Filling up the DagBag from /opt/airflow/dags/branch_dim_generator.py
[2024-11-03T01:21:07.770+0000] {processor.py:839} INFO - DAG(s) dict_keys(['branch_dim_generator']) retrieved from /opt/airflow/dags/branch_dim_generator.py
[2024-11-03T01:21:07.828+0000] {logging_mixin.py:151} INFO - [2024-11-03T01:21:07.827+0000] {dag.py:2915} INFO - Sync 1 DAGs
[2024-11-03T01:21:07.877+0000] {logging_mixin.py:151} INFO - [2024-11-03T01:21:07.877+0000] {dag.py:3696} INFO - Setting next_dagrun for branch_dim_generator to 2024-11-03T00:00:00+00:00, run_after=2024-11-04T00:00:00+00:00
[2024-11-03T01:21:07.917+0000] {processor.py:179} INFO - Processing /opt/airflow/dags/branch_dim_generator.py took 0.632 seconds
[2024-11-03T01:21:38.465+0000] {processor.py:157} INFO - Started process (PID=2572) to work on /opt/airflow/dags/branch_dim_generator.py
[2024-11-03T01:21:38.467+0000] {processor.py:829} INFO - Processing file /opt/airflow/dags/branch_dim_generator.py for tasks to queue
[2024-11-03T01:21:38.469+0000] {logging_mixin.py:151} INFO - [2024-11-03T01:21:38.468+0000] {dagbag.py:539} INFO - Filling up the DagBag from /opt/airflow/dags/branch_dim_generator.py
[2024-11-03T01:21:38.964+0000] {processor.py:839} INFO - DAG(s) dict_keys(['branch_dim_generator']) retrieved from /opt/airflow/dags/branch_dim_generator.py
[2024-11-03T01:21:39.023+0000] {logging_mixin.py:151} INFO - [2024-11-03T01:21:39.022+0000] {dag.py:2915} INFO - Sync 1 DAGs
[2024-11-03T01:21:39.068+0000] {logging_mixin.py:151} INFO - [2024-11-03T01:21:39.068+0000] {dag.py:3696} INFO - Setting next_dagrun for branch_dim_generator to 2024-11-03T00:00:00+00:00, run_after=2024-11-04T00:00:00+00:00
[2024-11-03T01:21:39.104+0000] {processor.py:179} INFO - Processing /opt/airflow/dags/branch_dim_generator.py took 0.645 seconds
[2024-11-03T01:22:09.677+0000] {processor.py:157} INFO - Started process (PID=2619) to work on /opt/airflow/dags/branch_dim_generator.py
[2024-11-03T01:22:09.683+0000] {processor.py:829} INFO - Processing file /opt/airflow/dags/branch_dim_generator.py for tasks to queue
[2024-11-03T01:22:09.684+0000] {logging_mixin.py:151} INFO - [2024-11-03T01:22:09.684+0000] {dagbag.py:539} INFO - Filling up the DagBag from /opt/airflow/dags/branch_dim_generator.py
[2024-11-03T01:22:10.207+0000] {processor.py:839} INFO - DAG(s) dict_keys(['branch_dim_generator']) retrieved from /opt/airflow/dags/branch_dim_generator.py
[2024-11-03T01:22:10.254+0000] {logging_mixin.py:151} INFO - [2024-11-03T01:22:10.253+0000] {dag.py:2915} INFO - Sync 1 DAGs
[2024-11-03T01:22:10.292+0000] {logging_mixin.py:151} INFO - [2024-11-03T01:22:10.292+0000] {dag.py:3696} INFO - Setting next_dagrun for branch_dim_generator to 2024-11-03T00:00:00+00:00, run_after=2024-11-04T00:00:00+00:00
[2024-11-03T01:22:10.330+0000] {processor.py:179} INFO - Processing /opt/airflow/dags/branch_dim_generator.py took 0.665 seconds
[2024-11-03T01:22:41.127+0000] {processor.py:157} INFO - Started process (PID=2666) to work on /opt/airflow/dags/branch_dim_generator.py
[2024-11-03T01:22:41.129+0000] {processor.py:829} INFO - Processing file /opt/airflow/dags/branch_dim_generator.py for tasks to queue
[2024-11-03T01:22:41.130+0000] {logging_mixin.py:151} INFO - [2024-11-03T01:22:41.130+0000] {dagbag.py:539} INFO - Filling up the DagBag from /opt/airflow/dags/branch_dim_generator.py
[2024-11-03T01:22:41.603+0000] {processor.py:839} INFO - DAG(s) dict_keys(['branch_dim_generator']) retrieved from /opt/airflow/dags/branch_dim_generator.py
[2024-11-03T01:22:41.675+0000] {logging_mixin.py:151} INFO - [2024-11-03T01:22:41.675+0000] {dag.py:2915} INFO - Sync 1 DAGs
[2024-11-03T01:22:41.740+0000] {logging_mixin.py:151} INFO - [2024-11-03T01:22:41.740+0000] {dag.py:3696} INFO - Setting next_dagrun for branch_dim_generator to 2024-11-03T00:00:00+00:00, run_after=2024-11-04T00:00:00+00:00
[2024-11-03T01:22:41.774+0000] {processor.py:179} INFO - Processing /opt/airflow/dags/branch_dim_generator.py took 0.652 seconds
[2024-11-03T01:23:12.672+0000] {processor.py:157} INFO - Started process (PID=2713) to work on /opt/airflow/dags/branch_dim_generator.py
[2024-11-03T01:23:12.677+0000] {processor.py:829} INFO - Processing file /opt/airflow/dags/branch_dim_generator.py for tasks to queue
[2024-11-03T01:23:12.679+0000] {logging_mixin.py:151} INFO - [2024-11-03T01:23:12.679+0000] {dagbag.py:539} INFO - Filling up the DagBag from /opt/airflow/dags/branch_dim_generator.py
[2024-11-03T01:23:13.106+0000] {processor.py:839} INFO - DAG(s) dict_keys(['branch_dim_generator']) retrieved from /opt/airflow/dags/branch_dim_generator.py
[2024-11-03T01:23:13.149+0000] {logging_mixin.py:151} INFO - [2024-11-03T01:23:13.148+0000] {dag.py:2915} INFO - Sync 1 DAGs
[2024-11-03T01:23:13.207+0000] {logging_mixin.py:151} INFO - [2024-11-03T01:23:13.206+0000] {dag.py:3696} INFO - Setting next_dagrun for branch_dim_generator to 2024-11-03T00:00:00+00:00, run_after=2024-11-04T00:00:00+00:00
[2024-11-03T01:23:13.268+0000] {processor.py:179} INFO - Processing /opt/airflow/dags/branch_dim_generator.py took 0.603 seconds
[2024-11-03T01:23:43.775+0000] {processor.py:157} INFO - Started process (PID=2760) to work on /opt/airflow/dags/branch_dim_generator.py
[2024-11-03T01:23:43.778+0000] {processor.py:829} INFO - Processing file /opt/airflow/dags/branch_dim_generator.py for tasks to queue
[2024-11-03T01:23:43.779+0000] {logging_mixin.py:151} INFO - [2024-11-03T01:23:43.778+0000] {dagbag.py:539} INFO - Filling up the DagBag from /opt/airflow/dags/branch_dim_generator.py
[2024-11-03T01:23:44.142+0000] {processor.py:839} INFO - DAG(s) dict_keys(['branch_dim_generator']) retrieved from /opt/airflow/dags/branch_dim_generator.py
[2024-11-03T01:23:44.194+0000] {logging_mixin.py:151} INFO - [2024-11-03T01:23:44.194+0000] {dag.py:2915} INFO - Sync 1 DAGs
[2024-11-03T01:23:44.224+0000] {logging_mixin.py:151} INFO - [2024-11-03T01:23:44.224+0000] {dag.py:3696} INFO - Setting next_dagrun for branch_dim_generator to 2024-11-03T00:00:00+00:00, run_after=2024-11-04T00:00:00+00:00
[2024-11-03T01:23:44.254+0000] {processor.py:179} INFO - Processing /opt/airflow/dags/branch_dim_generator.py took 0.483 seconds
[2024-11-03T01:24:14.721+0000] {processor.py:157} INFO - Started process (PID=2812) to work on /opt/airflow/dags/branch_dim_generator.py
[2024-11-03T01:24:14.722+0000] {processor.py:829} INFO - Processing file /opt/airflow/dags/branch_dim_generator.py for tasks to queue
[2024-11-03T01:24:14.723+0000] {logging_mixin.py:151} INFO - [2024-11-03T01:24:14.723+0000] {dagbag.py:539} INFO - Filling up the DagBag from /opt/airflow/dags/branch_dim_generator.py
[2024-11-03T01:24:15.136+0000] {processor.py:839} INFO - DAG(s) dict_keys(['branch_dim_generator']) retrieved from /opt/airflow/dags/branch_dim_generator.py
[2024-11-03T01:24:15.201+0000] {logging_mixin.py:151} INFO - [2024-11-03T01:24:15.199+0000] {dag.py:2915} INFO - Sync 1 DAGs
[2024-11-03T01:24:15.253+0000] {logging_mixin.py:151} INFO - [2024-11-03T01:24:15.253+0000] {dag.py:3696} INFO - Setting next_dagrun for branch_dim_generator to 2024-11-03T00:00:00+00:00, run_after=2024-11-04T00:00:00+00:00
[2024-11-03T01:24:15.319+0000] {processor.py:179} INFO - Processing /opt/airflow/dags/branch_dim_generator.py took 0.603 seconds
[2024-11-03T01:24:45.508+0000] {processor.py:157} INFO - Started process (PID=2871) to work on /opt/airflow/dags/branch_dim_generator.py
[2024-11-03T01:24:45.515+0000] {processor.py:829} INFO - Processing file /opt/airflow/dags/branch_dim_generator.py for tasks to queue
[2024-11-03T01:24:45.517+0000] {logging_mixin.py:151} INFO - [2024-11-03T01:24:45.517+0000] {dagbag.py:539} INFO - Filling up the DagBag from /opt/airflow/dags/branch_dim_generator.py
[2024-11-03T01:24:46.016+0000] {processor.py:839} INFO - DAG(s) dict_keys(['branch_dim_generator']) retrieved from /opt/airflow/dags/branch_dim_generator.py
[2024-11-03T01:24:46.058+0000] {logging_mixin.py:151} INFO - [2024-11-03T01:24:46.057+0000] {dag.py:2915} INFO - Sync 1 DAGs
[2024-11-03T01:24:46.090+0000] {logging_mixin.py:151} INFO - [2024-11-03T01:24:46.090+0000] {dag.py:3696} INFO - Setting next_dagrun for branch_dim_generator to 2024-11-03T00:00:00+00:00, run_after=2024-11-04T00:00:00+00:00
[2024-11-03T01:24:46.116+0000] {processor.py:179} INFO - Processing /opt/airflow/dags/branch_dim_generator.py took 0.616 seconds
[2024-11-03T01:25:16.269+0000] {processor.py:157} INFO - Started process (PID=2918) to work on /opt/airflow/dags/branch_dim_generator.py
[2024-11-03T01:25:16.271+0000] {processor.py:829} INFO - Processing file /opt/airflow/dags/branch_dim_generator.py for tasks to queue
[2024-11-03T01:25:16.272+0000] {logging_mixin.py:151} INFO - [2024-11-03T01:25:16.272+0000] {dagbag.py:539} INFO - Filling up the DagBag from /opt/airflow/dags/branch_dim_generator.py
[2024-11-03T01:25:16.680+0000] {processor.py:839} INFO - DAG(s) dict_keys(['branch_dim_generator']) retrieved from /opt/airflow/dags/branch_dim_generator.py
[2024-11-03T01:25:16.728+0000] {logging_mixin.py:151} INFO - [2024-11-03T01:25:16.727+0000] {dag.py:2915} INFO - Sync 1 DAGs
[2024-11-03T01:25:16.758+0000] {logging_mixin.py:151} INFO - [2024-11-03T01:25:16.758+0000] {dag.py:3696} INFO - Setting next_dagrun for branch_dim_generator to 2024-11-03T00:00:00+00:00, run_after=2024-11-04T00:00:00+00:00
[2024-11-03T01:25:16.783+0000] {processor.py:179} INFO - Processing /opt/airflow/dags/branch_dim_generator.py took 0.519 seconds
[2024-11-03T01:25:47.672+0000] {processor.py:157} INFO - Started process (PID=2965) to work on /opt/airflow/dags/branch_dim_generator.py
[2024-11-03T01:25:47.674+0000] {processor.py:829} INFO - Processing file /opt/airflow/dags/branch_dim_generator.py for tasks to queue
[2024-11-03T01:25:47.675+0000] {logging_mixin.py:151} INFO - [2024-11-03T01:25:47.675+0000] {dagbag.py:539} INFO - Filling up the DagBag from /opt/airflow/dags/branch_dim_generator.py
[2024-11-03T01:25:48.097+0000] {processor.py:839} INFO - DAG(s) dict_keys(['branch_dim_generator']) retrieved from /opt/airflow/dags/branch_dim_generator.py
[2024-11-03T01:25:48.137+0000] {logging_mixin.py:151} INFO - [2024-11-03T01:25:48.137+0000] {dag.py:2915} INFO - Sync 1 DAGs
[2024-11-03T01:25:48.169+0000] {logging_mixin.py:151} INFO - [2024-11-03T01:25:48.169+0000] {dag.py:3696} INFO - Setting next_dagrun for branch_dim_generator to 2024-11-03T00:00:00+00:00, run_after=2024-11-04T00:00:00+00:00
[2024-11-03T01:25:48.202+0000] {processor.py:179} INFO - Processing /opt/airflow/dags/branch_dim_generator.py took 0.534 seconds
[2024-11-03T01:26:18.634+0000] {processor.py:157} INFO - Started process (PID=3012) to work on /opt/airflow/dags/branch_dim_generator.py
[2024-11-03T01:26:18.637+0000] {processor.py:829} INFO - Processing file /opt/airflow/dags/branch_dim_generator.py for tasks to queue
[2024-11-03T01:26:18.639+0000] {logging_mixin.py:151} INFO - [2024-11-03T01:26:18.638+0000] {dagbag.py:539} INFO - Filling up the DagBag from /opt/airflow/dags/branch_dim_generator.py
[2024-11-03T01:26:19.198+0000] {processor.py:839} INFO - DAG(s) dict_keys(['branch_dim_generator']) retrieved from /opt/airflow/dags/branch_dim_generator.py
[2024-11-03T01:26:19.250+0000] {logging_mixin.py:151} INFO - [2024-11-03T01:26:19.249+0000] {dag.py:2915} INFO - Sync 1 DAGs
[2024-11-03T01:26:19.301+0000] {logging_mixin.py:151} INFO - [2024-11-03T01:26:19.301+0000] {dag.py:3696} INFO - Setting next_dagrun for branch_dim_generator to 2024-11-03T00:00:00+00:00, run_after=2024-11-04T00:00:00+00:00
[2024-11-03T01:26:19.330+0000] {processor.py:179} INFO - Processing /opt/airflow/dags/branch_dim_generator.py took 0.705 seconds
[2024-11-03T01:26:49.767+0000] {processor.py:157} INFO - Started process (PID=3059) to work on /opt/airflow/dags/branch_dim_generator.py
[2024-11-03T01:26:49.770+0000] {processor.py:829} INFO - Processing file /opt/airflow/dags/branch_dim_generator.py for tasks to queue
[2024-11-03T01:26:49.771+0000] {logging_mixin.py:151} INFO - [2024-11-03T01:26:49.770+0000] {dagbag.py:539} INFO - Filling up the DagBag from /opt/airflow/dags/branch_dim_generator.py
[2024-11-03T01:26:50.145+0000] {processor.py:839} INFO - DAG(s) dict_keys(['branch_dim_generator']) retrieved from /opt/airflow/dags/branch_dim_generator.py
[2024-11-03T01:26:50.179+0000] {logging_mixin.py:151} INFO - [2024-11-03T01:26:50.177+0000] {dag.py:2915} INFO - Sync 1 DAGs
[2024-11-03T01:26:50.206+0000] {logging_mixin.py:151} INFO - [2024-11-03T01:26:50.206+0000] {dag.py:3696} INFO - Setting next_dagrun for branch_dim_generator to 2024-11-03T00:00:00+00:00, run_after=2024-11-04T00:00:00+00:00
[2024-11-03T01:26:50.229+0000] {processor.py:179} INFO - Processing /opt/airflow/dags/branch_dim_generator.py took 0.466 seconds
[2024-11-03T01:27:21.051+0000] {processor.py:157} INFO - Started process (PID=3106) to work on /opt/airflow/dags/branch_dim_generator.py
[2024-11-03T01:27:21.054+0000] {processor.py:829} INFO - Processing file /opt/airflow/dags/branch_dim_generator.py for tasks to queue
[2024-11-03T01:27:21.055+0000] {logging_mixin.py:151} INFO - [2024-11-03T01:27:21.054+0000] {dagbag.py:539} INFO - Filling up the DagBag from /opt/airflow/dags/branch_dim_generator.py
[2024-11-03T01:27:21.375+0000] {processor.py:839} INFO - DAG(s) dict_keys(['branch_dim_generator']) retrieved from /opt/airflow/dags/branch_dim_generator.py
[2024-11-03T01:27:21.415+0000] {logging_mixin.py:151} INFO - [2024-11-03T01:27:21.414+0000] {dag.py:2915} INFO - Sync 1 DAGs
[2024-11-03T01:27:21.445+0000] {logging_mixin.py:151} INFO - [2024-11-03T01:27:21.445+0000] {dag.py:3696} INFO - Setting next_dagrun for branch_dim_generator to 2024-11-03T00:00:00+00:00, run_after=2024-11-04T00:00:00+00:00
[2024-11-03T01:27:21.470+0000] {processor.py:179} INFO - Processing /opt/airflow/dags/branch_dim_generator.py took 0.423 seconds
[2024-11-03T01:27:51.885+0000] {processor.py:157} INFO - Started process (PID=3153) to work on /opt/airflow/dags/branch_dim_generator.py
[2024-11-03T01:27:51.889+0000] {processor.py:829} INFO - Processing file /opt/airflow/dags/branch_dim_generator.py for tasks to queue
[2024-11-03T01:27:51.891+0000] {logging_mixin.py:151} INFO - [2024-11-03T01:27:51.890+0000] {dagbag.py:539} INFO - Filling up the DagBag from /opt/airflow/dags/branch_dim_generator.py
[2024-11-03T01:27:52.211+0000] {processor.py:839} INFO - DAG(s) dict_keys(['branch_dim_generator']) retrieved from /opt/airflow/dags/branch_dim_generator.py
[2024-11-03T01:27:52.245+0000] {logging_mixin.py:151} INFO - [2024-11-03T01:27:52.244+0000] {dag.py:2915} INFO - Sync 1 DAGs
[2024-11-03T01:27:52.270+0000] {logging_mixin.py:151} INFO - [2024-11-03T01:27:52.269+0000] {dag.py:3696} INFO - Setting next_dagrun for branch_dim_generator to 2024-11-03T00:00:00+00:00, run_after=2024-11-04T00:00:00+00:00
[2024-11-03T01:27:52.294+0000] {processor.py:179} INFO - Processing /opt/airflow/dags/branch_dim_generator.py took 0.413 seconds
[2024-11-03T01:28:23.203+0000] {processor.py:157} INFO - Started process (PID=3200) to work on /opt/airflow/dags/branch_dim_generator.py
[2024-11-03T01:28:23.205+0000] {processor.py:829} INFO - Processing file /opt/airflow/dags/branch_dim_generator.py for tasks to queue
[2024-11-03T01:28:23.206+0000] {logging_mixin.py:151} INFO - [2024-11-03T01:28:23.205+0000] {dagbag.py:539} INFO - Filling up the DagBag from /opt/airflow/dags/branch_dim_generator.py
[2024-11-03T01:28:23.540+0000] {processor.py:839} INFO - DAG(s) dict_keys(['branch_dim_generator']) retrieved from /opt/airflow/dags/branch_dim_generator.py
[2024-11-03T01:28:23.571+0000] {logging_mixin.py:151} INFO - [2024-11-03T01:28:23.570+0000] {dag.py:2915} INFO - Sync 1 DAGs
[2024-11-03T01:28:23.601+0000] {logging_mixin.py:151} INFO - [2024-11-03T01:28:23.601+0000] {dag.py:3696} INFO - Setting next_dagrun for branch_dim_generator to 2024-11-03T00:00:00+00:00, run_after=2024-11-04T00:00:00+00:00
[2024-11-03T01:28:23.626+0000] {processor.py:179} INFO - Processing /opt/airflow/dags/branch_dim_generator.py took 0.427 seconds
[2024-11-03T01:28:54.470+0000] {processor.py:157} INFO - Started process (PID=3247) to work on /opt/airflow/dags/branch_dim_generator.py
[2024-11-03T01:28:54.473+0000] {processor.py:829} INFO - Processing file /opt/airflow/dags/branch_dim_generator.py for tasks to queue
[2024-11-03T01:28:54.474+0000] {logging_mixin.py:151} INFO - [2024-11-03T01:28:54.474+0000] {dagbag.py:539} INFO - Filling up the DagBag from /opt/airflow/dags/branch_dim_generator.py
[2024-11-03T01:28:54.810+0000] {processor.py:839} INFO - DAG(s) dict_keys(['branch_dim_generator']) retrieved from /opt/airflow/dags/branch_dim_generator.py
[2024-11-03T01:28:54.841+0000] {logging_mixin.py:151} INFO - [2024-11-03T01:28:54.840+0000] {dag.py:2915} INFO - Sync 1 DAGs
[2024-11-03T01:28:54.867+0000] {logging_mixin.py:151} INFO - [2024-11-03T01:28:54.867+0000] {dag.py:3696} INFO - Setting next_dagrun for branch_dim_generator to 2024-11-03T00:00:00+00:00, run_after=2024-11-04T00:00:00+00:00
[2024-11-03T01:28:54.894+0000] {processor.py:179} INFO - Processing /opt/airflow/dags/branch_dim_generator.py took 0.428 seconds
[2024-11-03T01:29:25.755+0000] {processor.py:157} INFO - Started process (PID=3294) to work on /opt/airflow/dags/branch_dim_generator.py
[2024-11-03T01:29:25.758+0000] {processor.py:829} INFO - Processing file /opt/airflow/dags/branch_dim_generator.py for tasks to queue
[2024-11-03T01:29:25.759+0000] {logging_mixin.py:151} INFO - [2024-11-03T01:29:25.759+0000] {dagbag.py:539} INFO - Filling up the DagBag from /opt/airflow/dags/branch_dim_generator.py
[2024-11-03T01:29:26.078+0000] {processor.py:839} INFO - DAG(s) dict_keys(['branch_dim_generator']) retrieved from /opt/airflow/dags/branch_dim_generator.py
[2024-11-03T01:29:26.105+0000] {logging_mixin.py:151} INFO - [2024-11-03T01:29:26.105+0000] {dag.py:2915} INFO - Sync 1 DAGs
[2024-11-03T01:29:26.131+0000] {logging_mixin.py:151} INFO - [2024-11-03T01:29:26.131+0000] {dag.py:3696} INFO - Setting next_dagrun for branch_dim_generator to 2024-11-03T00:00:00+00:00, run_after=2024-11-04T00:00:00+00:00
[2024-11-03T01:29:26.155+0000] {processor.py:179} INFO - Processing /opt/airflow/dags/branch_dim_generator.py took 0.404 seconds
[2024-11-03T01:29:57.003+0000] {processor.py:157} INFO - Started process (PID=3341) to work on /opt/airflow/dags/branch_dim_generator.py
[2024-11-03T01:29:57.004+0000] {processor.py:829} INFO - Processing file /opt/airflow/dags/branch_dim_generator.py for tasks to queue
[2024-11-03T01:29:57.006+0000] {logging_mixin.py:151} INFO - [2024-11-03T01:29:57.005+0000] {dagbag.py:539} INFO - Filling up the DagBag from /opt/airflow/dags/branch_dim_generator.py
[2024-11-03T01:29:57.324+0000] {processor.py:839} INFO - DAG(s) dict_keys(['branch_dim_generator']) retrieved from /opt/airflow/dags/branch_dim_generator.py
[2024-11-03T01:29:57.354+0000] {logging_mixin.py:151} INFO - [2024-11-03T01:29:57.353+0000] {dag.py:2915} INFO - Sync 1 DAGs
[2024-11-03T01:29:57.381+0000] {logging_mixin.py:151} INFO - [2024-11-03T01:29:57.381+0000] {dag.py:3696} INFO - Setting next_dagrun for branch_dim_generator to 2024-11-03T00:00:00+00:00, run_after=2024-11-04T00:00:00+00:00
[2024-11-03T01:29:57.408+0000] {processor.py:179} INFO - Processing /opt/airflow/dags/branch_dim_generator.py took 0.411 seconds
[2024-11-03T01:30:28.383+0000] {processor.py:157} INFO - Started process (PID=3388) to work on /opt/airflow/dags/branch_dim_generator.py
[2024-11-03T01:30:28.388+0000] {processor.py:829} INFO - Processing file /opt/airflow/dags/branch_dim_generator.py for tasks to queue
[2024-11-03T01:30:28.389+0000] {logging_mixin.py:151} INFO - [2024-11-03T01:30:28.388+0000] {dagbag.py:539} INFO - Filling up the DagBag from /opt/airflow/dags/branch_dim_generator.py
[2024-11-03T01:30:28.773+0000] {processor.py:839} INFO - DAG(s) dict_keys(['branch_dim_generator']) retrieved from /opt/airflow/dags/branch_dim_generator.py
[2024-11-03T01:30:28.831+0000] {logging_mixin.py:151} INFO - [2024-11-03T01:30:28.830+0000] {dag.py:2915} INFO - Sync 1 DAGs
[2024-11-03T01:30:28.875+0000] {logging_mixin.py:151} INFO - [2024-11-03T01:30:28.874+0000] {dag.py:3696} INFO - Setting next_dagrun for branch_dim_generator to 2024-11-03T00:00:00+00:00, run_after=2024-11-04T00:00:00+00:00
[2024-11-03T01:30:28.895+0000] {processor.py:179} INFO - Processing /opt/airflow/dags/branch_dim_generator.py took 0.515 seconds
[2024-11-03T01:30:59.380+0000] {processor.py:157} INFO - Started process (PID=3435) to work on /opt/airflow/dags/branch_dim_generator.py
[2024-11-03T01:30:59.385+0000] {processor.py:829} INFO - Processing file /opt/airflow/dags/branch_dim_generator.py for tasks to queue
[2024-11-03T01:30:59.386+0000] {logging_mixin.py:151} INFO - [2024-11-03T01:30:59.386+0000] {dagbag.py:539} INFO - Filling up the DagBag from /opt/airflow/dags/branch_dim_generator.py
[2024-11-03T01:30:59.766+0000] {processor.py:839} INFO - DAG(s) dict_keys(['branch_dim_generator']) retrieved from /opt/airflow/dags/branch_dim_generator.py
[2024-11-03T01:30:59.800+0000] {logging_mixin.py:151} INFO - [2024-11-03T01:30:59.799+0000] {dag.py:2915} INFO - Sync 1 DAGs
[2024-11-03T01:30:59.831+0000] {logging_mixin.py:151} INFO - [2024-11-03T01:30:59.831+0000] {dag.py:3696} INFO - Setting next_dagrun for branch_dim_generator to 2024-11-03T00:00:00+00:00, run_after=2024-11-04T00:00:00+00:00
[2024-11-03T01:30:59.856+0000] {processor.py:179} INFO - Processing /opt/airflow/dags/branch_dim_generator.py took 0.480 seconds
[2024-11-03T01:31:30.384+0000] {processor.py:157} INFO - Started process (PID=3482) to work on /opt/airflow/dags/branch_dim_generator.py
[2024-11-03T01:31:30.390+0000] {processor.py:829} INFO - Processing file /opt/airflow/dags/branch_dim_generator.py for tasks to queue
[2024-11-03T01:31:30.391+0000] {logging_mixin.py:151} INFO - [2024-11-03T01:31:30.391+0000] {dagbag.py:539} INFO - Filling up the DagBag from /opt/airflow/dags/branch_dim_generator.py
[2024-11-03T01:31:30.744+0000] {processor.py:839} INFO - DAG(s) dict_keys(['branch_dim_generator']) retrieved from /opt/airflow/dags/branch_dim_generator.py
[2024-11-03T01:31:30.825+0000] {logging_mixin.py:151} INFO - [2024-11-03T01:31:30.824+0000] {dag.py:2915} INFO - Sync 1 DAGs
[2024-11-03T01:31:30.866+0000] {logging_mixin.py:151} INFO - [2024-11-03T01:31:30.866+0000] {dag.py:3696} INFO - Setting next_dagrun for branch_dim_generator to 2024-11-03T00:00:00+00:00, run_after=2024-11-04T00:00:00+00:00
[2024-11-03T01:31:30.895+0000] {processor.py:179} INFO - Processing /opt/airflow/dags/branch_dim_generator.py took 0.515 seconds
[2024-11-03T01:32:01.219+0000] {processor.py:157} INFO - Started process (PID=3529) to work on /opt/airflow/dags/branch_dim_generator.py
[2024-11-03T01:32:01.225+0000] {processor.py:829} INFO - Processing file /opt/airflow/dags/branch_dim_generator.py for tasks to queue
[2024-11-03T01:32:01.226+0000] {logging_mixin.py:151} INFO - [2024-11-03T01:32:01.226+0000] {dagbag.py:539} INFO - Filling up the DagBag from /opt/airflow/dags/branch_dim_generator.py
[2024-11-03T01:32:01.808+0000] {processor.py:839} INFO - DAG(s) dict_keys(['branch_dim_generator']) retrieved from /opt/airflow/dags/branch_dim_generator.py
[2024-11-03T01:32:01.860+0000] {logging_mixin.py:151} INFO - [2024-11-03T01:32:01.859+0000] {dag.py:2915} INFO - Sync 1 DAGs
[2024-11-03T01:32:01.899+0000] {logging_mixin.py:151} INFO - [2024-11-03T01:32:01.898+0000] {dag.py:3696} INFO - Setting next_dagrun for branch_dim_generator to 2024-11-03T00:00:00+00:00, run_after=2024-11-04T00:00:00+00:00
[2024-11-03T01:32:01.953+0000] {processor.py:179} INFO - Processing /opt/airflow/dags/branch_dim_generator.py took 0.741 seconds
[2024-11-03T01:32:32.830+0000] {processor.py:157} INFO - Started process (PID=3576) to work on /opt/airflow/dags/branch_dim_generator.py
[2024-11-03T01:32:32.833+0000] {processor.py:829} INFO - Processing file /opt/airflow/dags/branch_dim_generator.py for tasks to queue
[2024-11-03T01:32:32.835+0000] {logging_mixin.py:151} INFO - [2024-11-03T01:32:32.834+0000] {dagbag.py:539} INFO - Filling up the DagBag from /opt/airflow/dags/branch_dim_generator.py
[2024-11-03T01:32:33.262+0000] {processor.py:839} INFO - DAG(s) dict_keys(['branch_dim_generator']) retrieved from /opt/airflow/dags/branch_dim_generator.py
[2024-11-03T01:32:33.299+0000] {logging_mixin.py:151} INFO - [2024-11-03T01:32:33.298+0000] {dag.py:2915} INFO - Sync 1 DAGs
[2024-11-03T01:32:33.332+0000] {logging_mixin.py:151} INFO - [2024-11-03T01:32:33.331+0000] {dag.py:3696} INFO - Setting next_dagrun for branch_dim_generator to 2024-11-03T00:00:00+00:00, run_after=2024-11-04T00:00:00+00:00
[2024-11-03T01:32:33.358+0000] {processor.py:179} INFO - Processing /opt/airflow/dags/branch_dim_generator.py took 0.534 seconds
[2024-11-03T01:33:03.438+0000] {processor.py:157} INFO - Started process (PID=3623) to work on /opt/airflow/dags/branch_dim_generator.py
[2024-11-03T01:33:03.441+0000] {processor.py:829} INFO - Processing file /opt/airflow/dags/branch_dim_generator.py for tasks to queue
[2024-11-03T01:33:03.443+0000] {logging_mixin.py:151} INFO - [2024-11-03T01:33:03.443+0000] {dagbag.py:539} INFO - Filling up the DagBag from /opt/airflow/dags/branch_dim_generator.py
[2024-11-03T01:33:03.913+0000] {processor.py:839} INFO - DAG(s) dict_keys(['branch_dim_generator']) retrieved from /opt/airflow/dags/branch_dim_generator.py
[2024-11-03T01:33:03.954+0000] {logging_mixin.py:151} INFO - [2024-11-03T01:33:03.952+0000] {dag.py:2915} INFO - Sync 1 DAGs
[2024-11-03T01:33:03.986+0000] {logging_mixin.py:151} INFO - [2024-11-03T01:33:03.986+0000] {dag.py:3696} INFO - Setting next_dagrun for branch_dim_generator to 2024-11-03T00:00:00+00:00, run_after=2024-11-04T00:00:00+00:00
[2024-11-03T01:33:04.014+0000] {processor.py:179} INFO - Processing /opt/airflow/dags/branch_dim_generator.py took 0.581 seconds
[2024-11-03T01:33:34.863+0000] {processor.py:157} INFO - Started process (PID=3670) to work on /opt/airflow/dags/branch_dim_generator.py
[2024-11-03T01:33:34.865+0000] {processor.py:829} INFO - Processing file /opt/airflow/dags/branch_dim_generator.py for tasks to queue
[2024-11-03T01:33:34.866+0000] {logging_mixin.py:151} INFO - [2024-11-03T01:33:34.866+0000] {dagbag.py:539} INFO - Filling up the DagBag from /opt/airflow/dags/branch_dim_generator.py
[2024-11-03T01:33:35.231+0000] {processor.py:839} INFO - DAG(s) dict_keys(['branch_dim_generator']) retrieved from /opt/airflow/dags/branch_dim_generator.py
[2024-11-03T01:33:35.262+0000] {logging_mixin.py:151} INFO - [2024-11-03T01:33:35.261+0000] {dag.py:2915} INFO - Sync 1 DAGs
[2024-11-03T01:33:35.290+0000] {logging_mixin.py:151} INFO - [2024-11-03T01:33:35.289+0000] {dag.py:3696} INFO - Setting next_dagrun for branch_dim_generator to 2024-11-03T00:00:00+00:00, run_after=2024-11-04T00:00:00+00:00
[2024-11-03T01:33:35.313+0000] {processor.py:179} INFO - Processing /opt/airflow/dags/branch_dim_generator.py took 0.454 seconds
[2024-11-03T01:34:06.255+0000] {processor.py:157} INFO - Started process (PID=3724) to work on /opt/airflow/dags/branch_dim_generator.py
[2024-11-03T01:34:06.257+0000] {processor.py:829} INFO - Processing file /opt/airflow/dags/branch_dim_generator.py for tasks to queue
[2024-11-03T01:34:06.259+0000] {logging_mixin.py:151} INFO - [2024-11-03T01:34:06.258+0000] {dagbag.py:539} INFO - Filling up the DagBag from /opt/airflow/dags/branch_dim_generator.py
[2024-11-03T01:34:06.716+0000] {processor.py:839} INFO - DAG(s) dict_keys(['branch_dim_generator']) retrieved from /opt/airflow/dags/branch_dim_generator.py
[2024-11-03T01:34:06.758+0000] {logging_mixin.py:151} INFO - [2024-11-03T01:34:06.758+0000] {dag.py:2915} INFO - Sync 1 DAGs
[2024-11-03T01:34:06.794+0000] {logging_mixin.py:151} INFO - [2024-11-03T01:34:06.794+0000] {dag.py:3696} INFO - Setting next_dagrun for branch_dim_generator to 2024-11-03T00:00:00+00:00, run_after=2024-11-04T00:00:00+00:00
[2024-11-03T01:34:06.829+0000] {processor.py:179} INFO - Processing /opt/airflow/dags/branch_dim_generator.py took 0.580 seconds
[2024-11-03T01:34:36.897+0000] {processor.py:157} INFO - Started process (PID=3768) to work on /opt/airflow/dags/branch_dim_generator.py
[2024-11-03T01:34:36.902+0000] {processor.py:829} INFO - Processing file /opt/airflow/dags/branch_dim_generator.py for tasks to queue
[2024-11-03T01:34:36.905+0000] {logging_mixin.py:151} INFO - [2024-11-03T01:34:36.904+0000] {dagbag.py:539} INFO - Filling up the DagBag from /opt/airflow/dags/branch_dim_generator.py
[2024-11-03T01:34:37.444+0000] {processor.py:839} INFO - DAG(s) dict_keys(['branch_dim_generator']) retrieved from /opt/airflow/dags/branch_dim_generator.py
[2024-11-03T01:34:37.494+0000] {logging_mixin.py:151} INFO - [2024-11-03T01:34:37.494+0000] {dag.py:2915} INFO - Sync 1 DAGs
[2024-11-03T01:34:37.534+0000] {logging_mixin.py:151} INFO - [2024-11-03T01:34:37.534+0000] {dag.py:3696} INFO - Setting next_dagrun for branch_dim_generator to 2024-11-03T00:00:00+00:00, run_after=2024-11-04T00:00:00+00:00
[2024-11-03T01:34:37.564+0000] {processor.py:179} INFO - Processing /opt/airflow/dags/branch_dim_generator.py took 0.676 seconds
