[2024-11-03T00:08:01.321+0000] {processor.py:157} INFO - Started process (PID=19605) to work on /opt/airflow/dags/customer_dim_generator.py
[2024-11-03T00:08:01.333+0000] {processor.py:829} INFO - Processing file /opt/airflow/dags/customer_dim_generator.py for tasks to queue
[2024-11-03T00:08:01.355+0000] {logging_mixin.py:151} INFO - [2024-11-03T00:08:01.343+0000] {dagbag.py:539} INFO - Filling up the DagBag from /opt/airflow/dags/customer_dim_generator.py
[2024-11-03T00:08:08.329+0000] {processor.py:839} INFO - DAG(s) dict_keys(['customer_dim_generator']) retrieved from /opt/airflow/dags/customer_dim_generator.py
[2024-11-03T00:08:08.447+0000] {logging_mixin.py:151} INFO - [2024-11-03T00:08:08.446+0000] {dag.py:2915} INFO - Sync 1 DAGs
[2024-11-03T00:08:08.572+0000] {logging_mixin.py:151} INFO - [2024-11-03T00:08:08.571+0000] {dag.py:3696} INFO - Setting next_dagrun for customer_dim_generator to 2024-10-31T00:00:00+00:00, run_after=2024-11-01T00:00:00+00:00
[2024-11-03T00:08:08.736+0000] {processor.py:179} INFO - Processing /opt/airflow/dags/customer_dim_generator.py took 7.429 seconds
[2024-11-03T00:56:31.151+0000] {processor.py:157} INFO - Started process (PID=229) to work on /opt/airflow/dags/customer_dim_generator.py
[2024-11-03T00:56:31.154+0000] {processor.py:829} INFO - Processing file /opt/airflow/dags/customer_dim_generator.py for tasks to queue
[2024-11-03T00:56:31.155+0000] {logging_mixin.py:151} INFO - [2024-11-03T00:56:31.155+0000] {dagbag.py:539} INFO - Filling up the DagBag from /opt/airflow/dags/customer_dim_generator.py
[2024-11-03T00:56:32.734+0000] {processor.py:839} INFO - DAG(s) dict_keys(['customer_dim_generator']) retrieved from /opt/airflow/dags/customer_dim_generator.py
[2024-11-03T00:56:33.025+0000] {logging_mixin.py:151} INFO - [2024-11-03T00:56:33.024+0000] {security.py:708} INFO - Not syncing DAG-level permissions for DAG 'DAG:customer_dim_generator' as access control is unset.
[2024-11-03T00:56:33.029+0000] {logging_mixin.py:151} INFO - [2024-11-03T00:56:33.026+0000] {dag.py:2915} INFO - Sync 1 DAGs
[2024-11-03T00:56:33.080+0000] {logging_mixin.py:151} INFO - [2024-11-03T00:56:33.079+0000] {dag.py:3696} INFO - Setting next_dagrun for customer_dim_generator to 2024-10-31T00:00:00+00:00, run_after=2024-11-01T00:00:00+00:00
[2024-11-03T00:56:33.115+0000] {processor.py:179} INFO - Processing /opt/airflow/dags/customer_dim_generator.py took 1.968 seconds
[2024-11-03T00:57:04.256+0000] {processor.py:157} INFO - Started process (PID=276) to work on /opt/airflow/dags/customer_dim_generator.py
[2024-11-03T00:57:04.264+0000] {processor.py:829} INFO - Processing file /opt/airflow/dags/customer_dim_generator.py for tasks to queue
[2024-11-03T00:57:04.267+0000] {logging_mixin.py:151} INFO - [2024-11-03T00:57:04.267+0000] {dagbag.py:539} INFO - Filling up the DagBag from /opt/airflow/dags/customer_dim_generator.py
[2024-11-03T00:57:04.945+0000] {processor.py:839} INFO - DAG(s) dict_keys(['customer_dim_generator']) retrieved from /opt/airflow/dags/customer_dim_generator.py
[2024-11-03T00:57:05.053+0000] {logging_mixin.py:151} INFO - [2024-11-03T00:57:05.052+0000] {dag.py:2915} INFO - Sync 1 DAGs
[2024-11-03T00:57:05.110+0000] {logging_mixin.py:151} INFO - [2024-11-03T00:57:05.110+0000] {dag.py:3696} INFO - Setting next_dagrun for customer_dim_generator to 2024-10-31T00:00:00+00:00, run_after=2024-11-01T00:00:00+00:00
[2024-11-03T00:57:05.141+0000] {processor.py:179} INFO - Processing /opt/airflow/dags/customer_dim_generator.py took 0.929 seconds
[2024-11-03T00:57:35.361+0000] {processor.py:157} INFO - Started process (PID=321) to work on /opt/airflow/dags/customer_dim_generator.py
[2024-11-03T00:57:35.362+0000] {processor.py:829} INFO - Processing file /opt/airflow/dags/customer_dim_generator.py for tasks to queue
[2024-11-03T00:57:35.363+0000] {logging_mixin.py:151} INFO - [2024-11-03T00:57:35.362+0000] {dagbag.py:539} INFO - Filling up the DagBag from /opt/airflow/dags/customer_dim_generator.py
[2024-11-03T00:57:35.945+0000] {processor.py:839} INFO - DAG(s) dict_keys(['customer_dim_generator']) retrieved from /opt/airflow/dags/customer_dim_generator.py
[2024-11-03T00:57:35.979+0000] {logging_mixin.py:151} INFO - [2024-11-03T00:57:35.978+0000] {dag.py:2915} INFO - Sync 1 DAGs
[2024-11-03T00:57:36.008+0000] {logging_mixin.py:151} INFO - [2024-11-03T00:57:36.008+0000] {dag.py:3696} INFO - Setting next_dagrun for customer_dim_generator to 2024-10-31T00:00:00+00:00, run_after=2024-11-01T00:00:00+00:00
[2024-11-03T00:57:36.033+0000] {processor.py:179} INFO - Processing /opt/airflow/dags/customer_dim_generator.py took 0.676 seconds
[2024-11-03T00:58:07.735+0000] {processor.py:157} INFO - Started process (PID=370) to work on /opt/airflow/dags/customer_dim_generator.py
[2024-11-03T00:58:07.743+0000] {processor.py:829} INFO - Processing file /opt/airflow/dags/customer_dim_generator.py for tasks to queue
[2024-11-03T00:58:07.747+0000] {logging_mixin.py:151} INFO - [2024-11-03T00:58:07.746+0000] {dagbag.py:539} INFO - Filling up the DagBag from /opt/airflow/dags/customer_dim_generator.py
[2024-11-03T00:58:08.301+0000] {processor.py:839} INFO - DAG(s) dict_keys(['customer_dim_generator']) retrieved from /opt/airflow/dags/customer_dim_generator.py
[2024-11-03T00:58:08.369+0000] {logging_mixin.py:151} INFO - [2024-11-03T00:58:08.367+0000] {dag.py:2915} INFO - Sync 1 DAGs
[2024-11-03T00:58:08.462+0000] {logging_mixin.py:151} INFO - [2024-11-03T00:58:08.462+0000] {dag.py:3696} INFO - Setting next_dagrun for customer_dim_generator to 2024-10-31T00:00:00+00:00, run_after=2024-11-01T00:00:00+00:00
[2024-11-03T00:58:08.577+0000] {processor.py:179} INFO - Processing /opt/airflow/dags/customer_dim_generator.py took 0.855 seconds
[2024-11-03T00:58:39.171+0000] {processor.py:157} INFO - Started process (PID=423) to work on /opt/airflow/dags/customer_dim_generator.py
[2024-11-03T00:58:39.173+0000] {processor.py:829} INFO - Processing file /opt/airflow/dags/customer_dim_generator.py for tasks to queue
[2024-11-03T00:58:39.174+0000] {logging_mixin.py:151} INFO - [2024-11-03T00:58:39.174+0000] {dagbag.py:539} INFO - Filling up the DagBag from /opt/airflow/dags/customer_dim_generator.py
[2024-11-03T00:58:39.821+0000] {processor.py:839} INFO - DAG(s) dict_keys(['customer_dim_generator']) retrieved from /opt/airflow/dags/customer_dim_generator.py
[2024-11-03T00:58:39.859+0000] {logging_mixin.py:151} INFO - [2024-11-03T00:58:39.858+0000] {dag.py:2915} INFO - Sync 1 DAGs
[2024-11-03T00:58:39.889+0000] {logging_mixin.py:151} INFO - [2024-11-03T00:58:39.889+0000] {dag.py:3696} INFO - Setting next_dagrun for customer_dim_generator to 2024-10-31T00:00:00+00:00, run_after=2024-11-01T00:00:00+00:00
[2024-11-03T00:58:39.913+0000] {processor.py:179} INFO - Processing /opt/airflow/dags/customer_dim_generator.py took 0.746 seconds
[2024-11-03T00:59:10.676+0000] {processor.py:157} INFO - Started process (PID=470) to work on /opt/airflow/dags/customer_dim_generator.py
[2024-11-03T00:59:10.677+0000] {processor.py:829} INFO - Processing file /opt/airflow/dags/customer_dim_generator.py for tasks to queue
[2024-11-03T00:59:10.678+0000] {logging_mixin.py:151} INFO - [2024-11-03T00:59:10.678+0000] {dagbag.py:539} INFO - Filling up the DagBag from /opt/airflow/dags/customer_dim_generator.py
[2024-11-03T00:59:11.050+0000] {processor.py:839} INFO - DAG(s) dict_keys(['customer_dim_generator']) retrieved from /opt/airflow/dags/customer_dim_generator.py
[2024-11-03T00:59:11.081+0000] {logging_mixin.py:151} INFO - [2024-11-03T00:59:11.080+0000] {dag.py:2915} INFO - Sync 1 DAGs
[2024-11-03T00:59:11.122+0000] {logging_mixin.py:151} INFO - [2024-11-03T00:59:11.122+0000] {dag.py:3696} INFO - Setting next_dagrun for customer_dim_generator to 2024-10-31T00:00:00+00:00, run_after=2024-11-01T00:00:00+00:00
[2024-11-03T00:59:11.147+0000] {processor.py:179} INFO - Processing /opt/airflow/dags/customer_dim_generator.py took 0.476 seconds
[2024-11-03T00:59:42.089+0000] {processor.py:157} INFO - Started process (PID=517) to work on /opt/airflow/dags/customer_dim_generator.py
[2024-11-03T00:59:42.090+0000] {processor.py:829} INFO - Processing file /opt/airflow/dags/customer_dim_generator.py for tasks to queue
[2024-11-03T00:59:42.092+0000] {logging_mixin.py:151} INFO - [2024-11-03T00:59:42.092+0000] {dagbag.py:539} INFO - Filling up the DagBag from /opt/airflow/dags/customer_dim_generator.py
[2024-11-03T00:59:42.615+0000] {processor.py:839} INFO - DAG(s) dict_keys(['customer_dim_generator']) retrieved from /opt/airflow/dags/customer_dim_generator.py
[2024-11-03T00:59:42.661+0000] {logging_mixin.py:151} INFO - [2024-11-03T00:59:42.661+0000] {dag.py:2915} INFO - Sync 1 DAGs
[2024-11-03T00:59:42.704+0000] {logging_mixin.py:151} INFO - [2024-11-03T00:59:42.704+0000] {dag.py:3696} INFO - Setting next_dagrun for customer_dim_generator to 2024-10-31T00:00:00+00:00, run_after=2024-11-01T00:00:00+00:00
[2024-11-03T00:59:42.792+0000] {processor.py:179} INFO - Processing /opt/airflow/dags/customer_dim_generator.py took 0.707 seconds
[2024-11-03T01:00:13.484+0000] {processor.py:157} INFO - Started process (PID=564) to work on /opt/airflow/dags/customer_dim_generator.py
[2024-11-03T01:00:13.486+0000] {processor.py:829} INFO - Processing file /opt/airflow/dags/customer_dim_generator.py for tasks to queue
[2024-11-03T01:00:13.487+0000] {logging_mixin.py:151} INFO - [2024-11-03T01:00:13.487+0000] {dagbag.py:539} INFO - Filling up the DagBag from /opt/airflow/dags/customer_dim_generator.py
[2024-11-03T01:00:13.942+0000] {processor.py:839} INFO - DAG(s) dict_keys(['customer_dim_generator']) retrieved from /opt/airflow/dags/customer_dim_generator.py
[2024-11-03T01:00:13.988+0000] {logging_mixin.py:151} INFO - [2024-11-03T01:00:13.986+0000] {dag.py:2915} INFO - Sync 1 DAGs
[2024-11-03T01:00:14.022+0000] {logging_mixin.py:151} INFO - [2024-11-03T01:00:14.021+0000] {dag.py:3696} INFO - Setting next_dagrun for customer_dim_generator to 2024-10-31T00:00:00+00:00, run_after=2024-11-01T00:00:00+00:00
[2024-11-03T01:00:14.048+0000] {processor.py:179} INFO - Processing /opt/airflow/dags/customer_dim_generator.py took 0.569 seconds
[2024-11-03T01:00:45.063+0000] {processor.py:157} INFO - Started process (PID=611) to work on /opt/airflow/dags/customer_dim_generator.py
[2024-11-03T01:00:45.066+0000] {processor.py:829} INFO - Processing file /opt/airflow/dags/customer_dim_generator.py for tasks to queue
[2024-11-03T01:00:45.068+0000] {logging_mixin.py:151} INFO - [2024-11-03T01:00:45.068+0000] {dagbag.py:539} INFO - Filling up the DagBag from /opt/airflow/dags/customer_dim_generator.py
[2024-11-03T01:00:45.763+0000] {processor.py:839} INFO - DAG(s) dict_keys(['customer_dim_generator']) retrieved from /opt/airflow/dags/customer_dim_generator.py
[2024-11-03T01:00:45.813+0000] {logging_mixin.py:151} INFO - [2024-11-03T01:00:45.812+0000] {dag.py:2915} INFO - Sync 1 DAGs
[2024-11-03T01:00:45.900+0000] {logging_mixin.py:151} INFO - [2024-11-03T01:00:45.900+0000] {dag.py:3696} INFO - Setting next_dagrun for customer_dim_generator to 2024-10-31T00:00:00+00:00, run_after=2024-11-01T00:00:00+00:00
[2024-11-03T01:00:46.064+0000] {processor.py:179} INFO - Processing /opt/airflow/dags/customer_dim_generator.py took 1.009 seconds
[2024-11-03T01:01:16.584+0000] {processor.py:157} INFO - Started process (PID=658) to work on /opt/airflow/dags/customer_dim_generator.py
[2024-11-03T01:01:16.588+0000] {processor.py:829} INFO - Processing file /opt/airflow/dags/customer_dim_generator.py for tasks to queue
[2024-11-03T01:01:16.601+0000] {logging_mixin.py:151} INFO - [2024-11-03T01:01:16.599+0000] {dagbag.py:539} INFO - Filling up the DagBag from /opt/airflow/dags/customer_dim_generator.py
[2024-11-03T01:01:19.385+0000] {processor.py:839} INFO - DAG(s) dict_keys(['customer_dim_generator']) retrieved from /opt/airflow/dags/customer_dim_generator.py
[2024-11-03T01:01:19.746+0000] {logging_mixin.py:151} INFO - [2024-11-03T01:01:19.742+0000] {dag.py:2915} INFO - Sync 1 DAGs
[2024-11-03T01:01:19.999+0000] {logging_mixin.py:151} INFO - [2024-11-03T01:01:19.999+0000] {dag.py:3696} INFO - Setting next_dagrun for customer_dim_generator to 2024-10-31T00:00:00+00:00, run_after=2024-11-01T00:00:00+00:00
[2024-11-03T01:01:20.082+0000] {processor.py:179} INFO - Processing /opt/airflow/dags/customer_dim_generator.py took 3.513 seconds
[2024-11-03T01:01:50.265+0000] {processor.py:157} INFO - Started process (PID=705) to work on /opt/airflow/dags/customer_dim_generator.py
[2024-11-03T01:01:50.267+0000] {processor.py:829} INFO - Processing file /opt/airflow/dags/customer_dim_generator.py for tasks to queue
[2024-11-03T01:01:50.269+0000] {logging_mixin.py:151} INFO - [2024-11-03T01:01:50.268+0000] {dagbag.py:539} INFO - Filling up the DagBag from /opt/airflow/dags/customer_dim_generator.py
[2024-11-03T01:01:50.857+0000] {processor.py:839} INFO - DAG(s) dict_keys(['customer_dim_generator']) retrieved from /opt/airflow/dags/customer_dim_generator.py
[2024-11-03T01:01:50.903+0000] {logging_mixin.py:151} INFO - [2024-11-03T01:01:50.902+0000] {dag.py:2915} INFO - Sync 1 DAGs
[2024-11-03T01:01:50.945+0000] {logging_mixin.py:151} INFO - [2024-11-03T01:01:50.945+0000] {dag.py:3696} INFO - Setting next_dagrun for customer_dim_generator to 2024-10-31T00:00:00+00:00, run_after=2024-11-01T00:00:00+00:00
[2024-11-03T01:01:50.980+0000] {processor.py:179} INFO - Processing /opt/airflow/dags/customer_dim_generator.py took 0.721 seconds
[2024-11-03T01:02:21.875+0000] {processor.py:157} INFO - Started process (PID=752) to work on /opt/airflow/dags/customer_dim_generator.py
[2024-11-03T01:02:21.877+0000] {processor.py:829} INFO - Processing file /opt/airflow/dags/customer_dim_generator.py for tasks to queue
[2024-11-03T01:02:21.880+0000] {logging_mixin.py:151} INFO - [2024-11-03T01:02:21.880+0000] {dagbag.py:539} INFO - Filling up the DagBag from /opt/airflow/dags/customer_dim_generator.py
[2024-11-03T01:02:22.411+0000] {processor.py:839} INFO - DAG(s) dict_keys(['customer_dim_generator']) retrieved from /opt/airflow/dags/customer_dim_generator.py
[2024-11-03T01:02:22.459+0000] {logging_mixin.py:151} INFO - [2024-11-03T01:02:22.457+0000] {dag.py:2915} INFO - Sync 1 DAGs
[2024-11-03T01:02:22.498+0000] {logging_mixin.py:151} INFO - [2024-11-03T01:02:22.498+0000] {dag.py:3696} INFO - Setting next_dagrun for customer_dim_generator to 2024-10-31T00:00:00+00:00, run_after=2024-11-01T00:00:00+00:00
[2024-11-03T01:02:22.532+0000] {processor.py:179} INFO - Processing /opt/airflow/dags/customer_dim_generator.py took 0.664 seconds
[2024-11-03T01:02:52.977+0000] {processor.py:157} INFO - Started process (PID=799) to work on /opt/airflow/dags/customer_dim_generator.py
[2024-11-03T01:02:52.980+0000] {processor.py:829} INFO - Processing file /opt/airflow/dags/customer_dim_generator.py for tasks to queue
[2024-11-03T01:02:52.982+0000] {logging_mixin.py:151} INFO - [2024-11-03T01:02:52.982+0000] {dagbag.py:539} INFO - Filling up the DagBag from /opt/airflow/dags/customer_dim_generator.py
[2024-11-03T01:02:53.671+0000] {processor.py:839} INFO - DAG(s) dict_keys(['customer_dim_generator']) retrieved from /opt/airflow/dags/customer_dim_generator.py
[2024-11-03T01:02:53.782+0000] {logging_mixin.py:151} INFO - [2024-11-03T01:02:53.781+0000] {dag.py:2915} INFO - Sync 1 DAGs
[2024-11-03T01:02:53.844+0000] {logging_mixin.py:151} INFO - [2024-11-03T01:02:53.843+0000] {dag.py:3696} INFO - Setting next_dagrun for customer_dim_generator to 2024-10-31T00:00:00+00:00, run_after=2024-11-01T00:00:00+00:00
[2024-11-03T01:02:53.889+0000] {processor.py:179} INFO - Processing /opt/airflow/dags/customer_dim_generator.py took 0.924 seconds
[2024-11-03T01:03:24.605+0000] {processor.py:157} INFO - Started process (PID=845) to work on /opt/airflow/dags/customer_dim_generator.py
[2024-11-03T01:03:24.606+0000] {processor.py:829} INFO - Processing file /opt/airflow/dags/customer_dim_generator.py for tasks to queue
[2024-11-03T01:03:24.608+0000] {logging_mixin.py:151} INFO - [2024-11-03T01:03:24.607+0000] {dagbag.py:539} INFO - Filling up the DagBag from /opt/airflow/dags/customer_dim_generator.py
[2024-11-03T01:03:25.190+0000] {processor.py:839} INFO - DAG(s) dict_keys(['customer_dim_generator']) retrieved from /opt/airflow/dags/customer_dim_generator.py
[2024-11-03T01:03:25.234+0000] {logging_mixin.py:151} INFO - [2024-11-03T01:03:25.234+0000] {dag.py:2915} INFO - Sync 1 DAGs
[2024-11-03T01:03:25.282+0000] {logging_mixin.py:151} INFO - [2024-11-03T01:03:25.281+0000] {dag.py:3696} INFO - Setting next_dagrun for customer_dim_generator to 2024-10-31T00:00:00+00:00, run_after=2024-11-01T00:00:00+00:00
[2024-11-03T01:03:25.306+0000] {processor.py:179} INFO - Processing /opt/airflow/dags/customer_dim_generator.py took 0.706 seconds
[2024-11-03T01:03:55.756+0000] {processor.py:157} INFO - Started process (PID=892) to work on /opt/airflow/dags/customer_dim_generator.py
[2024-11-03T01:03:55.759+0000] {processor.py:829} INFO - Processing file /opt/airflow/dags/customer_dim_generator.py for tasks to queue
[2024-11-03T01:03:55.760+0000] {logging_mixin.py:151} INFO - [2024-11-03T01:03:55.760+0000] {dagbag.py:539} INFO - Filling up the DagBag from /opt/airflow/dags/customer_dim_generator.py
[2024-11-03T01:03:56.114+0000] {processor.py:839} INFO - DAG(s) dict_keys(['customer_dim_generator']) retrieved from /opt/airflow/dags/customer_dim_generator.py
[2024-11-03T01:03:56.151+0000] {logging_mixin.py:151} INFO - [2024-11-03T01:03:56.150+0000] {dag.py:2915} INFO - Sync 1 DAGs
[2024-11-03T01:03:56.187+0000] {logging_mixin.py:151} INFO - [2024-11-03T01:03:56.187+0000] {dag.py:3696} INFO - Setting next_dagrun for customer_dim_generator to 2024-10-31T00:00:00+00:00, run_after=2024-11-01T00:00:00+00:00
[2024-11-03T01:03:56.216+0000] {processor.py:179} INFO - Processing /opt/airflow/dags/customer_dim_generator.py took 0.468 seconds
[2024-11-03T01:04:26.303+0000] {processor.py:157} INFO - Started process (PID=939) to work on /opt/airflow/dags/customer_dim_generator.py
[2024-11-03T01:04:26.305+0000] {processor.py:829} INFO - Processing file /opt/airflow/dags/customer_dim_generator.py for tasks to queue
[2024-11-03T01:04:26.307+0000] {logging_mixin.py:151} INFO - [2024-11-03T01:04:26.306+0000] {dagbag.py:539} INFO - Filling up the DagBag from /opt/airflow/dags/customer_dim_generator.py
[2024-11-03T01:04:26.781+0000] {processor.py:839} INFO - DAG(s) dict_keys(['customer_dim_generator']) retrieved from /opt/airflow/dags/customer_dim_generator.py
[2024-11-03T01:04:26.823+0000] {logging_mixin.py:151} INFO - [2024-11-03T01:04:26.821+0000] {dag.py:2915} INFO - Sync 1 DAGs
[2024-11-03T01:04:26.858+0000] {logging_mixin.py:151} INFO - [2024-11-03T01:04:26.858+0000] {dag.py:3696} INFO - Setting next_dagrun for customer_dim_generator to 2024-10-31T00:00:00+00:00, run_after=2024-11-01T00:00:00+00:00
[2024-11-03T01:04:26.883+0000] {processor.py:179} INFO - Processing /opt/airflow/dags/customer_dim_generator.py took 0.588 seconds
[2024-11-03T01:04:57.787+0000] {processor.py:157} INFO - Started process (PID=986) to work on /opt/airflow/dags/customer_dim_generator.py
[2024-11-03T01:04:57.788+0000] {processor.py:829} INFO - Processing file /opt/airflow/dags/customer_dim_generator.py for tasks to queue
[2024-11-03T01:04:57.789+0000] {logging_mixin.py:151} INFO - [2024-11-03T01:04:57.789+0000] {dagbag.py:539} INFO - Filling up the DagBag from /opt/airflow/dags/customer_dim_generator.py
[2024-11-03T01:04:58.118+0000] {processor.py:839} INFO - DAG(s) dict_keys(['customer_dim_generator']) retrieved from /opt/airflow/dags/customer_dim_generator.py
[2024-11-03T01:04:58.153+0000] {logging_mixin.py:151} INFO - [2024-11-03T01:04:58.152+0000] {dag.py:2915} INFO - Sync 1 DAGs
[2024-11-03T01:04:58.178+0000] {logging_mixin.py:151} INFO - [2024-11-03T01:04:58.178+0000] {dag.py:3696} INFO - Setting next_dagrun for customer_dim_generator to 2024-10-31T00:00:00+00:00, run_after=2024-11-01T00:00:00+00:00
[2024-11-03T01:04:58.199+0000] {processor.py:179} INFO - Processing /opt/airflow/dags/customer_dim_generator.py took 0.417 seconds
[2024-11-03T01:05:29.183+0000] {processor.py:157} INFO - Started process (PID=1040) to work on /opt/airflow/dags/customer_dim_generator.py
[2024-11-03T01:05:29.184+0000] {processor.py:829} INFO - Processing file /opt/airflow/dags/customer_dim_generator.py for tasks to queue
[2024-11-03T01:05:29.185+0000] {logging_mixin.py:151} INFO - [2024-11-03T01:05:29.185+0000] {dagbag.py:539} INFO - Filling up the DagBag from /opt/airflow/dags/customer_dim_generator.py
[2024-11-03T01:05:29.525+0000] {processor.py:839} INFO - DAG(s) dict_keys(['customer_dim_generator']) retrieved from /opt/airflow/dags/customer_dim_generator.py
[2024-11-03T01:05:29.600+0000] {logging_mixin.py:151} INFO - [2024-11-03T01:05:29.600+0000] {dag.py:2915} INFO - Sync 1 DAGs
[2024-11-03T01:05:29.625+0000] {logging_mixin.py:151} INFO - [2024-11-03T01:05:29.625+0000] {dag.py:3696} INFO - Setting next_dagrun for customer_dim_generator to 2024-10-31T00:00:00+00:00, run_after=2024-11-01T00:00:00+00:00
[2024-11-03T01:05:29.644+0000] {processor.py:179} INFO - Processing /opt/airflow/dags/customer_dim_generator.py took 0.466 seconds
[2024-11-03T01:05:59.823+0000] {processor.py:157} INFO - Started process (PID=1087) to work on /opt/airflow/dags/customer_dim_generator.py
[2024-11-03T01:05:59.828+0000] {processor.py:829} INFO - Processing file /opt/airflow/dags/customer_dim_generator.py for tasks to queue
[2024-11-03T01:05:59.829+0000] {logging_mixin.py:151} INFO - [2024-11-03T01:05:59.829+0000] {dagbag.py:539} INFO - Filling up the DagBag from /opt/airflow/dags/customer_dim_generator.py
[2024-11-03T01:06:00.357+0000] {processor.py:839} INFO - DAG(s) dict_keys(['customer_dim_generator']) retrieved from /opt/airflow/dags/customer_dim_generator.py
[2024-11-03T01:06:00.426+0000] {logging_mixin.py:151} INFO - [2024-11-03T01:06:00.424+0000] {dag.py:2915} INFO - Sync 1 DAGs
[2024-11-03T01:06:00.495+0000] {logging_mixin.py:151} INFO - [2024-11-03T01:06:00.495+0000] {dag.py:3696} INFO - Setting next_dagrun for customer_dim_generator to 2024-10-31T00:00:00+00:00, run_after=2024-11-01T00:00:00+00:00
[2024-11-03T01:06:00.541+0000] {processor.py:179} INFO - Processing /opt/airflow/dags/customer_dim_generator.py took 0.724 seconds
[2024-11-03T01:06:30.908+0000] {processor.py:157} INFO - Started process (PID=1134) to work on /opt/airflow/dags/customer_dim_generator.py
[2024-11-03T01:06:30.910+0000] {processor.py:829} INFO - Processing file /opt/airflow/dags/customer_dim_generator.py for tasks to queue
[2024-11-03T01:06:30.911+0000] {logging_mixin.py:151} INFO - [2024-11-03T01:06:30.910+0000] {dagbag.py:539} INFO - Filling up the DagBag from /opt/airflow/dags/customer_dim_generator.py
[2024-11-03T01:06:31.305+0000] {processor.py:839} INFO - DAG(s) dict_keys(['customer_dim_generator']) retrieved from /opt/airflow/dags/customer_dim_generator.py
[2024-11-03T01:06:31.344+0000] {logging_mixin.py:151} INFO - [2024-11-03T01:06:31.344+0000] {dag.py:2915} INFO - Sync 1 DAGs
[2024-11-03T01:06:31.375+0000] {logging_mixin.py:151} INFO - [2024-11-03T01:06:31.374+0000] {dag.py:3696} INFO - Setting next_dagrun for customer_dim_generator to 2024-10-31T00:00:00+00:00, run_after=2024-11-01T00:00:00+00:00
[2024-11-03T01:06:31.400+0000] {processor.py:179} INFO - Processing /opt/airflow/dags/customer_dim_generator.py took 0.497 seconds
[2024-11-03T01:07:02.125+0000] {processor.py:157} INFO - Started process (PID=1180) to work on /opt/airflow/dags/customer_dim_generator.py
[2024-11-03T01:07:02.128+0000] {processor.py:829} INFO - Processing file /opt/airflow/dags/customer_dim_generator.py for tasks to queue
[2024-11-03T01:07:02.129+0000] {logging_mixin.py:151} INFO - [2024-11-03T01:07:02.129+0000] {dagbag.py:539} INFO - Filling up the DagBag from /opt/airflow/dags/customer_dim_generator.py
[2024-11-03T01:07:02.476+0000] {processor.py:839} INFO - DAG(s) dict_keys(['customer_dim_generator']) retrieved from /opt/airflow/dags/customer_dim_generator.py
[2024-11-03T01:07:02.522+0000] {logging_mixin.py:151} INFO - [2024-11-03T01:07:02.521+0000] {dag.py:2915} INFO - Sync 1 DAGs
[2024-11-03T01:07:02.557+0000] {logging_mixin.py:151} INFO - [2024-11-03T01:07:02.557+0000] {dag.py:3696} INFO - Setting next_dagrun for customer_dim_generator to 2024-10-31T00:00:00+00:00, run_after=2024-11-01T00:00:00+00:00
[2024-11-03T01:07:02.585+0000] {processor.py:179} INFO - Processing /opt/airflow/dags/customer_dim_generator.py took 0.464 seconds
[2024-11-03T01:07:33.448+0000] {processor.py:157} INFO - Started process (PID=1227) to work on /opt/airflow/dags/customer_dim_generator.py
[2024-11-03T01:07:33.450+0000] {processor.py:829} INFO - Processing file /opt/airflow/dags/customer_dim_generator.py for tasks to queue
[2024-11-03T01:07:33.453+0000] {logging_mixin.py:151} INFO - [2024-11-03T01:07:33.453+0000] {dagbag.py:539} INFO - Filling up the DagBag from /opt/airflow/dags/customer_dim_generator.py
[2024-11-03T01:07:33.779+0000] {processor.py:839} INFO - DAG(s) dict_keys(['customer_dim_generator']) retrieved from /opt/airflow/dags/customer_dim_generator.py
[2024-11-03T01:07:33.810+0000] {logging_mixin.py:151} INFO - [2024-11-03T01:07:33.809+0000] {dag.py:2915} INFO - Sync 1 DAGs
[2024-11-03T01:07:33.834+0000] {logging_mixin.py:151} INFO - [2024-11-03T01:07:33.834+0000] {dag.py:3696} INFO - Setting next_dagrun for customer_dim_generator to 2024-10-31T00:00:00+00:00, run_after=2024-11-01T00:00:00+00:00
[2024-11-03T01:07:33.864+0000] {processor.py:179} INFO - Processing /opt/airflow/dags/customer_dim_generator.py took 0.421 seconds
[2024-11-03T01:08:03.961+0000] {processor.py:157} INFO - Started process (PID=1274) to work on /opt/airflow/dags/customer_dim_generator.py
[2024-11-03T01:08:03.962+0000] {processor.py:829} INFO - Processing file /opt/airflow/dags/customer_dim_generator.py for tasks to queue
[2024-11-03T01:08:03.964+0000] {logging_mixin.py:151} INFO - [2024-11-03T01:08:03.963+0000] {dagbag.py:539} INFO - Filling up the DagBag from /opt/airflow/dags/customer_dim_generator.py
[2024-11-03T01:08:04.300+0000] {processor.py:839} INFO - DAG(s) dict_keys(['customer_dim_generator']) retrieved from /opt/airflow/dags/customer_dim_generator.py
[2024-11-03T01:08:04.352+0000] {logging_mixin.py:151} INFO - [2024-11-03T01:08:04.351+0000] {dag.py:2915} INFO - Sync 1 DAGs
[2024-11-03T01:08:04.380+0000] {logging_mixin.py:151} INFO - [2024-11-03T01:08:04.380+0000] {dag.py:3696} INFO - Setting next_dagrun for customer_dim_generator to 2024-10-31T00:00:00+00:00, run_after=2024-11-01T00:00:00+00:00
[2024-11-03T01:08:04.404+0000] {processor.py:179} INFO - Processing /opt/airflow/dags/customer_dim_generator.py took 0.449 seconds
[2024-11-03T01:08:35.352+0000] {processor.py:157} INFO - Started process (PID=1321) to work on /opt/airflow/dags/customer_dim_generator.py
[2024-11-03T01:08:35.355+0000] {processor.py:829} INFO - Processing file /opt/airflow/dags/customer_dim_generator.py for tasks to queue
[2024-11-03T01:08:35.357+0000] {logging_mixin.py:151} INFO - [2024-11-03T01:08:35.357+0000] {dagbag.py:539} INFO - Filling up the DagBag from /opt/airflow/dags/customer_dim_generator.py
[2024-11-03T01:08:35.722+0000] {processor.py:839} INFO - DAG(s) dict_keys(['customer_dim_generator']) retrieved from /opt/airflow/dags/customer_dim_generator.py
[2024-11-03T01:08:35.755+0000] {logging_mixin.py:151} INFO - [2024-11-03T01:08:35.755+0000] {dag.py:2915} INFO - Sync 1 DAGs
[2024-11-03T01:08:35.787+0000] {logging_mixin.py:151} INFO - [2024-11-03T01:08:35.787+0000] {dag.py:3696} INFO - Setting next_dagrun for customer_dim_generator to 2024-10-31T00:00:00+00:00, run_after=2024-11-01T00:00:00+00:00
[2024-11-03T01:08:35.811+0000] {processor.py:179} INFO - Processing /opt/airflow/dags/customer_dim_generator.py took 0.463 seconds
[2024-11-03T01:09:06.157+0000] {processor.py:157} INFO - Started process (PID=1367) to work on /opt/airflow/dags/customer_dim_generator.py
[2024-11-03T01:09:06.158+0000] {processor.py:829} INFO - Processing file /opt/airflow/dags/customer_dim_generator.py for tasks to queue
[2024-11-03T01:09:06.160+0000] {logging_mixin.py:151} INFO - [2024-11-03T01:09:06.159+0000] {dagbag.py:539} INFO - Filling up the DagBag from /opt/airflow/dags/customer_dim_generator.py
[2024-11-03T01:09:06.629+0000] {processor.py:839} INFO - DAG(s) dict_keys(['customer_dim_generator']) retrieved from /opt/airflow/dags/customer_dim_generator.py
[2024-11-03T01:09:06.671+0000] {logging_mixin.py:151} INFO - [2024-11-03T01:09:06.670+0000] {dag.py:2915} INFO - Sync 1 DAGs
[2024-11-03T01:09:06.700+0000] {logging_mixin.py:151} INFO - [2024-11-03T01:09:06.700+0000] {dag.py:3696} INFO - Setting next_dagrun for customer_dim_generator to 2024-10-31T00:00:00+00:00, run_after=2024-11-01T00:00:00+00:00
[2024-11-03T01:09:06.729+0000] {processor.py:179} INFO - Processing /opt/airflow/dags/customer_dim_generator.py took 0.579 seconds
[2024-11-03T01:09:36.882+0000] {processor.py:157} INFO - Started process (PID=1414) to work on /opt/airflow/dags/customer_dim_generator.py
[2024-11-03T01:09:36.885+0000] {processor.py:829} INFO - Processing file /opt/airflow/dags/customer_dim_generator.py for tasks to queue
[2024-11-03T01:09:36.887+0000] {logging_mixin.py:151} INFO - [2024-11-03T01:09:36.886+0000] {dagbag.py:539} INFO - Filling up the DagBag from /opt/airflow/dags/customer_dim_generator.py
[2024-11-03T01:09:37.269+0000] {processor.py:839} INFO - DAG(s) dict_keys(['customer_dim_generator']) retrieved from /opt/airflow/dags/customer_dim_generator.py
[2024-11-03T01:09:37.310+0000] {logging_mixin.py:151} INFO - [2024-11-03T01:09:37.310+0000] {dag.py:2915} INFO - Sync 1 DAGs
[2024-11-03T01:09:37.344+0000] {logging_mixin.py:151} INFO - [2024-11-03T01:09:37.344+0000] {dag.py:3696} INFO - Setting next_dagrun for customer_dim_generator to 2024-10-31T00:00:00+00:00, run_after=2024-11-01T00:00:00+00:00
[2024-11-03T01:09:37.374+0000] {processor.py:179} INFO - Processing /opt/airflow/dags/customer_dim_generator.py took 0.497 seconds
[2024-11-03T01:10:08.422+0000] {processor.py:157} INFO - Started process (PID=1482) to work on /opt/airflow/dags/customer_dim_generator.py
[2024-11-03T01:10:08.435+0000] {processor.py:829} INFO - Processing file /opt/airflow/dags/customer_dim_generator.py for tasks to queue
[2024-11-03T01:10:08.476+0000] {logging_mixin.py:151} INFO - [2024-11-03T01:10:08.447+0000] {dagbag.py:539} INFO - Filling up the DagBag from /opt/airflow/dags/customer_dim_generator.py
[2024-11-03T01:10:13.507+0000] {processor.py:839} INFO - DAG(s) dict_keys(['customer_dim_generator']) retrieved from /opt/airflow/dags/customer_dim_generator.py
[2024-11-03T01:10:13.655+0000] {logging_mixin.py:151} INFO - [2024-11-03T01:10:13.654+0000] {dag.py:2915} INFO - Sync 1 DAGs
[2024-11-03T01:10:13.751+0000] {logging_mixin.py:151} INFO - [2024-11-03T01:10:13.751+0000] {dag.py:3696} INFO - Setting next_dagrun for customer_dim_generator to 2024-11-03T00:00:00+00:00, run_after=2024-11-04T00:00:00+00:00
[2024-11-03T01:10:13.799+0000] {processor.py:179} INFO - Processing /opt/airflow/dags/customer_dim_generator.py took 5.491 seconds
[2024-11-03T01:10:44.408+0000] {processor.py:157} INFO - Started process (PID=1544) to work on /opt/airflow/dags/customer_dim_generator.py
[2024-11-03T01:10:44.410+0000] {processor.py:829} INFO - Processing file /opt/airflow/dags/customer_dim_generator.py for tasks to queue
[2024-11-03T01:10:44.411+0000] {logging_mixin.py:151} INFO - [2024-11-03T01:10:44.411+0000] {dagbag.py:539} INFO - Filling up the DagBag from /opt/airflow/dags/customer_dim_generator.py
[2024-11-03T01:10:44.780+0000] {processor.py:839} INFO - DAG(s) dict_keys(['customer_dim_generator']) retrieved from /opt/airflow/dags/customer_dim_generator.py
[2024-11-03T01:10:44.821+0000] {logging_mixin.py:151} INFO - [2024-11-03T01:10:44.820+0000] {dag.py:2915} INFO - Sync 1 DAGs
[2024-11-03T01:10:44.851+0000] {logging_mixin.py:151} INFO - [2024-11-03T01:10:44.851+0000] {dag.py:3696} INFO - Setting next_dagrun for customer_dim_generator to 2024-11-03T00:00:00+00:00, run_after=2024-11-04T00:00:00+00:00
[2024-11-03T01:10:44.874+0000] {processor.py:179} INFO - Processing /opt/airflow/dags/customer_dim_generator.py took 0.471 seconds
[2024-11-03T01:11:15.873+0000] {processor.py:157} INFO - Started process (PID=1591) to work on /opt/airflow/dags/customer_dim_generator.py
[2024-11-03T01:11:15.875+0000] {processor.py:829} INFO - Processing file /opt/airflow/dags/customer_dim_generator.py for tasks to queue
[2024-11-03T01:11:15.876+0000] {logging_mixin.py:151} INFO - [2024-11-03T01:11:15.876+0000] {dagbag.py:539} INFO - Filling up the DagBag from /opt/airflow/dags/customer_dim_generator.py
[2024-11-03T01:11:16.240+0000] {processor.py:839} INFO - DAG(s) dict_keys(['customer_dim_generator']) retrieved from /opt/airflow/dags/customer_dim_generator.py
[2024-11-03T01:11:16.273+0000] {logging_mixin.py:151} INFO - [2024-11-03T01:11:16.272+0000] {dag.py:2915} INFO - Sync 1 DAGs
[2024-11-03T01:11:16.300+0000] {logging_mixin.py:151} INFO - [2024-11-03T01:11:16.300+0000] {dag.py:3696} INFO - Setting next_dagrun for customer_dim_generator to 2024-11-03T00:00:00+00:00, run_after=2024-11-04T00:00:00+00:00
[2024-11-03T01:11:16.325+0000] {processor.py:179} INFO - Processing /opt/airflow/dags/customer_dim_generator.py took 0.456 seconds
[2024-11-03T01:11:47.260+0000] {processor.py:157} INFO - Started process (PID=1638) to work on /opt/airflow/dags/customer_dim_generator.py
[2024-11-03T01:11:47.262+0000] {processor.py:829} INFO - Processing file /opt/airflow/dags/customer_dim_generator.py for tasks to queue
[2024-11-03T01:11:47.263+0000] {logging_mixin.py:151} INFO - [2024-11-03T01:11:47.262+0000] {dagbag.py:539} INFO - Filling up the DagBag from /opt/airflow/dags/customer_dim_generator.py
[2024-11-03T01:11:47.610+0000] {processor.py:839} INFO - DAG(s) dict_keys(['customer_dim_generator']) retrieved from /opt/airflow/dags/customer_dim_generator.py
[2024-11-03T01:11:47.654+0000] {logging_mixin.py:151} INFO - [2024-11-03T01:11:47.652+0000] {dag.py:2915} INFO - Sync 1 DAGs
[2024-11-03T01:11:47.693+0000] {logging_mixin.py:151} INFO - [2024-11-03T01:11:47.693+0000] {dag.py:3696} INFO - Setting next_dagrun for customer_dim_generator to 2024-11-03T00:00:00+00:00, run_after=2024-11-04T00:00:00+00:00
[2024-11-03T01:11:47.726+0000] {processor.py:179} INFO - Processing /opt/airflow/dags/customer_dim_generator.py took 0.471 seconds
[2024-11-03T01:12:17.940+0000] {processor.py:157} INFO - Started process (PID=1685) to work on /opt/airflow/dags/customer_dim_generator.py
[2024-11-03T01:12:17.944+0000] {processor.py:829} INFO - Processing file /opt/airflow/dags/customer_dim_generator.py for tasks to queue
[2024-11-03T01:12:17.946+0000] {logging_mixin.py:151} INFO - [2024-11-03T01:12:17.946+0000] {dagbag.py:539} INFO - Filling up the DagBag from /opt/airflow/dags/customer_dim_generator.py
[2024-11-03T01:12:18.573+0000] {processor.py:839} INFO - DAG(s) dict_keys(['customer_dim_generator']) retrieved from /opt/airflow/dags/customer_dim_generator.py
[2024-11-03T01:12:18.622+0000] {logging_mixin.py:151} INFO - [2024-11-03T01:12:18.621+0000] {dag.py:2915} INFO - Sync 1 DAGs
[2024-11-03T01:12:18.663+0000] {logging_mixin.py:151} INFO - [2024-11-03T01:12:18.663+0000] {dag.py:3696} INFO - Setting next_dagrun for customer_dim_generator to 2024-11-03T00:00:00+00:00, run_after=2024-11-04T00:00:00+00:00
[2024-11-03T01:12:18.695+0000] {processor.py:179} INFO - Processing /opt/airflow/dags/customer_dim_generator.py took 0.766 seconds
[2024-11-03T01:12:49.470+0000] {processor.py:157} INFO - Started process (PID=1750) to work on /opt/airflow/dags/customer_dim_generator.py
[2024-11-03T01:12:49.473+0000] {processor.py:829} INFO - Processing file /opt/airflow/dags/customer_dim_generator.py for tasks to queue
[2024-11-03T01:12:49.475+0000] {logging_mixin.py:151} INFO - [2024-11-03T01:12:49.474+0000] {dagbag.py:539} INFO - Filling up the DagBag from /opt/airflow/dags/customer_dim_generator.py
[2024-11-03T01:12:49.938+0000] {processor.py:839} INFO - DAG(s) dict_keys(['customer_dim_generator']) retrieved from /opt/airflow/dags/customer_dim_generator.py
[2024-11-03T01:12:49.978+0000] {logging_mixin.py:151} INFO - [2024-11-03T01:12:49.978+0000] {dag.py:2915} INFO - Sync 1 DAGs
[2024-11-03T01:12:50.008+0000] {logging_mixin.py:151} INFO - [2024-11-03T01:12:50.008+0000] {dag.py:3696} INFO - Setting next_dagrun for customer_dim_generator to 2024-11-03T00:00:00+00:00, run_after=2024-11-04T00:00:00+00:00
[2024-11-03T01:12:50.035+0000] {processor.py:179} INFO - Processing /opt/airflow/dags/customer_dim_generator.py took 0.575 seconds
[2024-11-03T01:13:20.121+0000] {processor.py:157} INFO - Started process (PID=1799) to work on /opt/airflow/dags/customer_dim_generator.py
[2024-11-03T01:13:20.123+0000] {processor.py:829} INFO - Processing file /opt/airflow/dags/customer_dim_generator.py for tasks to queue
[2024-11-03T01:13:20.124+0000] {logging_mixin.py:151} INFO - [2024-11-03T01:13:20.124+0000] {dagbag.py:539} INFO - Filling up the DagBag from /opt/airflow/dags/customer_dim_generator.py
[2024-11-03T01:13:20.486+0000] {processor.py:839} INFO - DAG(s) dict_keys(['customer_dim_generator']) retrieved from /opt/airflow/dags/customer_dim_generator.py
[2024-11-03T01:13:20.521+0000] {logging_mixin.py:151} INFO - [2024-11-03T01:13:20.521+0000] {dag.py:2915} INFO - Sync 1 DAGs
[2024-11-03T01:13:20.550+0000] {logging_mixin.py:151} INFO - [2024-11-03T01:13:20.550+0000] {dag.py:3696} INFO - Setting next_dagrun for customer_dim_generator to 2024-11-03T00:00:00+00:00, run_after=2024-11-04T00:00:00+00:00
[2024-11-03T01:13:20.572+0000] {processor.py:179} INFO - Processing /opt/airflow/dags/customer_dim_generator.py took 0.456 seconds
[2024-11-03T01:13:51.271+0000] {processor.py:157} INFO - Started process (PID=1847) to work on /opt/airflow/dags/customer_dim_generator.py
[2024-11-03T01:13:51.278+0000] {processor.py:829} INFO - Processing file /opt/airflow/dags/customer_dim_generator.py for tasks to queue
[2024-11-03T01:13:51.279+0000] {logging_mixin.py:151} INFO - [2024-11-03T01:13:51.279+0000] {dagbag.py:539} INFO - Filling up the DagBag from /opt/airflow/dags/customer_dim_generator.py
[2024-11-03T01:13:51.698+0000] {processor.py:839} INFO - DAG(s) dict_keys(['customer_dim_generator']) retrieved from /opt/airflow/dags/customer_dim_generator.py
[2024-11-03T01:13:51.741+0000] {logging_mixin.py:151} INFO - [2024-11-03T01:13:51.740+0000] {dag.py:2915} INFO - Sync 1 DAGs
[2024-11-03T01:13:51.771+0000] {logging_mixin.py:151} INFO - [2024-11-03T01:13:51.771+0000] {dag.py:3696} INFO - Setting next_dagrun for customer_dim_generator to 2024-11-03T00:00:00+00:00, run_after=2024-11-04T00:00:00+00:00
[2024-11-03T01:13:51.805+0000] {processor.py:179} INFO - Processing /opt/airflow/dags/customer_dim_generator.py took 0.565 seconds
[2024-11-03T01:14:22.775+0000] {processor.py:157} INFO - Started process (PID=1894) to work on /opt/airflow/dags/customer_dim_generator.py
[2024-11-03T01:14:22.777+0000] {processor.py:829} INFO - Processing file /opt/airflow/dags/customer_dim_generator.py for tasks to queue
[2024-11-03T01:14:22.781+0000] {logging_mixin.py:151} INFO - [2024-11-03T01:14:22.781+0000] {dagbag.py:539} INFO - Filling up the DagBag from /opt/airflow/dags/customer_dim_generator.py
[2024-11-03T01:14:23.131+0000] {processor.py:839} INFO - DAG(s) dict_keys(['customer_dim_generator']) retrieved from /opt/airflow/dags/customer_dim_generator.py
[2024-11-03T01:14:23.162+0000] {logging_mixin.py:151} INFO - [2024-11-03T01:14:23.162+0000] {dag.py:2915} INFO - Sync 1 DAGs
[2024-11-03T01:14:23.191+0000] {logging_mixin.py:151} INFO - [2024-11-03T01:14:23.191+0000] {dag.py:3696} INFO - Setting next_dagrun for customer_dim_generator to 2024-11-03T00:00:00+00:00, run_after=2024-11-04T00:00:00+00:00
[2024-11-03T01:14:23.215+0000] {processor.py:179} INFO - Processing /opt/airflow/dags/customer_dim_generator.py took 0.443 seconds
[2024-11-03T01:14:54.121+0000] {processor.py:157} INFO - Started process (PID=1941) to work on /opt/airflow/dags/customer_dim_generator.py
[2024-11-03T01:14:54.123+0000] {processor.py:829} INFO - Processing file /opt/airflow/dags/customer_dim_generator.py for tasks to queue
[2024-11-03T01:14:54.124+0000] {logging_mixin.py:151} INFO - [2024-11-03T01:14:54.124+0000] {dagbag.py:539} INFO - Filling up the DagBag from /opt/airflow/dags/customer_dim_generator.py
[2024-11-03T01:14:54.491+0000] {processor.py:839} INFO - DAG(s) dict_keys(['customer_dim_generator']) retrieved from /opt/airflow/dags/customer_dim_generator.py
[2024-11-03T01:14:54.529+0000] {logging_mixin.py:151} INFO - [2024-11-03T01:14:54.528+0000] {dag.py:2915} INFO - Sync 1 DAGs
[2024-11-03T01:14:54.562+0000] {logging_mixin.py:151} INFO - [2024-11-03T01:14:54.561+0000] {dag.py:3696} INFO - Setting next_dagrun for customer_dim_generator to 2024-11-03T00:00:00+00:00, run_after=2024-11-04T00:00:00+00:00
[2024-11-03T01:14:54.591+0000] {processor.py:179} INFO - Processing /opt/airflow/dags/customer_dim_generator.py took 0.474 seconds
[2024-11-03T01:15:25.482+0000] {processor.py:157} INFO - Started process (PID=1988) to work on /opt/airflow/dags/customer_dim_generator.py
[2024-11-03T01:15:25.484+0000] {processor.py:829} INFO - Processing file /opt/airflow/dags/customer_dim_generator.py for tasks to queue
[2024-11-03T01:15:25.485+0000] {logging_mixin.py:151} INFO - [2024-11-03T01:15:25.485+0000] {dagbag.py:539} INFO - Filling up the DagBag from /opt/airflow/dags/customer_dim_generator.py
[2024-11-03T01:15:25.823+0000] {processor.py:839} INFO - DAG(s) dict_keys(['customer_dim_generator']) retrieved from /opt/airflow/dags/customer_dim_generator.py
[2024-11-03T01:15:25.851+0000] {logging_mixin.py:151} INFO - [2024-11-03T01:15:25.851+0000] {dag.py:2915} INFO - Sync 1 DAGs
[2024-11-03T01:15:25.878+0000] {logging_mixin.py:151} INFO - [2024-11-03T01:15:25.877+0000] {dag.py:3696} INFO - Setting next_dagrun for customer_dim_generator to 2024-11-03T00:00:00+00:00, run_after=2024-11-04T00:00:00+00:00
[2024-11-03T01:15:25.902+0000] {processor.py:179} INFO - Processing /opt/airflow/dags/customer_dim_generator.py took 0.425 seconds
[2024-11-03T01:15:56.783+0000] {processor.py:157} INFO - Started process (PID=2035) to work on /opt/airflow/dags/customer_dim_generator.py
[2024-11-03T01:15:56.785+0000] {processor.py:829} INFO - Processing file /opt/airflow/dags/customer_dim_generator.py for tasks to queue
[2024-11-03T01:15:56.786+0000] {logging_mixin.py:151} INFO - [2024-11-03T01:15:56.786+0000] {dagbag.py:539} INFO - Filling up the DagBag from /opt/airflow/dags/customer_dim_generator.py
[2024-11-03T01:15:57.112+0000] {processor.py:839} INFO - DAG(s) dict_keys(['customer_dim_generator']) retrieved from /opt/airflow/dags/customer_dim_generator.py
[2024-11-03T01:15:57.142+0000] {logging_mixin.py:151} INFO - [2024-11-03T01:15:57.142+0000] {dag.py:2915} INFO - Sync 1 DAGs
[2024-11-03T01:15:57.166+0000] {logging_mixin.py:151} INFO - [2024-11-03T01:15:57.166+0000] {dag.py:3696} INFO - Setting next_dagrun for customer_dim_generator to 2024-11-03T00:00:00+00:00, run_after=2024-11-04T00:00:00+00:00
[2024-11-03T01:15:57.190+0000] {processor.py:179} INFO - Processing /opt/airflow/dags/customer_dim_generator.py took 0.412 seconds
[2024-11-03T01:16:27.451+0000] {processor.py:157} INFO - Started process (PID=2082) to work on /opt/airflow/dags/customer_dim_generator.py
[2024-11-03T01:16:27.456+0000] {processor.py:829} INFO - Processing file /opt/airflow/dags/customer_dim_generator.py for tasks to queue
[2024-11-03T01:16:27.457+0000] {logging_mixin.py:151} INFO - [2024-11-03T01:16:27.457+0000] {dagbag.py:539} INFO - Filling up the DagBag from /opt/airflow/dags/customer_dim_generator.py
[2024-11-03T01:16:27.800+0000] {processor.py:839} INFO - DAG(s) dict_keys(['customer_dim_generator']) retrieved from /opt/airflow/dags/customer_dim_generator.py
[2024-11-03T01:16:27.834+0000] {logging_mixin.py:151} INFO - [2024-11-03T01:16:27.834+0000] {dag.py:2915} INFO - Sync 1 DAGs
[2024-11-03T01:16:27.864+0000] {logging_mixin.py:151} INFO - [2024-11-03T01:16:27.864+0000] {dag.py:3696} INFO - Setting next_dagrun for customer_dim_generator to 2024-11-03T00:00:00+00:00, run_after=2024-11-04T00:00:00+00:00
[2024-11-03T01:16:27.887+0000] {processor.py:179} INFO - Processing /opt/airflow/dags/customer_dim_generator.py took 0.440 seconds
[2024-11-03T01:16:58.151+0000] {processor.py:157} INFO - Started process (PID=2129) to work on /opt/airflow/dags/customer_dim_generator.py
[2024-11-03T01:16:58.153+0000] {processor.py:829} INFO - Processing file /opt/airflow/dags/customer_dim_generator.py for tasks to queue
[2024-11-03T01:16:58.154+0000] {logging_mixin.py:151} INFO - [2024-11-03T01:16:58.154+0000] {dagbag.py:539} INFO - Filling up the DagBag from /opt/airflow/dags/customer_dim_generator.py
[2024-11-03T01:16:58.480+0000] {processor.py:839} INFO - DAG(s) dict_keys(['customer_dim_generator']) retrieved from /opt/airflow/dags/customer_dim_generator.py
[2024-11-03T01:16:58.511+0000] {logging_mixin.py:151} INFO - [2024-11-03T01:16:58.510+0000] {dag.py:2915} INFO - Sync 1 DAGs
[2024-11-03T01:16:58.540+0000] {logging_mixin.py:151} INFO - [2024-11-03T01:16:58.540+0000] {dag.py:3696} INFO - Setting next_dagrun for customer_dim_generator to 2024-11-03T00:00:00+00:00, run_after=2024-11-04T00:00:00+00:00
[2024-11-03T01:16:58.568+0000] {processor.py:179} INFO - Processing /opt/airflow/dags/customer_dim_generator.py took 0.421 seconds
[2024-11-03T01:17:28.841+0000] {processor.py:157} INFO - Started process (PID=2179) to work on /opt/airflow/dags/customer_dim_generator.py
[2024-11-03T01:17:28.843+0000] {processor.py:829} INFO - Processing file /opt/airflow/dags/customer_dim_generator.py for tasks to queue
[2024-11-03T01:17:28.844+0000] {logging_mixin.py:151} INFO - [2024-11-03T01:17:28.844+0000] {dagbag.py:539} INFO - Filling up the DagBag from /opt/airflow/dags/customer_dim_generator.py
[2024-11-03T01:17:29.205+0000] {processor.py:839} INFO - DAG(s) dict_keys(['customer_dim_generator']) retrieved from /opt/airflow/dags/customer_dim_generator.py
[2024-11-03T01:17:29.241+0000] {logging_mixin.py:151} INFO - [2024-11-03T01:17:29.240+0000] {dag.py:2915} INFO - Sync 1 DAGs
[2024-11-03T01:17:29.270+0000] {logging_mixin.py:151} INFO - [2024-11-03T01:17:29.270+0000] {dag.py:3696} INFO - Setting next_dagrun for customer_dim_generator to 2024-11-03T00:00:00+00:00, run_after=2024-11-04T00:00:00+00:00
[2024-11-03T01:17:29.292+0000] {processor.py:179} INFO - Processing /opt/airflow/dags/customer_dim_generator.py took 0.455 seconds
[2024-11-03T01:17:59.666+0000] {processor.py:157} INFO - Started process (PID=2233) to work on /opt/airflow/dags/customer_dim_generator.py
[2024-11-03T01:17:59.668+0000] {processor.py:829} INFO - Processing file /opt/airflow/dags/customer_dim_generator.py for tasks to queue
[2024-11-03T01:17:59.669+0000] {logging_mixin.py:151} INFO - [2024-11-03T01:17:59.668+0000] {dagbag.py:539} INFO - Filling up the DagBag from /opt/airflow/dags/customer_dim_generator.py
[2024-11-03T01:17:59.968+0000] {processor.py:839} INFO - DAG(s) dict_keys(['customer_dim_generator']) retrieved from /opt/airflow/dags/customer_dim_generator.py
[2024-11-03T01:17:59.993+0000] {logging_mixin.py:151} INFO - [2024-11-03T01:17:59.993+0000] {dag.py:2915} INFO - Sync 1 DAGs
[2024-11-03T01:18:00.016+0000] {logging_mixin.py:151} INFO - [2024-11-03T01:18:00.016+0000] {dag.py:3696} INFO - Setting next_dagrun for customer_dim_generator to 2024-11-03T00:00:00+00:00, run_after=2024-11-04T00:00:00+00:00
[2024-11-03T01:18:00.040+0000] {processor.py:179} INFO - Processing /opt/airflow/dags/customer_dim_generator.py took 0.379 seconds
[2024-11-03T01:18:30.294+0000] {processor.py:157} INFO - Started process (PID=2280) to work on /opt/airflow/dags/customer_dim_generator.py
[2024-11-03T01:18:30.296+0000] {processor.py:829} INFO - Processing file /opt/airflow/dags/customer_dim_generator.py for tasks to queue
[2024-11-03T01:18:30.297+0000] {logging_mixin.py:151} INFO - [2024-11-03T01:18:30.297+0000] {dagbag.py:539} INFO - Filling up the DagBag from /opt/airflow/dags/customer_dim_generator.py
[2024-11-03T01:18:30.620+0000] {processor.py:839} INFO - DAG(s) dict_keys(['customer_dim_generator']) retrieved from /opt/airflow/dags/customer_dim_generator.py
[2024-11-03T01:18:30.649+0000] {logging_mixin.py:151} INFO - [2024-11-03T01:18:30.649+0000] {dag.py:2915} INFO - Sync 1 DAGs
[2024-11-03T01:18:30.675+0000] {logging_mixin.py:151} INFO - [2024-11-03T01:18:30.675+0000] {dag.py:3696} INFO - Setting next_dagrun for customer_dim_generator to 2024-11-03T00:00:00+00:00, run_after=2024-11-04T00:00:00+00:00
[2024-11-03T01:18:30.696+0000] {processor.py:179} INFO - Processing /opt/airflow/dags/customer_dim_generator.py took 0.406 seconds
[2024-11-03T01:19:00.955+0000] {processor.py:157} INFO - Started process (PID=2325) to work on /opt/airflow/dags/customer_dim_generator.py
[2024-11-03T01:19:00.961+0000] {processor.py:829} INFO - Processing file /opt/airflow/dags/customer_dim_generator.py for tasks to queue
[2024-11-03T01:19:00.965+0000] {logging_mixin.py:151} INFO - [2024-11-03T01:19:00.964+0000] {dagbag.py:539} INFO - Filling up the DagBag from /opt/airflow/dags/customer_dim_generator.py
[2024-11-03T01:19:02.452+0000] {processor.py:839} INFO - DAG(s) dict_keys(['customer_dim_generator']) retrieved from /opt/airflow/dags/customer_dim_generator.py
[2024-11-03T01:19:02.617+0000] {logging_mixin.py:151} INFO - [2024-11-03T01:19:02.616+0000] {dag.py:2915} INFO - Sync 1 DAGs
[2024-11-03T01:19:02.697+0000] {logging_mixin.py:151} INFO - [2024-11-03T01:19:02.697+0000] {dag.py:3696} INFO - Setting next_dagrun for customer_dim_generator to 2024-11-03T00:00:00+00:00, run_after=2024-11-04T00:00:00+00:00
[2024-11-03T01:19:02.738+0000] {processor.py:179} INFO - Processing /opt/airflow/dags/customer_dim_generator.py took 1.798 seconds
[2024-11-03T01:19:33.208+0000] {processor.py:157} INFO - Started process (PID=2381) to work on /opt/airflow/dags/customer_dim_generator.py
[2024-11-03T01:19:33.210+0000] {processor.py:829} INFO - Processing file /opt/airflow/dags/customer_dim_generator.py for tasks to queue
[2024-11-03T01:19:33.211+0000] {logging_mixin.py:151} INFO - [2024-11-03T01:19:33.211+0000] {dagbag.py:539} INFO - Filling up the DagBag from /opt/airflow/dags/customer_dim_generator.py
[2024-11-03T01:19:33.654+0000] {processor.py:839} INFO - DAG(s) dict_keys(['customer_dim_generator']) retrieved from /opt/airflow/dags/customer_dim_generator.py
[2024-11-03T01:19:33.692+0000] {logging_mixin.py:151} INFO - [2024-11-03T01:19:33.692+0000] {dag.py:2915} INFO - Sync 1 DAGs
[2024-11-03T01:19:33.723+0000] {logging_mixin.py:151} INFO - [2024-11-03T01:19:33.723+0000] {dag.py:3696} INFO - Setting next_dagrun for customer_dim_generator to 2024-11-03T00:00:00+00:00, run_after=2024-11-04T00:00:00+00:00
[2024-11-03T01:19:33.747+0000] {processor.py:179} INFO - Processing /opt/airflow/dags/customer_dim_generator.py took 0.544 seconds
[2024-11-03T01:20:04.641+0000] {processor.py:157} INFO - Started process (PID=2428) to work on /opt/airflow/dags/customer_dim_generator.py
[2024-11-03T01:20:04.645+0000] {processor.py:829} INFO - Processing file /opt/airflow/dags/customer_dim_generator.py for tasks to queue
[2024-11-03T01:20:04.646+0000] {logging_mixin.py:151} INFO - [2024-11-03T01:20:04.646+0000] {dagbag.py:539} INFO - Filling up the DagBag from /opt/airflow/dags/customer_dim_generator.py
[2024-11-03T01:20:05.099+0000] {processor.py:839} INFO - DAG(s) dict_keys(['customer_dim_generator']) retrieved from /opt/airflow/dags/customer_dim_generator.py
[2024-11-03T01:20:05.165+0000] {logging_mixin.py:151} INFO - [2024-11-03T01:20:05.164+0000] {dag.py:2915} INFO - Sync 1 DAGs
[2024-11-03T01:20:05.210+0000] {logging_mixin.py:151} INFO - [2024-11-03T01:20:05.209+0000] {dag.py:3696} INFO - Setting next_dagrun for customer_dim_generator to 2024-11-03T00:00:00+00:00, run_after=2024-11-04T00:00:00+00:00
[2024-11-03T01:20:05.235+0000] {processor.py:179} INFO - Processing /opt/airflow/dags/customer_dim_generator.py took 0.599 seconds
[2024-11-03T01:20:35.890+0000] {processor.py:157} INFO - Started process (PID=2475) to work on /opt/airflow/dags/customer_dim_generator.py
[2024-11-03T01:20:35.896+0000] {processor.py:829} INFO - Processing file /opt/airflow/dags/customer_dim_generator.py for tasks to queue
[2024-11-03T01:20:35.899+0000] {logging_mixin.py:151} INFO - [2024-11-03T01:20:35.897+0000] {dagbag.py:539} INFO - Filling up the DagBag from /opt/airflow/dags/customer_dim_generator.py
[2024-11-03T01:20:36.881+0000] {processor.py:839} INFO - DAG(s) dict_keys(['customer_dim_generator']) retrieved from /opt/airflow/dags/customer_dim_generator.py
[2024-11-03T01:20:36.939+0000] {logging_mixin.py:151} INFO - [2024-11-03T01:20:36.938+0000] {dag.py:2915} INFO - Sync 1 DAGs
[2024-11-03T01:20:36.995+0000] {logging_mixin.py:151} INFO - [2024-11-03T01:20:36.995+0000] {dag.py:3696} INFO - Setting next_dagrun for customer_dim_generator to 2024-11-03T00:00:00+00:00, run_after=2024-11-04T00:00:00+00:00
[2024-11-03T01:20:37.066+0000] {processor.py:179} INFO - Processing /opt/airflow/dags/customer_dim_generator.py took 1.182 seconds
[2024-11-03T01:21:07.281+0000] {processor.py:157} INFO - Started process (PID=2522) to work on /opt/airflow/dags/customer_dim_generator.py
[2024-11-03T01:21:07.284+0000] {processor.py:829} INFO - Processing file /opt/airflow/dags/customer_dim_generator.py for tasks to queue
[2024-11-03T01:21:07.285+0000] {logging_mixin.py:151} INFO - [2024-11-03T01:21:07.285+0000] {dagbag.py:539} INFO - Filling up the DagBag from /opt/airflow/dags/customer_dim_generator.py
[2024-11-03T01:21:07.752+0000] {processor.py:839} INFO - DAG(s) dict_keys(['customer_dim_generator']) retrieved from /opt/airflow/dags/customer_dim_generator.py
[2024-11-03T01:21:07.813+0000] {logging_mixin.py:151} INFO - [2024-11-03T01:21:07.812+0000] {dag.py:2915} INFO - Sync 1 DAGs
[2024-11-03T01:21:07.858+0000] {logging_mixin.py:151} INFO - [2024-11-03T01:21:07.858+0000] {dag.py:3696} INFO - Setting next_dagrun for customer_dim_generator to 2024-11-03T00:00:00+00:00, run_after=2024-11-04T00:00:00+00:00
[2024-11-03T01:21:07.900+0000] {processor.py:179} INFO - Processing /opt/airflow/dags/customer_dim_generator.py took 0.624 seconds
[2024-11-03T01:21:38.449+0000] {processor.py:157} INFO - Started process (PID=2569) to work on /opt/airflow/dags/customer_dim_generator.py
[2024-11-03T01:21:38.453+0000] {processor.py:829} INFO - Processing file /opt/airflow/dags/customer_dim_generator.py for tasks to queue
[2024-11-03T01:21:38.455+0000] {logging_mixin.py:151} INFO - [2024-11-03T01:21:38.455+0000] {dagbag.py:539} INFO - Filling up the DagBag from /opt/airflow/dags/customer_dim_generator.py
[2024-11-03T01:21:38.967+0000] {processor.py:839} INFO - DAG(s) dict_keys(['customer_dim_generator']) retrieved from /opt/airflow/dags/customer_dim_generator.py
[2024-11-03T01:21:39.016+0000] {logging_mixin.py:151} INFO - [2024-11-03T01:21:39.015+0000] {dag.py:2915} INFO - Sync 1 DAGs
[2024-11-03T01:21:39.060+0000] {logging_mixin.py:151} INFO - [2024-11-03T01:21:39.060+0000] {dag.py:3696} INFO - Setting next_dagrun for customer_dim_generator to 2024-11-03T00:00:00+00:00, run_after=2024-11-04T00:00:00+00:00
[2024-11-03T01:21:39.095+0000] {processor.py:179} INFO - Processing /opt/airflow/dags/customer_dim_generator.py took 0.652 seconds
[2024-11-03T01:22:09.659+0000] {processor.py:157} INFO - Started process (PID=2616) to work on /opt/airflow/dags/customer_dim_generator.py
[2024-11-03T01:22:09.663+0000] {processor.py:829} INFO - Processing file /opt/airflow/dags/customer_dim_generator.py for tasks to queue
[2024-11-03T01:22:09.664+0000] {logging_mixin.py:151} INFO - [2024-11-03T01:22:09.664+0000] {dagbag.py:539} INFO - Filling up the DagBag from /opt/airflow/dags/customer_dim_generator.py
[2024-11-03T01:22:10.204+0000] {processor.py:839} INFO - DAG(s) dict_keys(['customer_dim_generator']) retrieved from /opt/airflow/dags/customer_dim_generator.py
[2024-11-03T01:22:10.253+0000] {logging_mixin.py:151} INFO - [2024-11-03T01:22:10.252+0000] {dag.py:2915} INFO - Sync 1 DAGs
[2024-11-03T01:22:10.292+0000] {logging_mixin.py:151} INFO - [2024-11-03T01:22:10.292+0000] {dag.py:3696} INFO - Setting next_dagrun for customer_dim_generator to 2024-11-03T00:00:00+00:00, run_after=2024-11-04T00:00:00+00:00
[2024-11-03T01:22:10.331+0000] {processor.py:179} INFO - Processing /opt/airflow/dags/customer_dim_generator.py took 0.677 seconds
[2024-11-03T01:22:41.117+0000] {processor.py:157} INFO - Started process (PID=2663) to work on /opt/airflow/dags/customer_dim_generator.py
[2024-11-03T01:22:41.120+0000] {processor.py:829} INFO - Processing file /opt/airflow/dags/customer_dim_generator.py for tasks to queue
[2024-11-03T01:22:41.122+0000] {logging_mixin.py:151} INFO - [2024-11-03T01:22:41.121+0000] {dagbag.py:539} INFO - Filling up the DagBag from /opt/airflow/dags/customer_dim_generator.py
[2024-11-03T01:22:41.608+0000] {processor.py:839} INFO - DAG(s) dict_keys(['customer_dim_generator']) retrieved from /opt/airflow/dags/customer_dim_generator.py
[2024-11-03T01:22:41.673+0000] {logging_mixin.py:151} INFO - [2024-11-03T01:22:41.672+0000] {dag.py:2915} INFO - Sync 1 DAGs
[2024-11-03T01:22:41.722+0000] {logging_mixin.py:151} INFO - [2024-11-03T01:22:41.722+0000] {dag.py:3696} INFO - Setting next_dagrun for customer_dim_generator to 2024-11-03T00:00:00+00:00, run_after=2024-11-04T00:00:00+00:00
[2024-11-03T01:22:41.753+0000] {processor.py:179} INFO - Processing /opt/airflow/dags/customer_dim_generator.py took 0.643 seconds
[2024-11-03T01:23:12.664+0000] {processor.py:157} INFO - Started process (PID=2710) to work on /opt/airflow/dags/customer_dim_generator.py
[2024-11-03T01:23:12.668+0000] {processor.py:829} INFO - Processing file /opt/airflow/dags/customer_dim_generator.py for tasks to queue
[2024-11-03T01:23:12.671+0000] {logging_mixin.py:151} INFO - [2024-11-03T01:23:12.670+0000] {dagbag.py:539} INFO - Filling up the DagBag from /opt/airflow/dags/customer_dim_generator.py
[2024-11-03T01:23:13.103+0000] {processor.py:839} INFO - DAG(s) dict_keys(['customer_dim_generator']) retrieved from /opt/airflow/dags/customer_dim_generator.py
[2024-11-03T01:23:13.169+0000] {logging_mixin.py:151} INFO - [2024-11-03T01:23:13.168+0000] {dag.py:2915} INFO - Sync 1 DAGs
[2024-11-03T01:23:13.283+0000] {logging_mixin.py:151} INFO - [2024-11-03T01:23:13.282+0000] {dag.py:3696} INFO - Setting next_dagrun for customer_dim_generator to 2024-11-03T00:00:00+00:00, run_after=2024-11-04T00:00:00+00:00
[2024-11-03T01:23:13.324+0000] {processor.py:179} INFO - Processing /opt/airflow/dags/customer_dim_generator.py took 0.665 seconds
[2024-11-03T01:23:43.764+0000] {processor.py:157} INFO - Started process (PID=2757) to work on /opt/airflow/dags/customer_dim_generator.py
[2024-11-03T01:23:43.767+0000] {processor.py:829} INFO - Processing file /opt/airflow/dags/customer_dim_generator.py for tasks to queue
[2024-11-03T01:23:43.769+0000] {logging_mixin.py:151} INFO - [2024-11-03T01:23:43.768+0000] {dagbag.py:539} INFO - Filling up the DagBag from /opt/airflow/dags/customer_dim_generator.py
[2024-11-03T01:23:44.132+0000] {processor.py:839} INFO - DAG(s) dict_keys(['customer_dim_generator']) retrieved from /opt/airflow/dags/customer_dim_generator.py
[2024-11-03T01:23:44.174+0000] {logging_mixin.py:151} INFO - [2024-11-03T01:23:44.173+0000] {dag.py:2915} INFO - Sync 1 DAGs
[2024-11-03T01:23:44.203+0000] {logging_mixin.py:151} INFO - [2024-11-03T01:23:44.203+0000] {dag.py:3696} INFO - Setting next_dagrun for customer_dim_generator to 2024-11-03T00:00:00+00:00, run_after=2024-11-04T00:00:00+00:00
[2024-11-03T01:23:44.230+0000] {processor.py:179} INFO - Processing /opt/airflow/dags/customer_dim_generator.py took 0.471 seconds
[2024-11-03T01:24:14.711+0000] {processor.py:157} INFO - Started process (PID=2809) to work on /opt/airflow/dags/customer_dim_generator.py
[2024-11-03T01:24:14.713+0000] {processor.py:829} INFO - Processing file /opt/airflow/dags/customer_dim_generator.py for tasks to queue
[2024-11-03T01:24:14.714+0000] {logging_mixin.py:151} INFO - [2024-11-03T01:24:14.714+0000] {dagbag.py:539} INFO - Filling up the DagBag from /opt/airflow/dags/customer_dim_generator.py
[2024-11-03T01:24:15.131+0000] {processor.py:839} INFO - DAG(s) dict_keys(['customer_dim_generator']) retrieved from /opt/airflow/dags/customer_dim_generator.py
[2024-11-03T01:24:15.195+0000] {logging_mixin.py:151} INFO - [2024-11-03T01:24:15.194+0000] {dag.py:2915} INFO - Sync 1 DAGs
[2024-11-03T01:24:15.249+0000] {logging_mixin.py:151} INFO - [2024-11-03T01:24:15.248+0000] {dag.py:3696} INFO - Setting next_dagrun for customer_dim_generator to 2024-11-03T00:00:00+00:00, run_after=2024-11-04T00:00:00+00:00
[2024-11-03T01:24:15.317+0000] {processor.py:179} INFO - Processing /opt/airflow/dags/customer_dim_generator.py took 0.611 seconds
[2024-11-03T01:24:45.373+0000] {processor.py:157} INFO - Started process (PID=2868) to work on /opt/airflow/dags/customer_dim_generator.py
[2024-11-03T01:24:45.380+0000] {processor.py:829} INFO - Processing file /opt/airflow/dags/customer_dim_generator.py for tasks to queue
[2024-11-03T01:24:45.382+0000] {logging_mixin.py:151} INFO - [2024-11-03T01:24:45.381+0000] {dagbag.py:539} INFO - Filling up the DagBag from /opt/airflow/dags/customer_dim_generator.py
[2024-11-03T01:24:45.912+0000] {processor.py:839} INFO - DAG(s) dict_keys(['customer_dim_generator']) retrieved from /opt/airflow/dags/customer_dim_generator.py
[2024-11-03T01:24:45.953+0000] {logging_mixin.py:151} INFO - [2024-11-03T01:24:45.953+0000] {dag.py:2915} INFO - Sync 1 DAGs
[2024-11-03T01:24:45.991+0000] {logging_mixin.py:151} INFO - [2024-11-03T01:24:45.991+0000] {dag.py:3696} INFO - Setting next_dagrun for customer_dim_generator to 2024-11-03T00:00:00+00:00, run_after=2024-11-04T00:00:00+00:00
[2024-11-03T01:24:46.018+0000] {processor.py:179} INFO - Processing /opt/airflow/dags/customer_dim_generator.py took 0.654 seconds
[2024-11-03T01:25:16.256+0000] {processor.py:157} INFO - Started process (PID=2915) to work on /opt/airflow/dags/customer_dim_generator.py
[2024-11-03T01:25:16.258+0000] {processor.py:829} INFO - Processing file /opt/airflow/dags/customer_dim_generator.py for tasks to queue
[2024-11-03T01:25:16.259+0000] {logging_mixin.py:151} INFO - [2024-11-03T01:25:16.259+0000] {dagbag.py:539} INFO - Filling up the DagBag from /opt/airflow/dags/customer_dim_generator.py
[2024-11-03T01:25:16.649+0000] {processor.py:839} INFO - DAG(s) dict_keys(['customer_dim_generator']) retrieved from /opt/airflow/dags/customer_dim_generator.py
[2024-11-03T01:25:16.721+0000] {logging_mixin.py:151} INFO - [2024-11-03T01:25:16.720+0000] {dag.py:2915} INFO - Sync 1 DAGs
[2024-11-03T01:25:16.755+0000] {logging_mixin.py:151} INFO - [2024-11-03T01:25:16.755+0000] {dag.py:3696} INFO - Setting next_dagrun for customer_dim_generator to 2024-11-03T00:00:00+00:00, run_after=2024-11-04T00:00:00+00:00
[2024-11-03T01:25:16.787+0000] {processor.py:179} INFO - Processing /opt/airflow/dags/customer_dim_generator.py took 0.536 seconds
[2024-11-03T01:25:47.664+0000] {processor.py:157} INFO - Started process (PID=2962) to work on /opt/airflow/dags/customer_dim_generator.py
[2024-11-03T01:25:47.667+0000] {processor.py:829} INFO - Processing file /opt/airflow/dags/customer_dim_generator.py for tasks to queue
[2024-11-03T01:25:47.668+0000] {logging_mixin.py:151} INFO - [2024-11-03T01:25:47.668+0000] {dagbag.py:539} INFO - Filling up the DagBag from /opt/airflow/dags/customer_dim_generator.py
[2024-11-03T01:25:48.100+0000] {processor.py:839} INFO - DAG(s) dict_keys(['customer_dim_generator']) retrieved from /opt/airflow/dags/customer_dim_generator.py
[2024-11-03T01:25:48.139+0000] {logging_mixin.py:151} INFO - [2024-11-03T01:25:48.138+0000] {dag.py:2915} INFO - Sync 1 DAGs
[2024-11-03T01:25:48.168+0000] {logging_mixin.py:151} INFO - [2024-11-03T01:25:48.167+0000] {dag.py:3696} INFO - Setting next_dagrun for customer_dim_generator to 2024-11-03T00:00:00+00:00, run_after=2024-11-04T00:00:00+00:00
[2024-11-03T01:25:48.200+0000] {processor.py:179} INFO - Processing /opt/airflow/dags/customer_dim_generator.py took 0.541 seconds
[2024-11-03T01:26:18.613+0000] {processor.py:157} INFO - Started process (PID=3009) to work on /opt/airflow/dags/customer_dim_generator.py
[2024-11-03T01:26:18.616+0000] {processor.py:829} INFO - Processing file /opt/airflow/dags/customer_dim_generator.py for tasks to queue
[2024-11-03T01:26:18.620+0000] {logging_mixin.py:151} INFO - [2024-11-03T01:26:18.619+0000] {dagbag.py:539} INFO - Filling up the DagBag from /opt/airflow/dags/customer_dim_generator.py
[2024-11-03T01:26:19.174+0000] {processor.py:839} INFO - DAG(s) dict_keys(['customer_dim_generator']) retrieved from /opt/airflow/dags/customer_dim_generator.py
[2024-11-03T01:26:19.237+0000] {logging_mixin.py:151} INFO - [2024-11-03T01:26:19.235+0000] {dag.py:2915} INFO - Sync 1 DAGs
[2024-11-03T01:26:19.290+0000] {logging_mixin.py:151} INFO - [2024-11-03T01:26:19.290+0000] {dag.py:3696} INFO - Setting next_dagrun for customer_dim_generator to 2024-11-03T00:00:00+00:00, run_after=2024-11-04T00:00:00+00:00
[2024-11-03T01:26:19.319+0000] {processor.py:179} INFO - Processing /opt/airflow/dags/customer_dim_generator.py took 0.716 seconds
[2024-11-03T01:26:49.759+0000] {processor.py:157} INFO - Started process (PID=3056) to work on /opt/airflow/dags/customer_dim_generator.py
[2024-11-03T01:26:49.761+0000] {processor.py:829} INFO - Processing file /opt/airflow/dags/customer_dim_generator.py for tasks to queue
[2024-11-03T01:26:49.762+0000] {logging_mixin.py:151} INFO - [2024-11-03T01:26:49.762+0000] {dagbag.py:539} INFO - Filling up the DagBag from /opt/airflow/dags/customer_dim_generator.py
[2024-11-03T01:26:50.143+0000] {processor.py:839} INFO - DAG(s) dict_keys(['customer_dim_generator']) retrieved from /opt/airflow/dags/customer_dim_generator.py
[2024-11-03T01:26:50.176+0000] {logging_mixin.py:151} INFO - [2024-11-03T01:26:50.175+0000] {dag.py:2915} INFO - Sync 1 DAGs
[2024-11-03T01:26:50.203+0000] {logging_mixin.py:151} INFO - [2024-11-03T01:26:50.203+0000] {dag.py:3696} INFO - Setting next_dagrun for customer_dim_generator to 2024-11-03T00:00:00+00:00, run_after=2024-11-04T00:00:00+00:00
[2024-11-03T01:26:50.227+0000] {processor.py:179} INFO - Processing /opt/airflow/dags/customer_dim_generator.py took 0.473 seconds
[2024-11-03T01:27:21.041+0000] {processor.py:157} INFO - Started process (PID=3103) to work on /opt/airflow/dags/customer_dim_generator.py
[2024-11-03T01:27:21.045+0000] {processor.py:829} INFO - Processing file /opt/airflow/dags/customer_dim_generator.py for tasks to queue
[2024-11-03T01:27:21.047+0000] {logging_mixin.py:151} INFO - [2024-11-03T01:27:21.047+0000] {dagbag.py:539} INFO - Filling up the DagBag from /opt/airflow/dags/customer_dim_generator.py
[2024-11-03T01:27:21.377+0000] {processor.py:839} INFO - DAG(s) dict_keys(['customer_dim_generator']) retrieved from /opt/airflow/dags/customer_dim_generator.py
[2024-11-03T01:27:21.412+0000] {logging_mixin.py:151} INFO - [2024-11-03T01:27:21.411+0000] {dag.py:2915} INFO - Sync 1 DAGs
[2024-11-03T01:27:21.444+0000] {logging_mixin.py:151} INFO - [2024-11-03T01:27:21.443+0000] {dag.py:3696} INFO - Setting next_dagrun for customer_dim_generator to 2024-11-03T00:00:00+00:00, run_after=2024-11-04T00:00:00+00:00
[2024-11-03T01:27:21.467+0000] {processor.py:179} INFO - Processing /opt/airflow/dags/customer_dim_generator.py took 0.431 seconds
[2024-11-03T01:27:51.874+0000] {processor.py:157} INFO - Started process (PID=3150) to work on /opt/airflow/dags/customer_dim_generator.py
[2024-11-03T01:27:51.879+0000] {processor.py:829} INFO - Processing file /opt/airflow/dags/customer_dim_generator.py for tasks to queue
[2024-11-03T01:27:51.880+0000] {logging_mixin.py:151} INFO - [2024-11-03T01:27:51.880+0000] {dagbag.py:539} INFO - Filling up the DagBag from /opt/airflow/dags/customer_dim_generator.py
[2024-11-03T01:27:52.211+0000] {processor.py:839} INFO - DAG(s) dict_keys(['customer_dim_generator']) retrieved from /opt/airflow/dags/customer_dim_generator.py
[2024-11-03T01:27:52.243+0000] {logging_mixin.py:151} INFO - [2024-11-03T01:27:52.243+0000] {dag.py:2915} INFO - Sync 1 DAGs
[2024-11-03T01:27:52.269+0000] {logging_mixin.py:151} INFO - [2024-11-03T01:27:52.269+0000] {dag.py:3696} INFO - Setting next_dagrun for customer_dim_generator to 2024-11-03T00:00:00+00:00, run_after=2024-11-04T00:00:00+00:00
[2024-11-03T01:27:52.293+0000] {processor.py:179} INFO - Processing /opt/airflow/dags/customer_dim_generator.py took 0.424 seconds
[2024-11-03T01:28:23.195+0000] {processor.py:157} INFO - Started process (PID=3197) to work on /opt/airflow/dags/customer_dim_generator.py
[2024-11-03T01:28:23.197+0000] {processor.py:829} INFO - Processing file /opt/airflow/dags/customer_dim_generator.py for tasks to queue
[2024-11-03T01:28:23.198+0000] {logging_mixin.py:151} INFO - [2024-11-03T01:28:23.198+0000] {dagbag.py:539} INFO - Filling up the DagBag from /opt/airflow/dags/customer_dim_generator.py
[2024-11-03T01:28:23.539+0000] {processor.py:839} INFO - DAG(s) dict_keys(['customer_dim_generator']) retrieved from /opt/airflow/dags/customer_dim_generator.py
[2024-11-03T01:28:23.571+0000] {logging_mixin.py:151} INFO - [2024-11-03T01:28:23.570+0000] {dag.py:2915} INFO - Sync 1 DAGs
[2024-11-03T01:28:23.599+0000] {logging_mixin.py:151} INFO - [2024-11-03T01:28:23.599+0000] {dag.py:3696} INFO - Setting next_dagrun for customer_dim_generator to 2024-11-03T00:00:00+00:00, run_after=2024-11-04T00:00:00+00:00
[2024-11-03T01:28:23.624+0000] {processor.py:179} INFO - Processing /opt/airflow/dags/customer_dim_generator.py took 0.433 seconds
[2024-11-03T01:28:54.466+0000] {processor.py:157} INFO - Started process (PID=3244) to work on /opt/airflow/dags/customer_dim_generator.py
[2024-11-03T01:28:54.468+0000] {processor.py:829} INFO - Processing file /opt/airflow/dags/customer_dim_generator.py for tasks to queue
[2024-11-03T01:28:54.469+0000] {logging_mixin.py:151} INFO - [2024-11-03T01:28:54.469+0000] {dagbag.py:539} INFO - Filling up the DagBag from /opt/airflow/dags/customer_dim_generator.py
[2024-11-03T01:28:54.810+0000] {processor.py:839} INFO - DAG(s) dict_keys(['customer_dim_generator']) retrieved from /opt/airflow/dags/customer_dim_generator.py
[2024-11-03T01:28:54.841+0000] {logging_mixin.py:151} INFO - [2024-11-03T01:28:54.839+0000] {dag.py:2915} INFO - Sync 1 DAGs
[2024-11-03T01:28:54.868+0000] {logging_mixin.py:151} INFO - [2024-11-03T01:28:54.868+0000] {dag.py:3696} INFO - Setting next_dagrun for customer_dim_generator to 2024-11-03T00:00:00+00:00, run_after=2024-11-04T00:00:00+00:00
[2024-11-03T01:28:54.895+0000] {processor.py:179} INFO - Processing /opt/airflow/dags/customer_dim_generator.py took 0.434 seconds
[2024-11-03T01:29:25.744+0000] {processor.py:157} INFO - Started process (PID=3291) to work on /opt/airflow/dags/customer_dim_generator.py
[2024-11-03T01:29:25.748+0000] {processor.py:829} INFO - Processing file /opt/airflow/dags/customer_dim_generator.py for tasks to queue
[2024-11-03T01:29:25.749+0000] {logging_mixin.py:151} INFO - [2024-11-03T01:29:25.749+0000] {dagbag.py:539} INFO - Filling up the DagBag from /opt/airflow/dags/customer_dim_generator.py
[2024-11-03T01:29:26.076+0000] {processor.py:839} INFO - DAG(s) dict_keys(['customer_dim_generator']) retrieved from /opt/airflow/dags/customer_dim_generator.py
[2024-11-03T01:29:26.105+0000] {logging_mixin.py:151} INFO - [2024-11-03T01:29:26.104+0000] {dag.py:2915} INFO - Sync 1 DAGs
[2024-11-03T01:29:26.131+0000] {logging_mixin.py:151} INFO - [2024-11-03T01:29:26.131+0000] {dag.py:3696} INFO - Setting next_dagrun for customer_dim_generator to 2024-11-03T00:00:00+00:00, run_after=2024-11-04T00:00:00+00:00
[2024-11-03T01:29:26.154+0000] {processor.py:179} INFO - Processing /opt/airflow/dags/customer_dim_generator.py took 0.416 seconds
[2024-11-03T01:29:56.993+0000] {processor.py:157} INFO - Started process (PID=3338) to work on /opt/airflow/dags/customer_dim_generator.py
[2024-11-03T01:29:56.995+0000] {processor.py:829} INFO - Processing file /opt/airflow/dags/customer_dim_generator.py for tasks to queue
[2024-11-03T01:29:56.996+0000] {logging_mixin.py:151} INFO - [2024-11-03T01:29:56.996+0000] {dagbag.py:539} INFO - Filling up the DagBag from /opt/airflow/dags/customer_dim_generator.py
[2024-11-03T01:29:57.323+0000] {processor.py:839} INFO - DAG(s) dict_keys(['customer_dim_generator']) retrieved from /opt/airflow/dags/customer_dim_generator.py
[2024-11-03T01:29:57.355+0000] {logging_mixin.py:151} INFO - [2024-11-03T01:29:57.354+0000] {dag.py:2915} INFO - Sync 1 DAGs
[2024-11-03T01:29:57.381+0000] {logging_mixin.py:151} INFO - [2024-11-03T01:29:57.381+0000] {dag.py:3696} INFO - Setting next_dagrun for customer_dim_generator to 2024-11-03T00:00:00+00:00, run_after=2024-11-04T00:00:00+00:00
[2024-11-03T01:29:57.406+0000] {processor.py:179} INFO - Processing /opt/airflow/dags/customer_dim_generator.py took 0.418 seconds
[2024-11-03T01:30:28.371+0000] {processor.py:157} INFO - Started process (PID=3385) to work on /opt/airflow/dags/customer_dim_generator.py
[2024-11-03T01:30:28.379+0000] {processor.py:829} INFO - Processing file /opt/airflow/dags/customer_dim_generator.py for tasks to queue
[2024-11-03T01:30:28.380+0000] {logging_mixin.py:151} INFO - [2024-11-03T01:30:28.379+0000] {dagbag.py:539} INFO - Filling up the DagBag from /opt/airflow/dags/customer_dim_generator.py
[2024-11-03T01:30:28.773+0000] {processor.py:839} INFO - DAG(s) dict_keys(['customer_dim_generator']) retrieved from /opt/airflow/dags/customer_dim_generator.py
[2024-11-03T01:30:28.831+0000] {logging_mixin.py:151} INFO - [2024-11-03T01:30:28.831+0000] {dag.py:2915} INFO - Sync 1 DAGs
[2024-11-03T01:30:28.875+0000] {logging_mixin.py:151} INFO - [2024-11-03T01:30:28.874+0000] {dag.py:3696} INFO - Setting next_dagrun for customer_dim_generator to 2024-11-03T00:00:00+00:00, run_after=2024-11-04T00:00:00+00:00
[2024-11-03T01:30:28.896+0000] {processor.py:179} INFO - Processing /opt/airflow/dags/customer_dim_generator.py took 0.530 seconds
[2024-11-03T01:30:59.367+0000] {processor.py:157} INFO - Started process (PID=3432) to work on /opt/airflow/dags/customer_dim_generator.py
[2024-11-03T01:30:59.374+0000] {processor.py:829} INFO - Processing file /opt/airflow/dags/customer_dim_generator.py for tasks to queue
[2024-11-03T01:30:59.376+0000] {logging_mixin.py:151} INFO - [2024-11-03T01:30:59.375+0000] {dagbag.py:539} INFO - Filling up the DagBag from /opt/airflow/dags/customer_dim_generator.py
[2024-11-03T01:30:59.762+0000] {processor.py:839} INFO - DAG(s) dict_keys(['customer_dim_generator']) retrieved from /opt/airflow/dags/customer_dim_generator.py
[2024-11-03T01:30:59.799+0000] {logging_mixin.py:151} INFO - [2024-11-03T01:30:59.797+0000] {dag.py:2915} INFO - Sync 1 DAGs
[2024-11-03T01:30:59.829+0000] {logging_mixin.py:151} INFO - [2024-11-03T01:30:59.829+0000] {dag.py:3696} INFO - Setting next_dagrun for customer_dim_generator to 2024-11-03T00:00:00+00:00, run_after=2024-11-04T00:00:00+00:00
[2024-11-03T01:30:59.856+0000] {processor.py:179} INFO - Processing /opt/airflow/dags/customer_dim_generator.py took 0.495 seconds
[2024-11-03T01:31:30.372+0000] {processor.py:157} INFO - Started process (PID=3479) to work on /opt/airflow/dags/customer_dim_generator.py
[2024-11-03T01:31:30.379+0000] {processor.py:829} INFO - Processing file /opt/airflow/dags/customer_dim_generator.py for tasks to queue
[2024-11-03T01:31:30.380+0000] {logging_mixin.py:151} INFO - [2024-11-03T01:31:30.379+0000] {dagbag.py:539} INFO - Filling up the DagBag from /opt/airflow/dags/customer_dim_generator.py
[2024-11-03T01:31:30.736+0000] {processor.py:839} INFO - DAG(s) dict_keys(['customer_dim_generator']) retrieved from /opt/airflow/dags/customer_dim_generator.py
[2024-11-03T01:31:30.817+0000] {logging_mixin.py:151} INFO - [2024-11-03T01:31:30.816+0000] {dag.py:2915} INFO - Sync 1 DAGs
[2024-11-03T01:31:30.864+0000] {logging_mixin.py:151} INFO - [2024-11-03T01:31:30.864+0000] {dag.py:3696} INFO - Setting next_dagrun for customer_dim_generator to 2024-11-03T00:00:00+00:00, run_after=2024-11-04T00:00:00+00:00
[2024-11-03T01:31:30.895+0000] {processor.py:179} INFO - Processing /opt/airflow/dags/customer_dim_generator.py took 0.527 seconds
[2024-11-03T01:32:01.204+0000] {processor.py:157} INFO - Started process (PID=3526) to work on /opt/airflow/dags/customer_dim_generator.py
[2024-11-03T01:32:01.209+0000] {processor.py:829} INFO - Processing file /opt/airflow/dags/customer_dim_generator.py for tasks to queue
[2024-11-03T01:32:01.211+0000] {logging_mixin.py:151} INFO - [2024-11-03T01:32:01.210+0000] {dagbag.py:539} INFO - Filling up the DagBag from /opt/airflow/dags/customer_dim_generator.py
[2024-11-03T01:32:01.803+0000] {processor.py:839} INFO - DAG(s) dict_keys(['customer_dim_generator']) retrieved from /opt/airflow/dags/customer_dim_generator.py
[2024-11-03T01:32:01.857+0000] {logging_mixin.py:151} INFO - [2024-11-03T01:32:01.856+0000] {dag.py:2915} INFO - Sync 1 DAGs
[2024-11-03T01:32:01.898+0000] {logging_mixin.py:151} INFO - [2024-11-03T01:32:01.897+0000] {dag.py:3696} INFO - Setting next_dagrun for customer_dim_generator to 2024-11-03T00:00:00+00:00, run_after=2024-11-04T00:00:00+00:00
[2024-11-03T01:32:01.952+0000] {processor.py:179} INFO - Processing /opt/airflow/dags/customer_dim_generator.py took 0.755 seconds
[2024-11-03T01:32:32.813+0000] {processor.py:157} INFO - Started process (PID=3573) to work on /opt/airflow/dags/customer_dim_generator.py
[2024-11-03T01:32:32.816+0000] {processor.py:829} INFO - Processing file /opt/airflow/dags/customer_dim_generator.py for tasks to queue
[2024-11-03T01:32:32.818+0000] {logging_mixin.py:151} INFO - [2024-11-03T01:32:32.817+0000] {dagbag.py:539} INFO - Filling up the DagBag from /opt/airflow/dags/customer_dim_generator.py
[2024-11-03T01:32:33.260+0000] {processor.py:839} INFO - DAG(s) dict_keys(['customer_dim_generator']) retrieved from /opt/airflow/dags/customer_dim_generator.py
[2024-11-03T01:32:33.298+0000] {logging_mixin.py:151} INFO - [2024-11-03T01:32:33.297+0000] {dag.py:2915} INFO - Sync 1 DAGs
[2024-11-03T01:32:33.331+0000] {logging_mixin.py:151} INFO - [2024-11-03T01:32:33.331+0000] {dag.py:3696} INFO - Setting next_dagrun for customer_dim_generator to 2024-11-03T00:00:00+00:00, run_after=2024-11-04T00:00:00+00:00
[2024-11-03T01:32:33.358+0000] {processor.py:179} INFO - Processing /opt/airflow/dags/customer_dim_generator.py took 0.550 seconds
[2024-11-03T01:33:03.428+0000] {processor.py:157} INFO - Started process (PID=3620) to work on /opt/airflow/dags/customer_dim_generator.py
[2024-11-03T01:33:03.431+0000] {processor.py:829} INFO - Processing file /opt/airflow/dags/customer_dim_generator.py for tasks to queue
[2024-11-03T01:33:03.432+0000] {logging_mixin.py:151} INFO - [2024-11-03T01:33:03.432+0000] {dagbag.py:539} INFO - Filling up the DagBag from /opt/airflow/dags/customer_dim_generator.py
[2024-11-03T01:33:03.894+0000] {processor.py:839} INFO - DAG(s) dict_keys(['customer_dim_generator']) retrieved from /opt/airflow/dags/customer_dim_generator.py
[2024-11-03T01:33:03.936+0000] {logging_mixin.py:151} INFO - [2024-11-03T01:33:03.934+0000] {dag.py:2915} INFO - Sync 1 DAGs
[2024-11-03T01:33:03.970+0000] {logging_mixin.py:151} INFO - [2024-11-03T01:33:03.970+0000] {dag.py:3696} INFO - Setting next_dagrun for customer_dim_generator to 2024-11-03T00:00:00+00:00, run_after=2024-11-04T00:00:00+00:00
[2024-11-03T01:33:03.997+0000] {processor.py:179} INFO - Processing /opt/airflow/dags/customer_dim_generator.py took 0.575 seconds
[2024-11-03T01:33:34.858+0000] {processor.py:157} INFO - Started process (PID=3667) to work on /opt/airflow/dags/customer_dim_generator.py
[2024-11-03T01:33:34.860+0000] {processor.py:829} INFO - Processing file /opt/airflow/dags/customer_dim_generator.py for tasks to queue
[2024-11-03T01:33:34.861+0000] {logging_mixin.py:151} INFO - [2024-11-03T01:33:34.861+0000] {dagbag.py:539} INFO - Filling up the DagBag from /opt/airflow/dags/customer_dim_generator.py
[2024-11-03T01:33:35.221+0000] {processor.py:839} INFO - DAG(s) dict_keys(['customer_dim_generator']) retrieved from /opt/airflow/dags/customer_dim_generator.py
[2024-11-03T01:33:35.257+0000] {logging_mixin.py:151} INFO - [2024-11-03T01:33:35.256+0000] {dag.py:2915} INFO - Sync 1 DAGs
[2024-11-03T01:33:35.286+0000] {logging_mixin.py:151} INFO - [2024-11-03T01:33:35.286+0000] {dag.py:3696} INFO - Setting next_dagrun for customer_dim_generator to 2024-11-03T00:00:00+00:00, run_after=2024-11-04T00:00:00+00:00
[2024-11-03T01:33:35.309+0000] {processor.py:179} INFO - Processing /opt/airflow/dags/customer_dim_generator.py took 0.456 seconds
[2024-11-03T01:34:06.241+0000] {processor.py:157} INFO - Started process (PID=3721) to work on /opt/airflow/dags/customer_dim_generator.py
[2024-11-03T01:34:06.244+0000] {processor.py:829} INFO - Processing file /opt/airflow/dags/customer_dim_generator.py for tasks to queue
[2024-11-03T01:34:06.246+0000] {logging_mixin.py:151} INFO - [2024-11-03T01:34:06.245+0000] {dagbag.py:539} INFO - Filling up the DagBag from /opt/airflow/dags/customer_dim_generator.py
[2024-11-03T01:34:06.716+0000] {processor.py:839} INFO - DAG(s) dict_keys(['customer_dim_generator']) retrieved from /opt/airflow/dags/customer_dim_generator.py
[2024-11-03T01:34:06.758+0000] {logging_mixin.py:151} INFO - [2024-11-03T01:34:06.758+0000] {dag.py:2915} INFO - Sync 1 DAGs
[2024-11-03T01:34:06.797+0000] {logging_mixin.py:151} INFO - [2024-11-03T01:34:06.797+0000] {dag.py:3696} INFO - Setting next_dagrun for customer_dim_generator to 2024-11-03T00:00:00+00:00, run_after=2024-11-04T00:00:00+00:00
[2024-11-03T01:34:06.836+0000] {processor.py:179} INFO - Processing /opt/airflow/dags/customer_dim_generator.py took 0.601 seconds
[2024-11-03T01:34:36.917+0000] {processor.py:157} INFO - Started process (PID=3771) to work on /opt/airflow/dags/customer_dim_generator.py
[2024-11-03T01:34:36.921+0000] {processor.py:829} INFO - Processing file /opt/airflow/dags/customer_dim_generator.py for tasks to queue
[2024-11-03T01:34:36.922+0000] {logging_mixin.py:151} INFO - [2024-11-03T01:34:36.922+0000] {dagbag.py:539} INFO - Filling up the DagBag from /opt/airflow/dags/customer_dim_generator.py
[2024-11-03T01:34:37.443+0000] {processor.py:839} INFO - DAG(s) dict_keys(['customer_dim_generator']) retrieved from /opt/airflow/dags/customer_dim_generator.py
[2024-11-03T01:34:37.494+0000] {logging_mixin.py:151} INFO - [2024-11-03T01:34:37.494+0000] {dag.py:2915} INFO - Sync 1 DAGs
[2024-11-03T01:34:37.539+0000] {logging_mixin.py:151} INFO - [2024-11-03T01:34:37.538+0000] {dag.py:3696} INFO - Setting next_dagrun for customer_dim_generator to 2024-11-03T00:00:00+00:00, run_after=2024-11-04T00:00:00+00:00
[2024-11-03T01:34:37.568+0000] {processor.py:179} INFO - Processing /opt/airflow/dags/customer_dim_generator.py took 0.657 seconds
