[2024-11-03T00:07:57.895+0000] {processor.py:157} INFO - Started process (PID=19598) to work on /opt/airflow/dags/loader_dag.py
[2024-11-03T00:07:57.900+0000] {processor.py:829} INFO - Processing file /opt/airflow/dags/loader_dag.py for tasks to queue
[2024-11-03T00:07:57.906+0000] {logging_mixin.py:151} INFO - [2024-11-03T00:07:57.904+0000] {dagbag.py:539} INFO - Filling up the DagBag from /opt/airflow/dags/loader_dag.py
[2024-11-03T00:07:58.123+0000] {processor.py:839} INFO - DAG(s) dict_keys(['dimension_batch_ingestion']) retrieved from /opt/airflow/dags/loader_dag.py
[2024-11-03T00:07:58.296+0000] {logging_mixin.py:151} INFO - [2024-11-03T00:07:58.296+0000] {dag.py:2915} INFO - Sync 1 DAGs
[2024-11-03T00:07:58.784+0000] {logging_mixin.py:151} INFO - [2024-11-03T00:07:58.669+0000] {dag.py:3696} INFO - Setting next_dagrun for dimension_batch_ingestion to 2024-11-02T00:00:00+00:00, run_after=2024-11-03T00:00:00+00:00
[2024-11-03T00:08:00.757+0000] {processor.py:179} INFO - Processing /opt/airflow/dags/loader_dag.py took 2.890 seconds
[2024-11-03T00:56:29.508+0000] {processor.py:157} INFO - Started process (PID=222) to work on /opt/airflow/dags/loader_dag.py
[2024-11-03T00:56:29.518+0000] {processor.py:829} INFO - Processing file /opt/airflow/dags/loader_dag.py for tasks to queue
[2024-11-03T00:56:29.524+0000] {logging_mixin.py:151} INFO - [2024-11-03T00:56:29.523+0000] {dagbag.py:539} INFO - Filling up the DagBag from /opt/airflow/dags/loader_dag.py
[2024-11-03T00:56:29.604+0000] {processor.py:839} INFO - DAG(s) dict_keys(['dimension_batch_ingestion']) retrieved from /opt/airflow/dags/loader_dag.py
[2024-11-03T00:56:31.033+0000] {logging_mixin.py:151} INFO - [2024-11-03T00:56:31.032+0000] {security.py:708} INFO - Not syncing DAG-level permissions for DAG 'DAG:dimension_batch_ingestion' as access control is unset.
[2024-11-03T00:56:31.033+0000] {logging_mixin.py:151} INFO - [2024-11-03T00:56:31.033+0000] {dag.py:2915} INFO - Sync 1 DAGs
[2024-11-03T00:56:31.081+0000] {logging_mixin.py:151} INFO - [2024-11-03T00:56:31.080+0000] {dag.py:3696} INFO - Setting next_dagrun for dimension_batch_ingestion to 2024-11-02T00:00:00+00:00, run_after=2024-11-03T00:00:00+00:00
[2024-11-03T00:56:31.115+0000] {processor.py:179} INFO - Processing /opt/airflow/dags/loader_dag.py took 1.634 seconds
[2024-11-03T00:57:01.551+0000] {processor.py:157} INFO - Started process (PID=269) to work on /opt/airflow/dags/loader_dag.py
[2024-11-03T00:57:01.566+0000] {processor.py:829} INFO - Processing file /opt/airflow/dags/loader_dag.py for tasks to queue
[2024-11-03T00:57:01.567+0000] {logging_mixin.py:151} INFO - [2024-11-03T00:57:01.567+0000] {dagbag.py:539} INFO - Filling up the DagBag from /opt/airflow/dags/loader_dag.py
[2024-11-03T00:57:01.690+0000] {processor.py:839} INFO - DAG(s) dict_keys(['dimension_batch_ingestion']) retrieved from /opt/airflow/dags/loader_dag.py
[2024-11-03T00:57:01.922+0000] {logging_mixin.py:151} INFO - [2024-11-03T00:57:01.922+0000] {dag.py:2915} INFO - Sync 1 DAGs
[2024-11-03T00:57:04.107+0000] {logging_mixin.py:151} INFO - [2024-11-03T00:57:04.106+0000] {dag.py:3696} INFO - Setting next_dagrun for dimension_batch_ingestion to 2024-11-02T00:00:00+00:00, run_after=2024-11-03T00:00:00+00:00
[2024-11-03T00:57:04.149+0000] {processor.py:179} INFO - Processing /opt/airflow/dags/loader_dag.py took 2.667 seconds
[2024-11-03T00:57:35.002+0000] {processor.py:157} INFO - Started process (PID=316) to work on /opt/airflow/dags/loader_dag.py
[2024-11-03T00:57:35.003+0000] {processor.py:829} INFO - Processing file /opt/airflow/dags/loader_dag.py for tasks to queue
[2024-11-03T00:57:35.004+0000] {logging_mixin.py:151} INFO - [2024-11-03T00:57:35.004+0000] {dagbag.py:539} INFO - Filling up the DagBag from /opt/airflow/dags/loader_dag.py
[2024-11-03T00:57:35.324+0000] {processor.py:839} INFO - DAG(s) dict_keys(['dimension_batch_ingestion']) retrieved from /opt/airflow/dags/loader_dag.py
[2024-11-03T00:57:35.361+0000] {logging_mixin.py:151} INFO - [2024-11-03T00:57:35.361+0000] {dag.py:2915} INFO - Sync 1 DAGs
[2024-11-03T00:57:35.383+0000] {logging_mixin.py:151} INFO - [2024-11-03T00:57:35.382+0000] {dag.py:3696} INFO - Setting next_dagrun for dimension_batch_ingestion to 2024-11-02T00:00:00+00:00, run_after=2024-11-03T00:00:00+00:00
[2024-11-03T00:57:35.403+0000] {processor.py:179} INFO - Processing /opt/airflow/dags/loader_dag.py took 0.404 seconds
[2024-11-03T00:58:07.318+0000] {processor.py:157} INFO - Started process (PID=363) to work on /opt/airflow/dags/loader_dag.py
[2024-11-03T00:58:07.319+0000] {processor.py:829} INFO - Processing file /opt/airflow/dags/loader_dag.py for tasks to queue
[2024-11-03T00:58:07.323+0000] {logging_mixin.py:151} INFO - [2024-11-03T00:58:07.323+0000] {dagbag.py:539} INFO - Filling up the DagBag from /opt/airflow/dags/loader_dag.py
[2024-11-03T00:58:07.346+0000] {processor.py:839} INFO - DAG(s) dict_keys(['dimension_batch_ingestion']) retrieved from /opt/airflow/dags/loader_dag.py
[2024-11-03T00:58:07.390+0000] {logging_mixin.py:151} INFO - [2024-11-03T00:58:07.390+0000] {dag.py:2915} INFO - Sync 1 DAGs
[2024-11-03T00:58:07.433+0000] {logging_mixin.py:151} INFO - [2024-11-03T00:58:07.433+0000] {dag.py:3696} INFO - Setting next_dagrun for dimension_batch_ingestion to 2024-11-02T00:00:00+00:00, run_after=2024-11-03T00:00:00+00:00
[2024-11-03T00:58:07.466+0000] {processor.py:179} INFO - Processing /opt/airflow/dags/loader_dag.py took 0.180 seconds
[2024-11-03T00:58:37.993+0000] {processor.py:157} INFO - Started process (PID=416) to work on /opt/airflow/dags/loader_dag.py
[2024-11-03T00:58:37.994+0000] {processor.py:829} INFO - Processing file /opt/airflow/dags/loader_dag.py for tasks to queue
[2024-11-03T00:58:37.997+0000] {logging_mixin.py:151} INFO - [2024-11-03T00:58:37.996+0000] {dagbag.py:539} INFO - Filling up the DagBag from /opt/airflow/dags/loader_dag.py
[2024-11-03T00:58:38.028+0000] {processor.py:839} INFO - DAG(s) dict_keys(['dimension_batch_ingestion']) retrieved from /opt/airflow/dags/loader_dag.py
[2024-11-03T00:58:38.074+0000] {logging_mixin.py:151} INFO - [2024-11-03T00:58:38.074+0000] {dag.py:2915} INFO - Sync 1 DAGs
[2024-11-03T00:58:38.109+0000] {logging_mixin.py:151} INFO - [2024-11-03T00:58:38.108+0000] {dag.py:3696} INFO - Setting next_dagrun for dimension_batch_ingestion to 2024-11-03T00:00:00+00:00, run_after=2024-11-04T00:00:00+00:00
[2024-11-03T00:58:38.134+0000] {processor.py:179} INFO - Processing /opt/airflow/dags/loader_dag.py took 0.147 seconds
[2024-11-03T00:59:08.459+0000] {processor.py:157} INFO - Started process (PID=463) to work on /opt/airflow/dags/loader_dag.py
[2024-11-03T00:59:08.461+0000] {processor.py:829} INFO - Processing file /opt/airflow/dags/loader_dag.py for tasks to queue
[2024-11-03T00:59:08.464+0000] {logging_mixin.py:151} INFO - [2024-11-03T00:59:08.463+0000] {dagbag.py:539} INFO - Filling up the DagBag from /opt/airflow/dags/loader_dag.py
[2024-11-03T00:59:08.492+0000] {processor.py:839} INFO - DAG(s) dict_keys(['dimension_batch_ingestion']) retrieved from /opt/airflow/dags/loader_dag.py
[2024-11-03T00:59:08.542+0000] {logging_mixin.py:151} INFO - [2024-11-03T00:59:08.542+0000] {dag.py:2915} INFO - Sync 1 DAGs
[2024-11-03T00:59:08.586+0000] {logging_mixin.py:151} INFO - [2024-11-03T00:59:08.583+0000] {dag.py:3696} INFO - Setting next_dagrun for dimension_batch_ingestion to 2024-11-03T00:00:00+00:00, run_after=2024-11-04T00:00:00+00:00
[2024-11-03T00:59:08.634+0000] {processor.py:179} INFO - Processing /opt/airflow/dags/loader_dag.py took 0.181 seconds
[2024-11-03T00:59:38.825+0000] {processor.py:157} INFO - Started process (PID=510) to work on /opt/airflow/dags/loader_dag.py
[2024-11-03T00:59:38.834+0000] {processor.py:829} INFO - Processing file /opt/airflow/dags/loader_dag.py for tasks to queue
[2024-11-03T00:59:38.839+0000] {logging_mixin.py:151} INFO - [2024-11-03T00:59:38.839+0000] {dagbag.py:539} INFO - Filling up the DagBag from /opt/airflow/dags/loader_dag.py
[2024-11-03T00:59:38.878+0000] {processor.py:839} INFO - DAG(s) dict_keys(['dimension_batch_ingestion']) retrieved from /opt/airflow/dags/loader_dag.py
[2024-11-03T00:59:38.945+0000] {logging_mixin.py:151} INFO - [2024-11-03T00:59:38.945+0000] {dag.py:2915} INFO - Sync 1 DAGs
[2024-11-03T00:59:39.005+0000] {logging_mixin.py:151} INFO - [2024-11-03T00:59:39.004+0000] {dag.py:3696} INFO - Setting next_dagrun for dimension_batch_ingestion to 2024-11-03T00:00:00+00:00, run_after=2024-11-04T00:00:00+00:00
[2024-11-03T00:59:39.043+0000] {processor.py:179} INFO - Processing /opt/airflow/dags/loader_dag.py took 0.231 seconds
[2024-11-03T01:00:09.226+0000] {processor.py:157} INFO - Started process (PID=557) to work on /opt/airflow/dags/loader_dag.py
[2024-11-03T01:00:09.229+0000] {processor.py:829} INFO - Processing file /opt/airflow/dags/loader_dag.py for tasks to queue
[2024-11-03T01:00:09.233+0000] {logging_mixin.py:151} INFO - [2024-11-03T01:00:09.233+0000] {dagbag.py:539} INFO - Filling up the DagBag from /opt/airflow/dags/loader_dag.py
[2024-11-03T01:00:09.263+0000] {processor.py:839} INFO - DAG(s) dict_keys(['dimension_batch_ingestion']) retrieved from /opt/airflow/dags/loader_dag.py
[2024-11-03T01:00:09.314+0000] {logging_mixin.py:151} INFO - [2024-11-03T01:00:09.314+0000] {dag.py:2915} INFO - Sync 1 DAGs
[2024-11-03T01:00:09.396+0000] {logging_mixin.py:151} INFO - [2024-11-03T01:00:09.395+0000] {dag.py:3696} INFO - Setting next_dagrun for dimension_batch_ingestion to 2024-11-03T00:00:00+00:00, run_after=2024-11-04T00:00:00+00:00
[2024-11-03T01:00:09.429+0000] {processor.py:179} INFO - Processing /opt/airflow/dags/loader_dag.py took 0.208 seconds
[2024-11-03T01:00:39.878+0000] {processor.py:157} INFO - Started process (PID=604) to work on /opt/airflow/dags/loader_dag.py
[2024-11-03T01:00:39.879+0000] {processor.py:829} INFO - Processing file /opt/airflow/dags/loader_dag.py for tasks to queue
[2024-11-03T01:00:39.881+0000] {logging_mixin.py:151} INFO - [2024-11-03T01:00:39.881+0000] {dagbag.py:539} INFO - Filling up the DagBag from /opt/airflow/dags/loader_dag.py
[2024-11-03T01:00:39.899+0000] {processor.py:839} INFO - DAG(s) dict_keys(['dimension_batch_ingestion']) retrieved from /opt/airflow/dags/loader_dag.py
[2024-11-03T01:00:39.928+0000] {logging_mixin.py:151} INFO - [2024-11-03T01:00:39.928+0000] {dag.py:2915} INFO - Sync 1 DAGs
[2024-11-03T01:00:39.952+0000] {logging_mixin.py:151} INFO - [2024-11-03T01:00:39.952+0000] {dag.py:3696} INFO - Setting next_dagrun for dimension_batch_ingestion to 2024-11-03T00:00:00+00:00, run_after=2024-11-04T00:00:00+00:00
[2024-11-03T01:00:39.972+0000] {processor.py:179} INFO - Processing /opt/airflow/dags/loader_dag.py took 0.098 seconds
[2024-11-03T01:01:10.164+0000] {processor.py:157} INFO - Started process (PID=651) to work on /opt/airflow/dags/loader_dag.py
[2024-11-03T01:01:10.168+0000] {processor.py:829} INFO - Processing file /opt/airflow/dags/loader_dag.py for tasks to queue
[2024-11-03T01:01:10.184+0000] {logging_mixin.py:151} INFO - [2024-11-03T01:01:10.174+0000] {dagbag.py:539} INFO - Filling up the DagBag from /opt/airflow/dags/loader_dag.py
[2024-11-03T01:01:10.355+0000] {processor.py:839} INFO - DAG(s) dict_keys(['dimension_batch_ingestion']) retrieved from /opt/airflow/dags/loader_dag.py
[2024-11-03T01:01:10.490+0000] {logging_mixin.py:151} INFO - [2024-11-03T01:01:10.489+0000] {dag.py:2915} INFO - Sync 1 DAGs
[2024-11-03T01:01:10.516+0000] {logging_mixin.py:151} INFO - [2024-11-03T01:01:10.516+0000] {dag.py:3696} INFO - Setting next_dagrun for dimension_batch_ingestion to 2024-11-03T00:00:00+00:00, run_after=2024-11-04T00:00:00+00:00
[2024-11-03T01:01:10.565+0000] {processor.py:179} INFO - Processing /opt/airflow/dags/loader_dag.py took 0.408 seconds
[2024-11-03T01:01:41.177+0000] {processor.py:157} INFO - Started process (PID=698) to work on /opt/airflow/dags/loader_dag.py
[2024-11-03T01:01:41.179+0000] {processor.py:829} INFO - Processing file /opt/airflow/dags/loader_dag.py for tasks to queue
[2024-11-03T01:01:41.180+0000] {logging_mixin.py:151} INFO - [2024-11-03T01:01:41.180+0000] {dagbag.py:539} INFO - Filling up the DagBag from /opt/airflow/dags/loader_dag.py
[2024-11-03T01:01:41.203+0000] {processor.py:839} INFO - DAG(s) dict_keys(['dimension_batch_ingestion']) retrieved from /opt/airflow/dags/loader_dag.py
[2024-11-03T01:01:41.427+0000] {logging_mixin.py:151} INFO - [2024-11-03T01:01:41.427+0000] {dag.py:2915} INFO - Sync 1 DAGs
[2024-11-03T01:01:41.476+0000] {logging_mixin.py:151} INFO - [2024-11-03T01:01:41.475+0000] {dag.py:3696} INFO - Setting next_dagrun for dimension_batch_ingestion to 2024-11-03T00:00:00+00:00, run_after=2024-11-04T00:00:00+00:00
[2024-11-03T01:01:41.528+0000] {processor.py:179} INFO - Processing /opt/airflow/dags/loader_dag.py took 0.355 seconds
[2024-11-03T01:02:11.642+0000] {processor.py:157} INFO - Started process (PID=745) to work on /opt/airflow/dags/loader_dag.py
[2024-11-03T01:02:11.643+0000] {processor.py:829} INFO - Processing file /opt/airflow/dags/loader_dag.py for tasks to queue
[2024-11-03T01:02:11.645+0000] {logging_mixin.py:151} INFO - [2024-11-03T01:02:11.644+0000] {dagbag.py:539} INFO - Filling up the DagBag from /opt/airflow/dags/loader_dag.py
[2024-11-03T01:02:11.667+0000] {processor.py:839} INFO - DAG(s) dict_keys(['dimension_batch_ingestion']) retrieved from /opt/airflow/dags/loader_dag.py
[2024-11-03T01:02:11.710+0000] {logging_mixin.py:151} INFO - [2024-11-03T01:02:11.709+0000] {dag.py:2915} INFO - Sync 1 DAGs
[2024-11-03T01:02:11.752+0000] {logging_mixin.py:151} INFO - [2024-11-03T01:02:11.752+0000] {dag.py:3696} INFO - Setting next_dagrun for dimension_batch_ingestion to 2024-11-03T00:00:00+00:00, run_after=2024-11-04T00:00:00+00:00
[2024-11-03T01:02:11.785+0000] {processor.py:179} INFO - Processing /opt/airflow/dags/loader_dag.py took 0.150 seconds
[2024-11-03T01:02:41.864+0000] {processor.py:157} INFO - Started process (PID=792) to work on /opt/airflow/dags/loader_dag.py
[2024-11-03T01:02:41.866+0000] {processor.py:829} INFO - Processing file /opt/airflow/dags/loader_dag.py for tasks to queue
[2024-11-03T01:02:41.867+0000] {logging_mixin.py:151} INFO - [2024-11-03T01:02:41.867+0000] {dagbag.py:539} INFO - Filling up the DagBag from /opt/airflow/dags/loader_dag.py
[2024-11-03T01:02:41.895+0000] {processor.py:839} INFO - DAG(s) dict_keys(['dimension_batch_ingestion']) retrieved from /opt/airflow/dags/loader_dag.py
[2024-11-03T01:02:41.945+0000] {logging_mixin.py:151} INFO - [2024-11-03T01:02:41.945+0000] {dag.py:2915} INFO - Sync 1 DAGs
[2024-11-03T01:02:41.994+0000] {logging_mixin.py:151} INFO - [2024-11-03T01:02:41.994+0000] {dag.py:3696} INFO - Setting next_dagrun for dimension_batch_ingestion to 2024-11-03T00:00:00+00:00, run_after=2024-11-04T00:00:00+00:00
[2024-11-03T01:02:42.031+0000] {processor.py:179} INFO - Processing /opt/airflow/dags/loader_dag.py took 0.176 seconds
[2024-11-03T01:03:12.292+0000] {processor.py:157} INFO - Started process (PID=838) to work on /opt/airflow/dags/loader_dag.py
[2024-11-03T01:03:12.294+0000] {processor.py:829} INFO - Processing file /opt/airflow/dags/loader_dag.py for tasks to queue
[2024-11-03T01:03:12.296+0000] {logging_mixin.py:151} INFO - [2024-11-03T01:03:12.295+0000] {dagbag.py:539} INFO - Filling up the DagBag from /opt/airflow/dags/loader_dag.py
[2024-11-03T01:03:12.320+0000] {processor.py:839} INFO - DAG(s) dict_keys(['dimension_batch_ingestion']) retrieved from /opt/airflow/dags/loader_dag.py
[2024-11-03T01:03:12.367+0000] {logging_mixin.py:151} INFO - [2024-11-03T01:03:12.367+0000] {dag.py:2915} INFO - Sync 1 DAGs
[2024-11-03T01:03:12.401+0000] {logging_mixin.py:151} INFO - [2024-11-03T01:03:12.401+0000] {dag.py:3696} INFO - Setting next_dagrun for dimension_batch_ingestion to 2024-11-03T00:00:00+00:00, run_after=2024-11-04T00:00:00+00:00
[2024-11-03T01:03:12.432+0000] {processor.py:179} INFO - Processing /opt/airflow/dags/loader_dag.py took 0.146 seconds
[2024-11-03T01:03:42.571+0000] {processor.py:157} INFO - Started process (PID=885) to work on /opt/airflow/dags/loader_dag.py
[2024-11-03T01:03:42.572+0000] {processor.py:829} INFO - Processing file /opt/airflow/dags/loader_dag.py for tasks to queue
[2024-11-03T01:03:42.573+0000] {logging_mixin.py:151} INFO - [2024-11-03T01:03:42.573+0000] {dagbag.py:539} INFO - Filling up the DagBag from /opt/airflow/dags/loader_dag.py
[2024-11-03T01:03:42.590+0000] {processor.py:839} INFO - DAG(s) dict_keys(['dimension_batch_ingestion']) retrieved from /opt/airflow/dags/loader_dag.py
[2024-11-03T01:03:42.622+0000] {logging_mixin.py:151} INFO - [2024-11-03T01:03:42.621+0000] {dag.py:2915} INFO - Sync 1 DAGs
[2024-11-03T01:03:42.654+0000] {logging_mixin.py:151} INFO - [2024-11-03T01:03:42.654+0000] {dag.py:3696} INFO - Setting next_dagrun for dimension_batch_ingestion to 2024-11-03T00:00:00+00:00, run_after=2024-11-04T00:00:00+00:00
[2024-11-03T01:03:42.674+0000] {processor.py:179} INFO - Processing /opt/airflow/dags/loader_dag.py took 0.124 seconds
[2024-11-03T01:04:13.032+0000] {processor.py:157} INFO - Started process (PID=932) to work on /opt/airflow/dags/loader_dag.py
[2024-11-03T01:04:13.037+0000] {processor.py:829} INFO - Processing file /opt/airflow/dags/loader_dag.py for tasks to queue
[2024-11-03T01:04:13.040+0000] {logging_mixin.py:151} INFO - [2024-11-03T01:04:13.039+0000] {dagbag.py:539} INFO - Filling up the DagBag from /opt/airflow/dags/loader_dag.py
[2024-11-03T01:04:13.064+0000] {processor.py:839} INFO - DAG(s) dict_keys(['dimension_batch_ingestion']) retrieved from /opt/airflow/dags/loader_dag.py
[2024-11-03T01:04:13.102+0000] {logging_mixin.py:151} INFO - [2024-11-03T01:04:13.101+0000] {dag.py:2915} INFO - Sync 1 DAGs
[2024-11-03T01:04:13.139+0000] {logging_mixin.py:151} INFO - [2024-11-03T01:04:13.139+0000] {dag.py:3696} INFO - Setting next_dagrun for dimension_batch_ingestion to 2024-11-03T00:00:00+00:00, run_after=2024-11-04T00:00:00+00:00
[2024-11-03T01:04:13.166+0000] {processor.py:179} INFO - Processing /opt/airflow/dags/loader_dag.py took 0.159 seconds
[2024-11-03T01:04:43.558+0000] {processor.py:157} INFO - Started process (PID=979) to work on /opt/airflow/dags/loader_dag.py
[2024-11-03T01:04:43.559+0000] {processor.py:829} INFO - Processing file /opt/airflow/dags/loader_dag.py for tasks to queue
[2024-11-03T01:04:43.562+0000] {logging_mixin.py:151} INFO - [2024-11-03T01:04:43.561+0000] {dagbag.py:539} INFO - Filling up the DagBag from /opt/airflow/dags/loader_dag.py
[2024-11-03T01:04:43.584+0000] {processor.py:839} INFO - DAG(s) dict_keys(['dimension_batch_ingestion']) retrieved from /opt/airflow/dags/loader_dag.py
[2024-11-03T01:04:43.624+0000] {logging_mixin.py:151} INFO - [2024-11-03T01:04:43.624+0000] {dag.py:2915} INFO - Sync 1 DAGs
[2024-11-03T01:04:43.662+0000] {logging_mixin.py:151} INFO - [2024-11-03T01:04:43.662+0000] {dag.py:3696} INFO - Setting next_dagrun for dimension_batch_ingestion to 2024-11-03T00:00:00+00:00, run_after=2024-11-04T00:00:00+00:00
[2024-11-03T01:04:43.689+0000] {processor.py:179} INFO - Processing /opt/airflow/dags/loader_dag.py took 0.136 seconds
[2024-11-03T01:05:13.944+0000] {processor.py:157} INFO - Started process (PID=1026) to work on /opt/airflow/dags/loader_dag.py
[2024-11-03T01:05:13.946+0000] {processor.py:829} INFO - Processing file /opt/airflow/dags/loader_dag.py for tasks to queue
[2024-11-03T01:05:13.947+0000] {logging_mixin.py:151} INFO - [2024-11-03T01:05:13.947+0000] {dagbag.py:539} INFO - Filling up the DagBag from /opt/airflow/dags/loader_dag.py
[2024-11-03T01:05:13.968+0000] {processor.py:839} INFO - DAG(s) dict_keys(['dimension_batch_ingestion']) retrieved from /opt/airflow/dags/loader_dag.py
[2024-11-03T01:05:14.006+0000] {logging_mixin.py:151} INFO - [2024-11-03T01:05:14.006+0000] {dag.py:2915} INFO - Sync 1 DAGs
[2024-11-03T01:05:14.039+0000] {logging_mixin.py:151} INFO - [2024-11-03T01:05:14.038+0000] {dag.py:3696} INFO - Setting next_dagrun for dimension_batch_ingestion to 2024-11-03T00:00:00+00:00, run_after=2024-11-04T00:00:00+00:00
[2024-11-03T01:05:14.062+0000] {processor.py:179} INFO - Processing /opt/airflow/dags/loader_dag.py took 0.123 seconds
[2024-11-03T01:05:44.405+0000] {processor.py:157} INFO - Started process (PID=1073) to work on /opt/airflow/dags/loader_dag.py
[2024-11-03T01:05:44.406+0000] {processor.py:829} INFO - Processing file /opt/airflow/dags/loader_dag.py for tasks to queue
[2024-11-03T01:05:44.407+0000] {logging_mixin.py:151} INFO - [2024-11-03T01:05:44.407+0000] {dagbag.py:539} INFO - Filling up the DagBag from /opt/airflow/dags/loader_dag.py
[2024-11-03T01:05:44.423+0000] {processor.py:839} INFO - DAG(s) dict_keys(['dimension_batch_ingestion']) retrieved from /opt/airflow/dags/loader_dag.py
[2024-11-03T01:05:44.463+0000] {logging_mixin.py:151} INFO - [2024-11-03T01:05:44.463+0000] {dag.py:2915} INFO - Sync 1 DAGs
[2024-11-03T01:05:44.488+0000] {logging_mixin.py:151} INFO - [2024-11-03T01:05:44.488+0000] {dag.py:3696} INFO - Setting next_dagrun for dimension_batch_ingestion to 2024-11-03T00:00:00+00:00, run_after=2024-11-04T00:00:00+00:00
[2024-11-03T01:05:44.509+0000] {processor.py:179} INFO - Processing /opt/airflow/dags/loader_dag.py took 0.108 seconds
[2024-11-03T01:06:14.642+0000] {processor.py:157} INFO - Started process (PID=1120) to work on /opt/airflow/dags/loader_dag.py
[2024-11-03T01:06:14.646+0000] {processor.py:829} INFO - Processing file /opt/airflow/dags/loader_dag.py for tasks to queue
[2024-11-03T01:06:14.648+0000] {logging_mixin.py:151} INFO - [2024-11-03T01:06:14.648+0000] {dagbag.py:539} INFO - Filling up the DagBag from /opt/airflow/dags/loader_dag.py
[2024-11-03T01:06:14.671+0000] {processor.py:839} INFO - DAG(s) dict_keys(['dimension_batch_ingestion']) retrieved from /opt/airflow/dags/loader_dag.py
[2024-11-03T01:06:14.717+0000] {logging_mixin.py:151} INFO - [2024-11-03T01:06:14.717+0000] {dag.py:2915} INFO - Sync 1 DAGs
[2024-11-03T01:06:14.755+0000] {logging_mixin.py:151} INFO - [2024-11-03T01:06:14.754+0000] {dag.py:3696} INFO - Setting next_dagrun for dimension_batch_ingestion to 2024-11-03T00:00:00+00:00, run_after=2024-11-04T00:00:00+00:00
[2024-11-03T01:06:14.780+0000] {processor.py:179} INFO - Processing /opt/airflow/dags/loader_dag.py took 0.143 seconds
[2024-11-03T01:06:45.020+0000] {processor.py:157} INFO - Started process (PID=1167) to work on /opt/airflow/dags/loader_dag.py
[2024-11-03T01:06:45.021+0000] {processor.py:829} INFO - Processing file /opt/airflow/dags/loader_dag.py for tasks to queue
[2024-11-03T01:06:45.022+0000] {logging_mixin.py:151} INFO - [2024-11-03T01:06:45.022+0000] {dagbag.py:539} INFO - Filling up the DagBag from /opt/airflow/dags/loader_dag.py
[2024-11-03T01:06:45.045+0000] {processor.py:839} INFO - DAG(s) dict_keys(['dimension_batch_ingestion']) retrieved from /opt/airflow/dags/loader_dag.py
[2024-11-03T01:06:45.080+0000] {logging_mixin.py:151} INFO - [2024-11-03T01:06:45.080+0000] {dag.py:2915} INFO - Sync 1 DAGs
[2024-11-03T01:06:45.115+0000] {logging_mixin.py:151} INFO - [2024-11-03T01:06:45.115+0000] {dag.py:3696} INFO - Setting next_dagrun for dimension_batch_ingestion to 2024-11-03T00:00:00+00:00, run_after=2024-11-04T00:00:00+00:00
[2024-11-03T01:06:45.143+0000] {processor.py:179} INFO - Processing /opt/airflow/dags/loader_dag.py took 0.129 seconds
[2024-11-03T01:07:15.198+0000] {processor.py:157} INFO - Started process (PID=1213) to work on /opt/airflow/dags/loader_dag.py
[2024-11-03T01:07:15.200+0000] {processor.py:829} INFO - Processing file /opt/airflow/dags/loader_dag.py for tasks to queue
[2024-11-03T01:07:15.201+0000] {logging_mixin.py:151} INFO - [2024-11-03T01:07:15.201+0000] {dagbag.py:539} INFO - Filling up the DagBag from /opt/airflow/dags/loader_dag.py
[2024-11-03T01:07:15.227+0000] {processor.py:839} INFO - DAG(s) dict_keys(['dimension_batch_ingestion']) retrieved from /opt/airflow/dags/loader_dag.py
[2024-11-03T01:07:15.267+0000] {logging_mixin.py:151} INFO - [2024-11-03T01:07:15.267+0000] {dag.py:2915} INFO - Sync 1 DAGs
[2024-11-03T01:07:15.296+0000] {logging_mixin.py:151} INFO - [2024-11-03T01:07:15.295+0000] {dag.py:3696} INFO - Setting next_dagrun for dimension_batch_ingestion to 2024-11-03T00:00:00+00:00, run_after=2024-11-04T00:00:00+00:00
[2024-11-03T01:07:15.319+0000] {processor.py:179} INFO - Processing /opt/airflow/dags/loader_dag.py took 0.125 seconds
[2024-11-03T01:07:45.691+0000] {processor.py:157} INFO - Started process (PID=1260) to work on /opt/airflow/dags/loader_dag.py
[2024-11-03T01:07:45.693+0000] {processor.py:829} INFO - Processing file /opt/airflow/dags/loader_dag.py for tasks to queue
[2024-11-03T01:07:45.696+0000] {logging_mixin.py:151} INFO - [2024-11-03T01:07:45.695+0000] {dagbag.py:539} INFO - Filling up the DagBag from /opt/airflow/dags/loader_dag.py
[2024-11-03T01:07:45.723+0000] {processor.py:839} INFO - DAG(s) dict_keys(['dimension_batch_ingestion']) retrieved from /opt/airflow/dags/loader_dag.py
[2024-11-03T01:07:45.772+0000] {logging_mixin.py:151} INFO - [2024-11-03T01:07:45.772+0000] {dag.py:2915} INFO - Sync 1 DAGs
[2024-11-03T01:07:45.808+0000] {logging_mixin.py:151} INFO - [2024-11-03T01:07:45.807+0000] {dag.py:3696} INFO - Setting next_dagrun for dimension_batch_ingestion to 2024-11-03T00:00:00+00:00, run_after=2024-11-04T00:00:00+00:00
[2024-11-03T01:07:45.834+0000] {processor.py:179} INFO - Processing /opt/airflow/dags/loader_dag.py took 0.147 seconds
[2024-11-03T01:08:16.093+0000] {processor.py:157} INFO - Started process (PID=1307) to work on /opt/airflow/dags/loader_dag.py
[2024-11-03T01:08:16.096+0000] {processor.py:829} INFO - Processing file /opt/airflow/dags/loader_dag.py for tasks to queue
[2024-11-03T01:08:16.097+0000] {logging_mixin.py:151} INFO - [2024-11-03T01:08:16.097+0000] {dagbag.py:539} INFO - Filling up the DagBag from /opt/airflow/dags/loader_dag.py
[2024-11-03T01:08:16.120+0000] {processor.py:839} INFO - DAG(s) dict_keys(['dimension_batch_ingestion']) retrieved from /opt/airflow/dags/loader_dag.py
[2024-11-03T01:08:16.158+0000] {logging_mixin.py:151} INFO - [2024-11-03T01:08:16.157+0000] {dag.py:2915} INFO - Sync 1 DAGs
[2024-11-03T01:08:16.190+0000] {logging_mixin.py:151} INFO - [2024-11-03T01:08:16.190+0000] {dag.py:3696} INFO - Setting next_dagrun for dimension_batch_ingestion to 2024-11-03T00:00:00+00:00, run_after=2024-11-04T00:00:00+00:00
[2024-11-03T01:08:16.213+0000] {processor.py:179} INFO - Processing /opt/airflow/dags/loader_dag.py took 0.124 seconds
[2024-11-03T01:08:46.888+0000] {processor.py:157} INFO - Started process (PID=1354) to work on /opt/airflow/dags/loader_dag.py
[2024-11-03T01:08:46.891+0000] {processor.py:829} INFO - Processing file /opt/airflow/dags/loader_dag.py for tasks to queue
[2024-11-03T01:08:46.893+0000] {logging_mixin.py:151} INFO - [2024-11-03T01:08:46.893+0000] {dagbag.py:539} INFO - Filling up the DagBag from /opt/airflow/dags/loader_dag.py
[2024-11-03T01:08:46.919+0000] {processor.py:839} INFO - DAG(s) dict_keys(['dimension_batch_ingestion']) retrieved from /opt/airflow/dags/loader_dag.py
[2024-11-03T01:08:46.956+0000] {logging_mixin.py:151} INFO - [2024-11-03T01:08:46.955+0000] {dag.py:2915} INFO - Sync 1 DAGs
[2024-11-03T01:08:46.989+0000] {logging_mixin.py:151} INFO - [2024-11-03T01:08:46.989+0000] {dag.py:3696} INFO - Setting next_dagrun for dimension_batch_ingestion to 2024-11-03T00:00:00+00:00, run_after=2024-11-04T00:00:00+00:00
[2024-11-03T01:08:47.012+0000] {processor.py:179} INFO - Processing /opt/airflow/dags/loader_dag.py took 0.133 seconds
[2024-11-03T01:09:17.415+0000] {processor.py:157} INFO - Started process (PID=1400) to work on /opt/airflow/dags/loader_dag.py
[2024-11-03T01:09:17.416+0000] {processor.py:829} INFO - Processing file /opt/airflow/dags/loader_dag.py for tasks to queue
[2024-11-03T01:09:17.418+0000] {logging_mixin.py:151} INFO - [2024-11-03T01:09:17.417+0000] {dagbag.py:539} INFO - Filling up the DagBag from /opt/airflow/dags/loader_dag.py
[2024-11-03T01:09:17.455+0000] {processor.py:839} INFO - DAG(s) dict_keys(['dimension_batch_ingestion']) retrieved from /opt/airflow/dags/loader_dag.py
[2024-11-03T01:09:17.518+0000] {logging_mixin.py:151} INFO - [2024-11-03T01:09:17.517+0000] {dag.py:2915} INFO - Sync 1 DAGs
[2024-11-03T01:09:17.568+0000] {logging_mixin.py:151} INFO - [2024-11-03T01:09:17.568+0000] {dag.py:3696} INFO - Setting next_dagrun for dimension_batch_ingestion to 2024-11-03T00:00:00+00:00, run_after=2024-11-04T00:00:00+00:00
[2024-11-03T01:09:17.616+0000] {processor.py:179} INFO - Processing /opt/airflow/dags/loader_dag.py took 0.208 seconds
[2024-11-03T01:09:49.305+0000] {processor.py:157} INFO - Started process (PID=1453) to work on /opt/airflow/dags/loader_dag.py
[2024-11-03T01:09:49.379+0000] {processor.py:829} INFO - Processing file /opt/airflow/dags/loader_dag.py for tasks to queue
[2024-11-03T01:09:49.417+0000] {logging_mixin.py:151} INFO - [2024-11-03T01:09:49.401+0000] {dagbag.py:539} INFO - Filling up the DagBag from /opt/airflow/dags/loader_dag.py
[2024-11-03T01:09:50.022+0000] {processor.py:839} INFO - DAG(s) dict_keys(['dimension_batch_ingestion']) retrieved from /opt/airflow/dags/loader_dag.py
[2024-11-03T01:09:51.162+0000] {logging_mixin.py:151} INFO - [2024-11-03T01:09:51.148+0000] {dag.py:2915} INFO - Sync 1 DAGs
[2024-11-03T01:09:51.701+0000] {logging_mixin.py:151} INFO - [2024-11-03T01:09:51.693+0000] {dag.py:3696} INFO - Setting next_dagrun for dimension_batch_ingestion to 2024-11-03T00:00:00+00:00, run_after=2024-11-04T00:00:00+00:00
[2024-11-03T01:09:52.034+0000] {processor.py:179} INFO - Processing /opt/airflow/dags/loader_dag.py took 2.882 seconds
[2024-11-03T01:10:22.258+0000] {processor.py:157} INFO - Started process (PID=1532) to work on /opt/airflow/dags/loader_dag.py
[2024-11-03T01:10:22.262+0000] {processor.py:829} INFO - Processing file /opt/airflow/dags/loader_dag.py for tasks to queue
[2024-11-03T01:10:22.264+0000] {logging_mixin.py:151} INFO - [2024-11-03T01:10:22.264+0000] {dagbag.py:539} INFO - Filling up the DagBag from /opt/airflow/dags/loader_dag.py
[2024-11-03T01:10:22.294+0000] {processor.py:839} INFO - DAG(s) dict_keys(['dimension_batch_ingestion']) retrieved from /opt/airflow/dags/loader_dag.py
[2024-11-03T01:10:22.354+0000] {logging_mixin.py:151} INFO - [2024-11-03T01:10:22.353+0000] {dag.py:2915} INFO - Sync 1 DAGs
[2024-11-03T01:10:22.399+0000] {logging_mixin.py:151} INFO - [2024-11-03T01:10:22.399+0000] {dag.py:3696} INFO - Setting next_dagrun for dimension_batch_ingestion to 2024-11-03T00:00:00+00:00, run_after=2024-11-04T00:00:00+00:00
[2024-11-03T01:10:22.432+0000] {processor.py:179} INFO - Processing /opt/airflow/dags/loader_dag.py took 0.181 seconds
[2024-11-03T01:10:52.508+0000] {processor.py:157} INFO - Started process (PID=1577) to work on /opt/airflow/dags/loader_dag.py
[2024-11-03T01:10:52.511+0000] {processor.py:829} INFO - Processing file /opt/airflow/dags/loader_dag.py for tasks to queue
[2024-11-03T01:10:52.513+0000] {logging_mixin.py:151} INFO - [2024-11-03T01:10:52.512+0000] {dagbag.py:539} INFO - Filling up the DagBag from /opt/airflow/dags/loader_dag.py
[2024-11-03T01:10:52.544+0000] {processor.py:839} INFO - DAG(s) dict_keys(['dimension_batch_ingestion']) retrieved from /opt/airflow/dags/loader_dag.py
[2024-11-03T01:10:52.583+0000] {logging_mixin.py:151} INFO - [2024-11-03T01:10:52.583+0000] {dag.py:2915} INFO - Sync 1 DAGs
[2024-11-03T01:10:52.616+0000] {logging_mixin.py:151} INFO - [2024-11-03T01:10:52.616+0000] {dag.py:3696} INFO - Setting next_dagrun for dimension_batch_ingestion to 2024-11-03T00:00:00+00:00, run_after=2024-11-04T00:00:00+00:00
[2024-11-03T01:10:52.641+0000] {processor.py:179} INFO - Processing /opt/airflow/dags/loader_dag.py took 0.138 seconds
[2024-11-03T01:11:22.903+0000] {processor.py:157} INFO - Started process (PID=1624) to work on /opt/airflow/dags/loader_dag.py
[2024-11-03T01:11:22.904+0000] {processor.py:829} INFO - Processing file /opt/airflow/dags/loader_dag.py for tasks to queue
[2024-11-03T01:11:22.906+0000] {logging_mixin.py:151} INFO - [2024-11-03T01:11:22.905+0000] {dagbag.py:539} INFO - Filling up the DagBag from /opt/airflow/dags/loader_dag.py
[2024-11-03T01:11:22.929+0000] {processor.py:839} INFO - DAG(s) dict_keys(['dimension_batch_ingestion']) retrieved from /opt/airflow/dags/loader_dag.py
[2024-11-03T01:11:22.966+0000] {logging_mixin.py:151} INFO - [2024-11-03T01:11:22.966+0000] {dag.py:2915} INFO - Sync 1 DAGs
[2024-11-03T01:11:23.000+0000] {logging_mixin.py:151} INFO - [2024-11-03T01:11:23.000+0000] {dag.py:3696} INFO - Setting next_dagrun for dimension_batch_ingestion to 2024-11-03T00:00:00+00:00, run_after=2024-11-04T00:00:00+00:00
[2024-11-03T01:11:23.027+0000] {processor.py:179} INFO - Processing /opt/airflow/dags/loader_dag.py took 0.129 seconds
[2024-11-03T01:11:53.339+0000] {processor.py:157} INFO - Started process (PID=1671) to work on /opt/airflow/dags/loader_dag.py
[2024-11-03T01:11:53.341+0000] {processor.py:829} INFO - Processing file /opt/airflow/dags/loader_dag.py for tasks to queue
[2024-11-03T01:11:53.342+0000] {logging_mixin.py:151} INFO - [2024-11-03T01:11:53.342+0000] {dagbag.py:539} INFO - Filling up the DagBag from /opt/airflow/dags/loader_dag.py
[2024-11-03T01:11:53.368+0000] {processor.py:839} INFO - DAG(s) dict_keys(['dimension_batch_ingestion']) retrieved from /opt/airflow/dags/loader_dag.py
[2024-11-03T01:11:53.408+0000] {logging_mixin.py:151} INFO - [2024-11-03T01:11:53.408+0000] {dag.py:2915} INFO - Sync 1 DAGs
[2024-11-03T01:11:53.444+0000] {logging_mixin.py:151} INFO - [2024-11-03T01:11:53.444+0000] {dag.py:3696} INFO - Setting next_dagrun for dimension_batch_ingestion to 2024-11-03T00:00:00+00:00, run_after=2024-11-04T00:00:00+00:00
[2024-11-03T01:11:53.472+0000] {processor.py:179} INFO - Processing /opt/airflow/dags/loader_dag.py took 0.138 seconds
[2024-11-03T01:12:23.967+0000] {processor.py:157} INFO - Started process (PID=1718) to work on /opt/airflow/dags/loader_dag.py
[2024-11-03T01:12:23.969+0000] {processor.py:829} INFO - Processing file /opt/airflow/dags/loader_dag.py for tasks to queue
[2024-11-03T01:12:23.973+0000] {logging_mixin.py:151} INFO - [2024-11-03T01:12:23.972+0000] {dagbag.py:539} INFO - Filling up the DagBag from /opt/airflow/dags/loader_dag.py
[2024-11-03T01:12:24.009+0000] {processor.py:839} INFO - DAG(s) dict_keys(['dimension_batch_ingestion']) retrieved from /opt/airflow/dags/loader_dag.py
[2024-11-03T01:12:24.063+0000] {logging_mixin.py:151} INFO - [2024-11-03T01:12:24.063+0000] {dag.py:2915} INFO - Sync 1 DAGs
[2024-11-03T01:12:24.105+0000] {logging_mixin.py:151} INFO - [2024-11-03T01:12:24.105+0000] {dag.py:3696} INFO - Setting next_dagrun for dimension_batch_ingestion to 2024-11-03T00:00:00+00:00, run_after=2024-11-04T00:00:00+00:00
[2024-11-03T01:12:24.139+0000] {processor.py:179} INFO - Processing /opt/airflow/dags/loader_dag.py took 0.179 seconds
[2024-11-03T01:12:54.645+0000] {processor.py:157} INFO - Started process (PID=1783) to work on /opt/airflow/dags/loader_dag.py
[2024-11-03T01:12:54.648+0000] {processor.py:829} INFO - Processing file /opt/airflow/dags/loader_dag.py for tasks to queue
[2024-11-03T01:12:54.650+0000] {logging_mixin.py:151} INFO - [2024-11-03T01:12:54.650+0000] {dagbag.py:539} INFO - Filling up the DagBag from /opt/airflow/dags/loader_dag.py
[2024-11-03T01:12:54.673+0000] {processor.py:839} INFO - DAG(s) dict_keys(['dimension_batch_ingestion']) retrieved from /opt/airflow/dags/loader_dag.py
[2024-11-03T01:12:54.723+0000] {logging_mixin.py:151} INFO - [2024-11-03T01:12:54.723+0000] {dag.py:2915} INFO - Sync 1 DAGs
[2024-11-03T01:12:54.756+0000] {logging_mixin.py:151} INFO - [2024-11-03T01:12:54.756+0000] {dag.py:3696} INFO - Setting next_dagrun for dimension_batch_ingestion to 2024-11-03T00:00:00+00:00, run_after=2024-11-04T00:00:00+00:00
[2024-11-03T01:12:54.784+0000] {processor.py:179} INFO - Processing /opt/airflow/dags/loader_dag.py took 0.144 seconds
[2024-11-03T01:13:25.687+0000] {processor.py:157} INFO - Started process (PID=1829) to work on /opt/airflow/dags/loader_dag.py
[2024-11-03T01:13:25.690+0000] {processor.py:829} INFO - Processing file /opt/airflow/dags/loader_dag.py for tasks to queue
[2024-11-03T01:13:25.693+0000] {logging_mixin.py:151} INFO - [2024-11-03T01:13:25.692+0000] {dagbag.py:539} INFO - Filling up the DagBag from /opt/airflow/dags/loader_dag.py
[2024-11-03T01:13:25.738+0000] {processor.py:839} INFO - DAG(s) dict_keys(['dimension_batch_ingestion']) retrieved from /opt/airflow/dags/loader_dag.py
[2024-11-03T01:13:25.820+0000] {logging_mixin.py:151} INFO - [2024-11-03T01:13:25.819+0000] {dag.py:2915} INFO - Sync 1 DAGs
[2024-11-03T01:13:25.884+0000] {logging_mixin.py:151} INFO - [2024-11-03T01:13:25.883+0000] {dag.py:3696} INFO - Setting next_dagrun for dimension_batch_ingestion to 2024-11-03T00:00:00+00:00, run_after=2024-11-04T00:00:00+00:00
[2024-11-03T01:13:25.927+0000] {processor.py:179} INFO - Processing /opt/airflow/dags/loader_dag.py took 0.247 seconds
[2024-11-03T01:13:56.375+0000] {processor.py:157} INFO - Started process (PID=1880) to work on /opt/airflow/dags/loader_dag.py
[2024-11-03T01:13:56.377+0000] {processor.py:829} INFO - Processing file /opt/airflow/dags/loader_dag.py for tasks to queue
[2024-11-03T01:13:56.378+0000] {logging_mixin.py:151} INFO - [2024-11-03T01:13:56.377+0000] {dagbag.py:539} INFO - Filling up the DagBag from /opt/airflow/dags/loader_dag.py
[2024-11-03T01:13:56.397+0000] {processor.py:839} INFO - DAG(s) dict_keys(['dimension_batch_ingestion']) retrieved from /opt/airflow/dags/loader_dag.py
[2024-11-03T01:13:56.435+0000] {logging_mixin.py:151} INFO - [2024-11-03T01:13:56.435+0000] {dag.py:2915} INFO - Sync 1 DAGs
[2024-11-03T01:13:56.468+0000] {logging_mixin.py:151} INFO - [2024-11-03T01:13:56.468+0000] {dag.py:3696} INFO - Setting next_dagrun for dimension_batch_ingestion to 2024-11-03T00:00:00+00:00, run_after=2024-11-04T00:00:00+00:00
[2024-11-03T01:13:56.497+0000] {processor.py:179} INFO - Processing /opt/airflow/dags/loader_dag.py took 0.127 seconds
[2024-11-03T01:14:26.776+0000] {processor.py:157} INFO - Started process (PID=1927) to work on /opt/airflow/dags/loader_dag.py
[2024-11-03T01:14:26.777+0000] {processor.py:829} INFO - Processing file /opt/airflow/dags/loader_dag.py for tasks to queue
[2024-11-03T01:14:26.778+0000] {logging_mixin.py:151} INFO - [2024-11-03T01:14:26.778+0000] {dagbag.py:539} INFO - Filling up the DagBag from /opt/airflow/dags/loader_dag.py
[2024-11-03T01:14:26.799+0000] {processor.py:839} INFO - DAG(s) dict_keys(['dimension_batch_ingestion']) retrieved from /opt/airflow/dags/loader_dag.py
[2024-11-03T01:14:26.841+0000] {logging_mixin.py:151} INFO - [2024-11-03T01:14:26.841+0000] {dag.py:2915} INFO - Sync 1 DAGs
[2024-11-03T01:14:26.874+0000] {logging_mixin.py:151} INFO - [2024-11-03T01:14:26.874+0000] {dag.py:3696} INFO - Setting next_dagrun for dimension_batch_ingestion to 2024-11-03T00:00:00+00:00, run_after=2024-11-04T00:00:00+00:00
[2024-11-03T01:14:26.899+0000] {processor.py:179} INFO - Processing /opt/airflow/dags/loader_dag.py took 0.128 seconds
[2024-11-03T01:14:57.122+0000] {processor.py:157} INFO - Started process (PID=1974) to work on /opt/airflow/dags/loader_dag.py
[2024-11-03T01:14:57.124+0000] {processor.py:829} INFO - Processing file /opt/airflow/dags/loader_dag.py for tasks to queue
[2024-11-03T01:14:57.125+0000] {logging_mixin.py:151} INFO - [2024-11-03T01:14:57.124+0000] {dagbag.py:539} INFO - Filling up the DagBag from /opt/airflow/dags/loader_dag.py
[2024-11-03T01:14:57.144+0000] {processor.py:839} INFO - DAG(s) dict_keys(['dimension_batch_ingestion']) retrieved from /opt/airflow/dags/loader_dag.py
[2024-11-03T01:14:57.184+0000] {logging_mixin.py:151} INFO - [2024-11-03T01:14:57.184+0000] {dag.py:2915} INFO - Sync 1 DAGs
[2024-11-03T01:14:57.218+0000] {logging_mixin.py:151} INFO - [2024-11-03T01:14:57.218+0000] {dag.py:3696} INFO - Setting next_dagrun for dimension_batch_ingestion to 2024-11-03T00:00:00+00:00, run_after=2024-11-04T00:00:00+00:00
[2024-11-03T01:14:57.243+0000] {processor.py:179} INFO - Processing /opt/airflow/dags/loader_dag.py took 0.126 seconds
[2024-11-03T01:15:27.431+0000] {processor.py:157} INFO - Started process (PID=2021) to work on /opt/airflow/dags/loader_dag.py
[2024-11-03T01:15:27.439+0000] {processor.py:829} INFO - Processing file /opt/airflow/dags/loader_dag.py for tasks to queue
[2024-11-03T01:15:27.453+0000] {logging_mixin.py:151} INFO - [2024-11-03T01:15:27.446+0000] {dagbag.py:539} INFO - Filling up the DagBag from /opt/airflow/dags/loader_dag.py
[2024-11-03T01:15:27.504+0000] {processor.py:839} INFO - DAG(s) dict_keys(['dimension_batch_ingestion']) retrieved from /opt/airflow/dags/loader_dag.py
[2024-11-03T01:15:27.541+0000] {logging_mixin.py:151} INFO - [2024-11-03T01:15:27.541+0000] {dag.py:2915} INFO - Sync 1 DAGs
[2024-11-03T01:15:27.577+0000] {logging_mixin.py:151} INFO - [2024-11-03T01:15:27.577+0000] {dag.py:3696} INFO - Setting next_dagrun for dimension_batch_ingestion to 2024-11-03T00:00:00+00:00, run_after=2024-11-04T00:00:00+00:00
[2024-11-03T01:15:27.601+0000] {processor.py:179} INFO - Processing /opt/airflow/dags/loader_dag.py took 0.175 seconds
[2024-11-03T01:15:58.138+0000] {processor.py:157} INFO - Started process (PID=2062) to work on /opt/airflow/dags/loader_dag.py
[2024-11-03T01:15:58.139+0000] {processor.py:829} INFO - Processing file /opt/airflow/dags/loader_dag.py for tasks to queue
[2024-11-03T01:15:58.140+0000] {logging_mixin.py:151} INFO - [2024-11-03T01:15:58.140+0000] {dagbag.py:539} INFO - Filling up the DagBag from /opt/airflow/dags/loader_dag.py
[2024-11-03T01:15:58.159+0000] {processor.py:839} INFO - DAG(s) dict_keys(['dimension_batch_ingestion']) retrieved from /opt/airflow/dags/loader_dag.py
[2024-11-03T01:15:58.194+0000] {logging_mixin.py:151} INFO - [2024-11-03T01:15:58.194+0000] {dag.py:2915} INFO - Sync 1 DAGs
[2024-11-03T01:15:58.224+0000] {logging_mixin.py:151} INFO - [2024-11-03T01:15:58.224+0000] {dag.py:3696} INFO - Setting next_dagrun for dimension_batch_ingestion to 2024-11-03T00:00:00+00:00, run_after=2024-11-04T00:00:00+00:00
[2024-11-03T01:15:58.252+0000] {processor.py:179} INFO - Processing /opt/airflow/dags/loader_dag.py took 0.119 seconds
[2024-11-03T01:16:28.358+0000] {processor.py:157} INFO - Started process (PID=2103) to work on /opt/airflow/dags/loader_dag.py
[2024-11-03T01:16:28.360+0000] {processor.py:829} INFO - Processing file /opt/airflow/dags/loader_dag.py for tasks to queue
[2024-11-03T01:16:28.361+0000] {logging_mixin.py:151} INFO - [2024-11-03T01:16:28.361+0000] {dagbag.py:539} INFO - Filling up the DagBag from /opt/airflow/dags/loader_dag.py
[2024-11-03T01:16:28.379+0000] {processor.py:839} INFO - DAG(s) dict_keys(['dimension_batch_ingestion']) retrieved from /opt/airflow/dags/loader_dag.py
[2024-11-03T01:16:28.414+0000] {logging_mixin.py:151} INFO - [2024-11-03T01:16:28.414+0000] {dag.py:2915} INFO - Sync 1 DAGs
[2024-11-03T01:16:28.445+0000] {logging_mixin.py:151} INFO - [2024-11-03T01:16:28.445+0000] {dag.py:3696} INFO - Setting next_dagrun for dimension_batch_ingestion to 2024-11-03T00:00:00+00:00, run_after=2024-11-04T00:00:00+00:00
[2024-11-03T01:16:28.467+0000] {processor.py:179} INFO - Processing /opt/airflow/dags/loader_dag.py took 0.114 seconds
[2024-11-03T01:16:58.735+0000] {processor.py:157} INFO - Started process (PID=2146) to work on /opt/airflow/dags/loader_dag.py
[2024-11-03T01:16:58.736+0000] {processor.py:829} INFO - Processing file /opt/airflow/dags/loader_dag.py for tasks to queue
[2024-11-03T01:16:58.738+0000] {logging_mixin.py:151} INFO - [2024-11-03T01:16:58.737+0000] {dagbag.py:539} INFO - Filling up the DagBag from /opt/airflow/dags/loader_dag.py
[2024-11-03T01:16:58.755+0000] {processor.py:839} INFO - DAG(s) dict_keys(['dimension_batch_ingestion']) retrieved from /opt/airflow/dags/loader_dag.py
[2024-11-03T01:16:58.791+0000] {logging_mixin.py:151} INFO - [2024-11-03T01:16:58.791+0000] {dag.py:2915} INFO - Sync 1 DAGs
[2024-11-03T01:16:58.821+0000] {logging_mixin.py:151} INFO - [2024-11-03T01:16:58.821+0000] {dag.py:3696} INFO - Setting next_dagrun for dimension_batch_ingestion to 2024-11-03T00:00:00+00:00, run_after=2024-11-04T00:00:00+00:00
[2024-11-03T01:16:58.843+0000] {processor.py:179} INFO - Processing /opt/airflow/dags/loader_dag.py took 0.113 seconds
[2024-11-03T01:17:29.330+0000] {processor.py:157} INFO - Started process (PID=2191) to work on /opt/airflow/dags/loader_dag.py
[2024-11-03T01:17:29.333+0000] {processor.py:829} INFO - Processing file /opt/airflow/dags/loader_dag.py for tasks to queue
[2024-11-03T01:17:29.334+0000] {logging_mixin.py:151} INFO - [2024-11-03T01:17:29.334+0000] {dagbag.py:539} INFO - Filling up the DagBag from /opt/airflow/dags/loader_dag.py
[2024-11-03T01:17:29.354+0000] {processor.py:839} INFO - DAG(s) dict_keys(['dimension_batch_ingestion']) retrieved from /opt/airflow/dags/loader_dag.py
[2024-11-03T01:17:29.393+0000] {logging_mixin.py:151} INFO - [2024-11-03T01:17:29.393+0000] {dag.py:2915} INFO - Sync 1 DAGs
[2024-11-03T01:17:29.425+0000] {logging_mixin.py:151} INFO - [2024-11-03T01:17:29.424+0000] {dag.py:3696} INFO - Setting next_dagrun for dimension_batch_ingestion to 2024-11-03T00:00:00+00:00, run_after=2024-11-04T00:00:00+00:00
[2024-11-03T01:17:29.449+0000] {processor.py:179} INFO - Processing /opt/airflow/dags/loader_dag.py took 0.123 seconds
[2024-11-03T01:17:59.524+0000] {processor.py:157} INFO - Started process (PID=2226) to work on /opt/airflow/dags/loader_dag.py
[2024-11-03T01:17:59.526+0000] {processor.py:829} INFO - Processing file /opt/airflow/dags/loader_dag.py for tasks to queue
[2024-11-03T01:17:59.528+0000] {logging_mixin.py:151} INFO - [2024-11-03T01:17:59.527+0000] {dagbag.py:539} INFO - Filling up the DagBag from /opt/airflow/dags/loader_dag.py
[2024-11-03T01:17:59.550+0000] {processor.py:839} INFO - DAG(s) dict_keys(['dimension_batch_ingestion']) retrieved from /opt/airflow/dags/loader_dag.py
[2024-11-03T01:17:59.587+0000] {logging_mixin.py:151} INFO - [2024-11-03T01:17:59.586+0000] {dag.py:2915} INFO - Sync 1 DAGs
[2024-11-03T01:17:59.618+0000] {logging_mixin.py:151} INFO - [2024-11-03T01:17:59.617+0000] {dag.py:3696} INFO - Setting next_dagrun for dimension_batch_ingestion to 2024-11-03T00:00:00+00:00, run_after=2024-11-04T00:00:00+00:00
[2024-11-03T01:17:59.642+0000] {processor.py:179} INFO - Processing /opt/airflow/dags/loader_dag.py took 0.123 seconds
[2024-11-03T01:18:30.157+0000] {processor.py:157} INFO - Started process (PID=2273) to work on /opt/airflow/dags/loader_dag.py
[2024-11-03T01:18:30.158+0000] {processor.py:829} INFO - Processing file /opt/airflow/dags/loader_dag.py for tasks to queue
[2024-11-03T01:18:30.159+0000] {logging_mixin.py:151} INFO - [2024-11-03T01:18:30.159+0000] {dagbag.py:539} INFO - Filling up the DagBag from /opt/airflow/dags/loader_dag.py
[2024-11-03T01:18:30.178+0000] {processor.py:839} INFO - DAG(s) dict_keys(['dimension_batch_ingestion']) retrieved from /opt/airflow/dags/loader_dag.py
[2024-11-03T01:18:30.216+0000] {logging_mixin.py:151} INFO - [2024-11-03T01:18:30.215+0000] {dag.py:2915} INFO - Sync 1 DAGs
[2024-11-03T01:18:30.246+0000] {logging_mixin.py:151} INFO - [2024-11-03T01:18:30.245+0000] {dag.py:3696} INFO - Setting next_dagrun for dimension_batch_ingestion to 2024-11-03T00:00:00+00:00, run_after=2024-11-04T00:00:00+00:00
[2024-11-03T01:18:30.268+0000] {processor.py:179} INFO - Processing /opt/airflow/dags/loader_dag.py took 0.116 seconds
[2024-11-03T01:19:00.605+0000] {processor.py:157} INFO - Started process (PID=2320) to work on /opt/airflow/dags/loader_dag.py
[2024-11-03T01:19:00.607+0000] {processor.py:829} INFO - Processing file /opt/airflow/dags/loader_dag.py for tasks to queue
[2024-11-03T01:19:00.608+0000] {logging_mixin.py:151} INFO - [2024-11-03T01:19:00.608+0000] {dagbag.py:539} INFO - Filling up the DagBag from /opt/airflow/dags/loader_dag.py
[2024-11-03T01:19:00.654+0000] {processor.py:839} INFO - DAG(s) dict_keys(['dimension_batch_ingestion']) retrieved from /opt/airflow/dags/loader_dag.py
[2024-11-03T01:19:00.718+0000] {logging_mixin.py:151} INFO - [2024-11-03T01:19:00.718+0000] {dag.py:2915} INFO - Sync 1 DAGs
[2024-11-03T01:19:00.766+0000] {logging_mixin.py:151} INFO - [2024-11-03T01:19:00.766+0000] {dag.py:3696} INFO - Setting next_dagrun for dimension_batch_ingestion to 2024-11-03T00:00:00+00:00, run_after=2024-11-04T00:00:00+00:00
[2024-11-03T01:19:00.870+0000] {processor.py:179} INFO - Processing /opt/airflow/dags/loader_dag.py took 0.271 seconds
[2024-11-03T01:19:31.185+0000] {processor.py:157} INFO - Started process (PID=2367) to work on /opt/airflow/dags/loader_dag.py
[2024-11-03T01:19:31.187+0000] {processor.py:829} INFO - Processing file /opt/airflow/dags/loader_dag.py for tasks to queue
[2024-11-03T01:19:31.188+0000] {logging_mixin.py:151} INFO - [2024-11-03T01:19:31.188+0000] {dagbag.py:539} INFO - Filling up the DagBag from /opt/airflow/dags/loader_dag.py
[2024-11-03T01:19:31.207+0000] {processor.py:839} INFO - DAG(s) dict_keys(['dimension_batch_ingestion']) retrieved from /opt/airflow/dags/loader_dag.py
[2024-11-03T01:19:31.242+0000] {logging_mixin.py:151} INFO - [2024-11-03T01:19:31.242+0000] {dag.py:2915} INFO - Sync 1 DAGs
[2024-11-03T01:19:31.271+0000] {logging_mixin.py:151} INFO - [2024-11-03T01:19:31.271+0000] {dag.py:3696} INFO - Setting next_dagrun for dimension_batch_ingestion to 2024-11-03T00:00:00+00:00, run_after=2024-11-04T00:00:00+00:00
[2024-11-03T01:19:31.293+0000] {processor.py:179} INFO - Processing /opt/airflow/dags/loader_dag.py took 0.113 seconds
[2024-11-03T01:20:01.615+0000] {processor.py:157} INFO - Started process (PID=2414) to work on /opt/airflow/dags/loader_dag.py
[2024-11-03T01:20:01.617+0000] {processor.py:829} INFO - Processing file /opt/airflow/dags/loader_dag.py for tasks to queue
[2024-11-03T01:20:01.618+0000] {logging_mixin.py:151} INFO - [2024-11-03T01:20:01.618+0000] {dagbag.py:539} INFO - Filling up the DagBag from /opt/airflow/dags/loader_dag.py
[2024-11-03T01:20:01.636+0000] {processor.py:839} INFO - DAG(s) dict_keys(['dimension_batch_ingestion']) retrieved from /opt/airflow/dags/loader_dag.py
[2024-11-03T01:20:01.676+0000] {logging_mixin.py:151} INFO - [2024-11-03T01:20:01.676+0000] {dag.py:2915} INFO - Sync 1 DAGs
[2024-11-03T01:20:01.705+0000] {logging_mixin.py:151} INFO - [2024-11-03T01:20:01.705+0000] {dag.py:3696} INFO - Setting next_dagrun for dimension_batch_ingestion to 2024-11-03T00:00:00+00:00, run_after=2024-11-04T00:00:00+00:00
[2024-11-03T01:20:01.729+0000] {processor.py:179} INFO - Processing /opt/airflow/dags/loader_dag.py took 0.118 seconds
[2024-11-03T01:20:31.812+0000] {processor.py:157} INFO - Started process (PID=2461) to work on /opt/airflow/dags/loader_dag.py
[2024-11-03T01:20:31.815+0000] {processor.py:829} INFO - Processing file /opt/airflow/dags/loader_dag.py for tasks to queue
[2024-11-03T01:20:31.816+0000] {logging_mixin.py:151} INFO - [2024-11-03T01:20:31.816+0000] {dagbag.py:539} INFO - Filling up the DagBag from /opt/airflow/dags/loader_dag.py
[2024-11-03T01:20:31.844+0000] {processor.py:839} INFO - DAG(s) dict_keys(['dimension_batch_ingestion']) retrieved from /opt/airflow/dags/loader_dag.py
[2024-11-03T01:20:31.892+0000] {logging_mixin.py:151} INFO - [2024-11-03T01:20:31.892+0000] {dag.py:2915} INFO - Sync 1 DAGs
[2024-11-03T01:20:31.931+0000] {logging_mixin.py:151} INFO - [2024-11-03T01:20:31.931+0000] {dag.py:3696} INFO - Setting next_dagrun for dimension_batch_ingestion to 2024-11-03T00:00:00+00:00, run_after=2024-11-04T00:00:00+00:00
[2024-11-03T01:20:31.963+0000] {processor.py:179} INFO - Processing /opt/airflow/dags/loader_dag.py took 0.156 seconds
[2024-11-03T01:21:02.033+0000] {processor.py:157} INFO - Started process (PID=2508) to work on /opt/airflow/dags/loader_dag.py
[2024-11-03T01:21:02.035+0000] {processor.py:829} INFO - Processing file /opt/airflow/dags/loader_dag.py for tasks to queue
[2024-11-03T01:21:02.037+0000] {logging_mixin.py:151} INFO - [2024-11-03T01:21:02.036+0000] {dagbag.py:539} INFO - Filling up the DagBag from /opt/airflow/dags/loader_dag.py
[2024-11-03T01:21:02.057+0000] {processor.py:839} INFO - DAG(s) dict_keys(['dimension_batch_ingestion']) retrieved from /opt/airflow/dags/loader_dag.py
[2024-11-03T01:21:02.097+0000] {logging_mixin.py:151} INFO - [2024-11-03T01:21:02.096+0000] {dag.py:2915} INFO - Sync 1 DAGs
[2024-11-03T01:21:02.135+0000] {logging_mixin.py:151} INFO - [2024-11-03T01:21:02.134+0000] {dag.py:3696} INFO - Setting next_dagrun for dimension_batch_ingestion to 2024-11-03T00:00:00+00:00, run_after=2024-11-04T00:00:00+00:00
[2024-11-03T01:21:02.174+0000] {processor.py:179} INFO - Processing /opt/airflow/dags/loader_dag.py took 0.147 seconds
[2024-11-03T01:21:32.239+0000] {processor.py:157} INFO - Started process (PID=2555) to work on /opt/airflow/dags/loader_dag.py
[2024-11-03T01:21:32.241+0000] {processor.py:829} INFO - Processing file /opt/airflow/dags/loader_dag.py for tasks to queue
[2024-11-03T01:21:32.245+0000] {logging_mixin.py:151} INFO - [2024-11-03T01:21:32.244+0000] {dagbag.py:539} INFO - Filling up the DagBag from /opt/airflow/dags/loader_dag.py
[2024-11-03T01:21:32.268+0000] {processor.py:839} INFO - DAG(s) dict_keys(['dimension_batch_ingestion']) retrieved from /opt/airflow/dags/loader_dag.py
[2024-11-03T01:21:32.316+0000] {logging_mixin.py:151} INFO - [2024-11-03T01:21:32.315+0000] {dag.py:2915} INFO - Sync 1 DAGs
[2024-11-03T01:21:32.353+0000] {logging_mixin.py:151} INFO - [2024-11-03T01:21:32.352+0000] {dag.py:3696} INFO - Setting next_dagrun for dimension_batch_ingestion to 2024-11-03T00:00:00+00:00, run_after=2024-11-04T00:00:00+00:00
[2024-11-03T01:21:32.381+0000] {processor.py:179} INFO - Processing /opt/airflow/dags/loader_dag.py took 0.147 seconds
[2024-11-03T01:22:02.560+0000] {processor.py:157} INFO - Started process (PID=2604) to work on /opt/airflow/dags/loader_dag.py
[2024-11-03T01:22:02.562+0000] {processor.py:829} INFO - Processing file /opt/airflow/dags/loader_dag.py for tasks to queue
[2024-11-03T01:22:02.564+0000] {logging_mixin.py:151} INFO - [2024-11-03T01:22:02.563+0000] {dagbag.py:539} INFO - Filling up the DagBag from /opt/airflow/dags/loader_dag.py
[2024-11-03T01:22:02.582+0000] {processor.py:839} INFO - DAG(s) dict_keys(['dimension_batch_ingestion']) retrieved from /opt/airflow/dags/loader_dag.py
[2024-11-03T01:22:02.618+0000] {logging_mixin.py:151} INFO - [2024-11-03T01:22:02.618+0000] {dag.py:2915} INFO - Sync 1 DAGs
[2024-11-03T01:22:02.649+0000] {logging_mixin.py:151} INFO - [2024-11-03T01:22:02.648+0000] {dag.py:3696} INFO - Setting next_dagrun for dimension_batch_ingestion to 2024-11-03T00:00:00+00:00, run_after=2024-11-04T00:00:00+00:00
[2024-11-03T01:22:02.676+0000] {processor.py:179} INFO - Processing /opt/airflow/dags/loader_dag.py took 0.121 seconds
[2024-11-03T01:22:33.054+0000] {processor.py:157} INFO - Started process (PID=2651) to work on /opt/airflow/dags/loader_dag.py
[2024-11-03T01:22:33.056+0000] {processor.py:829} INFO - Processing file /opt/airflow/dags/loader_dag.py for tasks to queue
[2024-11-03T01:22:33.057+0000] {logging_mixin.py:151} INFO - [2024-11-03T01:22:33.057+0000] {dagbag.py:539} INFO - Filling up the DagBag from /opt/airflow/dags/loader_dag.py
[2024-11-03T01:22:33.077+0000] {processor.py:839} INFO - DAG(s) dict_keys(['dimension_batch_ingestion']) retrieved from /opt/airflow/dags/loader_dag.py
[2024-11-03T01:22:33.116+0000] {logging_mixin.py:151} INFO - [2024-11-03T01:22:33.116+0000] {dag.py:2915} INFO - Sync 1 DAGs
[2024-11-03T01:22:33.153+0000] {logging_mixin.py:151} INFO - [2024-11-03T01:22:33.153+0000] {dag.py:3696} INFO - Setting next_dagrun for dimension_batch_ingestion to 2024-11-03T00:00:00+00:00, run_after=2024-11-04T00:00:00+00:00
[2024-11-03T01:22:33.180+0000] {processor.py:179} INFO - Processing /opt/airflow/dags/loader_dag.py took 0.132 seconds
[2024-11-03T01:23:03.456+0000] {processor.py:157} INFO - Started process (PID=2703) to work on /opt/airflow/dags/loader_dag.py
[2024-11-03T01:23:03.459+0000] {processor.py:829} INFO - Processing file /opt/airflow/dags/loader_dag.py for tasks to queue
[2024-11-03T01:23:03.460+0000] {logging_mixin.py:151} INFO - [2024-11-03T01:23:03.459+0000] {dagbag.py:539} INFO - Filling up the DagBag from /opt/airflow/dags/loader_dag.py
[2024-11-03T01:23:03.479+0000] {processor.py:839} INFO - DAG(s) dict_keys(['dimension_batch_ingestion']) retrieved from /opt/airflow/dags/loader_dag.py
[2024-11-03T01:23:03.524+0000] {logging_mixin.py:151} INFO - [2024-11-03T01:23:03.524+0000] {dag.py:2915} INFO - Sync 1 DAGs
[2024-11-03T01:23:03.557+0000] {logging_mixin.py:151} INFO - [2024-11-03T01:23:03.557+0000] {dag.py:3696} INFO - Setting next_dagrun for dimension_batch_ingestion to 2024-11-03T00:00:00+00:00, run_after=2024-11-04T00:00:00+00:00
[2024-11-03T01:23:03.582+0000] {processor.py:179} INFO - Processing /opt/airflow/dags/loader_dag.py took 0.131 seconds
[2024-11-03T01:23:34.553+0000] {processor.py:157} INFO - Started process (PID=2750) to work on /opt/airflow/dags/loader_dag.py
[2024-11-03T01:23:34.555+0000] {processor.py:829} INFO - Processing file /opt/airflow/dags/loader_dag.py for tasks to queue
[2024-11-03T01:23:34.558+0000] {logging_mixin.py:151} INFO - [2024-11-03T01:23:34.558+0000] {dagbag.py:539} INFO - Filling up the DagBag from /opt/airflow/dags/loader_dag.py
[2024-11-03T01:23:34.582+0000] {processor.py:839} INFO - DAG(s) dict_keys(['dimension_batch_ingestion']) retrieved from /opt/airflow/dags/loader_dag.py
[2024-11-03T01:23:34.622+0000] {logging_mixin.py:151} INFO - [2024-11-03T01:23:34.621+0000] {dag.py:2915} INFO - Sync 1 DAGs
[2024-11-03T01:23:34.651+0000] {logging_mixin.py:151} INFO - [2024-11-03T01:23:34.651+0000] {dag.py:3696} INFO - Setting next_dagrun for dimension_batch_ingestion to 2024-11-03T00:00:00+00:00, run_after=2024-11-04T00:00:00+00:00
[2024-11-03T01:23:34.673+0000] {processor.py:179} INFO - Processing /opt/airflow/dags/loader_dag.py took 0.125 seconds
[2024-11-03T01:24:04.976+0000] {processor.py:157} INFO - Started process (PID=2797) to work on /opt/airflow/dags/loader_dag.py
[2024-11-03T01:24:04.978+0000] {processor.py:829} INFO - Processing file /opt/airflow/dags/loader_dag.py for tasks to queue
[2024-11-03T01:24:04.980+0000] {logging_mixin.py:151} INFO - [2024-11-03T01:24:04.980+0000] {dagbag.py:539} INFO - Filling up the DagBag from /opt/airflow/dags/loader_dag.py
[2024-11-03T01:24:05.021+0000] {processor.py:839} INFO - DAG(s) dict_keys(['dimension_batch_ingestion']) retrieved from /opt/airflow/dags/loader_dag.py
[2024-11-03T01:24:05.062+0000] {logging_mixin.py:151} INFO - [2024-11-03T01:24:05.062+0000] {dag.py:2915} INFO - Sync 1 DAGs
[2024-11-03T01:24:05.098+0000] {logging_mixin.py:151} INFO - [2024-11-03T01:24:05.098+0000] {dag.py:3696} INFO - Setting next_dagrun for dimension_batch_ingestion to 2024-11-03T00:00:00+00:00, run_after=2024-11-04T00:00:00+00:00
[2024-11-03T01:24:05.128+0000] {processor.py:179} INFO - Processing /opt/airflow/dags/loader_dag.py took 0.160 seconds
[2024-11-03T01:24:11.191+0000] {processor.py:157} INFO - Started process (PID=2804) to work on /opt/airflow/dags/loader_dag.py
[2024-11-03T01:24:11.192+0000] {processor.py:829} INFO - Processing file /opt/airflow/dags/loader_dag.py for tasks to queue
[2024-11-03T01:24:11.194+0000] {logging_mixin.py:151} INFO - [2024-11-03T01:24:11.193+0000] {dagbag.py:539} INFO - Filling up the DagBag from /opt/airflow/dags/loader_dag.py
[2024-11-03T01:24:11.224+0000] {processor.py:839} INFO - DAG(s) dict_keys(['dimension_batch_ingestion']) retrieved from /opt/airflow/dags/loader_dag.py
[2024-11-03T01:24:11.597+0000] {logging_mixin.py:151} INFO - [2024-11-03T01:24:11.597+0000] {security.py:708} INFO - Not syncing DAG-level permissions for DAG 'DAG:dimension_batch_ingestion' as access control is unset.
[2024-11-03T01:24:11.598+0000] {logging_mixin.py:151} INFO - [2024-11-03T01:24:11.598+0000] {dag.py:2915} INFO - Sync 1 DAGs
[2024-11-03T01:24:11.629+0000] {logging_mixin.py:151} INFO - [2024-11-03T01:24:11.629+0000] {dag.py:3696} INFO - Setting next_dagrun for dimension_batch_ingestion to 2024-11-03T00:00:00+00:00, run_after=2024-11-04T00:00:00+00:00
[2024-11-03T01:24:11.663+0000] {processor.py:179} INFO - Processing /opt/airflow/dags/loader_dag.py took 0.477 seconds
[2024-11-03T01:24:42.229+0000] {processor.py:157} INFO - Started process (PID=2863) to work on /opt/airflow/dags/loader_dag.py
[2024-11-03T01:24:42.239+0000] {processor.py:829} INFO - Processing file /opt/airflow/dags/loader_dag.py for tasks to queue
[2024-11-03T01:24:42.241+0000] {logging_mixin.py:151} INFO - [2024-11-03T01:24:42.240+0000] {dagbag.py:539} INFO - Filling up the DagBag from /opt/airflow/dags/loader_dag.py
[2024-11-03T01:24:42.290+0000] {processor.py:839} INFO - DAG(s) dict_keys(['dimension_batch_ingestion']) retrieved from /opt/airflow/dags/loader_dag.py
[2024-11-03T01:24:42.374+0000] {logging_mixin.py:151} INFO - [2024-11-03T01:24:42.374+0000] {dag.py:2915} INFO - Sync 1 DAGs
[2024-11-03T01:24:42.417+0000] {logging_mixin.py:151} INFO - [2024-11-03T01:24:42.417+0000] {dag.py:3696} INFO - Setting next_dagrun for dimension_batch_ingestion to 2024-11-03T00:00:00+00:00, run_after=2024-11-04T00:00:00+00:00
[2024-11-03T01:24:42.442+0000] {processor.py:179} INFO - Processing /opt/airflow/dags/loader_dag.py took 0.224 seconds
[2024-11-03T01:25:13.158+0000] {processor.py:157} INFO - Started process (PID=2910) to work on /opt/airflow/dags/loader_dag.py
[2024-11-03T01:25:13.160+0000] {processor.py:829} INFO - Processing file /opt/airflow/dags/loader_dag.py for tasks to queue
[2024-11-03T01:25:13.161+0000] {logging_mixin.py:151} INFO - [2024-11-03T01:25:13.161+0000] {dagbag.py:539} INFO - Filling up the DagBag from /opt/airflow/dags/loader_dag.py
[2024-11-03T01:25:13.179+0000] {processor.py:839} INFO - DAG(s) dict_keys(['dimension_batch_ingestion']) retrieved from /opt/airflow/dags/loader_dag.py
[2024-11-03T01:25:13.214+0000] {logging_mixin.py:151} INFO - [2024-11-03T01:25:13.214+0000] {dag.py:2915} INFO - Sync 1 DAGs
[2024-11-03T01:25:13.243+0000] {logging_mixin.py:151} INFO - [2024-11-03T01:25:13.243+0000] {dag.py:3696} INFO - Setting next_dagrun for dimension_batch_ingestion to 2024-11-03T00:00:00+00:00, run_after=2024-11-04T00:00:00+00:00
[2024-11-03T01:25:13.265+0000] {processor.py:179} INFO - Processing /opt/airflow/dags/loader_dag.py took 0.112 seconds
[2024-11-03T01:25:43.469+0000] {processor.py:157} INFO - Started process (PID=2957) to work on /opt/airflow/dags/loader_dag.py
[2024-11-03T01:25:43.470+0000] {processor.py:829} INFO - Processing file /opt/airflow/dags/loader_dag.py for tasks to queue
[2024-11-03T01:25:43.472+0000] {logging_mixin.py:151} INFO - [2024-11-03T01:25:43.471+0000] {dagbag.py:539} INFO - Filling up the DagBag from /opt/airflow/dags/loader_dag.py
[2024-11-03T01:25:43.492+0000] {processor.py:839} INFO - DAG(s) dict_keys(['dimension_batch_ingestion']) retrieved from /opt/airflow/dags/loader_dag.py
[2024-11-03T01:25:43.528+0000] {logging_mixin.py:151} INFO - [2024-11-03T01:25:43.528+0000] {dag.py:2915} INFO - Sync 1 DAGs
[2024-11-03T01:25:43.561+0000] {logging_mixin.py:151} INFO - [2024-11-03T01:25:43.561+0000] {dag.py:3696} INFO - Setting next_dagrun for dimension_batch_ingestion to 2024-11-03T00:00:00+00:00, run_after=2024-11-04T00:00:00+00:00
[2024-11-03T01:25:43.585+0000] {processor.py:179} INFO - Processing /opt/airflow/dags/loader_dag.py took 0.121 seconds
[2024-11-03T01:26:14.353+0000] {processor.py:157} INFO - Started process (PID=3004) to work on /opt/airflow/dags/loader_dag.py
[2024-11-03T01:26:14.355+0000] {processor.py:829} INFO - Processing file /opt/airflow/dags/loader_dag.py for tasks to queue
[2024-11-03T01:26:14.356+0000] {logging_mixin.py:151} INFO - [2024-11-03T01:26:14.355+0000] {dagbag.py:539} INFO - Filling up the DagBag from /opt/airflow/dags/loader_dag.py
[2024-11-03T01:26:14.373+0000] {processor.py:839} INFO - DAG(s) dict_keys(['dimension_batch_ingestion']) retrieved from /opt/airflow/dags/loader_dag.py
[2024-11-03T01:26:14.410+0000] {logging_mixin.py:151} INFO - [2024-11-03T01:26:14.410+0000] {dag.py:2915} INFO - Sync 1 DAGs
[2024-11-03T01:26:14.439+0000] {logging_mixin.py:151} INFO - [2024-11-03T01:26:14.439+0000] {dag.py:3696} INFO - Setting next_dagrun for dimension_batch_ingestion to 2024-11-03T00:00:00+00:00, run_after=2024-11-04T00:00:00+00:00
[2024-11-03T01:26:14.461+0000] {processor.py:179} INFO - Processing /opt/airflow/dags/loader_dag.py took 0.114 seconds
[2024-11-03T01:26:44.567+0000] {processor.py:157} INFO - Started process (PID=3051) to work on /opt/airflow/dags/loader_dag.py
[2024-11-03T01:26:44.569+0000] {processor.py:829} INFO - Processing file /opt/airflow/dags/loader_dag.py for tasks to queue
[2024-11-03T01:26:44.571+0000] {logging_mixin.py:151} INFO - [2024-11-03T01:26:44.570+0000] {dagbag.py:539} INFO - Filling up the DagBag from /opt/airflow/dags/loader_dag.py
[2024-11-03T01:26:44.590+0000] {processor.py:839} INFO - DAG(s) dict_keys(['dimension_batch_ingestion']) retrieved from /opt/airflow/dags/loader_dag.py
[2024-11-03T01:26:44.628+0000] {logging_mixin.py:151} INFO - [2024-11-03T01:26:44.627+0000] {dag.py:2915} INFO - Sync 1 DAGs
[2024-11-03T01:26:44.660+0000] {logging_mixin.py:151} INFO - [2024-11-03T01:26:44.660+0000] {dag.py:3696} INFO - Setting next_dagrun for dimension_batch_ingestion to 2024-11-03T00:00:00+00:00, run_after=2024-11-04T00:00:00+00:00
[2024-11-03T01:26:44.684+0000] {processor.py:179} INFO - Processing /opt/airflow/dags/loader_dag.py took 0.123 seconds
[2024-11-03T01:27:14.861+0000] {processor.py:157} INFO - Started process (PID=3098) to work on /opt/airflow/dags/loader_dag.py
[2024-11-03T01:27:14.864+0000] {processor.py:829} INFO - Processing file /opt/airflow/dags/loader_dag.py for tasks to queue
[2024-11-03T01:27:14.866+0000] {logging_mixin.py:151} INFO - [2024-11-03T01:27:14.865+0000] {dagbag.py:539} INFO - Filling up the DagBag from /opt/airflow/dags/loader_dag.py
[2024-11-03T01:27:14.883+0000] {processor.py:839} INFO - DAG(s) dict_keys(['dimension_batch_ingestion']) retrieved from /opt/airflow/dags/loader_dag.py
[2024-11-03T01:27:14.916+0000] {logging_mixin.py:151} INFO - [2024-11-03T01:27:14.916+0000] {dag.py:2915} INFO - Sync 1 DAGs
[2024-11-03T01:27:14.943+0000] {logging_mixin.py:151} INFO - [2024-11-03T01:27:14.943+0000] {dag.py:3696} INFO - Setting next_dagrun for dimension_batch_ingestion to 2024-11-03T00:00:00+00:00, run_after=2024-11-04T00:00:00+00:00
[2024-11-03T01:27:14.963+0000] {processor.py:179} INFO - Processing /opt/airflow/dags/loader_dag.py took 0.106 seconds
[2024-11-03T01:27:45.752+0000] {processor.py:157} INFO - Started process (PID=3145) to work on /opt/airflow/dags/loader_dag.py
[2024-11-03T01:27:45.757+0000] {processor.py:829} INFO - Processing file /opt/airflow/dags/loader_dag.py for tasks to queue
[2024-11-03T01:27:45.758+0000] {logging_mixin.py:151} INFO - [2024-11-03T01:27:45.758+0000] {dagbag.py:539} INFO - Filling up the DagBag from /opt/airflow/dags/loader_dag.py
[2024-11-03T01:27:45.795+0000] {processor.py:839} INFO - DAG(s) dict_keys(['dimension_batch_ingestion']) retrieved from /opt/airflow/dags/loader_dag.py
[2024-11-03T01:27:45.865+0000] {logging_mixin.py:151} INFO - [2024-11-03T01:27:45.865+0000] {dag.py:2915} INFO - Sync 1 DAGs
[2024-11-03T01:27:45.898+0000] {logging_mixin.py:151} INFO - [2024-11-03T01:27:45.898+0000] {dag.py:3696} INFO - Setting next_dagrun for dimension_batch_ingestion to 2024-11-03T00:00:00+00:00, run_after=2024-11-04T00:00:00+00:00
[2024-11-03T01:27:45.928+0000] {processor.py:179} INFO - Processing /opt/airflow/dags/loader_dag.py took 0.181 seconds
[2024-11-03T01:28:16.077+0000] {processor.py:157} INFO - Started process (PID=3192) to work on /opt/airflow/dags/loader_dag.py
[2024-11-03T01:28:16.079+0000] {processor.py:829} INFO - Processing file /opt/airflow/dags/loader_dag.py for tasks to queue
[2024-11-03T01:28:16.081+0000] {logging_mixin.py:151} INFO - [2024-11-03T01:28:16.080+0000] {dagbag.py:539} INFO - Filling up the DagBag from /opt/airflow/dags/loader_dag.py
[2024-11-03T01:28:16.100+0000] {processor.py:839} INFO - DAG(s) dict_keys(['dimension_batch_ingestion']) retrieved from /opt/airflow/dags/loader_dag.py
[2024-11-03T01:28:16.136+0000] {logging_mixin.py:151} INFO - [2024-11-03T01:28:16.135+0000] {dag.py:2915} INFO - Sync 1 DAGs
[2024-11-03T01:28:16.163+0000] {logging_mixin.py:151} INFO - [2024-11-03T01:28:16.163+0000] {dag.py:3696} INFO - Setting next_dagrun for dimension_batch_ingestion to 2024-11-03T00:00:00+00:00, run_after=2024-11-04T00:00:00+00:00
[2024-11-03T01:28:16.184+0000] {processor.py:179} INFO - Processing /opt/airflow/dags/loader_dag.py took 0.111 seconds
[2024-11-03T01:28:46.253+0000] {processor.py:157} INFO - Started process (PID=3239) to work on /opt/airflow/dags/loader_dag.py
[2024-11-03T01:28:46.256+0000] {processor.py:829} INFO - Processing file /opt/airflow/dags/loader_dag.py for tasks to queue
[2024-11-03T01:28:46.258+0000] {logging_mixin.py:151} INFO - [2024-11-03T01:28:46.257+0000] {dagbag.py:539} INFO - Filling up the DagBag from /opt/airflow/dags/loader_dag.py
[2024-11-03T01:28:46.277+0000] {processor.py:839} INFO - DAG(s) dict_keys(['dimension_batch_ingestion']) retrieved from /opt/airflow/dags/loader_dag.py
[2024-11-03T01:28:46.311+0000] {logging_mixin.py:151} INFO - [2024-11-03T01:28:46.311+0000] {dag.py:2915} INFO - Sync 1 DAGs
[2024-11-03T01:28:46.339+0000] {logging_mixin.py:151} INFO - [2024-11-03T01:28:46.339+0000] {dag.py:3696} INFO - Setting next_dagrun for dimension_batch_ingestion to 2024-11-03T00:00:00+00:00, run_after=2024-11-04T00:00:00+00:00
[2024-11-03T01:28:46.359+0000] {processor.py:179} INFO - Processing /opt/airflow/dags/loader_dag.py took 0.111 seconds
[2024-11-03T01:29:16.525+0000] {processor.py:157} INFO - Started process (PID=3286) to work on /opt/airflow/dags/loader_dag.py
[2024-11-03T01:29:16.529+0000] {processor.py:829} INFO - Processing file /opt/airflow/dags/loader_dag.py for tasks to queue
[2024-11-03T01:29:16.530+0000] {logging_mixin.py:151} INFO - [2024-11-03T01:29:16.530+0000] {dagbag.py:539} INFO - Filling up the DagBag from /opt/airflow/dags/loader_dag.py
[2024-11-03T01:29:16.551+0000] {processor.py:839} INFO - DAG(s) dict_keys(['dimension_batch_ingestion']) retrieved from /opt/airflow/dags/loader_dag.py
[2024-11-03T01:29:16.591+0000] {logging_mixin.py:151} INFO - [2024-11-03T01:29:16.590+0000] {dag.py:2915} INFO - Sync 1 DAGs
[2024-11-03T01:29:16.622+0000] {logging_mixin.py:151} INFO - [2024-11-03T01:29:16.622+0000] {dag.py:3696} INFO - Setting next_dagrun for dimension_batch_ingestion to 2024-11-03T00:00:00+00:00, run_after=2024-11-04T00:00:00+00:00
[2024-11-03T01:29:16.645+0000] {processor.py:179} INFO - Processing /opt/airflow/dags/loader_dag.py took 0.126 seconds
[2024-11-03T01:29:46.783+0000] {processor.py:157} INFO - Started process (PID=3333) to work on /opt/airflow/dags/loader_dag.py
[2024-11-03T01:29:46.785+0000] {processor.py:829} INFO - Processing file /opt/airflow/dags/loader_dag.py for tasks to queue
[2024-11-03T01:29:46.786+0000] {logging_mixin.py:151} INFO - [2024-11-03T01:29:46.786+0000] {dagbag.py:539} INFO - Filling up the DagBag from /opt/airflow/dags/loader_dag.py
[2024-11-03T01:29:46.808+0000] {processor.py:839} INFO - DAG(s) dict_keys(['dimension_batch_ingestion']) retrieved from /opt/airflow/dags/loader_dag.py
[2024-11-03T01:29:46.874+0000] {logging_mixin.py:151} INFO - [2024-11-03T01:29:46.874+0000] {dag.py:2915} INFO - Sync 1 DAGs
[2024-11-03T01:29:46.911+0000] {logging_mixin.py:151} INFO - [2024-11-03T01:29:46.911+0000] {dag.py:3696} INFO - Setting next_dagrun for dimension_batch_ingestion to 2024-11-03T00:00:00+00:00, run_after=2024-11-04T00:00:00+00:00
[2024-11-03T01:29:46.963+0000] {processor.py:179} INFO - Processing /opt/airflow/dags/loader_dag.py took 0.184 seconds
[2024-11-03T01:30:17.039+0000] {processor.py:157} INFO - Started process (PID=3380) to work on /opt/airflow/dags/loader_dag.py
[2024-11-03T01:30:17.045+0000] {processor.py:829} INFO - Processing file /opt/airflow/dags/loader_dag.py for tasks to queue
[2024-11-03T01:30:17.046+0000] {logging_mixin.py:151} INFO - [2024-11-03T01:30:17.046+0000] {dagbag.py:539} INFO - Filling up the DagBag from /opt/airflow/dags/loader_dag.py
[2024-11-03T01:30:17.067+0000] {processor.py:839} INFO - DAG(s) dict_keys(['dimension_batch_ingestion']) retrieved from /opt/airflow/dags/loader_dag.py
[2024-11-03T01:30:17.105+0000] {logging_mixin.py:151} INFO - [2024-11-03T01:30:17.104+0000] {dag.py:2915} INFO - Sync 1 DAGs
[2024-11-03T01:30:17.139+0000] {logging_mixin.py:151} INFO - [2024-11-03T01:30:17.139+0000] {dag.py:3696} INFO - Setting next_dagrun for dimension_batch_ingestion to 2024-11-03T00:00:00+00:00, run_after=2024-11-04T00:00:00+00:00
[2024-11-03T01:30:17.159+0000] {processor.py:179} INFO - Processing /opt/airflow/dags/loader_dag.py took 0.125 seconds
[2024-11-03T01:30:47.246+0000] {processor.py:157} INFO - Started process (PID=3427) to work on /opt/airflow/dags/loader_dag.py
[2024-11-03T01:30:47.253+0000] {processor.py:829} INFO - Processing file /opt/airflow/dags/loader_dag.py for tasks to queue
[2024-11-03T01:30:47.254+0000] {logging_mixin.py:151} INFO - [2024-11-03T01:30:47.253+0000] {dagbag.py:539} INFO - Filling up the DagBag from /opt/airflow/dags/loader_dag.py
[2024-11-03T01:30:47.275+0000] {processor.py:839} INFO - DAG(s) dict_keys(['dimension_batch_ingestion']) retrieved from /opt/airflow/dags/loader_dag.py
[2024-11-03T01:30:47.306+0000] {logging_mixin.py:151} INFO - [2024-11-03T01:30:47.306+0000] {dag.py:2915} INFO - Sync 1 DAGs
[2024-11-03T01:30:47.340+0000] {logging_mixin.py:151} INFO - [2024-11-03T01:30:47.339+0000] {dag.py:3696} INFO - Setting next_dagrun for dimension_batch_ingestion to 2024-11-03T00:00:00+00:00, run_after=2024-11-04T00:00:00+00:00
[2024-11-03T01:30:47.361+0000] {processor.py:179} INFO - Processing /opt/airflow/dags/loader_dag.py took 0.119 seconds
[2024-11-03T01:31:18.142+0000] {processor.py:157} INFO - Started process (PID=3474) to work on /opt/airflow/dags/loader_dag.py
[2024-11-03T01:31:18.146+0000] {processor.py:829} INFO - Processing file /opt/airflow/dags/loader_dag.py for tasks to queue
[2024-11-03T01:31:18.147+0000] {logging_mixin.py:151} INFO - [2024-11-03T01:31:18.147+0000] {dagbag.py:539} INFO - Filling up the DagBag from /opt/airflow/dags/loader_dag.py
[2024-11-03T01:31:18.169+0000] {processor.py:839} INFO - DAG(s) dict_keys(['dimension_batch_ingestion']) retrieved from /opt/airflow/dags/loader_dag.py
[2024-11-03T01:31:18.204+0000] {logging_mixin.py:151} INFO - [2024-11-03T01:31:18.204+0000] {dag.py:2915} INFO - Sync 1 DAGs
[2024-11-03T01:31:18.238+0000] {logging_mixin.py:151} INFO - [2024-11-03T01:31:18.238+0000] {dag.py:3696} INFO - Setting next_dagrun for dimension_batch_ingestion to 2024-11-03T00:00:00+00:00, run_after=2024-11-04T00:00:00+00:00
[2024-11-03T01:31:18.259+0000] {processor.py:179} INFO - Processing /opt/airflow/dags/loader_dag.py took 0.122 seconds
[2024-11-03T01:31:49.010+0000] {processor.py:157} INFO - Started process (PID=3521) to work on /opt/airflow/dags/loader_dag.py
[2024-11-03T01:31:49.018+0000] {processor.py:829} INFO - Processing file /opt/airflow/dags/loader_dag.py for tasks to queue
[2024-11-03T01:31:49.020+0000] {logging_mixin.py:151} INFO - [2024-11-03T01:31:49.019+0000] {dagbag.py:539} INFO - Filling up the DagBag from /opt/airflow/dags/loader_dag.py
[2024-11-03T01:31:49.085+0000] {processor.py:839} INFO - DAG(s) dict_keys(['dimension_batch_ingestion']) retrieved from /opt/airflow/dags/loader_dag.py
[2024-11-03T01:31:49.161+0000] {logging_mixin.py:151} INFO - [2024-11-03T01:31:49.161+0000] {dag.py:2915} INFO - Sync 1 DAGs
[2024-11-03T01:31:49.206+0000] {logging_mixin.py:151} INFO - [2024-11-03T01:31:49.205+0000] {dag.py:3696} INFO - Setting next_dagrun for dimension_batch_ingestion to 2024-11-03T00:00:00+00:00, run_after=2024-11-04T00:00:00+00:00
[2024-11-03T01:31:49.376+0000] {processor.py:179} INFO - Processing /opt/airflow/dags/loader_dag.py took 0.374 seconds
[2024-11-03T01:32:19.506+0000] {processor.py:157} INFO - Started process (PID=3568) to work on /opt/airflow/dags/loader_dag.py
[2024-11-03T01:32:19.509+0000] {processor.py:829} INFO - Processing file /opt/airflow/dags/loader_dag.py for tasks to queue
[2024-11-03T01:32:19.511+0000] {logging_mixin.py:151} INFO - [2024-11-03T01:32:19.510+0000] {dagbag.py:539} INFO - Filling up the DagBag from /opt/airflow/dags/loader_dag.py
[2024-11-03T01:32:19.544+0000] {processor.py:839} INFO - DAG(s) dict_keys(['dimension_batch_ingestion']) retrieved from /opt/airflow/dags/loader_dag.py
[2024-11-03T01:32:19.587+0000] {logging_mixin.py:151} INFO - [2024-11-03T01:32:19.587+0000] {dag.py:2915} INFO - Sync 1 DAGs
[2024-11-03T01:32:19.621+0000] {logging_mixin.py:151} INFO - [2024-11-03T01:32:19.621+0000] {dag.py:3696} INFO - Setting next_dagrun for dimension_batch_ingestion to 2024-11-03T00:00:00+00:00, run_after=2024-11-04T00:00:00+00:00
[2024-11-03T01:32:19.646+0000] {processor.py:179} INFO - Processing /opt/airflow/dags/loader_dag.py took 0.147 seconds
[2024-11-03T01:32:50.180+0000] {processor.py:157} INFO - Started process (PID=3615) to work on /opt/airflow/dags/loader_dag.py
[2024-11-03T01:32:50.182+0000] {processor.py:829} INFO - Processing file /opt/airflow/dags/loader_dag.py for tasks to queue
[2024-11-03T01:32:50.184+0000] {logging_mixin.py:151} INFO - [2024-11-03T01:32:50.183+0000] {dagbag.py:539} INFO - Filling up the DagBag from /opt/airflow/dags/loader_dag.py
[2024-11-03T01:32:50.209+0000] {processor.py:839} INFO - DAG(s) dict_keys(['dimension_batch_ingestion']) retrieved from /opt/airflow/dags/loader_dag.py
[2024-11-03T01:32:50.249+0000] {logging_mixin.py:151} INFO - [2024-11-03T01:32:50.249+0000] {dag.py:2915} INFO - Sync 1 DAGs
[2024-11-03T01:32:50.293+0000] {logging_mixin.py:151} INFO - [2024-11-03T01:32:50.293+0000] {dag.py:3696} INFO - Setting next_dagrun for dimension_batch_ingestion to 2024-11-03T00:00:00+00:00, run_after=2024-11-04T00:00:00+00:00
[2024-11-03T01:32:50.326+0000] {processor.py:179} INFO - Processing /opt/airflow/dags/loader_dag.py took 0.151 seconds
[2024-11-03T01:33:20.671+0000] {processor.py:157} INFO - Started process (PID=3662) to work on /opt/airflow/dags/loader_dag.py
[2024-11-03T01:33:20.675+0000] {processor.py:829} INFO - Processing file /opt/airflow/dags/loader_dag.py for tasks to queue
[2024-11-03T01:33:20.678+0000] {logging_mixin.py:151} INFO - [2024-11-03T01:33:20.677+0000] {dagbag.py:539} INFO - Filling up the DagBag from /opt/airflow/dags/loader_dag.py
[2024-11-03T01:33:20.712+0000] {processor.py:839} INFO - DAG(s) dict_keys(['dimension_batch_ingestion']) retrieved from /opt/airflow/dags/loader_dag.py
[2024-11-03T01:33:20.751+0000] {logging_mixin.py:151} INFO - [2024-11-03T01:33:20.750+0000] {dag.py:2915} INFO - Sync 1 DAGs
[2024-11-03T01:33:20.789+0000] {logging_mixin.py:151} INFO - [2024-11-03T01:33:20.789+0000] {dag.py:3696} INFO - Setting next_dagrun for dimension_batch_ingestion to 2024-11-03T00:00:00+00:00, run_after=2024-11-04T00:00:00+00:00
[2024-11-03T01:33:20.817+0000] {processor.py:179} INFO - Processing /opt/airflow/dags/loader_dag.py took 0.152 seconds
[2024-11-03T01:33:50.968+0000] {processor.py:157} INFO - Started process (PID=3709) to work on /opt/airflow/dags/loader_dag.py
[2024-11-03T01:33:50.971+0000] {processor.py:829} INFO - Processing file /opt/airflow/dags/loader_dag.py for tasks to queue
[2024-11-03T01:33:50.972+0000] {logging_mixin.py:151} INFO - [2024-11-03T01:33:50.972+0000] {dagbag.py:539} INFO - Filling up the DagBag from /opt/airflow/dags/loader_dag.py
[2024-11-03T01:33:50.991+0000] {processor.py:839} INFO - DAG(s) dict_keys(['dimension_batch_ingestion']) retrieved from /opt/airflow/dags/loader_dag.py
[2024-11-03T01:33:51.030+0000] {logging_mixin.py:151} INFO - [2024-11-03T01:33:51.030+0000] {dag.py:2915} INFO - Sync 1 DAGs
[2024-11-03T01:33:51.064+0000] {logging_mixin.py:151} INFO - [2024-11-03T01:33:51.064+0000] {dag.py:3696} INFO - Setting next_dagrun for dimension_batch_ingestion to 2024-11-03T00:00:00+00:00, run_after=2024-11-04T00:00:00+00:00
[2024-11-03T01:33:51.089+0000] {processor.py:179} INFO - Processing /opt/airflow/dags/loader_dag.py took 0.125 seconds
[2024-11-03T01:34:21.459+0000] {processor.py:157} INFO - Started process (PID=3756) to work on /opt/airflow/dags/loader_dag.py
[2024-11-03T01:34:21.461+0000] {processor.py:829} INFO - Processing file /opt/airflow/dags/loader_dag.py for tasks to queue
[2024-11-03T01:34:21.463+0000] {logging_mixin.py:151} INFO - [2024-11-03T01:34:21.462+0000] {dagbag.py:539} INFO - Filling up the DagBag from /opt/airflow/dags/loader_dag.py
[2024-11-03T01:34:21.485+0000] {processor.py:839} INFO - DAG(s) dict_keys(['dimension_batch_ingestion']) retrieved from /opt/airflow/dags/loader_dag.py
[2024-11-03T01:34:21.531+0000] {logging_mixin.py:151} INFO - [2024-11-03T01:34:21.531+0000] {dag.py:2915} INFO - Sync 1 DAGs
[2024-11-03T01:34:21.569+0000] {logging_mixin.py:151} INFO - [2024-11-03T01:34:21.569+0000] {dag.py:3696} INFO - Setting next_dagrun for dimension_batch_ingestion to 2024-11-03T00:00:00+00:00, run_after=2024-11-04T00:00:00+00:00
[2024-11-03T01:34:21.604+0000] {processor.py:179} INFO - Processing /opt/airflow/dags/loader_dag.py took 0.151 seconds
[2024-11-03T01:34:51.794+0000] {processor.py:157} INFO - Started process (PID=3803) to work on /opt/airflow/dags/loader_dag.py
[2024-11-03T01:34:51.797+0000] {processor.py:829} INFO - Processing file /opt/airflow/dags/loader_dag.py for tasks to queue
[2024-11-03T01:34:51.799+0000] {logging_mixin.py:151} INFO - [2024-11-03T01:34:51.799+0000] {dagbag.py:539} INFO - Filling up the DagBag from /opt/airflow/dags/loader_dag.py
[2024-11-03T01:34:51.833+0000] {processor.py:839} INFO - DAG(s) dict_keys(['dimension_batch_ingestion']) retrieved from /opt/airflow/dags/loader_dag.py
[2024-11-03T01:34:51.887+0000] {logging_mixin.py:151} INFO - [2024-11-03T01:34:51.887+0000] {dag.py:2915} INFO - Sync 1 DAGs
[2024-11-03T01:34:51.959+0000] {logging_mixin.py:151} INFO - [2024-11-03T01:34:51.959+0000] {dag.py:3696} INFO - Setting next_dagrun for dimension_batch_ingestion to 2024-11-03T00:00:00+00:00, run_after=2024-11-04T00:00:00+00:00
[2024-11-03T01:34:51.995+0000] {processor.py:179} INFO - Processing /opt/airflow/dags/loader_dag.py took 0.209 seconds
