[2024-11-03T00:08:10.883+0000] {processor.py:157} INFO - Started process (PID=19627) to work on /opt/airflow/dags/schema_dag.py
[2024-11-03T00:08:10.888+0000] {processor.py:829} INFO - Processing file /opt/airflow/dags/schema_dag.py for tasks to queue
[2024-11-03T00:08:10.891+0000] {logging_mixin.py:151} INFO - [2024-11-03T00:08:10.891+0000] {dagbag.py:539} INFO - Filling up the DagBag from /opt/airflow/dags/schema_dag.py
[2024-11-03T00:08:12.376+0000] {processor.py:839} INFO - DAG(s) dict_keys(['schema_dag']) retrieved from /opt/airflow/dags/schema_dag.py
[2024-11-03T00:08:12.427+0000] {logging_mixin.py:151} INFO - [2024-11-03T00:08:12.425+0000] {dag.py:2915} INFO - Sync 1 DAGs
[2024-11-03T00:08:12.464+0000] {logging_mixin.py:151} INFO - [2024-11-03T00:08:12.464+0000] {dag.py:3696} INFO - Setting next_dagrun for schema_dag to 2024-11-02T00:00:00+00:00, run_after=2024-11-03T00:00:00+00:00
[2024-11-03T00:08:12.499+0000] {processor.py:179} INFO - Processing /opt/airflow/dags/schema_dag.py took 1.633 seconds
[2024-11-03T00:56:34.250+0000] {processor.py:157} INFO - Started process (PID=251) to work on /opt/airflow/dags/schema_dag.py
[2024-11-03T00:56:34.256+0000] {processor.py:829} INFO - Processing file /opt/airflow/dags/schema_dag.py for tasks to queue
[2024-11-03T00:56:34.257+0000] {logging_mixin.py:151} INFO - [2024-11-03T00:56:34.257+0000] {dagbag.py:539} INFO - Filling up the DagBag from /opt/airflow/dags/schema_dag.py
[2024-11-03T00:56:35.027+0000] {processor.py:839} INFO - DAG(s) dict_keys(['schema_dag']) retrieved from /opt/airflow/dags/schema_dag.py
[2024-11-03T00:56:35.169+0000] {logging_mixin.py:151} INFO - [2024-11-03T00:56:35.168+0000] {security.py:708} INFO - Not syncing DAG-level permissions for DAG 'DAG:schema_dag' as access control is unset.
[2024-11-03T00:56:35.170+0000] {logging_mixin.py:151} INFO - [2024-11-03T00:56:35.169+0000] {dag.py:2915} INFO - Sync 1 DAGs
[2024-11-03T00:56:35.205+0000] {logging_mixin.py:151} INFO - [2024-11-03T00:56:35.205+0000] {dag.py:3696} INFO - Setting next_dagrun for schema_dag to 2024-11-02T00:00:00+00:00, run_after=2024-11-03T00:00:00+00:00
[2024-11-03T00:56:35.237+0000] {processor.py:179} INFO - Processing /opt/airflow/dags/schema_dag.py took 0.991 seconds
[2024-11-03T00:57:06.046+0000] {processor.py:157} INFO - Started process (PID=298) to work on /opt/airflow/dags/schema_dag.py
[2024-11-03T00:57:06.047+0000] {processor.py:829} INFO - Processing file /opt/airflow/dags/schema_dag.py for tasks to queue
[2024-11-03T00:57:06.048+0000] {logging_mixin.py:151} INFO - [2024-11-03T00:57:06.048+0000] {dagbag.py:539} INFO - Filling up the DagBag from /opt/airflow/dags/schema_dag.py
[2024-11-03T00:57:06.635+0000] {processor.py:839} INFO - DAG(s) dict_keys(['schema_dag']) retrieved from /opt/airflow/dags/schema_dag.py
[2024-11-03T00:57:06.667+0000] {logging_mixin.py:151} INFO - [2024-11-03T00:57:06.667+0000] {dag.py:2915} INFO - Sync 1 DAGs
[2024-11-03T00:57:06.691+0000] {logging_mixin.py:151} INFO - [2024-11-03T00:57:06.691+0000] {dag.py:3696} INFO - Setting next_dagrun for schema_dag to 2024-11-02T00:00:00+00:00, run_after=2024-11-03T00:00:00+00:00
[2024-11-03T00:57:06.711+0000] {processor.py:179} INFO - Processing /opt/airflow/dags/schema_dag.py took 0.670 seconds
[2024-11-03T00:57:37.112+0000] {processor.py:157} INFO - Started process (PID=344) to work on /opt/airflow/dags/schema_dag.py
[2024-11-03T00:57:37.115+0000] {processor.py:829} INFO - Processing file /opt/airflow/dags/schema_dag.py for tasks to queue
[2024-11-03T00:57:37.116+0000] {logging_mixin.py:151} INFO - [2024-11-03T00:57:37.116+0000] {dagbag.py:539} INFO - Filling up the DagBag from /opt/airflow/dags/schema_dag.py
[2024-11-03T00:57:37.776+0000] {processor.py:839} INFO - DAG(s) dict_keys(['schema_dag']) retrieved from /opt/airflow/dags/schema_dag.py
[2024-11-03T00:57:37.812+0000] {logging_mixin.py:151} INFO - [2024-11-03T00:57:37.811+0000] {dag.py:2915} INFO - Sync 1 DAGs
[2024-11-03T00:57:37.864+0000] {logging_mixin.py:151} INFO - [2024-11-03T00:57:37.864+0000] {dag.py:3696} INFO - Setting next_dagrun for schema_dag to 2024-11-02T00:00:00+00:00, run_after=2024-11-03T00:00:00+00:00
[2024-11-03T00:57:37.889+0000] {processor.py:179} INFO - Processing /opt/airflow/dags/schema_dag.py took 0.782 seconds
[2024-11-03T00:58:11.658+0000] {processor.py:157} INFO - Started process (PID=391) to work on /opt/airflow/dags/schema_dag.py
[2024-11-03T00:58:11.661+0000] {processor.py:829} INFO - Processing file /opt/airflow/dags/schema_dag.py for tasks to queue
[2024-11-03T00:58:11.663+0000] {logging_mixin.py:151} INFO - [2024-11-03T00:58:11.663+0000] {dagbag.py:539} INFO - Filling up the DagBag from /opt/airflow/dags/schema_dag.py
[2024-11-03T00:58:12.279+0000] {processor.py:839} INFO - DAG(s) dict_keys(['schema_dag']) retrieved from /opt/airflow/dags/schema_dag.py
[2024-11-03T00:58:12.326+0000] {logging_mixin.py:151} INFO - [2024-11-03T00:58:12.325+0000] {dag.py:2915} INFO - Sync 1 DAGs
[2024-11-03T00:58:12.361+0000] {logging_mixin.py:151} INFO - [2024-11-03T00:58:12.360+0000] {dag.py:3696} INFO - Setting next_dagrun for schema_dag to 2024-11-02T00:00:00+00:00, run_after=2024-11-03T00:00:00+00:00
[2024-11-03T00:58:12.391+0000] {processor.py:179} INFO - Processing /opt/airflow/dags/schema_dag.py took 0.740 seconds
[2024-11-03T00:58:42.727+0000] {processor.py:157} INFO - Started process (PID=445) to work on /opt/airflow/dags/schema_dag.py
[2024-11-03T00:58:42.729+0000] {processor.py:829} INFO - Processing file /opt/airflow/dags/schema_dag.py for tasks to queue
[2024-11-03T00:58:42.730+0000] {logging_mixin.py:151} INFO - [2024-11-03T00:58:42.730+0000] {dagbag.py:539} INFO - Filling up the DagBag from /opt/airflow/dags/schema_dag.py
[2024-11-03T00:58:43.139+0000] {processor.py:839} INFO - DAG(s) dict_keys(['schema_dag']) retrieved from /opt/airflow/dags/schema_dag.py
[2024-11-03T00:58:43.177+0000] {logging_mixin.py:151} INFO - [2024-11-03T00:58:43.177+0000] {dag.py:2915} INFO - Sync 1 DAGs
[2024-11-03T00:58:43.210+0000] {logging_mixin.py:151} INFO - [2024-11-03T00:58:43.209+0000] {dag.py:3696} INFO - Setting next_dagrun for schema_dag to 2024-11-02T00:00:00+00:00, run_after=2024-11-03T00:00:00+00:00
[2024-11-03T00:58:43.236+0000] {processor.py:179} INFO - Processing /opt/airflow/dags/schema_dag.py took 0.514 seconds
[2024-11-03T00:59:13.777+0000] {processor.py:157} INFO - Started process (PID=494) to work on /opt/airflow/dags/schema_dag.py
[2024-11-03T00:59:13.783+0000] {processor.py:829} INFO - Processing file /opt/airflow/dags/schema_dag.py for tasks to queue
[2024-11-03T00:59:13.788+0000] {logging_mixin.py:151} INFO - [2024-11-03T00:59:13.786+0000] {dagbag.py:539} INFO - Filling up the DagBag from /opt/airflow/dags/schema_dag.py
[2024-11-03T00:59:14.241+0000] {processor.py:839} INFO - DAG(s) dict_keys(['schema_dag']) retrieved from /opt/airflow/dags/schema_dag.py
[2024-11-03T00:59:14.281+0000] {logging_mixin.py:151} INFO - [2024-11-03T00:59:14.280+0000] {dag.py:2915} INFO - Sync 1 DAGs
[2024-11-03T00:59:14.318+0000] {logging_mixin.py:151} INFO - [2024-11-03T00:59:14.318+0000] {dag.py:3696} INFO - Setting next_dagrun for schema_dag to 2024-11-02T00:00:00+00:00, run_after=2024-11-03T00:00:00+00:00
[2024-11-03T00:59:14.346+0000] {processor.py:179} INFO - Processing /opt/airflow/dags/schema_dag.py took 0.574 seconds
[2024-11-03T00:59:45.269+0000] {processor.py:157} INFO - Started process (PID=539) to work on /opt/airflow/dags/schema_dag.py
[2024-11-03T00:59:45.272+0000] {processor.py:829} INFO - Processing file /opt/airflow/dags/schema_dag.py for tasks to queue
[2024-11-03T00:59:45.273+0000] {logging_mixin.py:151} INFO - [2024-11-03T00:59:45.273+0000] {dagbag.py:539} INFO - Filling up the DagBag from /opt/airflow/dags/schema_dag.py
[2024-11-03T00:59:45.848+0000] {processor.py:839} INFO - DAG(s) dict_keys(['schema_dag']) retrieved from /opt/airflow/dags/schema_dag.py
[2024-11-03T00:59:45.901+0000] {logging_mixin.py:151} INFO - [2024-11-03T00:59:45.900+0000] {dag.py:2915} INFO - Sync 1 DAGs
[2024-11-03T00:59:45.937+0000] {logging_mixin.py:151} INFO - [2024-11-03T00:59:45.936+0000] {dag.py:3696} INFO - Setting next_dagrun for schema_dag to 2024-11-02T00:00:00+00:00, run_after=2024-11-03T00:00:00+00:00
[2024-11-03T00:59:45.967+0000] {processor.py:179} INFO - Processing /opt/airflow/dags/schema_dag.py took 0.704 seconds
[2024-11-03T01:00:16.125+0000] {processor.py:157} INFO - Started process (PID=586) to work on /opt/airflow/dags/schema_dag.py
[2024-11-03T01:00:16.128+0000] {processor.py:829} INFO - Processing file /opt/airflow/dags/schema_dag.py for tasks to queue
[2024-11-03T01:00:16.132+0000] {logging_mixin.py:151} INFO - [2024-11-03T01:00:16.131+0000] {dagbag.py:539} INFO - Filling up the DagBag from /opt/airflow/dags/schema_dag.py
[2024-11-03T01:00:16.601+0000] {processor.py:839} INFO - DAG(s) dict_keys(['schema_dag']) retrieved from /opt/airflow/dags/schema_dag.py
[2024-11-03T01:00:16.638+0000] {logging_mixin.py:151} INFO - [2024-11-03T01:00:16.636+0000] {dag.py:2915} INFO - Sync 1 DAGs
[2024-11-03T01:00:16.672+0000] {logging_mixin.py:151} INFO - [2024-11-03T01:00:16.672+0000] {dag.py:3696} INFO - Setting next_dagrun for schema_dag to 2024-11-02T00:00:00+00:00, run_after=2024-11-03T00:00:00+00:00
[2024-11-03T01:00:16.703+0000] {processor.py:179} INFO - Processing /opt/airflow/dags/schema_dag.py took 0.584 seconds
[2024-11-03T01:00:47.122+0000] {processor.py:157} INFO - Started process (PID=632) to work on /opt/airflow/dags/schema_dag.py
[2024-11-03T01:00:47.124+0000] {processor.py:829} INFO - Processing file /opt/airflow/dags/schema_dag.py for tasks to queue
[2024-11-03T01:00:47.125+0000] {logging_mixin.py:151} INFO - [2024-11-03T01:00:47.125+0000] {dagbag.py:539} INFO - Filling up the DagBag from /opt/airflow/dags/schema_dag.py
[2024-11-03T01:00:48.631+0000] {processor.py:839} INFO - DAG(s) dict_keys(['schema_dag']) retrieved from /opt/airflow/dags/schema_dag.py
[2024-11-03T01:00:48.789+0000] {logging_mixin.py:151} INFO - [2024-11-03T01:00:48.787+0000] {dag.py:2915} INFO - Sync 1 DAGs
[2024-11-03T01:00:48.852+0000] {logging_mixin.py:151} INFO - [2024-11-03T01:00:48.852+0000] {dag.py:3696} INFO - Setting next_dagrun for schema_dag to 2024-11-02T00:00:00+00:00, run_after=2024-11-03T00:00:00+00:00
[2024-11-03T01:00:48.890+0000] {processor.py:179} INFO - Processing /opt/airflow/dags/schema_dag.py took 1.775 seconds
[2024-11-03T01:01:21.810+0000] {processor.py:157} INFO - Started process (PID=680) to work on /opt/airflow/dags/schema_dag.py
[2024-11-03T01:01:21.813+0000] {processor.py:829} INFO - Processing file /opt/airflow/dags/schema_dag.py for tasks to queue
[2024-11-03T01:01:21.815+0000] {logging_mixin.py:151} INFO - [2024-11-03T01:01:21.814+0000] {dagbag.py:539} INFO - Filling up the DagBag from /opt/airflow/dags/schema_dag.py
[2024-11-03T01:01:22.587+0000] {processor.py:839} INFO - DAG(s) dict_keys(['schema_dag']) retrieved from /opt/airflow/dags/schema_dag.py
[2024-11-03T01:01:22.776+0000] {logging_mixin.py:151} INFO - [2024-11-03T01:01:22.775+0000] {dag.py:2915} INFO - Sync 1 DAGs
[2024-11-03T01:01:22.952+0000] {logging_mixin.py:151} INFO - [2024-11-03T01:01:22.951+0000] {dag.py:3696} INFO - Setting next_dagrun for schema_dag to 2024-11-02T00:00:00+00:00, run_after=2024-11-03T00:00:00+00:00
[2024-11-03T01:01:23.012+0000] {processor.py:179} INFO - Processing /opt/airflow/dags/schema_dag.py took 1.213 seconds
[2024-11-03T01:01:53.202+0000] {processor.py:157} INFO - Started process (PID=727) to work on /opt/airflow/dags/schema_dag.py
[2024-11-03T01:01:53.213+0000] {processor.py:829} INFO - Processing file /opt/airflow/dags/schema_dag.py for tasks to queue
[2024-11-03T01:01:53.220+0000] {logging_mixin.py:151} INFO - [2024-11-03T01:01:53.216+0000] {dagbag.py:539} INFO - Filling up the DagBag from /opt/airflow/dags/schema_dag.py
[2024-11-03T01:01:53.791+0000] {processor.py:839} INFO - DAG(s) dict_keys(['schema_dag']) retrieved from /opt/airflow/dags/schema_dag.py
[2024-11-03T01:01:53.838+0000] {logging_mixin.py:151} INFO - [2024-11-03T01:01:53.837+0000] {dag.py:2915} INFO - Sync 1 DAGs
[2024-11-03T01:01:53.885+0000] {logging_mixin.py:151} INFO - [2024-11-03T01:01:53.885+0000] {dag.py:3696} INFO - Setting next_dagrun for schema_dag to 2024-11-02T00:00:00+00:00, run_after=2024-11-03T00:00:00+00:00
[2024-11-03T01:01:53.920+0000] {processor.py:179} INFO - Processing /opt/airflow/dags/schema_dag.py took 0.723 seconds
[2024-11-03T01:02:24.266+0000] {processor.py:157} INFO - Started process (PID=776) to work on /opt/airflow/dags/schema_dag.py
[2024-11-03T01:02:24.267+0000] {processor.py:829} INFO - Processing file /opt/airflow/dags/schema_dag.py for tasks to queue
[2024-11-03T01:02:24.272+0000] {logging_mixin.py:151} INFO - [2024-11-03T01:02:24.269+0000] {dagbag.py:539} INFO - Filling up the DagBag from /opt/airflow/dags/schema_dag.py
[2024-11-03T01:02:24.860+0000] {processor.py:839} INFO - DAG(s) dict_keys(['schema_dag']) retrieved from /opt/airflow/dags/schema_dag.py
[2024-11-03T01:02:24.906+0000] {logging_mixin.py:151} INFO - [2024-11-03T01:02:24.904+0000] {dag.py:2915} INFO - Sync 1 DAGs
[2024-11-03T01:02:24.941+0000] {logging_mixin.py:151} INFO - [2024-11-03T01:02:24.940+0000] {dag.py:3696} INFO - Setting next_dagrun for schema_dag to 2024-11-02T00:00:00+00:00, run_after=2024-11-03T00:00:00+00:00
[2024-11-03T01:02:24.968+0000] {processor.py:179} INFO - Processing /opt/airflow/dags/schema_dag.py took 0.707 seconds
[2024-11-03T01:02:55.983+0000] {processor.py:157} INFO - Started process (PID=821) to work on /opt/airflow/dags/schema_dag.py
[2024-11-03T01:02:55.987+0000] {processor.py:829} INFO - Processing file /opt/airflow/dags/schema_dag.py for tasks to queue
[2024-11-03T01:02:55.989+0000] {logging_mixin.py:151} INFO - [2024-11-03T01:02:55.988+0000] {dagbag.py:539} INFO - Filling up the DagBag from /opt/airflow/dags/schema_dag.py
[2024-11-03T01:02:56.619+0000] {processor.py:839} INFO - DAG(s) dict_keys(['schema_dag']) retrieved from /opt/airflow/dags/schema_dag.py
[2024-11-03T01:02:56.660+0000] {logging_mixin.py:151} INFO - [2024-11-03T01:02:56.659+0000] {dag.py:2915} INFO - Sync 1 DAGs
[2024-11-03T01:02:56.699+0000] {logging_mixin.py:151} INFO - [2024-11-03T01:02:56.699+0000] {dag.py:3696} INFO - Setting next_dagrun for schema_dag to 2024-11-02T00:00:00+00:00, run_after=2024-11-03T00:00:00+00:00
[2024-11-03T01:02:56.726+0000] {processor.py:179} INFO - Processing /opt/airflow/dags/schema_dag.py took 0.757 seconds
[2024-11-03T01:03:26.985+0000] {processor.py:157} INFO - Started process (PID=869) to work on /opt/airflow/dags/schema_dag.py
[2024-11-03T01:03:26.987+0000] {processor.py:829} INFO - Processing file /opt/airflow/dags/schema_dag.py for tasks to queue
[2024-11-03T01:03:26.989+0000] {logging_mixin.py:151} INFO - [2024-11-03T01:03:26.989+0000] {dagbag.py:539} INFO - Filling up the DagBag from /opt/airflow/dags/schema_dag.py
[2024-11-03T01:03:27.393+0000] {processor.py:839} INFO - DAG(s) dict_keys(['schema_dag']) retrieved from /opt/airflow/dags/schema_dag.py
[2024-11-03T01:03:27.431+0000] {logging_mixin.py:151} INFO - [2024-11-03T01:03:27.431+0000] {dag.py:2915} INFO - Sync 1 DAGs
[2024-11-03T01:03:27.464+0000] {logging_mixin.py:151} INFO - [2024-11-03T01:03:27.464+0000] {dag.py:3696} INFO - Setting next_dagrun for schema_dag to 2024-11-02T00:00:00+00:00, run_after=2024-11-03T00:00:00+00:00
[2024-11-03T01:03:27.489+0000] {processor.py:179} INFO - Processing /opt/airflow/dags/schema_dag.py took 0.509 seconds
[2024-11-03T01:03:57.889+0000] {processor.py:157} INFO - Started process (PID=914) to work on /opt/airflow/dags/schema_dag.py
[2024-11-03T01:03:57.890+0000] {processor.py:829} INFO - Processing file /opt/airflow/dags/schema_dag.py for tasks to queue
[2024-11-03T01:03:57.892+0000] {logging_mixin.py:151} INFO - [2024-11-03T01:03:57.891+0000] {dagbag.py:539} INFO - Filling up the DagBag from /opt/airflow/dags/schema_dag.py
[2024-11-03T01:03:58.277+0000] {processor.py:839} INFO - DAG(s) dict_keys(['schema_dag']) retrieved from /opt/airflow/dags/schema_dag.py
[2024-11-03T01:03:58.312+0000] {logging_mixin.py:151} INFO - [2024-11-03T01:03:58.311+0000] {dag.py:2915} INFO - Sync 1 DAGs
[2024-11-03T01:03:58.343+0000] {logging_mixin.py:151} INFO - [2024-11-03T01:03:58.343+0000] {dag.py:3696} INFO - Setting next_dagrun for schema_dag to 2024-11-02T00:00:00+00:00, run_after=2024-11-03T00:00:00+00:00
[2024-11-03T01:03:58.367+0000] {processor.py:179} INFO - Processing /opt/airflow/dags/schema_dag.py took 0.484 seconds
[2024-11-03T01:04:28.406+0000] {processor.py:157} INFO - Started process (PID=963) to work on /opt/airflow/dags/schema_dag.py
[2024-11-03T01:04:28.408+0000] {processor.py:829} INFO - Processing file /opt/airflow/dags/schema_dag.py for tasks to queue
[2024-11-03T01:04:28.410+0000] {logging_mixin.py:151} INFO - [2024-11-03T01:04:28.410+0000] {dagbag.py:539} INFO - Filling up the DagBag from /opt/airflow/dags/schema_dag.py
[2024-11-03T01:04:28.831+0000] {processor.py:839} INFO - DAG(s) dict_keys(['schema_dag']) retrieved from /opt/airflow/dags/schema_dag.py
[2024-11-03T01:04:28.872+0000] {logging_mixin.py:151} INFO - [2024-11-03T01:04:28.870+0000] {dag.py:2915} INFO - Sync 1 DAGs
[2024-11-03T01:04:28.904+0000] {logging_mixin.py:151} INFO - [2024-11-03T01:04:28.904+0000] {dag.py:3696} INFO - Setting next_dagrun for schema_dag to 2024-11-02T00:00:00+00:00, run_after=2024-11-03T00:00:00+00:00
[2024-11-03T01:04:28.933+0000] {processor.py:179} INFO - Processing /opt/airflow/dags/schema_dag.py took 0.531 seconds
[2024-11-03T01:04:59.297+0000] {processor.py:157} INFO - Started process (PID=1017) to work on /opt/airflow/dags/schema_dag.py
[2024-11-03T01:04:59.299+0000] {processor.py:829} INFO - Processing file /opt/airflow/dags/schema_dag.py for tasks to queue
[2024-11-03T01:04:59.300+0000] {logging_mixin.py:151} INFO - [2024-11-03T01:04:59.300+0000] {dagbag.py:539} INFO - Filling up the DagBag from /opt/airflow/dags/schema_dag.py
[2024-11-03T01:04:59.677+0000] {processor.py:839} INFO - DAG(s) dict_keys(['schema_dag']) retrieved from /opt/airflow/dags/schema_dag.py
[2024-11-03T01:04:59.711+0000] {logging_mixin.py:151} INFO - [2024-11-03T01:04:59.711+0000] {dag.py:2915} INFO - Sync 1 DAGs
[2024-11-03T01:04:59.737+0000] {logging_mixin.py:151} INFO - [2024-11-03T01:04:59.737+0000] {dag.py:3696} INFO - Setting next_dagrun for schema_dag to 2024-11-02T00:00:00+00:00, run_after=2024-11-03T00:00:00+00:00
[2024-11-03T01:04:59.758+0000] {processor.py:179} INFO - Processing /opt/airflow/dags/schema_dag.py took 0.465 seconds
[2024-11-03T01:05:30.177+0000] {processor.py:157} INFO - Started process (PID=1062) to work on /opt/airflow/dags/schema_dag.py
[2024-11-03T01:05:30.179+0000] {processor.py:829} INFO - Processing file /opt/airflow/dags/schema_dag.py for tasks to queue
[2024-11-03T01:05:30.180+0000] {logging_mixin.py:151} INFO - [2024-11-03T01:05:30.180+0000] {dagbag.py:539} INFO - Filling up the DagBag from /opt/airflow/dags/schema_dag.py
[2024-11-03T01:05:30.532+0000] {processor.py:839} INFO - DAG(s) dict_keys(['schema_dag']) retrieved from /opt/airflow/dags/schema_dag.py
[2024-11-03T01:05:30.564+0000] {logging_mixin.py:151} INFO - [2024-11-03T01:05:30.564+0000] {dag.py:2915} INFO - Sync 1 DAGs
[2024-11-03T01:05:30.591+0000] {logging_mixin.py:151} INFO - [2024-11-03T01:05:30.590+0000] {dag.py:3696} INFO - Setting next_dagrun for schema_dag to 2024-11-02T00:00:00+00:00, run_after=2024-11-03T00:00:00+00:00
[2024-11-03T01:05:30.613+0000] {processor.py:179} INFO - Processing /opt/airflow/dags/schema_dag.py took 0.440 seconds
[2024-11-03T01:06:01.878+0000] {processor.py:157} INFO - Started process (PID=1109) to work on /opt/airflow/dags/schema_dag.py
[2024-11-03T01:06:01.884+0000] {processor.py:829} INFO - Processing file /opt/airflow/dags/schema_dag.py for tasks to queue
[2024-11-03T01:06:01.890+0000] {logging_mixin.py:151} INFO - [2024-11-03T01:06:01.888+0000] {dagbag.py:539} INFO - Filling up the DagBag from /opt/airflow/dags/schema_dag.py
[2024-11-03T01:06:03.183+0000] {processor.py:839} INFO - DAG(s) dict_keys(['schema_dag']) retrieved from /opt/airflow/dags/schema_dag.py
[2024-11-03T01:06:03.250+0000] {logging_mixin.py:151} INFO - [2024-11-03T01:06:03.248+0000] {dag.py:2915} INFO - Sync 1 DAGs
[2024-11-03T01:06:03.315+0000] {logging_mixin.py:151} INFO - [2024-11-03T01:06:03.314+0000] {dag.py:3696} INFO - Setting next_dagrun for schema_dag to 2024-11-02T00:00:00+00:00, run_after=2024-11-03T00:00:00+00:00
[2024-11-03T01:06:03.365+0000] {processor.py:179} INFO - Processing /opt/airflow/dags/schema_dag.py took 1.554 seconds
[2024-11-03T01:06:33.417+0000] {processor.py:157} INFO - Started process (PID=1158) to work on /opt/airflow/dags/schema_dag.py
[2024-11-03T01:06:33.418+0000] {processor.py:829} INFO - Processing file /opt/airflow/dags/schema_dag.py for tasks to queue
[2024-11-03T01:06:33.419+0000] {logging_mixin.py:151} INFO - [2024-11-03T01:06:33.419+0000] {dagbag.py:539} INFO - Filling up the DagBag from /opt/airflow/dags/schema_dag.py
[2024-11-03T01:06:33.779+0000] {processor.py:839} INFO - DAG(s) dict_keys(['schema_dag']) retrieved from /opt/airflow/dags/schema_dag.py
[2024-11-03T01:06:33.813+0000] {logging_mixin.py:151} INFO - [2024-11-03T01:06:33.812+0000] {dag.py:2915} INFO - Sync 1 DAGs
[2024-11-03T01:06:33.840+0000] {logging_mixin.py:151} INFO - [2024-11-03T01:06:33.840+0000] {dag.py:3696} INFO - Setting next_dagrun for schema_dag to 2024-11-02T00:00:00+00:00, run_after=2024-11-03T00:00:00+00:00
[2024-11-03T01:06:33.862+0000] {processor.py:179} INFO - Processing /opt/airflow/dags/schema_dag.py took 0.451 seconds
[2024-11-03T01:07:04.140+0000] {processor.py:157} INFO - Started process (PID=1204) to work on /opt/airflow/dags/schema_dag.py
[2024-11-03T01:07:04.142+0000] {processor.py:829} INFO - Processing file /opt/airflow/dags/schema_dag.py for tasks to queue
[2024-11-03T01:07:04.143+0000] {logging_mixin.py:151} INFO - [2024-11-03T01:07:04.143+0000] {dagbag.py:539} INFO - Filling up the DagBag from /opt/airflow/dags/schema_dag.py
[2024-11-03T01:07:04.492+0000] {processor.py:839} INFO - DAG(s) dict_keys(['schema_dag']) retrieved from /opt/airflow/dags/schema_dag.py
[2024-11-03T01:07:04.529+0000] {logging_mixin.py:151} INFO - [2024-11-03T01:07:04.528+0000] {dag.py:2915} INFO - Sync 1 DAGs
[2024-11-03T01:07:04.555+0000] {logging_mixin.py:151} INFO - [2024-11-03T01:07:04.555+0000] {dag.py:3696} INFO - Setting next_dagrun for schema_dag to 2024-11-02T00:00:00+00:00, run_after=2024-11-03T00:00:00+00:00
[2024-11-03T01:07:04.576+0000] {processor.py:179} INFO - Processing /opt/airflow/dags/schema_dag.py took 0.450 seconds
[2024-11-03T01:07:34.919+0000] {processor.py:157} INFO - Started process (PID=1249) to work on /opt/airflow/dags/schema_dag.py
[2024-11-03T01:07:34.921+0000] {processor.py:829} INFO - Processing file /opt/airflow/dags/schema_dag.py for tasks to queue
[2024-11-03T01:07:34.922+0000] {logging_mixin.py:151} INFO - [2024-11-03T01:07:34.922+0000] {dagbag.py:539} INFO - Filling up the DagBag from /opt/airflow/dags/schema_dag.py
[2024-11-03T01:07:35.439+0000] {processor.py:839} INFO - DAG(s) dict_keys(['schema_dag']) retrieved from /opt/airflow/dags/schema_dag.py
[2024-11-03T01:07:35.476+0000] {logging_mixin.py:151} INFO - [2024-11-03T01:07:35.475+0000] {dag.py:2915} INFO - Sync 1 DAGs
[2024-11-03T01:07:35.507+0000] {logging_mixin.py:151} INFO - [2024-11-03T01:07:35.506+0000] {dag.py:3696} INFO - Setting next_dagrun for schema_dag to 2024-11-02T00:00:00+00:00, run_after=2024-11-03T00:00:00+00:00
[2024-11-03T01:07:35.533+0000] {processor.py:179} INFO - Processing /opt/airflow/dags/schema_dag.py took 0.619 seconds
[2024-11-03T01:08:06.449+0000] {processor.py:157} INFO - Started process (PID=1298) to work on /opt/airflow/dags/schema_dag.py
[2024-11-03T01:08:06.451+0000] {processor.py:829} INFO - Processing file /opt/airflow/dags/schema_dag.py for tasks to queue
[2024-11-03T01:08:06.453+0000] {logging_mixin.py:151} INFO - [2024-11-03T01:08:06.452+0000] {dagbag.py:539} INFO - Filling up the DagBag from /opt/airflow/dags/schema_dag.py
[2024-11-03T01:08:06.870+0000] {processor.py:839} INFO - DAG(s) dict_keys(['schema_dag']) retrieved from /opt/airflow/dags/schema_dag.py
[2024-11-03T01:08:06.906+0000] {logging_mixin.py:151} INFO - [2024-11-03T01:08:06.905+0000] {dag.py:2915} INFO - Sync 1 DAGs
[2024-11-03T01:08:06.936+0000] {logging_mixin.py:151} INFO - [2024-11-03T01:08:06.936+0000] {dag.py:3696} INFO - Setting next_dagrun for schema_dag to 2024-11-02T00:00:00+00:00, run_after=2024-11-03T00:00:00+00:00
[2024-11-03T01:08:06.961+0000] {processor.py:179} INFO - Processing /opt/airflow/dags/schema_dag.py took 0.516 seconds
[2024-11-03T01:08:37.389+0000] {processor.py:157} INFO - Started process (PID=1345) to work on /opt/airflow/dags/schema_dag.py
[2024-11-03T01:08:37.391+0000] {processor.py:829} INFO - Processing file /opt/airflow/dags/schema_dag.py for tasks to queue
[2024-11-03T01:08:37.393+0000] {logging_mixin.py:151} INFO - [2024-11-03T01:08:37.392+0000] {dagbag.py:539} INFO - Filling up the DagBag from /opt/airflow/dags/schema_dag.py
[2024-11-03T01:08:37.792+0000] {processor.py:839} INFO - DAG(s) dict_keys(['schema_dag']) retrieved from /opt/airflow/dags/schema_dag.py
[2024-11-03T01:08:37.827+0000] {logging_mixin.py:151} INFO - [2024-11-03T01:08:37.826+0000] {dag.py:2915} INFO - Sync 1 DAGs
[2024-11-03T01:08:37.856+0000] {logging_mixin.py:151} INFO - [2024-11-03T01:08:37.856+0000] {dag.py:3696} INFO - Setting next_dagrun for schema_dag to 2024-11-02T00:00:00+00:00, run_after=2024-11-03T00:00:00+00:00
[2024-11-03T01:08:37.880+0000] {processor.py:179} INFO - Processing /opt/airflow/dags/schema_dag.py took 0.496 seconds
[2024-11-03T01:09:08.417+0000] {processor.py:157} INFO - Started process (PID=1391) to work on /opt/airflow/dags/schema_dag.py
[2024-11-03T01:09:08.420+0000] {processor.py:829} INFO - Processing file /opt/airflow/dags/schema_dag.py for tasks to queue
[2024-11-03T01:09:08.421+0000] {logging_mixin.py:151} INFO - [2024-11-03T01:09:08.421+0000] {dagbag.py:539} INFO - Filling up the DagBag from /opt/airflow/dags/schema_dag.py
[2024-11-03T01:09:09.097+0000] {processor.py:839} INFO - DAG(s) dict_keys(['schema_dag']) retrieved from /opt/airflow/dags/schema_dag.py
[2024-11-03T01:09:09.142+0000] {logging_mixin.py:151} INFO - [2024-11-03T01:09:09.141+0000] {dag.py:2915} INFO - Sync 1 DAGs
[2024-11-03T01:09:09.177+0000] {logging_mixin.py:151} INFO - [2024-11-03T01:09:09.177+0000] {dag.py:3696} INFO - Setting next_dagrun for schema_dag to 2024-11-02T00:00:00+00:00, run_after=2024-11-03T00:00:00+00:00
[2024-11-03T01:09:09.215+0000] {processor.py:179} INFO - Processing /opt/airflow/dags/schema_dag.py took 0.805 seconds
[2024-11-03T01:09:39.467+0000] {processor.py:157} INFO - Started process (PID=1438) to work on /opt/airflow/dags/schema_dag.py
[2024-11-03T01:09:39.468+0000] {processor.py:829} INFO - Processing file /opt/airflow/dags/schema_dag.py for tasks to queue
[2024-11-03T01:09:39.469+0000] {logging_mixin.py:151} INFO - [2024-11-03T01:09:39.469+0000] {dagbag.py:539} INFO - Filling up the DagBag from /opt/airflow/dags/schema_dag.py
[2024-11-03T01:09:39.776+0000] {processor.py:839} INFO - DAG(s) dict_keys(['schema_dag']) retrieved from /opt/airflow/dags/schema_dag.py
[2024-11-03T01:09:39.809+0000] {logging_mixin.py:151} INFO - [2024-11-03T01:09:39.808+0000] {dag.py:2915} INFO - Sync 1 DAGs
[2024-11-03T01:09:39.839+0000] {logging_mixin.py:151} INFO - [2024-11-03T01:09:39.838+0000] {dag.py:3696} INFO - Setting next_dagrun for schema_dag to 2024-11-02T00:00:00+00:00, run_after=2024-11-03T00:00:00+00:00
[2024-11-03T01:09:39.865+0000] {processor.py:179} INFO - Processing /opt/airflow/dags/schema_dag.py took 0.402 seconds
[2024-11-03T01:10:14.969+0000] {processor.py:157} INFO - Started process (PID=1519) to work on /opt/airflow/dags/schema_dag.py
[2024-11-03T01:10:14.972+0000] {processor.py:829} INFO - Processing file /opt/airflow/dags/schema_dag.py for tasks to queue
[2024-11-03T01:10:14.974+0000] {logging_mixin.py:151} INFO - [2024-11-03T01:10:14.973+0000] {dagbag.py:539} INFO - Filling up the DagBag from /opt/airflow/dags/schema_dag.py
[2024-11-03T01:10:15.562+0000] {processor.py:839} INFO - DAG(s) dict_keys(['schema_dag']) retrieved from /opt/airflow/dags/schema_dag.py
[2024-11-03T01:10:15.609+0000] {logging_mixin.py:151} INFO - [2024-11-03T01:10:15.608+0000] {dag.py:2915} INFO - Sync 1 DAGs
[2024-11-03T01:10:15.653+0000] {logging_mixin.py:151} INFO - [2024-11-03T01:10:15.653+0000] {dag.py:3696} INFO - Setting next_dagrun for schema_dag to 2024-11-02T00:00:00+00:00, run_after=2024-11-03T00:00:00+00:00
[2024-11-03T01:10:15.682+0000] {processor.py:179} INFO - Processing /opt/airflow/dags/schema_dag.py took 0.719 seconds
[2024-11-03T01:10:46.463+0000] {processor.py:157} INFO - Started process (PID=1568) to work on /opt/airflow/dags/schema_dag.py
[2024-11-03T01:10:46.464+0000] {processor.py:829} INFO - Processing file /opt/airflow/dags/schema_dag.py for tasks to queue
[2024-11-03T01:10:46.466+0000] {logging_mixin.py:151} INFO - [2024-11-03T01:10:46.465+0000] {dagbag.py:539} INFO - Filling up the DagBag from /opt/airflow/dags/schema_dag.py
[2024-11-03T01:10:46.817+0000] {processor.py:839} INFO - DAG(s) dict_keys(['schema_dag']) retrieved from /opt/airflow/dags/schema_dag.py
[2024-11-03T01:10:46.846+0000] {logging_mixin.py:151} INFO - [2024-11-03T01:10:46.845+0000] {dag.py:2915} INFO - Sync 1 DAGs
[2024-11-03T01:10:46.872+0000] {logging_mixin.py:151} INFO - [2024-11-03T01:10:46.872+0000] {dag.py:3696} INFO - Setting next_dagrun for schema_dag to 2024-11-02T00:00:00+00:00, run_after=2024-11-03T00:00:00+00:00
[2024-11-03T01:10:46.892+0000] {processor.py:179} INFO - Processing /opt/airflow/dags/schema_dag.py took 0.434 seconds
[2024-11-03T01:11:17.862+0000] {processor.py:157} INFO - Started process (PID=1615) to work on /opt/airflow/dags/schema_dag.py
[2024-11-03T01:11:17.863+0000] {processor.py:829} INFO - Processing file /opt/airflow/dags/schema_dag.py for tasks to queue
[2024-11-03T01:11:17.864+0000] {logging_mixin.py:151} INFO - [2024-11-03T01:11:17.864+0000] {dagbag.py:539} INFO - Filling up the DagBag from /opt/airflow/dags/schema_dag.py
[2024-11-03T01:11:18.220+0000] {processor.py:839} INFO - DAG(s) dict_keys(['schema_dag']) retrieved from /opt/airflow/dags/schema_dag.py
[2024-11-03T01:11:18.256+0000] {logging_mixin.py:151} INFO - [2024-11-03T01:11:18.255+0000] {dag.py:2915} INFO - Sync 1 DAGs
[2024-11-03T01:11:18.283+0000] {logging_mixin.py:151} INFO - [2024-11-03T01:11:18.283+0000] {dag.py:3696} INFO - Setting next_dagrun for schema_dag to 2024-11-02T00:00:00+00:00, run_after=2024-11-03T00:00:00+00:00
[2024-11-03T01:11:18.305+0000] {processor.py:179} INFO - Processing /opt/airflow/dags/schema_dag.py took 0.448 seconds
[2024-11-03T01:11:49.287+0000] {processor.py:157} INFO - Started process (PID=1662) to work on /opt/airflow/dags/schema_dag.py
[2024-11-03T01:11:49.289+0000] {processor.py:829} INFO - Processing file /opt/airflow/dags/schema_dag.py for tasks to queue
[2024-11-03T01:11:49.290+0000] {logging_mixin.py:151} INFO - [2024-11-03T01:11:49.290+0000] {dagbag.py:539} INFO - Filling up the DagBag from /opt/airflow/dags/schema_dag.py
[2024-11-03T01:11:49.626+0000] {processor.py:839} INFO - DAG(s) dict_keys(['schema_dag']) retrieved from /opt/airflow/dags/schema_dag.py
[2024-11-03T01:11:49.659+0000] {logging_mixin.py:151} INFO - [2024-11-03T01:11:49.658+0000] {dag.py:2915} INFO - Sync 1 DAGs
[2024-11-03T01:11:49.684+0000] {logging_mixin.py:151} INFO - [2024-11-03T01:11:49.684+0000] {dag.py:3696} INFO - Setting next_dagrun for schema_dag to 2024-11-02T00:00:00+00:00, run_after=2024-11-03T00:00:00+00:00
[2024-11-03T01:11:49.706+0000] {processor.py:179} INFO - Processing /opt/airflow/dags/schema_dag.py took 0.423 seconds
[2024-11-03T01:12:20.312+0000] {processor.py:157} INFO - Started process (PID=1709) to work on /opt/airflow/dags/schema_dag.py
[2024-11-03T01:12:20.321+0000] {processor.py:829} INFO - Processing file /opt/airflow/dags/schema_dag.py for tasks to queue
[2024-11-03T01:12:20.322+0000] {logging_mixin.py:151} INFO - [2024-11-03T01:12:20.322+0000] {dagbag.py:539} INFO - Filling up the DagBag from /opt/airflow/dags/schema_dag.py
[2024-11-03T01:12:20.796+0000] {processor.py:839} INFO - DAG(s) dict_keys(['schema_dag']) retrieved from /opt/airflow/dags/schema_dag.py
[2024-11-03T01:12:20.836+0000] {logging_mixin.py:151} INFO - [2024-11-03T01:12:20.835+0000] {dag.py:2915} INFO - Sync 1 DAGs
[2024-11-03T01:12:20.871+0000] {logging_mixin.py:151} INFO - [2024-11-03T01:12:20.870+0000] {dag.py:3696} INFO - Setting next_dagrun for schema_dag to 2024-11-02T00:00:00+00:00, run_after=2024-11-03T00:00:00+00:00
[2024-11-03T01:12:20.898+0000] {processor.py:179} INFO - Processing /opt/airflow/dags/schema_dag.py took 0.592 seconds
[2024-11-03T01:12:51.610+0000] {processor.py:157} INFO - Started process (PID=1774) to work on /opt/airflow/dags/schema_dag.py
[2024-11-03T01:12:51.612+0000] {processor.py:829} INFO - Processing file /opt/airflow/dags/schema_dag.py for tasks to queue
[2024-11-03T01:12:51.614+0000] {logging_mixin.py:151} INFO - [2024-11-03T01:12:51.613+0000] {dagbag.py:539} INFO - Filling up the DagBag from /opt/airflow/dags/schema_dag.py
[2024-11-03T01:12:51.959+0000] {processor.py:839} INFO - DAG(s) dict_keys(['schema_dag']) retrieved from /opt/airflow/dags/schema_dag.py
[2024-11-03T01:12:51.996+0000] {logging_mixin.py:151} INFO - [2024-11-03T01:12:51.996+0000] {dag.py:2915} INFO - Sync 1 DAGs
[2024-11-03T01:12:52.027+0000] {logging_mixin.py:151} INFO - [2024-11-03T01:12:52.027+0000] {dag.py:3696} INFO - Setting next_dagrun for schema_dag to 2024-11-03T00:00:00+00:00, run_after=2024-11-04T00:00:00+00:00
[2024-11-03T01:12:52.051+0000] {processor.py:179} INFO - Processing /opt/airflow/dags/schema_dag.py took 0.446 seconds
[2024-11-03T01:13:22.179+0000] {processor.py:157} INFO - Started process (PID=1817) to work on /opt/airflow/dags/schema_dag.py
[2024-11-03T01:13:22.182+0000] {processor.py:829} INFO - Processing file /opt/airflow/dags/schema_dag.py for tasks to queue
[2024-11-03T01:13:22.184+0000] {logging_mixin.py:151} INFO - [2024-11-03T01:13:22.183+0000] {dagbag.py:539} INFO - Filling up the DagBag from /opt/airflow/dags/schema_dag.py
[2024-11-03T01:13:22.606+0000] {processor.py:839} INFO - DAG(s) dict_keys(['schema_dag']) retrieved from /opt/airflow/dags/schema_dag.py
[2024-11-03T01:13:22.642+0000] {logging_mixin.py:151} INFO - [2024-11-03T01:13:22.641+0000] {dag.py:2915} INFO - Sync 1 DAGs
[2024-11-03T01:13:22.673+0000] {logging_mixin.py:151} INFO - [2024-11-03T01:13:22.672+0000] {dag.py:3696} INFO - Setting next_dagrun for schema_dag to 2024-11-03T00:00:00+00:00, run_after=2024-11-04T00:00:00+00:00
[2024-11-03T01:13:22.697+0000] {processor.py:179} INFO - Processing /opt/airflow/dags/schema_dag.py took 0.524 seconds
[2024-11-03T01:13:53.315+0000] {processor.py:157} INFO - Started process (PID=1869) to work on /opt/airflow/dags/schema_dag.py
[2024-11-03T01:13:53.317+0000] {processor.py:829} INFO - Processing file /opt/airflow/dags/schema_dag.py for tasks to queue
[2024-11-03T01:13:53.318+0000] {logging_mixin.py:151} INFO - [2024-11-03T01:13:53.318+0000] {dagbag.py:539} INFO - Filling up the DagBag from /opt/airflow/dags/schema_dag.py
[2024-11-03T01:13:53.679+0000] {processor.py:839} INFO - DAG(s) dict_keys(['schema_dag']) retrieved from /opt/airflow/dags/schema_dag.py
[2024-11-03T01:13:53.709+0000] {logging_mixin.py:151} INFO - [2024-11-03T01:13:53.708+0000] {dag.py:2915} INFO - Sync 1 DAGs
[2024-11-03T01:13:53.734+0000] {logging_mixin.py:151} INFO - [2024-11-03T01:13:53.734+0000] {dag.py:3696} INFO - Setting next_dagrun for schema_dag to 2024-11-03T00:00:00+00:00, run_after=2024-11-04T00:00:00+00:00
[2024-11-03T01:13:53.756+0000] {processor.py:179} INFO - Processing /opt/airflow/dags/schema_dag.py took 0.445 seconds
[2024-11-03T01:14:24.755+0000] {processor.py:157} INFO - Started process (PID=1918) to work on /opt/airflow/dags/schema_dag.py
[2024-11-03T01:14:24.756+0000] {processor.py:829} INFO - Processing file /opt/airflow/dags/schema_dag.py for tasks to queue
[2024-11-03T01:14:24.758+0000] {logging_mixin.py:151} INFO - [2024-11-03T01:14:24.757+0000] {dagbag.py:539} INFO - Filling up the DagBag from /opt/airflow/dags/schema_dag.py
[2024-11-03T01:14:25.089+0000] {processor.py:839} INFO - DAG(s) dict_keys(['schema_dag']) retrieved from /opt/airflow/dags/schema_dag.py
[2024-11-03T01:14:25.119+0000] {logging_mixin.py:151} INFO - [2024-11-03T01:14:25.119+0000] {dag.py:2915} INFO - Sync 1 DAGs
[2024-11-03T01:14:25.142+0000] {logging_mixin.py:151} INFO - [2024-11-03T01:14:25.142+0000] {dag.py:3696} INFO - Setting next_dagrun for schema_dag to 2024-11-03T00:00:00+00:00, run_after=2024-11-04T00:00:00+00:00
[2024-11-03T01:14:25.159+0000] {processor.py:179} INFO - Processing /opt/airflow/dags/schema_dag.py took 0.410 seconds
[2024-11-03T01:14:56.092+0000] {processor.py:157} INFO - Started process (PID=1965) to work on /opt/airflow/dags/schema_dag.py
[2024-11-03T01:14:56.094+0000] {processor.py:829} INFO - Processing file /opt/airflow/dags/schema_dag.py for tasks to queue
[2024-11-03T01:14:56.095+0000] {logging_mixin.py:151} INFO - [2024-11-03T01:14:56.095+0000] {dagbag.py:539} INFO - Filling up the DagBag from /opt/airflow/dags/schema_dag.py
[2024-11-03T01:14:56.433+0000] {processor.py:839} INFO - DAG(s) dict_keys(['schema_dag']) retrieved from /opt/airflow/dags/schema_dag.py
[2024-11-03T01:14:56.463+0000] {logging_mixin.py:151} INFO - [2024-11-03T01:14:56.462+0000] {dag.py:2915} INFO - Sync 1 DAGs
[2024-11-03T01:14:56.487+0000] {logging_mixin.py:151} INFO - [2024-11-03T01:14:56.487+0000] {dag.py:3696} INFO - Setting next_dagrun for schema_dag to 2024-11-03T00:00:00+00:00, run_after=2024-11-04T00:00:00+00:00
[2024-11-03T01:14:56.505+0000] {processor.py:179} INFO - Processing /opt/airflow/dags/schema_dag.py took 0.416 seconds
[2024-11-03T01:15:26.967+0000] {processor.py:157} INFO - Started process (PID=2012) to work on /opt/airflow/dags/schema_dag.py
[2024-11-03T01:15:26.969+0000] {processor.py:829} INFO - Processing file /opt/airflow/dags/schema_dag.py for tasks to queue
[2024-11-03T01:15:26.970+0000] {logging_mixin.py:151} INFO - [2024-11-03T01:15:26.970+0000] {dagbag.py:539} INFO - Filling up the DagBag from /opt/airflow/dags/schema_dag.py
[2024-11-03T01:15:27.313+0000] {processor.py:839} INFO - DAG(s) dict_keys(['schema_dag']) retrieved from /opt/airflow/dags/schema_dag.py
[2024-11-03T01:15:27.342+0000] {logging_mixin.py:151} INFO - [2024-11-03T01:15:27.342+0000] {dag.py:2915} INFO - Sync 1 DAGs
[2024-11-03T01:15:27.369+0000] {logging_mixin.py:151} INFO - [2024-11-03T01:15:27.368+0000] {dag.py:3696} INFO - Setting next_dagrun for schema_dag to 2024-11-03T00:00:00+00:00, run_after=2024-11-04T00:00:00+00:00
[2024-11-03T01:15:27.389+0000] {processor.py:179} INFO - Processing /opt/airflow/dags/schema_dag.py took 0.427 seconds
[2024-11-03T01:15:58.278+0000] {processor.py:157} INFO - Started process (PID=2069) to work on /opt/airflow/dags/schema_dag.py
[2024-11-03T01:15:58.280+0000] {processor.py:829} INFO - Processing file /opt/airflow/dags/schema_dag.py for tasks to queue
[2024-11-03T01:15:58.281+0000] {logging_mixin.py:151} INFO - [2024-11-03T01:15:58.281+0000] {dagbag.py:539} INFO - Filling up the DagBag from /opt/airflow/dags/schema_dag.py
[2024-11-03T01:15:58.620+0000] {processor.py:839} INFO - DAG(s) dict_keys(['schema_dag']) retrieved from /opt/airflow/dags/schema_dag.py
[2024-11-03T01:15:58.652+0000] {logging_mixin.py:151} INFO - [2024-11-03T01:15:58.651+0000] {dag.py:2915} INFO - Sync 1 DAGs
[2024-11-03T01:15:58.677+0000] {logging_mixin.py:151} INFO - [2024-11-03T01:15:58.677+0000] {dag.py:3696} INFO - Setting next_dagrun for schema_dag to 2024-11-03T00:00:00+00:00, run_after=2024-11-04T00:00:00+00:00
[2024-11-03T01:15:58.699+0000] {processor.py:179} INFO - Processing /opt/airflow/dags/schema_dag.py took 0.426 seconds
[2024-11-03T01:16:28.931+0000] {processor.py:157} INFO - Started process (PID=2116) to work on /opt/airflow/dags/schema_dag.py
[2024-11-03T01:16:28.933+0000] {processor.py:829} INFO - Processing file /opt/airflow/dags/schema_dag.py for tasks to queue
[2024-11-03T01:16:28.935+0000] {logging_mixin.py:151} INFO - [2024-11-03T01:16:28.934+0000] {dagbag.py:539} INFO - Filling up the DagBag from /opt/airflow/dags/schema_dag.py
[2024-11-03T01:16:29.258+0000] {processor.py:839} INFO - DAG(s) dict_keys(['schema_dag']) retrieved from /opt/airflow/dags/schema_dag.py
[2024-11-03T01:16:29.284+0000] {logging_mixin.py:151} INFO - [2024-11-03T01:16:29.284+0000] {dag.py:2915} INFO - Sync 1 DAGs
[2024-11-03T01:16:29.309+0000] {logging_mixin.py:151} INFO - [2024-11-03T01:16:29.309+0000] {dag.py:3696} INFO - Setting next_dagrun for schema_dag to 2024-11-03T00:00:00+00:00, run_after=2024-11-04T00:00:00+00:00
[2024-11-03T01:16:29.326+0000] {processor.py:179} INFO - Processing /opt/airflow/dags/schema_dag.py took 0.399 seconds
[2024-11-03T01:16:59.644+0000] {processor.py:157} INFO - Started process (PID=2163) to work on /opt/airflow/dags/schema_dag.py
[2024-11-03T01:16:59.646+0000] {processor.py:829} INFO - Processing file /opt/airflow/dags/schema_dag.py for tasks to queue
[2024-11-03T01:16:59.647+0000] {logging_mixin.py:151} INFO - [2024-11-03T01:16:59.646+0000] {dagbag.py:539} INFO - Filling up the DagBag from /opt/airflow/dags/schema_dag.py
[2024-11-03T01:16:59.955+0000] {processor.py:839} INFO - DAG(s) dict_keys(['schema_dag']) retrieved from /opt/airflow/dags/schema_dag.py
[2024-11-03T01:16:59.982+0000] {logging_mixin.py:151} INFO - [2024-11-03T01:16:59.981+0000] {dag.py:2915} INFO - Sync 1 DAGs
[2024-11-03T01:17:00.007+0000] {logging_mixin.py:151} INFO - [2024-11-03T01:17:00.007+0000] {dag.py:3696} INFO - Setting next_dagrun for schema_dag to 2024-11-03T00:00:00+00:00, run_after=2024-11-04T00:00:00+00:00
[2024-11-03T01:17:00.028+0000] {processor.py:179} INFO - Processing /opt/airflow/dags/schema_dag.py took 0.389 seconds
[2024-11-03T01:17:30.327+0000] {processor.py:157} INFO - Started process (PID=2210) to work on /opt/airflow/dags/schema_dag.py
[2024-11-03T01:17:30.329+0000] {processor.py:829} INFO - Processing file /opt/airflow/dags/schema_dag.py for tasks to queue
[2024-11-03T01:17:30.330+0000] {logging_mixin.py:151} INFO - [2024-11-03T01:17:30.329+0000] {dagbag.py:539} INFO - Filling up the DagBag from /opt/airflow/dags/schema_dag.py
[2024-11-03T01:17:30.678+0000] {processor.py:839} INFO - DAG(s) dict_keys(['schema_dag']) retrieved from /opt/airflow/dags/schema_dag.py
[2024-11-03T01:17:30.707+0000] {logging_mixin.py:151} INFO - [2024-11-03T01:17:30.706+0000] {dag.py:2915} INFO - Sync 1 DAGs
[2024-11-03T01:17:30.731+0000] {logging_mixin.py:151} INFO - [2024-11-03T01:17:30.731+0000] {dag.py:3696} INFO - Setting next_dagrun for schema_dag to 2024-11-03T00:00:00+00:00, run_after=2024-11-04T00:00:00+00:00
[2024-11-03T01:17:30.749+0000] {processor.py:179} INFO - Processing /opt/airflow/dags/schema_dag.py took 0.427 seconds
[2024-11-03T01:18:00.969+0000] {processor.py:157} INFO - Started process (PID=2257) to work on /opt/airflow/dags/schema_dag.py
[2024-11-03T01:18:00.971+0000] {processor.py:829} INFO - Processing file /opt/airflow/dags/schema_dag.py for tasks to queue
[2024-11-03T01:18:00.972+0000] {logging_mixin.py:151} INFO - [2024-11-03T01:18:00.972+0000] {dagbag.py:539} INFO - Filling up the DagBag from /opt/airflow/dags/schema_dag.py
[2024-11-03T01:18:01.286+0000] {processor.py:839} INFO - DAG(s) dict_keys(['schema_dag']) retrieved from /opt/airflow/dags/schema_dag.py
[2024-11-03T01:18:01.313+0000] {logging_mixin.py:151} INFO - [2024-11-03T01:18:01.313+0000] {dag.py:2915} INFO - Sync 1 DAGs
[2024-11-03T01:18:01.338+0000] {logging_mixin.py:151} INFO - [2024-11-03T01:18:01.338+0000] {dag.py:3696} INFO - Setting next_dagrun for schema_dag to 2024-11-03T00:00:00+00:00, run_after=2024-11-04T00:00:00+00:00
[2024-11-03T01:18:01.364+0000] {processor.py:179} INFO - Processing /opt/airflow/dags/schema_dag.py took 0.399 seconds
[2024-11-03T01:18:31.656+0000] {processor.py:157} INFO - Started process (PID=2304) to work on /opt/airflow/dags/schema_dag.py
[2024-11-03T01:18:31.658+0000] {processor.py:829} INFO - Processing file /opt/airflow/dags/schema_dag.py for tasks to queue
[2024-11-03T01:18:31.659+0000] {logging_mixin.py:151} INFO - [2024-11-03T01:18:31.658+0000] {dagbag.py:539} INFO - Filling up the DagBag from /opt/airflow/dags/schema_dag.py
[2024-11-03T01:18:31.995+0000] {processor.py:839} INFO - DAG(s) dict_keys(['schema_dag']) retrieved from /opt/airflow/dags/schema_dag.py
[2024-11-03T01:18:32.027+0000] {logging_mixin.py:151} INFO - [2024-11-03T01:18:32.026+0000] {dag.py:2915} INFO - Sync 1 DAGs
[2024-11-03T01:18:32.054+0000] {logging_mixin.py:151} INFO - [2024-11-03T01:18:32.053+0000] {dag.py:3696} INFO - Setting next_dagrun for schema_dag to 2024-11-03T00:00:00+00:00, run_after=2024-11-04T00:00:00+00:00
[2024-11-03T01:18:32.073+0000] {processor.py:179} INFO - Processing /opt/airflow/dags/schema_dag.py took 0.422 seconds
[2024-11-03T01:19:03.661+0000] {processor.py:157} INFO - Started process (PID=2356) to work on /opt/airflow/dags/schema_dag.py
[2024-11-03T01:19:03.664+0000] {processor.py:829} INFO - Processing file /opt/airflow/dags/schema_dag.py for tasks to queue
[2024-11-03T01:19:03.665+0000] {logging_mixin.py:151} INFO - [2024-11-03T01:19:03.664+0000] {dagbag.py:539} INFO - Filling up the DagBag from /opt/airflow/dags/schema_dag.py
[2024-11-03T01:19:04.031+0000] {processor.py:839} INFO - DAG(s) dict_keys(['schema_dag']) retrieved from /opt/airflow/dags/schema_dag.py
[2024-11-03T01:19:04.067+0000] {logging_mixin.py:151} INFO - [2024-11-03T01:19:04.066+0000] {dag.py:2915} INFO - Sync 1 DAGs
[2024-11-03T01:19:04.093+0000] {logging_mixin.py:151} INFO - [2024-11-03T01:19:04.093+0000] {dag.py:3696} INFO - Setting next_dagrun for schema_dag to 2024-11-03T00:00:00+00:00, run_after=2024-11-04T00:00:00+00:00
[2024-11-03T01:19:04.113+0000] {processor.py:179} INFO - Processing /opt/airflow/dags/schema_dag.py took 0.456 seconds
[2024-11-03T01:19:34.816+0000] {processor.py:157} INFO - Started process (PID=2405) to work on /opt/airflow/dags/schema_dag.py
[2024-11-03T01:19:34.818+0000] {processor.py:829} INFO - Processing file /opt/airflow/dags/schema_dag.py for tasks to queue
[2024-11-03T01:19:34.819+0000] {logging_mixin.py:151} INFO - [2024-11-03T01:19:34.819+0000] {dagbag.py:539} INFO - Filling up the DagBag from /opt/airflow/dags/schema_dag.py
[2024-11-03T01:19:35.244+0000] {processor.py:839} INFO - DAG(s) dict_keys(['schema_dag']) retrieved from /opt/airflow/dags/schema_dag.py
[2024-11-03T01:19:35.278+0000] {logging_mixin.py:151} INFO - [2024-11-03T01:19:35.277+0000] {dag.py:2915} INFO - Sync 1 DAGs
[2024-11-03T01:19:35.305+0000] {logging_mixin.py:151} INFO - [2024-11-03T01:19:35.305+0000] {dag.py:3696} INFO - Setting next_dagrun for schema_dag to 2024-11-03T00:00:00+00:00, run_after=2024-11-04T00:00:00+00:00
[2024-11-03T01:19:35.328+0000] {processor.py:179} INFO - Processing /opt/airflow/dags/schema_dag.py took 0.518 seconds
[2024-11-03T01:20:06.001+0000] {processor.py:157} INFO - Started process (PID=2450) to work on /opt/airflow/dags/schema_dag.py
[2024-11-03T01:20:06.004+0000] {processor.py:829} INFO - Processing file /opt/airflow/dags/schema_dag.py for tasks to queue
[2024-11-03T01:20:06.006+0000] {logging_mixin.py:151} INFO - [2024-11-03T01:20:06.006+0000] {dagbag.py:539} INFO - Filling up the DagBag from /opt/airflow/dags/schema_dag.py
[2024-11-03T01:20:07.273+0000] {processor.py:839} INFO - DAG(s) dict_keys(['schema_dag']) retrieved from /opt/airflow/dags/schema_dag.py
[2024-11-03T01:20:07.391+0000] {logging_mixin.py:151} INFO - [2024-11-03T01:20:07.390+0000] {dag.py:2915} INFO - Sync 1 DAGs
[2024-11-03T01:20:07.438+0000] {logging_mixin.py:151} INFO - [2024-11-03T01:20:07.438+0000] {dag.py:3696} INFO - Setting next_dagrun for schema_dag to 2024-11-03T00:00:00+00:00, run_after=2024-11-04T00:00:00+00:00
[2024-11-03T01:20:07.483+0000] {processor.py:179} INFO - Processing /opt/airflow/dags/schema_dag.py took 1.491 seconds
[2024-11-03T01:20:38.047+0000] {processor.py:157} INFO - Started process (PID=2496) to work on /opt/airflow/dags/schema_dag.py
[2024-11-03T01:20:38.054+0000] {processor.py:829} INFO - Processing file /opt/airflow/dags/schema_dag.py for tasks to queue
[2024-11-03T01:20:38.055+0000] {logging_mixin.py:151} INFO - [2024-11-03T01:20:38.055+0000] {dagbag.py:539} INFO - Filling up the DagBag from /opt/airflow/dags/schema_dag.py
[2024-11-03T01:20:38.628+0000] {processor.py:839} INFO - DAG(s) dict_keys(['schema_dag']) retrieved from /opt/airflow/dags/schema_dag.py
[2024-11-03T01:20:38.675+0000] {logging_mixin.py:151} INFO - [2024-11-03T01:20:38.674+0000] {dag.py:2915} INFO - Sync 1 DAGs
[2024-11-03T01:20:38.718+0000] {logging_mixin.py:151} INFO - [2024-11-03T01:20:38.717+0000] {dag.py:3696} INFO - Setting next_dagrun for schema_dag to 2024-11-03T00:00:00+00:00, run_after=2024-11-04T00:00:00+00:00
[2024-11-03T01:20:38.756+0000] {processor.py:179} INFO - Processing /opt/airflow/dags/schema_dag.py took 0.716 seconds
[2024-11-03T01:21:09.686+0000] {processor.py:157} INFO - Started process (PID=2546) to work on /opt/airflow/dags/schema_dag.py
[2024-11-03T01:21:09.689+0000] {processor.py:829} INFO - Processing file /opt/airflow/dags/schema_dag.py for tasks to queue
[2024-11-03T01:21:09.690+0000] {logging_mixin.py:151} INFO - [2024-11-03T01:21:09.690+0000] {dagbag.py:539} INFO - Filling up the DagBag from /opt/airflow/dags/schema_dag.py
[2024-11-03T01:21:10.264+0000] {processor.py:839} INFO - DAG(s) dict_keys(['schema_dag']) retrieved from /opt/airflow/dags/schema_dag.py
[2024-11-03T01:21:10.301+0000] {logging_mixin.py:151} INFO - [2024-11-03T01:21:10.300+0000] {dag.py:2915} INFO - Sync 1 DAGs
[2024-11-03T01:21:10.331+0000] {logging_mixin.py:151} INFO - [2024-11-03T01:21:10.330+0000] {dag.py:3696} INFO - Setting next_dagrun for schema_dag to 2024-11-03T00:00:00+00:00, run_after=2024-11-04T00:00:00+00:00
[2024-11-03T01:21:10.356+0000] {processor.py:179} INFO - Processing /opt/airflow/dags/schema_dag.py took 0.676 seconds
[2024-11-03T01:21:40.834+0000] {processor.py:157} INFO - Started process (PID=2593) to work on /opt/airflow/dags/schema_dag.py
[2024-11-03T01:21:40.836+0000] {processor.py:829} INFO - Processing file /opt/airflow/dags/schema_dag.py for tasks to queue
[2024-11-03T01:21:40.837+0000] {logging_mixin.py:151} INFO - [2024-11-03T01:21:40.837+0000] {dagbag.py:539} INFO - Filling up the DagBag from /opt/airflow/dags/schema_dag.py
[2024-11-03T01:21:41.298+0000] {processor.py:839} INFO - DAG(s) dict_keys(['schema_dag']) retrieved from /opt/airflow/dags/schema_dag.py
[2024-11-03T01:21:41.338+0000] {logging_mixin.py:151} INFO - [2024-11-03T01:21:41.337+0000] {dag.py:2915} INFO - Sync 1 DAGs
[2024-11-03T01:21:41.371+0000] {logging_mixin.py:151} INFO - [2024-11-03T01:21:41.370+0000] {dag.py:3696} INFO - Setting next_dagrun for schema_dag to 2024-11-03T00:00:00+00:00, run_after=2024-11-04T00:00:00+00:00
[2024-11-03T01:21:41.399+0000] {processor.py:179} INFO - Processing /opt/airflow/dags/schema_dag.py took 0.571 seconds
[2024-11-03T01:22:11.986+0000] {processor.py:157} INFO - Started process (PID=2640) to work on /opt/airflow/dags/schema_dag.py
[2024-11-03T01:22:11.989+0000] {processor.py:829} INFO - Processing file /opt/airflow/dags/schema_dag.py for tasks to queue
[2024-11-03T01:22:11.990+0000] {logging_mixin.py:151} INFO - [2024-11-03T01:22:11.990+0000] {dagbag.py:539} INFO - Filling up the DagBag from /opt/airflow/dags/schema_dag.py
[2024-11-03T01:22:12.374+0000] {processor.py:839} INFO - DAG(s) dict_keys(['schema_dag']) retrieved from /opt/airflow/dags/schema_dag.py
[2024-11-03T01:22:12.410+0000] {logging_mixin.py:151} INFO - [2024-11-03T01:22:12.409+0000] {dag.py:2915} INFO - Sync 1 DAGs
[2024-11-03T01:22:12.439+0000] {logging_mixin.py:151} INFO - [2024-11-03T01:22:12.438+0000] {dag.py:3696} INFO - Setting next_dagrun for schema_dag to 2024-11-03T00:00:00+00:00, run_after=2024-11-04T00:00:00+00:00
[2024-11-03T01:22:12.463+0000] {processor.py:179} INFO - Processing /opt/airflow/dags/schema_dag.py took 0.483 seconds
[2024-11-03T01:22:43.309+0000] {processor.py:157} INFO - Started process (PID=2687) to work on /opt/airflow/dags/schema_dag.py
[2024-11-03T01:22:43.311+0000] {processor.py:829} INFO - Processing file /opt/airflow/dags/schema_dag.py for tasks to queue
[2024-11-03T01:22:43.312+0000] {logging_mixin.py:151} INFO - [2024-11-03T01:22:43.312+0000] {dagbag.py:539} INFO - Filling up the DagBag from /opt/airflow/dags/schema_dag.py
[2024-11-03T01:22:43.679+0000] {processor.py:839} INFO - DAG(s) dict_keys(['schema_dag']) retrieved from /opt/airflow/dags/schema_dag.py
[2024-11-03T01:22:43.712+0000] {logging_mixin.py:151} INFO - [2024-11-03T01:22:43.711+0000] {dag.py:2915} INFO - Sync 1 DAGs
[2024-11-03T01:22:43.740+0000] {logging_mixin.py:151} INFO - [2024-11-03T01:22:43.740+0000] {dag.py:3696} INFO - Setting next_dagrun for schema_dag to 2024-11-03T00:00:00+00:00, run_after=2024-11-04T00:00:00+00:00
[2024-11-03T01:22:43.762+0000] {processor.py:179} INFO - Processing /opt/airflow/dags/schema_dag.py took 0.457 seconds
[2024-11-03T01:23:13.919+0000] {processor.py:157} INFO - Started process (PID=2734) to work on /opt/airflow/dags/schema_dag.py
[2024-11-03T01:23:13.922+0000] {processor.py:829} INFO - Processing file /opt/airflow/dags/schema_dag.py for tasks to queue
[2024-11-03T01:23:13.924+0000] {logging_mixin.py:151} INFO - [2024-11-03T01:23:13.923+0000] {dagbag.py:539} INFO - Filling up the DagBag from /opt/airflow/dags/schema_dag.py
[2024-11-03T01:23:14.276+0000] {processor.py:839} INFO - DAG(s) dict_keys(['schema_dag']) retrieved from /opt/airflow/dags/schema_dag.py
[2024-11-03T01:23:14.309+0000] {logging_mixin.py:151} INFO - [2024-11-03T01:23:14.309+0000] {dag.py:2915} INFO - Sync 1 DAGs
[2024-11-03T01:23:14.338+0000] {logging_mixin.py:151} INFO - [2024-11-03T01:23:14.338+0000] {dag.py:3696} INFO - Setting next_dagrun for schema_dag to 2024-11-03T00:00:00+00:00, run_after=2024-11-04T00:00:00+00:00
[2024-11-03T01:23:14.363+0000] {processor.py:179} INFO - Processing /opt/airflow/dags/schema_dag.py took 0.448 seconds
[2024-11-03T01:23:44.775+0000] {processor.py:157} INFO - Started process (PID=2779) to work on /opt/airflow/dags/schema_dag.py
[2024-11-03T01:23:44.777+0000] {processor.py:829} INFO - Processing file /opt/airflow/dags/schema_dag.py for tasks to queue
[2024-11-03T01:23:44.779+0000] {logging_mixin.py:151} INFO - [2024-11-03T01:23:44.778+0000] {dagbag.py:539} INFO - Filling up the DagBag from /opt/airflow/dags/schema_dag.py
[2024-11-03T01:23:45.168+0000] {processor.py:839} INFO - DAG(s) dict_keys(['schema_dag']) retrieved from /opt/airflow/dags/schema_dag.py
[2024-11-03T01:23:45.203+0000] {logging_mixin.py:151} INFO - [2024-11-03T01:23:45.202+0000] {dag.py:2915} INFO - Sync 1 DAGs
[2024-11-03T01:23:45.231+0000] {logging_mixin.py:151} INFO - [2024-11-03T01:23:45.231+0000] {dag.py:3696} INFO - Setting next_dagrun for schema_dag to 2024-11-03T00:00:00+00:00, run_after=2024-11-04T00:00:00+00:00
[2024-11-03T01:23:45.254+0000] {processor.py:179} INFO - Processing /opt/airflow/dags/schema_dag.py took 0.484 seconds
[2024-11-03T01:24:16.420+0000] {processor.py:157} INFO - Started process (PID=2830) to work on /opt/airflow/dags/schema_dag.py
[2024-11-03T01:24:16.423+0000] {processor.py:829} INFO - Processing file /opt/airflow/dags/schema_dag.py for tasks to queue
[2024-11-03T01:24:16.425+0000] {logging_mixin.py:151} INFO - [2024-11-03T01:24:16.424+0000] {dagbag.py:539} INFO - Filling up the DagBag from /opt/airflow/dags/schema_dag.py
[2024-11-03T01:24:17.582+0000] {processor.py:839} INFO - DAG(s) dict_keys(['schema_dag']) retrieved from /opt/airflow/dags/schema_dag.py
[2024-11-03T01:24:17.656+0000] {logging_mixin.py:151} INFO - [2024-11-03T01:24:17.654+0000] {dag.py:2915} INFO - Sync 1 DAGs
[2024-11-03T01:24:17.723+0000] {logging_mixin.py:151} INFO - [2024-11-03T01:24:17.723+0000] {dag.py:3696} INFO - Setting next_dagrun for schema_dag to 2024-11-03T00:00:00+00:00, run_after=2024-11-04T00:00:00+00:00
[2024-11-03T01:24:17.769+0000] {processor.py:179} INFO - Processing /opt/airflow/dags/schema_dag.py took 1.357 seconds
[2024-11-03T01:24:48.035+0000] {processor.py:157} INFO - Started process (PID=2889) to work on /opt/airflow/dags/schema_dag.py
[2024-11-03T01:24:48.043+0000] {processor.py:829} INFO - Processing file /opt/airflow/dags/schema_dag.py for tasks to queue
[2024-11-03T01:24:48.046+0000] {logging_mixin.py:151} INFO - [2024-11-03T01:24:48.046+0000] {dagbag.py:539} INFO - Filling up the DagBag from /opt/airflow/dags/schema_dag.py
[2024-11-03T01:24:48.757+0000] {processor.py:839} INFO - DAG(s) dict_keys(['schema_dag']) retrieved from /opt/airflow/dags/schema_dag.py
[2024-11-03T01:24:48.818+0000] {logging_mixin.py:151} INFO - [2024-11-03T01:24:48.817+0000] {dag.py:2915} INFO - Sync 1 DAGs
[2024-11-03T01:24:48.870+0000] {logging_mixin.py:151} INFO - [2024-11-03T01:24:48.869+0000] {dag.py:3696} INFO - Setting next_dagrun for schema_dag to 2024-11-03T00:00:00+00:00, run_after=2024-11-04T00:00:00+00:00
[2024-11-03T01:24:48.907+0000] {processor.py:179} INFO - Processing /opt/airflow/dags/schema_dag.py took 0.880 seconds
[2024-11-03T01:25:19.841+0000] {processor.py:157} INFO - Started process (PID=2936) to work on /opt/airflow/dags/schema_dag.py
[2024-11-03T01:25:19.844+0000] {processor.py:829} INFO - Processing file /opt/airflow/dags/schema_dag.py for tasks to queue
[2024-11-03T01:25:19.845+0000] {logging_mixin.py:151} INFO - [2024-11-03T01:25:19.845+0000] {dagbag.py:539} INFO - Filling up the DagBag from /opt/airflow/dags/schema_dag.py
[2024-11-03T01:25:20.218+0000] {processor.py:839} INFO - DAG(s) dict_keys(['schema_dag']) retrieved from /opt/airflow/dags/schema_dag.py
[2024-11-03T01:25:20.253+0000] {logging_mixin.py:151} INFO - [2024-11-03T01:25:20.252+0000] {dag.py:2915} INFO - Sync 1 DAGs
[2024-11-03T01:25:20.279+0000] {logging_mixin.py:151} INFO - [2024-11-03T01:25:20.278+0000] {dag.py:3696} INFO - Setting next_dagrun for schema_dag to 2024-11-03T00:00:00+00:00, run_after=2024-11-04T00:00:00+00:00
[2024-11-03T01:25:20.300+0000] {processor.py:179} INFO - Processing /opt/airflow/dags/schema_dag.py took 0.464 seconds
[2024-11-03T01:25:50.708+0000] {processor.py:157} INFO - Started process (PID=2983) to work on /opt/airflow/dags/schema_dag.py
[2024-11-03T01:25:50.711+0000] {processor.py:829} INFO - Processing file /opt/airflow/dags/schema_dag.py for tasks to queue
[2024-11-03T01:25:50.712+0000] {logging_mixin.py:151} INFO - [2024-11-03T01:25:50.712+0000] {dagbag.py:539} INFO - Filling up the DagBag from /opt/airflow/dags/schema_dag.py
[2024-11-03T01:25:51.059+0000] {processor.py:839} INFO - DAG(s) dict_keys(['schema_dag']) retrieved from /opt/airflow/dags/schema_dag.py
[2024-11-03T01:25:51.092+0000] {logging_mixin.py:151} INFO - [2024-11-03T01:25:51.091+0000] {dag.py:2915} INFO - Sync 1 DAGs
[2024-11-03T01:25:51.118+0000] {logging_mixin.py:151} INFO - [2024-11-03T01:25:51.118+0000] {dag.py:3696} INFO - Setting next_dagrun for schema_dag to 2024-11-03T00:00:00+00:00, run_after=2024-11-04T00:00:00+00:00
[2024-11-03T01:25:51.144+0000] {processor.py:179} INFO - Processing /opt/airflow/dags/schema_dag.py took 0.440 seconds
[2024-11-03T01:26:21.402+0000] {processor.py:157} INFO - Started process (PID=3030) to work on /opt/airflow/dags/schema_dag.py
[2024-11-03T01:26:21.404+0000] {processor.py:829} INFO - Processing file /opt/airflow/dags/schema_dag.py for tasks to queue
[2024-11-03T01:26:21.405+0000] {logging_mixin.py:151} INFO - [2024-11-03T01:26:21.405+0000] {dagbag.py:539} INFO - Filling up the DagBag from /opt/airflow/dags/schema_dag.py
[2024-11-03T01:26:21.768+0000] {processor.py:839} INFO - DAG(s) dict_keys(['schema_dag']) retrieved from /opt/airflow/dags/schema_dag.py
[2024-11-03T01:26:21.802+0000] {logging_mixin.py:151} INFO - [2024-11-03T01:26:21.802+0000] {dag.py:2915} INFO - Sync 1 DAGs
[2024-11-03T01:26:21.831+0000] {logging_mixin.py:151} INFO - [2024-11-03T01:26:21.831+0000] {dag.py:3696} INFO - Setting next_dagrun for schema_dag to 2024-11-03T00:00:00+00:00, run_after=2024-11-04T00:00:00+00:00
[2024-11-03T01:26:21.855+0000] {processor.py:179} INFO - Processing /opt/airflow/dags/schema_dag.py took 0.457 seconds
[2024-11-03T01:26:52.293+0000] {processor.py:157} INFO - Started process (PID=3077) to work on /opt/airflow/dags/schema_dag.py
[2024-11-03T01:26:52.295+0000] {processor.py:829} INFO - Processing file /opt/airflow/dags/schema_dag.py for tasks to queue
[2024-11-03T01:26:52.296+0000] {logging_mixin.py:151} INFO - [2024-11-03T01:26:52.296+0000] {dagbag.py:539} INFO - Filling up the DagBag from /opt/airflow/dags/schema_dag.py
[2024-11-03T01:26:52.619+0000] {processor.py:839} INFO - DAG(s) dict_keys(['schema_dag']) retrieved from /opt/airflow/dags/schema_dag.py
[2024-11-03T01:26:52.651+0000] {logging_mixin.py:151} INFO - [2024-11-03T01:26:52.650+0000] {dag.py:2915} INFO - Sync 1 DAGs
[2024-11-03T01:26:52.677+0000] {logging_mixin.py:151} INFO - [2024-11-03T01:26:52.677+0000] {dag.py:3696} INFO - Setting next_dagrun for schema_dag to 2024-11-03T00:00:00+00:00, run_after=2024-11-04T00:00:00+00:00
[2024-11-03T01:26:52.701+0000] {processor.py:179} INFO - Processing /opt/airflow/dags/schema_dag.py took 0.413 seconds
[2024-11-03T01:27:23.097+0000] {processor.py:157} INFO - Started process (PID=3124) to work on /opt/airflow/dags/schema_dag.py
[2024-11-03T01:27:23.099+0000] {processor.py:829} INFO - Processing file /opt/airflow/dags/schema_dag.py for tasks to queue
[2024-11-03T01:27:23.100+0000] {logging_mixin.py:151} INFO - [2024-11-03T01:27:23.099+0000] {dagbag.py:539} INFO - Filling up the DagBag from /opt/airflow/dags/schema_dag.py
[2024-11-03T01:27:23.446+0000] {processor.py:839} INFO - DAG(s) dict_keys(['schema_dag']) retrieved from /opt/airflow/dags/schema_dag.py
[2024-11-03T01:27:23.481+0000] {logging_mixin.py:151} INFO - [2024-11-03T01:27:23.480+0000] {dag.py:2915} INFO - Sync 1 DAGs
[2024-11-03T01:27:23.512+0000] {logging_mixin.py:151} INFO - [2024-11-03T01:27:23.511+0000] {dag.py:3696} INFO - Setting next_dagrun for schema_dag to 2024-11-03T00:00:00+00:00, run_after=2024-11-04T00:00:00+00:00
[2024-11-03T01:27:23.534+0000] {processor.py:179} INFO - Processing /opt/airflow/dags/schema_dag.py took 0.442 seconds
[2024-11-03T01:27:54.351+0000] {processor.py:157} INFO - Started process (PID=3171) to work on /opt/airflow/dags/schema_dag.py
[2024-11-03T01:27:54.354+0000] {processor.py:829} INFO - Processing file /opt/airflow/dags/schema_dag.py for tasks to queue
[2024-11-03T01:27:54.356+0000] {logging_mixin.py:151} INFO - [2024-11-03T01:27:54.356+0000] {dagbag.py:539} INFO - Filling up the DagBag from /opt/airflow/dags/schema_dag.py
[2024-11-03T01:27:54.702+0000] {processor.py:839} INFO - DAG(s) dict_keys(['schema_dag']) retrieved from /opt/airflow/dags/schema_dag.py
[2024-11-03T01:27:54.736+0000] {logging_mixin.py:151} INFO - [2024-11-03T01:27:54.735+0000] {dag.py:2915} INFO - Sync 1 DAGs
[2024-11-03T01:27:54.765+0000] {logging_mixin.py:151} INFO - [2024-11-03T01:27:54.765+0000] {dag.py:3696} INFO - Setting next_dagrun for schema_dag to 2024-11-03T00:00:00+00:00, run_after=2024-11-04T00:00:00+00:00
[2024-11-03T01:27:54.791+0000] {processor.py:179} INFO - Processing /opt/airflow/dags/schema_dag.py took 0.446 seconds
[2024-11-03T01:28:25.114+0000] {processor.py:157} INFO - Started process (PID=3218) to work on /opt/airflow/dags/schema_dag.py
[2024-11-03T01:28:25.116+0000] {processor.py:829} INFO - Processing file /opt/airflow/dags/schema_dag.py for tasks to queue
[2024-11-03T01:28:25.118+0000] {logging_mixin.py:151} INFO - [2024-11-03T01:28:25.117+0000] {dagbag.py:539} INFO - Filling up the DagBag from /opt/airflow/dags/schema_dag.py
[2024-11-03T01:28:25.478+0000] {processor.py:839} INFO - DAG(s) dict_keys(['schema_dag']) retrieved from /opt/airflow/dags/schema_dag.py
[2024-11-03T01:28:25.506+0000] {logging_mixin.py:151} INFO - [2024-11-03T01:28:25.505+0000] {dag.py:2915} INFO - Sync 1 DAGs
[2024-11-03T01:28:25.529+0000] {logging_mixin.py:151} INFO - [2024-11-03T01:28:25.529+0000] {dag.py:3696} INFO - Setting next_dagrun for schema_dag to 2024-11-03T00:00:00+00:00, run_after=2024-11-04T00:00:00+00:00
[2024-11-03T01:28:25.552+0000] {processor.py:179} INFO - Processing /opt/airflow/dags/schema_dag.py took 0.442 seconds
[2024-11-03T01:28:55.951+0000] {processor.py:157} INFO - Started process (PID=3265) to work on /opt/airflow/dags/schema_dag.py
[2024-11-03T01:28:55.952+0000] {processor.py:829} INFO - Processing file /opt/airflow/dags/schema_dag.py for tasks to queue
[2024-11-03T01:28:55.953+0000] {logging_mixin.py:151} INFO - [2024-11-03T01:28:55.953+0000] {dagbag.py:539} INFO - Filling up the DagBag from /opt/airflow/dags/schema_dag.py
[2024-11-03T01:28:56.267+0000] {processor.py:839} INFO - DAG(s) dict_keys(['schema_dag']) retrieved from /opt/airflow/dags/schema_dag.py
[2024-11-03T01:28:56.298+0000] {logging_mixin.py:151} INFO - [2024-11-03T01:28:56.296+0000] {dag.py:2915} INFO - Sync 1 DAGs
[2024-11-03T01:28:56.328+0000] {logging_mixin.py:151} INFO - [2024-11-03T01:28:56.328+0000] {dag.py:3696} INFO - Setting next_dagrun for schema_dag to 2024-11-03T00:00:00+00:00, run_after=2024-11-04T00:00:00+00:00
[2024-11-03T01:28:56.352+0000] {processor.py:179} INFO - Processing /opt/airflow/dags/schema_dag.py took 0.406 seconds
[2024-11-03T01:29:26.643+0000] {processor.py:157} INFO - Started process (PID=3312) to work on /opt/airflow/dags/schema_dag.py
[2024-11-03T01:29:26.646+0000] {processor.py:829} INFO - Processing file /opt/airflow/dags/schema_dag.py for tasks to queue
[2024-11-03T01:29:26.647+0000] {logging_mixin.py:151} INFO - [2024-11-03T01:29:26.647+0000] {dagbag.py:539} INFO - Filling up the DagBag from /opt/airflow/dags/schema_dag.py
[2024-11-03T01:29:26.977+0000] {processor.py:839} INFO - DAG(s) dict_keys(['schema_dag']) retrieved from /opt/airflow/dags/schema_dag.py
[2024-11-03T01:29:27.010+0000] {logging_mixin.py:151} INFO - [2024-11-03T01:29:27.009+0000] {dag.py:2915} INFO - Sync 1 DAGs
[2024-11-03T01:29:27.035+0000] {logging_mixin.py:151} INFO - [2024-11-03T01:29:27.035+0000] {dag.py:3696} INFO - Setting next_dagrun for schema_dag to 2024-11-03T00:00:00+00:00, run_after=2024-11-04T00:00:00+00:00
[2024-11-03T01:29:27.057+0000] {processor.py:179} INFO - Processing /opt/airflow/dags/schema_dag.py took 0.419 seconds
[2024-11-03T01:29:57.914+0000] {processor.py:157} INFO - Started process (PID=3359) to work on /opt/airflow/dags/schema_dag.py
[2024-11-03T01:29:57.915+0000] {processor.py:829} INFO - Processing file /opt/airflow/dags/schema_dag.py for tasks to queue
[2024-11-03T01:29:57.917+0000] {logging_mixin.py:151} INFO - [2024-11-03T01:29:57.916+0000] {dagbag.py:539} INFO - Filling up the DagBag from /opt/airflow/dags/schema_dag.py
[2024-11-03T01:29:58.237+0000] {processor.py:839} INFO - DAG(s) dict_keys(['schema_dag']) retrieved from /opt/airflow/dags/schema_dag.py
[2024-11-03T01:29:58.268+0000] {logging_mixin.py:151} INFO - [2024-11-03T01:29:58.267+0000] {dag.py:2915} INFO - Sync 1 DAGs
[2024-11-03T01:29:58.296+0000] {logging_mixin.py:151} INFO - [2024-11-03T01:29:58.295+0000] {dag.py:3696} INFO - Setting next_dagrun for schema_dag to 2024-11-03T00:00:00+00:00, run_after=2024-11-04T00:00:00+00:00
[2024-11-03T01:29:58.324+0000] {processor.py:179} INFO - Processing /opt/airflow/dags/schema_dag.py took 0.415 seconds
[2024-11-03T01:30:29.427+0000] {processor.py:157} INFO - Started process (PID=3406) to work on /opt/airflow/dags/schema_dag.py
[2024-11-03T01:30:29.429+0000] {processor.py:829} INFO - Processing file /opt/airflow/dags/schema_dag.py for tasks to queue
[2024-11-03T01:30:29.430+0000] {logging_mixin.py:151} INFO - [2024-11-03T01:30:29.430+0000] {dagbag.py:539} INFO - Filling up the DagBag from /opt/airflow/dags/schema_dag.py
[2024-11-03T01:30:29.847+0000] {processor.py:839} INFO - DAG(s) dict_keys(['schema_dag']) retrieved from /opt/airflow/dags/schema_dag.py
[2024-11-03T01:30:29.884+0000] {logging_mixin.py:151} INFO - [2024-11-03T01:30:29.884+0000] {dag.py:2915} INFO - Sync 1 DAGs
[2024-11-03T01:30:29.910+0000] {logging_mixin.py:151} INFO - [2024-11-03T01:30:29.910+0000] {dag.py:3696} INFO - Setting next_dagrun for schema_dag to 2024-11-03T00:00:00+00:00, run_after=2024-11-04T00:00:00+00:00
[2024-11-03T01:30:29.934+0000] {processor.py:179} INFO - Processing /opt/airflow/dags/schema_dag.py took 0.512 seconds
[2024-11-03T01:31:00.402+0000] {processor.py:157} INFO - Started process (PID=3453) to work on /opt/airflow/dags/schema_dag.py
[2024-11-03T01:31:00.405+0000] {processor.py:829} INFO - Processing file /opt/airflow/dags/schema_dag.py for tasks to queue
[2024-11-03T01:31:00.406+0000] {logging_mixin.py:151} INFO - [2024-11-03T01:31:00.406+0000] {dagbag.py:539} INFO - Filling up the DagBag from /opt/airflow/dags/schema_dag.py
[2024-11-03T01:31:00.800+0000] {processor.py:839} INFO - DAG(s) dict_keys(['schema_dag']) retrieved from /opt/airflow/dags/schema_dag.py
[2024-11-03T01:31:00.839+0000] {logging_mixin.py:151} INFO - [2024-11-03T01:31:00.837+0000] {dag.py:2915} INFO - Sync 1 DAGs
[2024-11-03T01:31:00.872+0000] {logging_mixin.py:151} INFO - [2024-11-03T01:31:00.872+0000] {dag.py:3696} INFO - Setting next_dagrun for schema_dag to 2024-11-03T00:00:00+00:00, run_after=2024-11-04T00:00:00+00:00
[2024-11-03T01:31:00.900+0000] {processor.py:179} INFO - Processing /opt/airflow/dags/schema_dag.py took 0.502 seconds
[2024-11-03T01:31:31.417+0000] {processor.py:157} INFO - Started process (PID=3500) to work on /opt/airflow/dags/schema_dag.py
[2024-11-03T01:31:31.424+0000] {processor.py:829} INFO - Processing file /opt/airflow/dags/schema_dag.py for tasks to queue
[2024-11-03T01:31:31.425+0000] {logging_mixin.py:151} INFO - [2024-11-03T01:31:31.425+0000] {dagbag.py:539} INFO - Filling up the DagBag from /opt/airflow/dags/schema_dag.py
[2024-11-03T01:31:31.788+0000] {processor.py:839} INFO - DAG(s) dict_keys(['schema_dag']) retrieved from /opt/airflow/dags/schema_dag.py
[2024-11-03T01:31:31.825+0000] {logging_mixin.py:151} INFO - [2024-11-03T01:31:31.824+0000] {dag.py:2915} INFO - Sync 1 DAGs
[2024-11-03T01:31:31.847+0000] {logging_mixin.py:151} INFO - [2024-11-03T01:31:31.847+0000] {dag.py:3696} INFO - Setting next_dagrun for schema_dag to 2024-11-03T00:00:00+00:00, run_after=2024-11-04T00:00:00+00:00
[2024-11-03T01:31:31.868+0000] {processor.py:179} INFO - Processing /opt/airflow/dags/schema_dag.py took 0.456 seconds
[2024-11-03T01:32:02.569+0000] {processor.py:157} INFO - Started process (PID=3547) to work on /opt/airflow/dags/schema_dag.py
[2024-11-03T01:32:02.578+0000] {processor.py:829} INFO - Processing file /opt/airflow/dags/schema_dag.py for tasks to queue
[2024-11-03T01:32:02.580+0000] {logging_mixin.py:151} INFO - [2024-11-03T01:32:02.579+0000] {dagbag.py:539} INFO - Filling up the DagBag from /opt/airflow/dags/schema_dag.py
[2024-11-03T01:32:03.254+0000] {processor.py:839} INFO - DAG(s) dict_keys(['schema_dag']) retrieved from /opt/airflow/dags/schema_dag.py
[2024-11-03T01:32:03.319+0000] {logging_mixin.py:151} INFO - [2024-11-03T01:32:03.318+0000] {dag.py:2915} INFO - Sync 1 DAGs
[2024-11-03T01:32:03.341+0000] {logging_mixin.py:151} INFO - [2024-11-03T01:32:03.341+0000] {dag.py:3696} INFO - Setting next_dagrun for schema_dag to 2024-11-03T00:00:00+00:00, run_after=2024-11-04T00:00:00+00:00
[2024-11-03T01:32:03.360+0000] {processor.py:179} INFO - Processing /opt/airflow/dags/schema_dag.py took 0.800 seconds
[2024-11-03T01:32:33.931+0000] {processor.py:157} INFO - Started process (PID=3594) to work on /opt/airflow/dags/schema_dag.py
[2024-11-03T01:32:33.933+0000] {processor.py:829} INFO - Processing file /opt/airflow/dags/schema_dag.py for tasks to queue
[2024-11-03T01:32:33.934+0000] {logging_mixin.py:151} INFO - [2024-11-03T01:32:33.934+0000] {dagbag.py:539} INFO - Filling up the DagBag from /opt/airflow/dags/schema_dag.py
[2024-11-03T01:32:34.535+0000] {processor.py:839} INFO - DAG(s) dict_keys(['schema_dag']) retrieved from /opt/airflow/dags/schema_dag.py
[2024-11-03T01:32:34.770+0000] {logging_mixin.py:151} INFO - [2024-11-03T01:32:34.766+0000] {dag.py:2915} INFO - Sync 1 DAGs
[2024-11-03T01:32:34.968+0000] {logging_mixin.py:151} INFO - [2024-11-03T01:32:34.968+0000] {dag.py:3696} INFO - Setting next_dagrun for schema_dag to 2024-11-03T00:00:00+00:00, run_after=2024-11-04T00:00:00+00:00
[2024-11-03T01:32:35.032+0000] {processor.py:179} INFO - Processing /opt/airflow/dags/schema_dag.py took 1.105 seconds
[2024-11-03T01:33:05.753+0000] {processor.py:157} INFO - Started process (PID=3649) to work on /opt/airflow/dags/schema_dag.py
[2024-11-03T01:33:05.758+0000] {processor.py:829} INFO - Processing file /opt/airflow/dags/schema_dag.py for tasks to queue
[2024-11-03T01:33:05.761+0000] {logging_mixin.py:151} INFO - [2024-11-03T01:33:05.760+0000] {dagbag.py:539} INFO - Filling up the DagBag from /opt/airflow/dags/schema_dag.py
[2024-11-03T01:33:06.606+0000] {processor.py:839} INFO - DAG(s) dict_keys(['schema_dag']) retrieved from /opt/airflow/dags/schema_dag.py
[2024-11-03T01:33:06.683+0000] {logging_mixin.py:151} INFO - [2024-11-03T01:33:06.679+0000] {dag.py:2915} INFO - Sync 1 DAGs
[2024-11-03T01:33:06.791+0000] {logging_mixin.py:151} INFO - [2024-11-03T01:33:06.790+0000] {dag.py:3696} INFO - Setting next_dagrun for schema_dag to 2024-11-03T00:00:00+00:00, run_after=2024-11-04T00:00:00+00:00
[2024-11-03T01:33:06.830+0000] {processor.py:179} INFO - Processing /opt/airflow/dags/schema_dag.py took 1.084 seconds
[2024-11-03T01:33:37.343+0000] {processor.py:157} INFO - Started process (PID=3698) to work on /opt/airflow/dags/schema_dag.py
[2024-11-03T01:33:37.346+0000] {processor.py:829} INFO - Processing file /opt/airflow/dags/schema_dag.py for tasks to queue
[2024-11-03T01:33:37.347+0000] {logging_mixin.py:151} INFO - [2024-11-03T01:33:37.347+0000] {dagbag.py:539} INFO - Filling up the DagBag from /opt/airflow/dags/schema_dag.py
[2024-11-03T01:33:37.713+0000] {processor.py:839} INFO - DAG(s) dict_keys(['schema_dag']) retrieved from /opt/airflow/dags/schema_dag.py
[2024-11-03T01:33:37.753+0000] {logging_mixin.py:151} INFO - [2024-11-03T01:33:37.752+0000] {dag.py:2915} INFO - Sync 1 DAGs
[2024-11-03T01:33:37.785+0000] {logging_mixin.py:151} INFO - [2024-11-03T01:33:37.785+0000] {dag.py:3696} INFO - Setting next_dagrun for schema_dag to 2024-11-03T00:00:00+00:00, run_after=2024-11-04T00:00:00+00:00
[2024-11-03T01:33:37.840+0000] {processor.py:179} INFO - Processing /opt/airflow/dags/schema_dag.py took 0.502 seconds
[2024-11-03T01:34:08.293+0000] {processor.py:157} INFO - Started process (PID=3743) to work on /opt/airflow/dags/schema_dag.py
[2024-11-03T01:34:08.296+0000] {processor.py:829} INFO - Processing file /opt/airflow/dags/schema_dag.py for tasks to queue
[2024-11-03T01:34:08.297+0000] {logging_mixin.py:151} INFO - [2024-11-03T01:34:08.297+0000] {dagbag.py:539} INFO - Filling up the DagBag from /opt/airflow/dags/schema_dag.py
[2024-11-03T01:34:08.788+0000] {processor.py:839} INFO - DAG(s) dict_keys(['schema_dag']) retrieved from /opt/airflow/dags/schema_dag.py
[2024-11-03T01:34:08.826+0000] {logging_mixin.py:151} INFO - [2024-11-03T01:34:08.825+0000] {dag.py:2915} INFO - Sync 1 DAGs
[2024-11-03T01:34:08.858+0000] {logging_mixin.py:151} INFO - [2024-11-03T01:34:08.858+0000] {dag.py:3696} INFO - Setting next_dagrun for schema_dag to 2024-11-03T00:00:00+00:00, run_after=2024-11-04T00:00:00+00:00
[2024-11-03T01:34:08.885+0000] {processor.py:179} INFO - Processing /opt/airflow/dags/schema_dag.py took 0.597 seconds
[2024-11-03T01:34:38.944+0000] {processor.py:157} INFO - Started process (PID=3789) to work on /opt/airflow/dags/schema_dag.py
[2024-11-03T01:34:38.946+0000] {processor.py:829} INFO - Processing file /opt/airflow/dags/schema_dag.py for tasks to queue
[2024-11-03T01:34:38.948+0000] {logging_mixin.py:151} INFO - [2024-11-03T01:34:38.947+0000] {dagbag.py:539} INFO - Filling up the DagBag from /opt/airflow/dags/schema_dag.py
[2024-11-03T01:34:39.458+0000] {processor.py:839} INFO - DAG(s) dict_keys(['schema_dag']) retrieved from /opt/airflow/dags/schema_dag.py
[2024-11-03T01:34:39.497+0000] {logging_mixin.py:151} INFO - [2024-11-03T01:34:39.497+0000] {dag.py:2915} INFO - Sync 1 DAGs
[2024-11-03T01:34:39.533+0000] {logging_mixin.py:151} INFO - [2024-11-03T01:34:39.532+0000] {dag.py:3696} INFO - Setting next_dagrun for schema_dag to 2024-11-03T00:00:00+00:00, run_after=2024-11-04T00:00:00+00:00
[2024-11-03T01:34:39.573+0000] {processor.py:179} INFO - Processing /opt/airflow/dags/schema_dag.py took 0.634 seconds
