[2024-11-03T00:08:09.776+0000] {processor.py:157} INFO - Started process (PID=19621) to work on /opt/airflow/dags/table_dag.py
[2024-11-03T00:08:09.782+0000] {processor.py:829} INFO - Processing file /opt/airflow/dags/table_dag.py for tasks to queue
[2024-11-03T00:08:09.787+0000] {logging_mixin.py:151} INFO - [2024-11-03T00:08:09.786+0000] {dagbag.py:539} INFO - Filling up the DagBag from /opt/airflow/dags/table_dag.py
[2024-11-03T00:08:11.916+0000] {processor.py:839} INFO - DAG(s) dict_keys(['table_dag']) retrieved from /opt/airflow/dags/table_dag.py
[2024-11-03T00:08:11.965+0000] {logging_mixin.py:151} INFO - [2024-11-03T00:08:11.963+0000] {dag.py:2915} INFO - Sync 1 DAGs
[2024-11-03T00:08:12.007+0000] {logging_mixin.py:151} INFO - [2024-11-03T00:08:12.007+0000] {dag.py:3696} INFO - Setting next_dagrun for table_dag to 2024-11-02T00:00:00+00:00, run_after=2024-11-03T00:00:00+00:00
[2024-11-03T00:08:12.051+0000] {processor.py:179} INFO - Processing /opt/airflow/dags/table_dag.py took 2.283 seconds
[2024-11-03T00:56:33.938+0000] {processor.py:157} INFO - Started process (PID=245) to work on /opt/airflow/dags/table_dag.py
[2024-11-03T00:56:33.940+0000] {processor.py:829} INFO - Processing file /opt/airflow/dags/table_dag.py for tasks to queue
[2024-11-03T00:56:33.941+0000] {logging_mixin.py:151} INFO - [2024-11-03T00:56:33.941+0000] {dagbag.py:539} INFO - Filling up the DagBag from /opt/airflow/dags/table_dag.py
[2024-11-03T00:56:34.573+0000] {processor.py:839} INFO - DAG(s) dict_keys(['table_dag']) retrieved from /opt/airflow/dags/table_dag.py
[2024-11-03T00:56:34.734+0000] {logging_mixin.py:151} INFO - [2024-11-03T00:56:34.734+0000] {security.py:708} INFO - Not syncing DAG-level permissions for DAG 'DAG:table_dag' as access control is unset.
[2024-11-03T00:56:34.735+0000] {logging_mixin.py:151} INFO - [2024-11-03T00:56:34.735+0000] {dag.py:2915} INFO - Sync 1 DAGs
[2024-11-03T00:56:34.794+0000] {logging_mixin.py:151} INFO - [2024-11-03T00:56:34.794+0000] {dag.py:3696} INFO - Setting next_dagrun for table_dag to 2024-11-02T00:00:00+00:00, run_after=2024-11-03T00:00:00+00:00
[2024-11-03T00:56:34.835+0000] {processor.py:179} INFO - Processing /opt/airflow/dags/table_dag.py took 0.901 seconds
[2024-11-03T00:57:05.802+0000] {processor.py:157} INFO - Started process (PID=292) to work on /opt/airflow/dags/table_dag.py
[2024-11-03T00:57:05.803+0000] {processor.py:829} INFO - Processing file /opt/airflow/dags/table_dag.py for tasks to queue
[2024-11-03T00:57:05.805+0000] {logging_mixin.py:151} INFO - [2024-11-03T00:57:05.804+0000] {dagbag.py:539} INFO - Filling up the DagBag from /opt/airflow/dags/table_dag.py
[2024-11-03T00:57:06.347+0000] {processor.py:839} INFO - DAG(s) dict_keys(['table_dag']) retrieved from /opt/airflow/dags/table_dag.py
[2024-11-03T00:57:06.391+0000] {logging_mixin.py:151} INFO - [2024-11-03T00:57:06.390+0000] {dag.py:2915} INFO - Sync 1 DAGs
[2024-11-03T00:57:06.423+0000] {logging_mixin.py:151} INFO - [2024-11-03T00:57:06.422+0000] {dag.py:3696} INFO - Setting next_dagrun for table_dag to 2024-11-02T00:00:00+00:00, run_after=2024-11-03T00:00:00+00:00
[2024-11-03T00:57:06.449+0000] {processor.py:179} INFO - Processing /opt/airflow/dags/table_dag.py took 0.655 seconds
[2024-11-03T00:57:36.838+0000] {processor.py:157} INFO - Started process (PID=339) to work on /opt/airflow/dags/table_dag.py
[2024-11-03T00:57:36.840+0000] {processor.py:829} INFO - Processing file /opt/airflow/dags/table_dag.py for tasks to queue
[2024-11-03T00:57:36.842+0000] {logging_mixin.py:151} INFO - [2024-11-03T00:57:36.842+0000] {dagbag.py:539} INFO - Filling up the DagBag from /opt/airflow/dags/table_dag.py
[2024-11-03T00:57:37.484+0000] {processor.py:839} INFO - DAG(s) dict_keys(['table_dag']) retrieved from /opt/airflow/dags/table_dag.py
[2024-11-03T00:57:37.573+0000] {logging_mixin.py:151} INFO - [2024-11-03T00:57:37.572+0000] {dag.py:2915} INFO - Sync 1 DAGs
[2024-11-03T00:57:37.604+0000] {logging_mixin.py:151} INFO - [2024-11-03T00:57:37.604+0000] {dag.py:3696} INFO - Setting next_dagrun for table_dag to 2024-11-02T00:00:00+00:00, run_after=2024-11-03T00:00:00+00:00
[2024-11-03T00:57:37.648+0000] {processor.py:179} INFO - Processing /opt/airflow/dags/table_dag.py took 0.816 seconds
[2024-11-03T00:58:10.956+0000] {processor.py:157} INFO - Started process (PID=386) to work on /opt/airflow/dags/table_dag.py
[2024-11-03T00:58:11.003+0000] {processor.py:829} INFO - Processing file /opt/airflow/dags/table_dag.py for tasks to queue
[2024-11-03T00:58:11.026+0000] {logging_mixin.py:151} INFO - [2024-11-03T00:58:11.015+0000] {dagbag.py:539} INFO - Filling up the DagBag from /opt/airflow/dags/table_dag.py
[2024-11-03T00:58:12.134+0000] {processor.py:839} INFO - DAG(s) dict_keys(['table_dag']) retrieved from /opt/airflow/dags/table_dag.py
[2024-11-03T00:58:12.176+0000] {logging_mixin.py:151} INFO - [2024-11-03T00:58:12.176+0000] {dag.py:2915} INFO - Sync 1 DAGs
[2024-11-03T00:58:12.214+0000] {logging_mixin.py:151} INFO - [2024-11-03T00:58:12.214+0000] {dag.py:3696} INFO - Setting next_dagrun for table_dag to 2024-11-02T00:00:00+00:00, run_after=2024-11-03T00:00:00+00:00
[2024-11-03T00:58:12.240+0000] {processor.py:179} INFO - Processing /opt/airflow/dags/table_dag.py took 1.403 seconds
[2024-11-03T00:58:42.386+0000] {processor.py:157} INFO - Started process (PID=439) to work on /opt/airflow/dags/table_dag.py
[2024-11-03T00:58:42.387+0000] {processor.py:829} INFO - Processing file /opt/airflow/dags/table_dag.py for tasks to queue
[2024-11-03T00:58:42.388+0000] {logging_mixin.py:151} INFO - [2024-11-03T00:58:42.388+0000] {dagbag.py:539} INFO - Filling up the DagBag from /opt/airflow/dags/table_dag.py
[2024-11-03T00:58:42.790+0000] {processor.py:839} INFO - DAG(s) dict_keys(['table_dag']) retrieved from /opt/airflow/dags/table_dag.py
[2024-11-03T00:58:42.830+0000] {logging_mixin.py:151} INFO - [2024-11-03T00:58:42.829+0000] {dag.py:2915} INFO - Sync 1 DAGs
[2024-11-03T00:58:42.860+0000] {logging_mixin.py:151} INFO - [2024-11-03T00:58:42.860+0000] {dag.py:3696} INFO - Setting next_dagrun for table_dag to 2024-11-02T00:00:00+00:00, run_after=2024-11-03T00:00:00+00:00
[2024-11-03T00:58:42.886+0000] {processor.py:179} INFO - Processing /opt/airflow/dags/table_dag.py took 0.504 seconds
[2024-11-03T00:59:13.157+0000] {processor.py:157} INFO - Started process (PID=485) to work on /opt/airflow/dags/table_dag.py
[2024-11-03T00:59:13.158+0000] {processor.py:829} INFO - Processing file /opt/airflow/dags/table_dag.py for tasks to queue
[2024-11-03T00:59:13.160+0000] {logging_mixin.py:151} INFO - [2024-11-03T00:59:13.159+0000] {dagbag.py:539} INFO - Filling up the DagBag from /opt/airflow/dags/table_dag.py
[2024-11-03T00:59:13.582+0000] {processor.py:839} INFO - DAG(s) dict_keys(['table_dag']) retrieved from /opt/airflow/dags/table_dag.py
[2024-11-03T00:59:13.626+0000] {logging_mixin.py:151} INFO - [2024-11-03T00:59:13.625+0000] {dag.py:2915} INFO - Sync 1 DAGs
[2024-11-03T00:59:13.685+0000] {logging_mixin.py:151} INFO - [2024-11-03T00:59:13.685+0000] {dag.py:3696} INFO - Setting next_dagrun for table_dag to 2024-11-02T00:00:00+00:00, run_after=2024-11-03T00:00:00+00:00
[2024-11-03T00:59:13.723+0000] {processor.py:179} INFO - Processing /opt/airflow/dags/table_dag.py took 0.571 seconds
[2024-11-03T00:59:44.190+0000] {processor.py:157} INFO - Started process (PID=532) to work on /opt/airflow/dags/table_dag.py
[2024-11-03T00:59:44.192+0000] {processor.py:829} INFO - Processing file /opt/airflow/dags/table_dag.py for tasks to queue
[2024-11-03T00:59:44.194+0000] {logging_mixin.py:151} INFO - [2024-11-03T00:59:44.194+0000] {dagbag.py:539} INFO - Filling up the DagBag from /opt/airflow/dags/table_dag.py
[2024-11-03T00:59:45.038+0000] {processor.py:839} INFO - DAG(s) dict_keys(['table_dag']) retrieved from /opt/airflow/dags/table_dag.py
[2024-11-03T00:59:45.152+0000] {logging_mixin.py:151} INFO - [2024-11-03T00:59:45.147+0000] {dag.py:2915} INFO - Sync 1 DAGs
[2024-11-03T00:59:45.212+0000] {logging_mixin.py:151} INFO - [2024-11-03T00:59:45.211+0000] {dag.py:3696} INFO - Setting next_dagrun for table_dag to 2024-11-02T00:00:00+00:00, run_after=2024-11-03T00:00:00+00:00
[2024-11-03T00:59:45.295+0000] {processor.py:179} INFO - Processing /opt/airflow/dags/table_dag.py took 1.111 seconds
[2024-11-03T01:00:15.534+0000] {processor.py:157} INFO - Started process (PID=579) to work on /opt/airflow/dags/table_dag.py
[2024-11-03T01:00:15.536+0000] {processor.py:829} INFO - Processing file /opt/airflow/dags/table_dag.py for tasks to queue
[2024-11-03T01:00:15.538+0000] {logging_mixin.py:151} INFO - [2024-11-03T01:00:15.537+0000] {dagbag.py:539} INFO - Filling up the DagBag from /opt/airflow/dags/table_dag.py
[2024-11-03T01:00:15.999+0000] {processor.py:839} INFO - DAG(s) dict_keys(['table_dag']) retrieved from /opt/airflow/dags/table_dag.py
[2024-11-03T01:00:16.055+0000] {logging_mixin.py:151} INFO - [2024-11-03T01:00:16.053+0000] {dag.py:2915} INFO - Sync 1 DAGs
[2024-11-03T01:00:16.088+0000] {logging_mixin.py:151} INFO - [2024-11-03T01:00:16.087+0000] {dag.py:3696} INFO - Setting next_dagrun for table_dag to 2024-11-02T00:00:00+00:00, run_after=2024-11-03T00:00:00+00:00
[2024-11-03T01:00:16.118+0000] {processor.py:179} INFO - Processing /opt/airflow/dags/table_dag.py took 0.589 seconds
[2024-11-03T01:00:47.103+0000] {processor.py:157} INFO - Started process (PID=629) to work on /opt/airflow/dags/table_dag.py
[2024-11-03T01:00:47.108+0000] {processor.py:829} INFO - Processing file /opt/airflow/dags/table_dag.py for tasks to queue
[2024-11-03T01:00:47.110+0000] {logging_mixin.py:151} INFO - [2024-11-03T01:00:47.109+0000] {dagbag.py:539} INFO - Filling up the DagBag from /opt/airflow/dags/table_dag.py
[2024-11-03T01:00:48.639+0000] {processor.py:839} INFO - DAG(s) dict_keys(['table_dag']) retrieved from /opt/airflow/dags/table_dag.py
[2024-11-03T01:00:48.789+0000] {logging_mixin.py:151} INFO - [2024-11-03T01:00:48.787+0000] {dag.py:2915} INFO - Sync 1 DAGs
[2024-11-03T01:00:48.841+0000] {logging_mixin.py:151} INFO - [2024-11-03T01:00:48.841+0000] {dag.py:3696} INFO - Setting next_dagrun for table_dag to 2024-11-02T00:00:00+00:00, run_after=2024-11-03T00:00:00+00:00
[2024-11-03T01:00:48.874+0000] {processor.py:179} INFO - Processing /opt/airflow/dags/table_dag.py took 1.778 seconds
[2024-11-03T01:01:20.191+0000] {processor.py:157} INFO - Started process (PID=673) to work on /opt/airflow/dags/table_dag.py
[2024-11-03T01:01:20.194+0000] {processor.py:829} INFO - Processing file /opt/airflow/dags/table_dag.py for tasks to queue
[2024-11-03T01:01:20.196+0000] {logging_mixin.py:151} INFO - [2024-11-03T01:01:20.195+0000] {dagbag.py:539} INFO - Filling up the DagBag from /opt/airflow/dags/table_dag.py
[2024-11-03T01:01:21.526+0000] {processor.py:839} INFO - DAG(s) dict_keys(['table_dag']) retrieved from /opt/airflow/dags/table_dag.py
[2024-11-03T01:01:21.741+0000] {logging_mixin.py:151} INFO - [2024-11-03T01:01:21.740+0000] {dag.py:2915} INFO - Sync 1 DAGs
[2024-11-03T01:01:21.843+0000] {logging_mixin.py:151} INFO - [2024-11-03T01:01:21.842+0000] {dag.py:3696} INFO - Setting next_dagrun for table_dag to 2024-11-02T00:00:00+00:00, run_after=2024-11-03T00:00:00+00:00
[2024-11-03T01:01:21.903+0000] {processor.py:179} INFO - Processing /opt/airflow/dags/table_dag.py took 1.725 seconds
[2024-11-03T01:01:52.060+0000] {processor.py:157} INFO - Started process (PID=720) to work on /opt/airflow/dags/table_dag.py
[2024-11-03T01:01:52.061+0000] {processor.py:829} INFO - Processing file /opt/airflow/dags/table_dag.py for tasks to queue
[2024-11-03T01:01:52.063+0000] {logging_mixin.py:151} INFO - [2024-11-03T01:01:52.062+0000] {dagbag.py:539} INFO - Filling up the DagBag from /opt/airflow/dags/table_dag.py
[2024-11-03T01:01:52.639+0000] {processor.py:839} INFO - DAG(s) dict_keys(['table_dag']) retrieved from /opt/airflow/dags/table_dag.py
[2024-11-03T01:01:53.218+0000] {logging_mixin.py:151} INFO - [2024-11-03T01:01:53.216+0000] {dag.py:2915} INFO - Sync 1 DAGs
[2024-11-03T01:01:53.397+0000] {logging_mixin.py:151} INFO - [2024-11-03T01:01:53.396+0000] {dag.py:3696} INFO - Setting next_dagrun for table_dag to 2024-11-02T00:00:00+00:00, run_after=2024-11-03T00:00:00+00:00
[2024-11-03T01:01:53.428+0000] {processor.py:179} INFO - Processing /opt/airflow/dags/table_dag.py took 1.372 seconds
[2024-11-03T01:02:23.628+0000] {processor.py:157} INFO - Started process (PID=767) to work on /opt/airflow/dags/table_dag.py
[2024-11-03T01:02:23.630+0000] {processor.py:829} INFO - Processing file /opt/airflow/dags/table_dag.py for tasks to queue
[2024-11-03T01:02:23.632+0000] {logging_mixin.py:151} INFO - [2024-11-03T01:02:23.631+0000] {dagbag.py:539} INFO - Filling up the DagBag from /opt/airflow/dags/table_dag.py
[2024-11-03T01:02:24.106+0000] {processor.py:839} INFO - DAG(s) dict_keys(['table_dag']) retrieved from /opt/airflow/dags/table_dag.py
[2024-11-03T01:02:24.152+0000] {logging_mixin.py:151} INFO - [2024-11-03T01:02:24.150+0000] {dag.py:2915} INFO - Sync 1 DAGs
[2024-11-03T01:02:24.188+0000] {logging_mixin.py:151} INFO - [2024-11-03T01:02:24.188+0000] {dag.py:3696} INFO - Setting next_dagrun for table_dag to 2024-11-02T00:00:00+00:00, run_after=2024-11-03T00:00:00+00:00
[2024-11-03T01:02:24.221+0000] {processor.py:179} INFO - Processing /opt/airflow/dags/table_dag.py took 0.598 seconds
[2024-11-03T01:02:55.005+0000] {processor.py:157} INFO - Started process (PID=814) to work on /opt/airflow/dags/table_dag.py
[2024-11-03T01:02:55.007+0000] {processor.py:829} INFO - Processing file /opt/airflow/dags/table_dag.py for tasks to queue
[2024-11-03T01:02:55.010+0000] {logging_mixin.py:151} INFO - [2024-11-03T01:02:55.009+0000] {dagbag.py:539} INFO - Filling up the DagBag from /opt/airflow/dags/table_dag.py
[2024-11-03T01:02:55.761+0000] {processor.py:839} INFO - DAG(s) dict_keys(['table_dag']) retrieved from /opt/airflow/dags/table_dag.py
[2024-11-03T01:02:55.813+0000] {logging_mixin.py:151} INFO - [2024-11-03T01:02:55.812+0000] {dag.py:2915} INFO - Sync 1 DAGs
[2024-11-03T01:02:55.853+0000] {logging_mixin.py:151} INFO - [2024-11-03T01:02:55.853+0000] {dag.py:3696} INFO - Setting next_dagrun for table_dag to 2024-11-02T00:00:00+00:00, run_after=2024-11-03T00:00:00+00:00
[2024-11-03T01:02:55.889+0000] {processor.py:179} INFO - Processing /opt/airflow/dags/table_dag.py took 0.892 seconds
[2024-11-03T01:03:26.319+0000] {processor.py:157} INFO - Started process (PID=860) to work on /opt/airflow/dags/table_dag.py
[2024-11-03T01:03:26.321+0000] {processor.py:829} INFO - Processing file /opt/airflow/dags/table_dag.py for tasks to queue
[2024-11-03T01:03:26.322+0000] {logging_mixin.py:151} INFO - [2024-11-03T01:03:26.322+0000] {dagbag.py:539} INFO - Filling up the DagBag from /opt/airflow/dags/table_dag.py
[2024-11-03T01:03:26.731+0000] {processor.py:839} INFO - DAG(s) dict_keys(['table_dag']) retrieved from /opt/airflow/dags/table_dag.py
[2024-11-03T01:03:26.776+0000] {logging_mixin.py:151} INFO - [2024-11-03T01:03:26.775+0000] {dag.py:2915} INFO - Sync 1 DAGs
[2024-11-03T01:03:26.866+0000] {logging_mixin.py:151} INFO - [2024-11-03T01:03:26.865+0000] {dag.py:3696} INFO - Setting next_dagrun for table_dag to 2024-11-02T00:00:00+00:00, run_after=2024-11-03T00:00:00+00:00
[2024-11-03T01:03:26.941+0000] {processor.py:179} INFO - Processing /opt/airflow/dags/table_dag.py took 0.628 seconds
[2024-11-03T01:03:57.300+0000] {processor.py:157} INFO - Started process (PID=907) to work on /opt/airflow/dags/table_dag.py
[2024-11-03T01:03:57.302+0000] {processor.py:829} INFO - Processing file /opt/airflow/dags/table_dag.py for tasks to queue
[2024-11-03T01:03:57.304+0000] {logging_mixin.py:151} INFO - [2024-11-03T01:03:57.304+0000] {dagbag.py:539} INFO - Filling up the DagBag from /opt/airflow/dags/table_dag.py
[2024-11-03T01:03:57.767+0000] {processor.py:839} INFO - DAG(s) dict_keys(['table_dag']) retrieved from /opt/airflow/dags/table_dag.py
[2024-11-03T01:03:57.802+0000] {logging_mixin.py:151} INFO - [2024-11-03T01:03:57.802+0000] {dag.py:2915} INFO - Sync 1 DAGs
[2024-11-03T01:03:57.840+0000] {logging_mixin.py:151} INFO - [2024-11-03T01:03:57.840+0000] {dag.py:3696} INFO - Setting next_dagrun for table_dag to 2024-11-02T00:00:00+00:00, run_after=2024-11-03T00:00:00+00:00
[2024-11-03T01:03:57.871+0000] {processor.py:179} INFO - Processing /opt/airflow/dags/table_dag.py took 0.577 seconds
[2024-11-03T01:04:27.937+0000] {processor.py:157} INFO - Started process (PID=954) to work on /opt/airflow/dags/table_dag.py
[2024-11-03T01:04:27.939+0000] {processor.py:829} INFO - Processing file /opt/airflow/dags/table_dag.py for tasks to queue
[2024-11-03T01:04:27.940+0000] {logging_mixin.py:151} INFO - [2024-11-03T01:04:27.940+0000] {dagbag.py:539} INFO - Filling up the DagBag from /opt/airflow/dags/table_dag.py
[2024-11-03T01:04:28.280+0000] {processor.py:839} INFO - DAG(s) dict_keys(['table_dag']) retrieved from /opt/airflow/dags/table_dag.py
[2024-11-03T01:04:28.318+0000] {logging_mixin.py:151} INFO - [2024-11-03T01:04:28.316+0000] {dag.py:2915} INFO - Sync 1 DAGs
[2024-11-03T01:04:28.347+0000] {logging_mixin.py:151} INFO - [2024-11-03T01:04:28.347+0000] {dag.py:3696} INFO - Setting next_dagrun for table_dag to 2024-11-02T00:00:00+00:00, run_after=2024-11-03T00:00:00+00:00
[2024-11-03T01:04:28.370+0000] {processor.py:179} INFO - Processing /opt/airflow/dags/table_dag.py took 0.438 seconds
[2024-11-03T01:04:58.828+0000] {processor.py:157} INFO - Started process (PID=1001) to work on /opt/airflow/dags/table_dag.py
[2024-11-03T01:04:58.829+0000] {processor.py:829} INFO - Processing file /opt/airflow/dags/table_dag.py for tasks to queue
[2024-11-03T01:04:58.830+0000] {logging_mixin.py:151} INFO - [2024-11-03T01:04:58.830+0000] {dagbag.py:539} INFO - Filling up the DagBag from /opt/airflow/dags/table_dag.py
[2024-11-03T01:04:59.172+0000] {processor.py:839} INFO - DAG(s) dict_keys(['table_dag']) retrieved from /opt/airflow/dags/table_dag.py
[2024-11-03T01:04:59.209+0000] {logging_mixin.py:151} INFO - [2024-11-03T01:04:59.208+0000] {dag.py:2915} INFO - Sync 1 DAGs
[2024-11-03T01:04:59.237+0000] {logging_mixin.py:151} INFO - [2024-11-03T01:04:59.237+0000] {dag.py:3696} INFO - Setting next_dagrun for table_dag to 2024-11-02T00:00:00+00:00, run_after=2024-11-03T00:00:00+00:00
[2024-11-03T01:04:59.263+0000] {processor.py:179} INFO - Processing /opt/airflow/dags/table_dag.py took 0.440 seconds
[2024-11-03T01:05:29.748+0000] {processor.py:157} INFO - Started process (PID=1056) to work on /opt/airflow/dags/table_dag.py
[2024-11-03T01:05:29.749+0000] {processor.py:829} INFO - Processing file /opt/airflow/dags/table_dag.py for tasks to queue
[2024-11-03T01:05:29.750+0000] {logging_mixin.py:151} INFO - [2024-11-03T01:05:29.749+0000] {dagbag.py:539} INFO - Filling up the DagBag from /opt/airflow/dags/table_dag.py
[2024-11-03T01:05:30.156+0000] {processor.py:839} INFO - DAG(s) dict_keys(['table_dag']) retrieved from /opt/airflow/dags/table_dag.py
[2024-11-03T01:05:30.194+0000] {logging_mixin.py:151} INFO - [2024-11-03T01:05:30.194+0000] {dag.py:2915} INFO - Sync 1 DAGs
[2024-11-03T01:05:30.225+0000] {logging_mixin.py:151} INFO - [2024-11-03T01:05:30.225+0000] {dag.py:3696} INFO - Setting next_dagrun for table_dag to 2024-11-02T00:00:00+00:00, run_after=2024-11-03T00:00:00+00:00
[2024-11-03T01:05:30.255+0000] {processor.py:179} INFO - Processing /opt/airflow/dags/table_dag.py took 0.511 seconds
[2024-11-03T01:06:00.943+0000] {processor.py:157} INFO - Started process (PID=1103) to work on /opt/airflow/dags/table_dag.py
[2024-11-03T01:06:00.945+0000] {processor.py:829} INFO - Processing file /opt/airflow/dags/table_dag.py for tasks to queue
[2024-11-03T01:06:00.946+0000] {logging_mixin.py:151} INFO - [2024-11-03T01:06:00.946+0000] {dagbag.py:539} INFO - Filling up the DagBag from /opt/airflow/dags/table_dag.py
[2024-11-03T01:06:02.271+0000] {processor.py:839} INFO - DAG(s) dict_keys(['table_dag']) retrieved from /opt/airflow/dags/table_dag.py
[2024-11-03T01:06:02.346+0000] {logging_mixin.py:151} INFO - [2024-11-03T01:06:02.344+0000] {dag.py:2915} INFO - Sync 1 DAGs
[2024-11-03T01:06:02.426+0000] {logging_mixin.py:151} INFO - [2024-11-03T01:06:02.425+0000] {dag.py:3696} INFO - Setting next_dagrun for table_dag to 2024-11-02T00:00:00+00:00, run_after=2024-11-03T00:00:00+00:00
[2024-11-03T01:06:02.472+0000] {processor.py:179} INFO - Processing /opt/airflow/dags/table_dag.py took 1.535 seconds
[2024-11-03T01:06:32.926+0000] {processor.py:157} INFO - Started process (PID=1152) to work on /opt/airflow/dags/table_dag.py
[2024-11-03T01:06:32.928+0000] {processor.py:829} INFO - Processing file /opt/airflow/dags/table_dag.py for tasks to queue
[2024-11-03T01:06:32.930+0000] {logging_mixin.py:151} INFO - [2024-11-03T01:06:32.929+0000] {dagbag.py:539} INFO - Filling up the DagBag from /opt/airflow/dags/table_dag.py
[2024-11-03T01:06:33.285+0000] {processor.py:839} INFO - DAG(s) dict_keys(['table_dag']) retrieved from /opt/airflow/dags/table_dag.py
[2024-11-03T01:06:33.324+0000] {logging_mixin.py:151} INFO - [2024-11-03T01:06:33.323+0000] {dag.py:2915} INFO - Sync 1 DAGs
[2024-11-03T01:06:33.355+0000] {logging_mixin.py:151} INFO - [2024-11-03T01:06:33.355+0000] {dag.py:3696} INFO - Setting next_dagrun for table_dag to 2024-11-02T00:00:00+00:00, run_after=2024-11-03T00:00:00+00:00
[2024-11-03T01:06:33.380+0000] {processor.py:179} INFO - Processing /opt/airflow/dags/table_dag.py took 0.460 seconds
[2024-11-03T01:07:03.648+0000] {processor.py:157} INFO - Started process (PID=1198) to work on /opt/airflow/dags/table_dag.py
[2024-11-03T01:07:03.650+0000] {processor.py:829} INFO - Processing file /opt/airflow/dags/table_dag.py for tasks to queue
[2024-11-03T01:07:03.652+0000] {logging_mixin.py:151} INFO - [2024-11-03T01:07:03.651+0000] {dagbag.py:539} INFO - Filling up the DagBag from /opt/airflow/dags/table_dag.py
[2024-11-03T01:07:03.968+0000] {processor.py:839} INFO - DAG(s) dict_keys(['table_dag']) retrieved from /opt/airflow/dags/table_dag.py
[2024-11-03T01:07:04.000+0000] {logging_mixin.py:151} INFO - [2024-11-03T01:07:03.999+0000] {dag.py:2915} INFO - Sync 1 DAGs
[2024-11-03T01:07:04.025+0000] {logging_mixin.py:151} INFO - [2024-11-03T01:07:04.025+0000] {dag.py:3696} INFO - Setting next_dagrun for table_dag to 2024-11-02T00:00:00+00:00, run_after=2024-11-03T00:00:00+00:00
[2024-11-03T01:07:04.045+0000] {processor.py:179} INFO - Processing /opt/airflow/dags/table_dag.py took 0.401 seconds
[2024-11-03T01:07:34.443+0000] {processor.py:157} INFO - Started process (PID=1245) to work on /opt/airflow/dags/table_dag.py
[2024-11-03T01:07:34.445+0000] {processor.py:829} INFO - Processing file /opt/airflow/dags/table_dag.py for tasks to queue
[2024-11-03T01:07:34.446+0000] {logging_mixin.py:151} INFO - [2024-11-03T01:07:34.446+0000] {dagbag.py:539} INFO - Filling up the DagBag from /opt/airflow/dags/table_dag.py
[2024-11-03T01:07:34.857+0000] {processor.py:839} INFO - DAG(s) dict_keys(['table_dag']) retrieved from /opt/airflow/dags/table_dag.py
[2024-11-03T01:07:34.893+0000] {logging_mixin.py:151} INFO - [2024-11-03T01:07:34.892+0000] {dag.py:2915} INFO - Sync 1 DAGs
[2024-11-03T01:07:34.925+0000] {logging_mixin.py:151} INFO - [2024-11-03T01:07:34.924+0000] {dag.py:3696} INFO - Setting next_dagrun for table_dag to 2024-11-02T00:00:00+00:00, run_after=2024-11-03T00:00:00+00:00
[2024-11-03T01:07:34.952+0000] {processor.py:179} INFO - Processing /opt/airflow/dags/table_dag.py took 0.514 seconds
[2024-11-03T01:08:05.000+0000] {processor.py:157} INFO - Started process (PID=1289) to work on /opt/airflow/dags/table_dag.py
[2024-11-03T01:08:05.003+0000] {processor.py:829} INFO - Processing file /opt/airflow/dags/table_dag.py for tasks to queue
[2024-11-03T01:08:05.004+0000] {logging_mixin.py:151} INFO - [2024-11-03T01:08:05.004+0000] {dagbag.py:539} INFO - Filling up the DagBag from /opt/airflow/dags/table_dag.py
[2024-11-03T01:08:05.337+0000] {processor.py:839} INFO - DAG(s) dict_keys(['table_dag']) retrieved from /opt/airflow/dags/table_dag.py
[2024-11-03T01:08:05.372+0000] {logging_mixin.py:151} INFO - [2024-11-03T01:08:05.372+0000] {dag.py:2915} INFO - Sync 1 DAGs
[2024-11-03T01:08:05.399+0000] {logging_mixin.py:151} INFO - [2024-11-03T01:08:05.399+0000] {dag.py:3696} INFO - Setting next_dagrun for table_dag to 2024-11-02T00:00:00+00:00, run_after=2024-11-03T00:00:00+00:00
[2024-11-03T01:08:05.423+0000] {processor.py:179} INFO - Processing /opt/airflow/dags/table_dag.py took 0.428 seconds
[2024-11-03T01:08:36.333+0000] {processor.py:157} INFO - Started process (PID=1339) to work on /opt/airflow/dags/table_dag.py
[2024-11-03T01:08:36.335+0000] {processor.py:829} INFO - Processing file /opt/airflow/dags/table_dag.py for tasks to queue
[2024-11-03T01:08:36.336+0000] {logging_mixin.py:151} INFO - [2024-11-03T01:08:36.336+0000] {dagbag.py:539} INFO - Filling up the DagBag from /opt/airflow/dags/table_dag.py
[2024-11-03T01:08:36.654+0000] {processor.py:839} INFO - DAG(s) dict_keys(['table_dag']) retrieved from /opt/airflow/dags/table_dag.py
[2024-11-03T01:08:36.685+0000] {logging_mixin.py:151} INFO - [2024-11-03T01:08:36.684+0000] {dag.py:2915} INFO - Sync 1 DAGs
[2024-11-03T01:08:36.715+0000] {logging_mixin.py:151} INFO - [2024-11-03T01:08:36.715+0000] {dag.py:3696} INFO - Setting next_dagrun for table_dag to 2024-11-02T00:00:00+00:00, run_after=2024-11-03T00:00:00+00:00
[2024-11-03T01:08:36.739+0000] {processor.py:179} INFO - Processing /opt/airflow/dags/table_dag.py took 0.410 seconds
[2024-11-03T01:09:06.799+0000] {processor.py:157} INFO - Started process (PID=1382) to work on /opt/airflow/dags/table_dag.py
[2024-11-03T01:09:06.801+0000] {processor.py:829} INFO - Processing file /opt/airflow/dags/table_dag.py for tasks to queue
[2024-11-03T01:09:06.802+0000] {logging_mixin.py:151} INFO - [2024-11-03T01:09:06.802+0000] {dagbag.py:539} INFO - Filling up the DagBag from /opt/airflow/dags/table_dag.py
[2024-11-03T01:09:07.225+0000] {processor.py:839} INFO - DAG(s) dict_keys(['table_dag']) retrieved from /opt/airflow/dags/table_dag.py
[2024-11-03T01:09:07.273+0000] {logging_mixin.py:151} INFO - [2024-11-03T01:09:07.272+0000] {dag.py:2915} INFO - Sync 1 DAGs
[2024-11-03T01:09:07.309+0000] {logging_mixin.py:151} INFO - [2024-11-03T01:09:07.309+0000] {dag.py:3696} INFO - Setting next_dagrun for table_dag to 2024-11-02T00:00:00+00:00, run_after=2024-11-03T00:00:00+00:00
[2024-11-03T01:09:07.337+0000] {processor.py:179} INFO - Processing /opt/airflow/dags/table_dag.py took 0.543 seconds
[2024-11-03T01:09:37.916+0000] {processor.py:157} INFO - Started process (PID=1430) to work on /opt/airflow/dags/table_dag.py
[2024-11-03T01:09:37.918+0000] {processor.py:829} INFO - Processing file /opt/airflow/dags/table_dag.py for tasks to queue
[2024-11-03T01:09:37.919+0000] {logging_mixin.py:151} INFO - [2024-11-03T01:09:37.919+0000] {dagbag.py:539} INFO - Filling up the DagBag from /opt/airflow/dags/table_dag.py
[2024-11-03T01:09:38.325+0000] {processor.py:839} INFO - DAG(s) dict_keys(['table_dag']) retrieved from /opt/airflow/dags/table_dag.py
[2024-11-03T01:09:38.359+0000] {logging_mixin.py:151} INFO - [2024-11-03T01:09:38.358+0000] {dag.py:2915} INFO - Sync 1 DAGs
[2024-11-03T01:09:38.388+0000] {logging_mixin.py:151} INFO - [2024-11-03T01:09:38.388+0000] {dag.py:3696} INFO - Setting next_dagrun for table_dag to 2024-11-02T00:00:00+00:00, run_after=2024-11-03T00:00:00+00:00
[2024-11-03T01:09:38.427+0000] {processor.py:179} INFO - Processing /opt/airflow/dags/table_dag.py took 0.515 seconds
[2024-11-03T01:10:13.891+0000] {processor.py:157} INFO - Started process (PID=1509) to work on /opt/airflow/dags/table_dag.py
[2024-11-03T01:10:13.896+0000] {processor.py:829} INFO - Processing file /opt/airflow/dags/table_dag.py for tasks to queue
[2024-11-03T01:10:13.900+0000] {logging_mixin.py:151} INFO - [2024-11-03T01:10:13.899+0000] {dagbag.py:539} INFO - Filling up the DagBag from /opt/airflow/dags/table_dag.py
[2024-11-03T01:10:14.797+0000] {processor.py:839} INFO - DAG(s) dict_keys(['table_dag']) retrieved from /opt/airflow/dags/table_dag.py
[2024-11-03T01:10:14.856+0000] {logging_mixin.py:151} INFO - [2024-11-03T01:10:14.854+0000] {dag.py:2915} INFO - Sync 1 DAGs
[2024-11-03T01:10:14.920+0000] {logging_mixin.py:151} INFO - [2024-11-03T01:10:14.920+0000] {dag.py:3696} INFO - Setting next_dagrun for table_dag to 2024-11-02T00:00:00+00:00, run_after=2024-11-03T00:00:00+00:00
[2024-11-03T01:10:14.968+0000] {processor.py:179} INFO - Processing /opt/airflow/dags/table_dag.py took 1.087 seconds
[2024-11-03T01:10:45.927+0000] {processor.py:157} INFO - Started process (PID=1559) to work on /opt/airflow/dags/table_dag.py
[2024-11-03T01:10:45.930+0000] {processor.py:829} INFO - Processing file /opt/airflow/dags/table_dag.py for tasks to queue
[2024-11-03T01:10:45.931+0000] {logging_mixin.py:151} INFO - [2024-11-03T01:10:45.931+0000] {dagbag.py:539} INFO - Filling up the DagBag from /opt/airflow/dags/table_dag.py
[2024-11-03T01:10:46.326+0000] {processor.py:839} INFO - DAG(s) dict_keys(['table_dag']) retrieved from /opt/airflow/dags/table_dag.py
[2024-11-03T01:10:46.364+0000] {logging_mixin.py:151} INFO - [2024-11-03T01:10:46.363+0000] {dag.py:2915} INFO - Sync 1 DAGs
[2024-11-03T01:10:46.392+0000] {logging_mixin.py:151} INFO - [2024-11-03T01:10:46.392+0000] {dag.py:3696} INFO - Setting next_dagrun for table_dag to 2024-11-02T00:00:00+00:00, run_after=2024-11-03T00:00:00+00:00
[2024-11-03T01:10:46.424+0000] {processor.py:179} INFO - Processing /opt/airflow/dags/table_dag.py took 0.501 seconds
[2024-11-03T01:11:17.379+0000] {processor.py:157} INFO - Started process (PID=1606) to work on /opt/airflow/dags/table_dag.py
[2024-11-03T01:11:17.381+0000] {processor.py:829} INFO - Processing file /opt/airflow/dags/table_dag.py for tasks to queue
[2024-11-03T01:11:17.382+0000] {logging_mixin.py:151} INFO - [2024-11-03T01:11:17.382+0000] {dagbag.py:539} INFO - Filling up the DagBag from /opt/airflow/dags/table_dag.py
[2024-11-03T01:11:17.743+0000] {processor.py:839} INFO - DAG(s) dict_keys(['table_dag']) retrieved from /opt/airflow/dags/table_dag.py
[2024-11-03T01:11:17.776+0000] {logging_mixin.py:151} INFO - [2024-11-03T01:11:17.776+0000] {dag.py:2915} INFO - Sync 1 DAGs
[2024-11-03T01:11:17.807+0000] {logging_mixin.py:151} INFO - [2024-11-03T01:11:17.806+0000] {dag.py:3696} INFO - Setting next_dagrun for table_dag to 2024-11-02T00:00:00+00:00, run_after=2024-11-03T00:00:00+00:00
[2024-11-03T01:11:17.830+0000] {processor.py:179} INFO - Processing /opt/airflow/dags/table_dag.py took 0.456 seconds
[2024-11-03T01:11:48.778+0000] {processor.py:157} INFO - Started process (PID=1653) to work on /opt/airflow/dags/table_dag.py
[2024-11-03T01:11:48.779+0000] {processor.py:829} INFO - Processing file /opt/airflow/dags/table_dag.py for tasks to queue
[2024-11-03T01:11:48.781+0000] {logging_mixin.py:151} INFO - [2024-11-03T01:11:48.781+0000] {dagbag.py:539} INFO - Filling up the DagBag from /opt/airflow/dags/table_dag.py
[2024-11-03T01:11:49.177+0000] {processor.py:839} INFO - DAG(s) dict_keys(['table_dag']) retrieved from /opt/airflow/dags/table_dag.py
[2024-11-03T01:11:49.213+0000] {logging_mixin.py:151} INFO - [2024-11-03T01:11:49.213+0000] {dag.py:2915} INFO - Sync 1 DAGs
[2024-11-03T01:11:49.242+0000] {logging_mixin.py:151} INFO - [2024-11-03T01:11:49.241+0000] {dag.py:3696} INFO - Setting next_dagrun for table_dag to 2024-11-02T00:00:00+00:00, run_after=2024-11-03T00:00:00+00:00
[2024-11-03T01:11:49.266+0000] {processor.py:179} INFO - Processing /opt/airflow/dags/table_dag.py took 0.492 seconds
[2024-11-03T01:12:19.775+0000] {processor.py:157} INFO - Started process (PID=1698) to work on /opt/airflow/dags/table_dag.py
[2024-11-03T01:12:19.777+0000] {processor.py:829} INFO - Processing file /opt/airflow/dags/table_dag.py for tasks to queue
[2024-11-03T01:12:19.778+0000] {logging_mixin.py:151} INFO - [2024-11-03T01:12:19.778+0000] {dagbag.py:539} INFO - Filling up the DagBag from /opt/airflow/dags/table_dag.py
[2024-11-03T01:12:20.159+0000] {processor.py:839} INFO - DAG(s) dict_keys(['table_dag']) retrieved from /opt/airflow/dags/table_dag.py
[2024-11-03T01:12:20.191+0000] {logging_mixin.py:151} INFO - [2024-11-03T01:12:20.190+0000] {dag.py:2915} INFO - Sync 1 DAGs
[2024-11-03T01:12:20.226+0000] {logging_mixin.py:151} INFO - [2024-11-03T01:12:20.226+0000] {dag.py:3696} INFO - Setting next_dagrun for table_dag to 2024-11-02T00:00:00+00:00, run_after=2024-11-03T00:00:00+00:00
[2024-11-03T01:12:20.266+0000] {processor.py:179} INFO - Processing /opt/airflow/dags/table_dag.py took 0.497 seconds
[2024-11-03T01:12:51.084+0000] {processor.py:157} INFO - Started process (PID=1765) to work on /opt/airflow/dags/table_dag.py
[2024-11-03T01:12:51.086+0000] {processor.py:829} INFO - Processing file /opt/airflow/dags/table_dag.py for tasks to queue
[2024-11-03T01:12:51.087+0000] {logging_mixin.py:151} INFO - [2024-11-03T01:12:51.087+0000] {dagbag.py:539} INFO - Filling up the DagBag from /opt/airflow/dags/table_dag.py
[2024-11-03T01:12:51.471+0000] {processor.py:839} INFO - DAG(s) dict_keys(['table_dag']) retrieved from /opt/airflow/dags/table_dag.py
[2024-11-03T01:12:51.507+0000] {logging_mixin.py:151} INFO - [2024-11-03T01:12:51.506+0000] {dag.py:2915} INFO - Sync 1 DAGs
[2024-11-03T01:12:51.536+0000] {logging_mixin.py:151} INFO - [2024-11-03T01:12:51.535+0000] {dag.py:3696} INFO - Setting next_dagrun for table_dag to 2024-11-03T00:00:00+00:00, run_after=2024-11-04T00:00:00+00:00
[2024-11-03T01:12:51.561+0000] {processor.py:179} INFO - Processing /opt/airflow/dags/table_dag.py took 0.481 seconds
[2024-11-03T01:13:21.612+0000] {processor.py:157} INFO - Started process (PID=1808) to work on /opt/airflow/dags/table_dag.py
[2024-11-03T01:13:21.614+0000] {processor.py:829} INFO - Processing file /opt/airflow/dags/table_dag.py for tasks to queue
[2024-11-03T01:13:21.615+0000] {logging_mixin.py:151} INFO - [2024-11-03T01:13:21.615+0000] {dagbag.py:539} INFO - Filling up the DagBag from /opt/airflow/dags/table_dag.py
[2024-11-03T01:13:22.007+0000] {processor.py:839} INFO - DAG(s) dict_keys(['table_dag']) retrieved from /opt/airflow/dags/table_dag.py
[2024-11-03T01:13:22.043+0000] {logging_mixin.py:151} INFO - [2024-11-03T01:13:22.042+0000] {dag.py:2915} INFO - Sync 1 DAGs
[2024-11-03T01:13:22.073+0000] {logging_mixin.py:151} INFO - [2024-11-03T01:13:22.073+0000] {dag.py:3696} INFO - Setting next_dagrun for table_dag to 2024-11-03T00:00:00+00:00, run_after=2024-11-04T00:00:00+00:00
[2024-11-03T01:13:22.126+0000] {processor.py:179} INFO - Processing /opt/airflow/dags/table_dag.py took 0.518 seconds
[2024-11-03T01:13:52.824+0000] {processor.py:157} INFO - Started process (PID=1860) to work on /opt/airflow/dags/table_dag.py
[2024-11-03T01:13:52.826+0000] {processor.py:829} INFO - Processing file /opt/airflow/dags/table_dag.py for tasks to queue
[2024-11-03T01:13:52.827+0000] {logging_mixin.py:151} INFO - [2024-11-03T01:13:52.827+0000] {dagbag.py:539} INFO - Filling up the DagBag from /opt/airflow/dags/table_dag.py
[2024-11-03T01:13:53.174+0000] {processor.py:839} INFO - DAG(s) dict_keys(['table_dag']) retrieved from /opt/airflow/dags/table_dag.py
[2024-11-03T01:13:53.212+0000] {logging_mixin.py:151} INFO - [2024-11-03T01:13:53.211+0000] {dag.py:2915} INFO - Sync 1 DAGs
[2024-11-03T01:13:53.245+0000] {logging_mixin.py:151} INFO - [2024-11-03T01:13:53.245+0000] {dag.py:3696} INFO - Setting next_dagrun for table_dag to 2024-11-03T00:00:00+00:00, run_after=2024-11-04T00:00:00+00:00
[2024-11-03T01:13:53.281+0000] {processor.py:179} INFO - Processing /opt/airflow/dags/table_dag.py took 0.462 seconds
[2024-11-03T01:14:24.265+0000] {processor.py:157} INFO - Started process (PID=1909) to work on /opt/airflow/dags/table_dag.py
[2024-11-03T01:14:24.267+0000] {processor.py:829} INFO - Processing file /opt/airflow/dags/table_dag.py for tasks to queue
[2024-11-03T01:14:24.268+0000] {logging_mixin.py:151} INFO - [2024-11-03T01:14:24.268+0000] {dagbag.py:539} INFO - Filling up the DagBag from /opt/airflow/dags/table_dag.py
[2024-11-03T01:14:24.620+0000] {processor.py:839} INFO - DAG(s) dict_keys(['table_dag']) retrieved from /opt/airflow/dags/table_dag.py
[2024-11-03T01:14:24.662+0000] {logging_mixin.py:151} INFO - [2024-11-03T01:14:24.661+0000] {dag.py:2915} INFO - Sync 1 DAGs
[2024-11-03T01:14:24.692+0000] {logging_mixin.py:151} INFO - [2024-11-03T01:14:24.691+0000] {dag.py:3696} INFO - Setting next_dagrun for table_dag to 2024-11-03T00:00:00+00:00, run_after=2024-11-04T00:00:00+00:00
[2024-11-03T01:14:24.717+0000] {processor.py:179} INFO - Processing /opt/airflow/dags/table_dag.py took 0.456 seconds
[2024-11-03T01:14:55.642+0000] {processor.py:157} INFO - Started process (PID=1956) to work on /opt/airflow/dags/table_dag.py
[2024-11-03T01:14:55.643+0000] {processor.py:829} INFO - Processing file /opt/airflow/dags/table_dag.py for tasks to queue
[2024-11-03T01:14:55.645+0000] {logging_mixin.py:151} INFO - [2024-11-03T01:14:55.644+0000] {dagbag.py:539} INFO - Filling up the DagBag from /opt/airflow/dags/table_dag.py
[2024-11-03T01:14:55.975+0000] {processor.py:839} INFO - DAG(s) dict_keys(['table_dag']) retrieved from /opt/airflow/dags/table_dag.py
[2024-11-03T01:14:56.009+0000] {logging_mixin.py:151} INFO - [2024-11-03T01:14:56.009+0000] {dag.py:2915} INFO - Sync 1 DAGs
[2024-11-03T01:14:56.038+0000] {logging_mixin.py:151} INFO - [2024-11-03T01:14:56.038+0000] {dag.py:3696} INFO - Setting next_dagrun for table_dag to 2024-11-03T00:00:00+00:00, run_after=2024-11-04T00:00:00+00:00
[2024-11-03T01:14:56.069+0000] {processor.py:179} INFO - Processing /opt/airflow/dags/table_dag.py took 0.432 seconds
[2024-11-03T01:15:26.520+0000] {processor.py:157} INFO - Started process (PID=2003) to work on /opt/airflow/dags/table_dag.py
[2024-11-03T01:15:26.521+0000] {processor.py:829} INFO - Processing file /opt/airflow/dags/table_dag.py for tasks to queue
[2024-11-03T01:15:26.522+0000] {logging_mixin.py:151} INFO - [2024-11-03T01:15:26.522+0000] {dagbag.py:539} INFO - Filling up the DagBag from /opt/airflow/dags/table_dag.py
[2024-11-03T01:15:26.848+0000] {processor.py:839} INFO - DAG(s) dict_keys(['table_dag']) retrieved from /opt/airflow/dags/table_dag.py
[2024-11-03T01:15:26.878+0000] {logging_mixin.py:151} INFO - [2024-11-03T01:15:26.877+0000] {dag.py:2915} INFO - Sync 1 DAGs
[2024-11-03T01:15:26.907+0000] {logging_mixin.py:151} INFO - [2024-11-03T01:15:26.906+0000] {dag.py:3696} INFO - Setting next_dagrun for table_dag to 2024-11-03T00:00:00+00:00, run_after=2024-11-04T00:00:00+00:00
[2024-11-03T01:15:26.932+0000] {processor.py:179} INFO - Processing /opt/airflow/dags/table_dag.py took 0.417 seconds
[2024-11-03T01:15:57.697+0000] {processor.py:157} INFO - Started process (PID=2053) to work on /opt/airflow/dags/table_dag.py
[2024-11-03T01:15:57.698+0000] {processor.py:829} INFO - Processing file /opt/airflow/dags/table_dag.py for tasks to queue
[2024-11-03T01:15:57.700+0000] {logging_mixin.py:151} INFO - [2024-11-03T01:15:57.699+0000] {dagbag.py:539} INFO - Filling up the DagBag from /opt/airflow/dags/table_dag.py
[2024-11-03T01:15:58.019+0000] {processor.py:839} INFO - DAG(s) dict_keys(['table_dag']) retrieved from /opt/airflow/dags/table_dag.py
[2024-11-03T01:15:58.047+0000] {logging_mixin.py:151} INFO - [2024-11-03T01:15:58.047+0000] {dag.py:2915} INFO - Sync 1 DAGs
[2024-11-03T01:15:58.073+0000] {logging_mixin.py:151} INFO - [2024-11-03T01:15:58.073+0000] {dag.py:3696} INFO - Setting next_dagrun for table_dag to 2024-11-03T00:00:00+00:00, run_after=2024-11-04T00:00:00+00:00
[2024-11-03T01:15:58.095+0000] {processor.py:179} INFO - Processing /opt/airflow/dags/table_dag.py took 0.403 seconds
[2024-11-03T01:16:28.493+0000] {processor.py:157} INFO - Started process (PID=2110) to work on /opt/airflow/dags/table_dag.py
[2024-11-03T01:16:28.496+0000] {processor.py:829} INFO - Processing file /opt/airflow/dags/table_dag.py for tasks to queue
[2024-11-03T01:16:28.497+0000] {logging_mixin.py:151} INFO - [2024-11-03T01:16:28.496+0000] {dagbag.py:539} INFO - Filling up the DagBag from /opt/airflow/dags/table_dag.py
[2024-11-03T01:16:28.818+0000] {processor.py:839} INFO - DAG(s) dict_keys(['table_dag']) retrieved from /opt/airflow/dags/table_dag.py
[2024-11-03T01:16:28.850+0000] {logging_mixin.py:151} INFO - [2024-11-03T01:16:28.849+0000] {dag.py:2915} INFO - Sync 1 DAGs
[2024-11-03T01:16:28.877+0000] {logging_mixin.py:151} INFO - [2024-11-03T01:16:28.877+0000] {dag.py:3696} INFO - Setting next_dagrun for table_dag to 2024-11-03T00:00:00+00:00, run_after=2024-11-04T00:00:00+00:00
[2024-11-03T01:16:28.897+0000] {processor.py:179} INFO - Processing /opt/airflow/dags/table_dag.py took 0.409 seconds
[2024-11-03T01:16:59.206+0000] {processor.py:157} INFO - Started process (PID=2157) to work on /opt/airflow/dags/table_dag.py
[2024-11-03T01:16:59.208+0000] {processor.py:829} INFO - Processing file /opt/airflow/dags/table_dag.py for tasks to queue
[2024-11-03T01:16:59.209+0000] {logging_mixin.py:151} INFO - [2024-11-03T01:16:59.209+0000] {dagbag.py:539} INFO - Filling up the DagBag from /opt/airflow/dags/table_dag.py
[2024-11-03T01:16:59.526+0000] {processor.py:839} INFO - DAG(s) dict_keys(['table_dag']) retrieved from /opt/airflow/dags/table_dag.py
[2024-11-03T01:16:59.559+0000] {logging_mixin.py:151} INFO - [2024-11-03T01:16:59.559+0000] {dag.py:2915} INFO - Sync 1 DAGs
[2024-11-03T01:16:59.588+0000] {logging_mixin.py:151} INFO - [2024-11-03T01:16:59.588+0000] {dag.py:3696} INFO - Setting next_dagrun for table_dag to 2024-11-03T00:00:00+00:00, run_after=2024-11-04T00:00:00+00:00
[2024-11-03T01:16:59.610+0000] {processor.py:179} INFO - Processing /opt/airflow/dags/table_dag.py took 0.408 seconds
[2024-11-03T01:17:29.914+0000] {processor.py:157} INFO - Started process (PID=2204) to work on /opt/airflow/dags/table_dag.py
[2024-11-03T01:17:29.915+0000] {processor.py:829} INFO - Processing file /opt/airflow/dags/table_dag.py for tasks to queue
[2024-11-03T01:17:29.917+0000] {logging_mixin.py:151} INFO - [2024-11-03T01:17:29.916+0000] {dagbag.py:539} INFO - Filling up the DagBag from /opt/airflow/dags/table_dag.py
[2024-11-03T01:17:30.232+0000] {processor.py:839} INFO - DAG(s) dict_keys(['table_dag']) retrieved from /opt/airflow/dags/table_dag.py
[2024-11-03T01:17:30.257+0000] {logging_mixin.py:151} INFO - [2024-11-03T01:17:30.257+0000] {dag.py:2915} INFO - Sync 1 DAGs
[2024-11-03T01:17:30.278+0000] {logging_mixin.py:151} INFO - [2024-11-03T01:17:30.278+0000] {dag.py:3696} INFO - Setting next_dagrun for table_dag to 2024-11-03T00:00:00+00:00, run_after=2024-11-04T00:00:00+00:00
[2024-11-03T01:17:30.294+0000] {processor.py:179} INFO - Processing /opt/airflow/dags/table_dag.py took 0.385 seconds
[2024-11-03T01:18:00.514+0000] {processor.py:157} INFO - Started process (PID=2248) to work on /opt/airflow/dags/table_dag.py
[2024-11-03T01:18:00.516+0000] {processor.py:829} INFO - Processing file /opt/airflow/dags/table_dag.py for tasks to queue
[2024-11-03T01:18:00.517+0000] {logging_mixin.py:151} INFO - [2024-11-03T01:18:00.516+0000] {dagbag.py:539} INFO - Filling up the DagBag from /opt/airflow/dags/table_dag.py
[2024-11-03T01:18:00.849+0000] {processor.py:839} INFO - DAG(s) dict_keys(['table_dag']) retrieved from /opt/airflow/dags/table_dag.py
[2024-11-03T01:18:00.885+0000] {logging_mixin.py:151} INFO - [2024-11-03T01:18:00.884+0000] {dag.py:2915} INFO - Sync 1 DAGs
[2024-11-03T01:18:00.911+0000] {logging_mixin.py:151} INFO - [2024-11-03T01:18:00.910+0000] {dag.py:3696} INFO - Setting next_dagrun for table_dag to 2024-11-03T00:00:00+00:00, run_after=2024-11-04T00:00:00+00:00
[2024-11-03T01:18:00.935+0000] {processor.py:179} INFO - Processing /opt/airflow/dags/table_dag.py took 0.426 seconds
[2024-11-03T01:18:31.166+0000] {processor.py:157} INFO - Started process (PID=2295) to work on /opt/airflow/dags/table_dag.py
[2024-11-03T01:18:31.168+0000] {processor.py:829} INFO - Processing file /opt/airflow/dags/table_dag.py for tasks to queue
[2024-11-03T01:18:31.169+0000] {logging_mixin.py:151} INFO - [2024-11-03T01:18:31.168+0000] {dagbag.py:539} INFO - Filling up the DagBag from /opt/airflow/dags/table_dag.py
[2024-11-03T01:18:31.489+0000] {processor.py:839} INFO - DAG(s) dict_keys(['table_dag']) retrieved from /opt/airflow/dags/table_dag.py
[2024-11-03T01:18:31.546+0000] {logging_mixin.py:151} INFO - [2024-11-03T01:18:31.545+0000] {dag.py:2915} INFO - Sync 1 DAGs
[2024-11-03T01:18:31.591+0000] {logging_mixin.py:151} INFO - [2024-11-03T01:18:31.590+0000] {dag.py:3696} INFO - Setting next_dagrun for table_dag to 2024-11-03T00:00:00+00:00, run_after=2024-11-04T00:00:00+00:00
[2024-11-03T01:18:31.629+0000] {processor.py:179} INFO - Processing /opt/airflow/dags/table_dag.py took 0.467 seconds
[2024-11-03T01:19:03.413+0000] {processor.py:157} INFO - Started process (PID=2350) to work on /opt/airflow/dags/table_dag.py
[2024-11-03T01:19:03.417+0000] {processor.py:829} INFO - Processing file /opt/airflow/dags/table_dag.py for tasks to queue
[2024-11-03T01:19:03.419+0000] {logging_mixin.py:151} INFO - [2024-11-03T01:19:03.419+0000] {dagbag.py:539} INFO - Filling up the DagBag from /opt/airflow/dags/table_dag.py
[2024-11-03T01:19:03.826+0000] {processor.py:839} INFO - DAG(s) dict_keys(['table_dag']) retrieved from /opt/airflow/dags/table_dag.py
[2024-11-03T01:19:03.859+0000] {logging_mixin.py:151} INFO - [2024-11-03T01:19:03.858+0000] {dag.py:2915} INFO - Sync 1 DAGs
[2024-11-03T01:19:03.885+0000] {logging_mixin.py:151} INFO - [2024-11-03T01:19:03.885+0000] {dag.py:3696} INFO - Setting next_dagrun for table_dag to 2024-11-03T00:00:00+00:00, run_after=2024-11-04T00:00:00+00:00
[2024-11-03T01:19:03.907+0000] {processor.py:179} INFO - Processing /opt/airflow/dags/table_dag.py took 0.500 seconds
[2024-11-03T01:19:34.345+0000] {processor.py:157} INFO - Started process (PID=2399) to work on /opt/airflow/dags/table_dag.py
[2024-11-03T01:19:34.347+0000] {processor.py:829} INFO - Processing file /opt/airflow/dags/table_dag.py for tasks to queue
[2024-11-03T01:19:34.348+0000] {logging_mixin.py:151} INFO - [2024-11-03T01:19:34.347+0000] {dagbag.py:539} INFO - Filling up the DagBag from /opt/airflow/dags/table_dag.py
[2024-11-03T01:19:34.698+0000] {processor.py:839} INFO - DAG(s) dict_keys(['table_dag']) retrieved from /opt/airflow/dags/table_dag.py
[2024-11-03T01:19:34.728+0000] {logging_mixin.py:151} INFO - [2024-11-03T01:19:34.728+0000] {dag.py:2915} INFO - Sync 1 DAGs
[2024-11-03T01:19:34.754+0000] {logging_mixin.py:151} INFO - [2024-11-03T01:19:34.753+0000] {dag.py:3696} INFO - Setting next_dagrun for table_dag to 2024-11-03T00:00:00+00:00, run_after=2024-11-04T00:00:00+00:00
[2024-11-03T01:19:34.778+0000] {processor.py:179} INFO - Processing /opt/airflow/dags/table_dag.py took 0.437 seconds
[2024-11-03T01:20:05.336+0000] {processor.py:157} INFO - Started process (PID=2443) to work on /opt/airflow/dags/table_dag.py
[2024-11-03T01:20:05.339+0000] {processor.py:829} INFO - Processing file /opt/airflow/dags/table_dag.py for tasks to queue
[2024-11-03T01:20:05.342+0000] {logging_mixin.py:151} INFO - [2024-11-03T01:20:05.341+0000] {dagbag.py:539} INFO - Filling up the DagBag from /opt/airflow/dags/table_dag.py
[2024-11-03T01:20:05.880+0000] {processor.py:839} INFO - DAG(s) dict_keys(['table_dag']) retrieved from /opt/airflow/dags/table_dag.py
[2024-11-03T01:20:05.951+0000] {logging_mixin.py:151} INFO - [2024-11-03T01:20:05.950+0000] {dag.py:2915} INFO - Sync 1 DAGs
[2024-11-03T01:20:06.008+0000] {logging_mixin.py:151} INFO - [2024-11-03T01:20:06.008+0000] {dag.py:3696} INFO - Setting next_dagrun for table_dag to 2024-11-03T00:00:00+00:00, run_after=2024-11-04T00:00:00+00:00
[2024-11-03T01:20:06.064+0000] {processor.py:179} INFO - Processing /opt/airflow/dags/table_dag.py took 0.732 seconds
[2024-11-03T01:20:38.036+0000] {processor.py:157} INFO - Started process (PID=2493) to work on /opt/airflow/dags/table_dag.py
[2024-11-03T01:20:38.039+0000] {processor.py:829} INFO - Processing file /opt/airflow/dags/table_dag.py for tasks to queue
[2024-11-03T01:20:38.041+0000] {logging_mixin.py:151} INFO - [2024-11-03T01:20:38.041+0000] {dagbag.py:539} INFO - Filling up the DagBag from /opt/airflow/dags/table_dag.py
[2024-11-03T01:20:38.630+0000] {processor.py:839} INFO - DAG(s) dict_keys(['table_dag']) retrieved from /opt/airflow/dags/table_dag.py
[2024-11-03T01:20:38.676+0000] {logging_mixin.py:151} INFO - [2024-11-03T01:20:38.675+0000] {dag.py:2915} INFO - Sync 1 DAGs
[2024-11-03T01:20:38.712+0000] {logging_mixin.py:151} INFO - [2024-11-03T01:20:38.712+0000] {dag.py:3696} INFO - Setting next_dagrun for table_dag to 2024-11-03T00:00:00+00:00, run_after=2024-11-04T00:00:00+00:00
[2024-11-03T01:20:38.750+0000] {processor.py:179} INFO - Processing /opt/airflow/dags/table_dag.py took 0.722 seconds
[2024-11-03T01:21:09.011+0000] {processor.py:157} INFO - Started process (PID=2537) to work on /opt/airflow/dags/table_dag.py
[2024-11-03T01:21:09.013+0000] {processor.py:829} INFO - Processing file /opt/airflow/dags/table_dag.py for tasks to queue
[2024-11-03T01:21:09.015+0000] {logging_mixin.py:151} INFO - [2024-11-03T01:21:09.014+0000] {dagbag.py:539} INFO - Filling up the DagBag from /opt/airflow/dags/table_dag.py
[2024-11-03T01:21:09.426+0000] {processor.py:839} INFO - DAG(s) dict_keys(['table_dag']) retrieved from /opt/airflow/dags/table_dag.py
[2024-11-03T01:21:09.466+0000] {logging_mixin.py:151} INFO - [2024-11-03T01:21:09.466+0000] {dag.py:2915} INFO - Sync 1 DAGs
[2024-11-03T01:21:09.498+0000] {logging_mixin.py:151} INFO - [2024-11-03T01:21:09.498+0000] {dag.py:3696} INFO - Setting next_dagrun for table_dag to 2024-11-03T00:00:00+00:00, run_after=2024-11-04T00:00:00+00:00
[2024-11-03T01:21:09.531+0000] {processor.py:179} INFO - Processing /opt/airflow/dags/table_dag.py took 0.525 seconds
[2024-11-03T01:21:40.168+0000] {processor.py:157} INFO - Started process (PID=2584) to work on /opt/airflow/dags/table_dag.py
[2024-11-03T01:21:40.171+0000] {processor.py:829} INFO - Processing file /opt/airflow/dags/table_dag.py for tasks to queue
[2024-11-03T01:21:40.172+0000] {logging_mixin.py:151} INFO - [2024-11-03T01:21:40.172+0000] {dagbag.py:539} INFO - Filling up the DagBag from /opt/airflow/dags/table_dag.py
[2024-11-03T01:21:40.679+0000] {processor.py:839} INFO - DAG(s) dict_keys(['table_dag']) retrieved from /opt/airflow/dags/table_dag.py
[2024-11-03T01:21:40.724+0000] {logging_mixin.py:151} INFO - [2024-11-03T01:21:40.723+0000] {dag.py:2915} INFO - Sync 1 DAGs
[2024-11-03T01:21:40.757+0000] {logging_mixin.py:151} INFO - [2024-11-03T01:21:40.757+0000] {dag.py:3696} INFO - Setting next_dagrun for table_dag to 2024-11-03T00:00:00+00:00, run_after=2024-11-04T00:00:00+00:00
[2024-11-03T01:21:40.788+0000] {processor.py:179} INFO - Processing /opt/airflow/dags/table_dag.py took 0.627 seconds
[2024-11-03T01:22:11.391+0000] {processor.py:157} INFO - Started process (PID=2631) to work on /opt/airflow/dags/table_dag.py
[2024-11-03T01:22:11.393+0000] {processor.py:829} INFO - Processing file /opt/airflow/dags/table_dag.py for tasks to queue
[2024-11-03T01:22:11.395+0000] {logging_mixin.py:151} INFO - [2024-11-03T01:22:11.394+0000] {dagbag.py:539} INFO - Filling up the DagBag from /opt/airflow/dags/table_dag.py
[2024-11-03T01:22:11.804+0000] {processor.py:839} INFO - DAG(s) dict_keys(['table_dag']) retrieved from /opt/airflow/dags/table_dag.py
[2024-11-03T01:22:11.842+0000] {logging_mixin.py:151} INFO - [2024-11-03T01:22:11.842+0000] {dag.py:2915} INFO - Sync 1 DAGs
[2024-11-03T01:22:11.891+0000] {logging_mixin.py:151} INFO - [2024-11-03T01:22:11.891+0000] {dag.py:3696} INFO - Setting next_dagrun for table_dag to 2024-11-03T00:00:00+00:00, run_after=2024-11-04T00:00:00+00:00
[2024-11-03T01:22:11.943+0000] {processor.py:179} INFO - Processing /opt/airflow/dags/table_dag.py took 0.559 seconds
[2024-11-03T01:22:42.817+0000] {processor.py:157} INFO - Started process (PID=2678) to work on /opt/airflow/dags/table_dag.py
[2024-11-03T01:22:42.819+0000] {processor.py:829} INFO - Processing file /opt/airflow/dags/table_dag.py for tasks to queue
[2024-11-03T01:22:42.820+0000] {logging_mixin.py:151} INFO - [2024-11-03T01:22:42.820+0000] {dagbag.py:539} INFO - Filling up the DagBag from /opt/airflow/dags/table_dag.py
[2024-11-03T01:22:43.192+0000] {processor.py:839} INFO - DAG(s) dict_keys(['table_dag']) retrieved from /opt/airflow/dags/table_dag.py
[2024-11-03T01:22:43.232+0000] {logging_mixin.py:151} INFO - [2024-11-03T01:22:43.232+0000] {dag.py:2915} INFO - Sync 1 DAGs
[2024-11-03T01:22:43.262+0000] {logging_mixin.py:151} INFO - [2024-11-03T01:22:43.262+0000] {dag.py:3696} INFO - Setting next_dagrun for table_dag to 2024-11-03T00:00:00+00:00, run_after=2024-11-04T00:00:00+00:00
[2024-11-03T01:22:43.285+0000] {processor.py:179} INFO - Processing /opt/airflow/dags/table_dag.py took 0.472 seconds
[2024-11-03T01:23:13.366+0000] {processor.py:157} INFO - Started process (PID=2725) to work on /opt/airflow/dags/table_dag.py
[2024-11-03T01:23:13.370+0000] {processor.py:829} INFO - Processing file /opt/airflow/dags/table_dag.py for tasks to queue
[2024-11-03T01:23:13.371+0000] {logging_mixin.py:151} INFO - [2024-11-03T01:23:13.371+0000] {dagbag.py:539} INFO - Filling up the DagBag from /opt/airflow/dags/table_dag.py
[2024-11-03T01:23:13.764+0000] {processor.py:839} INFO - DAG(s) dict_keys(['table_dag']) retrieved from /opt/airflow/dags/table_dag.py
[2024-11-03T01:23:13.800+0000] {logging_mixin.py:151} INFO - [2024-11-03T01:23:13.799+0000] {dag.py:2915} INFO - Sync 1 DAGs
[2024-11-03T01:23:13.834+0000] {logging_mixin.py:151} INFO - [2024-11-03T01:23:13.833+0000] {dag.py:3696} INFO - Setting next_dagrun for table_dag to 2024-11-03T00:00:00+00:00, run_after=2024-11-04T00:00:00+00:00
[2024-11-03T01:23:13.877+0000] {processor.py:179} INFO - Processing /opt/airflow/dags/table_dag.py took 0.516 seconds
[2024-11-03T01:23:44.298+0000] {processor.py:157} INFO - Started process (PID=2772) to work on /opt/airflow/dags/table_dag.py
[2024-11-03T01:23:44.300+0000] {processor.py:829} INFO - Processing file /opt/airflow/dags/table_dag.py for tasks to queue
[2024-11-03T01:23:44.301+0000] {logging_mixin.py:151} INFO - [2024-11-03T01:23:44.300+0000] {dagbag.py:539} INFO - Filling up the DagBag from /opt/airflow/dags/table_dag.py
[2024-11-03T01:23:44.678+0000] {processor.py:839} INFO - DAG(s) dict_keys(['table_dag']) retrieved from /opt/airflow/dags/table_dag.py
[2024-11-03T01:23:44.717+0000] {logging_mixin.py:151} INFO - [2024-11-03T01:23:44.716+0000] {dag.py:2915} INFO - Sync 1 DAGs
[2024-11-03T01:23:44.747+0000] {logging_mixin.py:151} INFO - [2024-11-03T01:23:44.747+0000] {dag.py:3696} INFO - Setting next_dagrun for table_dag to 2024-11-03T00:00:00+00:00, run_after=2024-11-04T00:00:00+00:00
[2024-11-03T01:23:44.772+0000] {processor.py:179} INFO - Processing /opt/airflow/dags/table_dag.py took 0.478 seconds
[2024-11-03T01:24:16.374+0000] {processor.py:157} INFO - Started process (PID=2827) to work on /opt/airflow/dags/table_dag.py
[2024-11-03T01:24:16.384+0000] {processor.py:829} INFO - Processing file /opt/airflow/dags/table_dag.py for tasks to queue
[2024-11-03T01:24:16.392+0000] {logging_mixin.py:151} INFO - [2024-11-03T01:24:16.391+0000] {dagbag.py:539} INFO - Filling up the DagBag from /opt/airflow/dags/table_dag.py
[2024-11-03T01:24:17.495+0000] {processor.py:839} INFO - DAG(s) dict_keys(['table_dag']) retrieved from /opt/airflow/dags/table_dag.py
[2024-11-03T01:24:17.607+0000] {logging_mixin.py:151} INFO - [2024-11-03T01:24:17.605+0000] {dag.py:2915} INFO - Sync 1 DAGs
[2024-11-03T01:24:17.672+0000] {logging_mixin.py:151} INFO - [2024-11-03T01:24:17.671+0000] {dag.py:3696} INFO - Setting next_dagrun for table_dag to 2024-11-03T00:00:00+00:00, run_after=2024-11-04T00:00:00+00:00
[2024-11-03T01:24:17.734+0000] {processor.py:179} INFO - Processing /opt/airflow/dags/table_dag.py took 1.371 seconds
[2024-11-03T01:24:48.015+0000] {processor.py:157} INFO - Started process (PID=2886) to work on /opt/airflow/dags/table_dag.py
[2024-11-03T01:24:48.020+0000] {processor.py:829} INFO - Processing file /opt/airflow/dags/table_dag.py for tasks to queue
[2024-11-03T01:24:48.025+0000] {logging_mixin.py:151} INFO - [2024-11-03T01:24:48.024+0000] {dagbag.py:539} INFO - Filling up the DagBag from /opt/airflow/dags/table_dag.py
[2024-11-03T01:24:48.719+0000] {processor.py:839} INFO - DAG(s) dict_keys(['table_dag']) retrieved from /opt/airflow/dags/table_dag.py
[2024-11-03T01:24:48.788+0000] {logging_mixin.py:151} INFO - [2024-11-03T01:24:48.787+0000] {dag.py:2915} INFO - Sync 1 DAGs
[2024-11-03T01:24:48.828+0000] {logging_mixin.py:151} INFO - [2024-11-03T01:24:48.828+0000] {dag.py:3696} INFO - Setting next_dagrun for table_dag to 2024-11-03T00:00:00+00:00, run_after=2024-11-04T00:00:00+00:00
[2024-11-03T01:24:48.872+0000] {processor.py:179} INFO - Processing /opt/airflow/dags/table_dag.py took 0.863 seconds
[2024-11-03T01:25:19.833+0000] {processor.py:157} INFO - Started process (PID=2933) to work on /opt/airflow/dags/table_dag.py
[2024-11-03T01:25:19.835+0000] {processor.py:829} INFO - Processing file /opt/airflow/dags/table_dag.py for tasks to queue
[2024-11-03T01:25:19.836+0000] {logging_mixin.py:151} INFO - [2024-11-03T01:25:19.836+0000] {dagbag.py:539} INFO - Filling up the DagBag from /opt/airflow/dags/table_dag.py
[2024-11-03T01:25:20.212+0000] {processor.py:839} INFO - DAG(s) dict_keys(['table_dag']) retrieved from /opt/airflow/dags/table_dag.py
[2024-11-03T01:25:20.249+0000] {logging_mixin.py:151} INFO - [2024-11-03T01:25:20.249+0000] {dag.py:2915} INFO - Sync 1 DAGs
[2024-11-03T01:25:20.275+0000] {logging_mixin.py:151} INFO - [2024-11-03T01:25:20.275+0000] {dag.py:3696} INFO - Setting next_dagrun for table_dag to 2024-11-03T00:00:00+00:00, run_after=2024-11-04T00:00:00+00:00
[2024-11-03T01:25:20.298+0000] {processor.py:179} INFO - Processing /opt/airflow/dags/table_dag.py took 0.469 seconds
[2024-11-03T01:25:50.701+0000] {processor.py:157} INFO - Started process (PID=2980) to work on /opt/airflow/dags/table_dag.py
[2024-11-03T01:25:50.703+0000] {processor.py:829} INFO - Processing file /opt/airflow/dags/table_dag.py for tasks to queue
[2024-11-03T01:25:50.704+0000] {logging_mixin.py:151} INFO - [2024-11-03T01:25:50.704+0000] {dagbag.py:539} INFO - Filling up the DagBag from /opt/airflow/dags/table_dag.py
[2024-11-03T01:25:51.053+0000] {processor.py:839} INFO - DAG(s) dict_keys(['table_dag']) retrieved from /opt/airflow/dags/table_dag.py
[2024-11-03T01:25:51.084+0000] {logging_mixin.py:151} INFO - [2024-11-03T01:25:51.083+0000] {dag.py:2915} INFO - Sync 1 DAGs
[2024-11-03T01:25:51.111+0000] {logging_mixin.py:151} INFO - [2024-11-03T01:25:51.111+0000] {dag.py:3696} INFO - Setting next_dagrun for table_dag to 2024-11-03T00:00:00+00:00, run_after=2024-11-04T00:00:00+00:00
[2024-11-03T01:25:51.137+0000] {processor.py:179} INFO - Processing /opt/airflow/dags/table_dag.py took 0.442 seconds
[2024-11-03T01:26:21.394+0000] {processor.py:157} INFO - Started process (PID=3027) to work on /opt/airflow/dags/table_dag.py
[2024-11-03T01:26:21.396+0000] {processor.py:829} INFO - Processing file /opt/airflow/dags/table_dag.py for tasks to queue
[2024-11-03T01:26:21.397+0000] {logging_mixin.py:151} INFO - [2024-11-03T01:26:21.397+0000] {dagbag.py:539} INFO - Filling up the DagBag from /opt/airflow/dags/table_dag.py
[2024-11-03T01:26:21.765+0000] {processor.py:839} INFO - DAG(s) dict_keys(['table_dag']) retrieved from /opt/airflow/dags/table_dag.py
[2024-11-03T01:26:21.799+0000] {logging_mixin.py:151} INFO - [2024-11-03T01:26:21.799+0000] {dag.py:2915} INFO - Sync 1 DAGs
[2024-11-03T01:26:21.828+0000] {logging_mixin.py:151} INFO - [2024-11-03T01:26:21.828+0000] {dag.py:3696} INFO - Setting next_dagrun for table_dag to 2024-11-03T00:00:00+00:00, run_after=2024-11-04T00:00:00+00:00
[2024-11-03T01:26:21.853+0000] {processor.py:179} INFO - Processing /opt/airflow/dags/table_dag.py took 0.463 seconds
[2024-11-03T01:26:52.285+0000] {processor.py:157} INFO - Started process (PID=3074) to work on /opt/airflow/dags/table_dag.py
[2024-11-03T01:26:52.287+0000] {processor.py:829} INFO - Processing file /opt/airflow/dags/table_dag.py for tasks to queue
[2024-11-03T01:26:52.288+0000] {logging_mixin.py:151} INFO - [2024-11-03T01:26:52.288+0000] {dagbag.py:539} INFO - Filling up the DagBag from /opt/airflow/dags/table_dag.py
[2024-11-03T01:26:52.616+0000] {processor.py:839} INFO - DAG(s) dict_keys(['table_dag']) retrieved from /opt/airflow/dags/table_dag.py
[2024-11-03T01:26:52.647+0000] {logging_mixin.py:151} INFO - [2024-11-03T01:26:52.646+0000] {dag.py:2915} INFO - Sync 1 DAGs
[2024-11-03T01:26:52.673+0000] {logging_mixin.py:151} INFO - [2024-11-03T01:26:52.673+0000] {dag.py:3696} INFO - Setting next_dagrun for table_dag to 2024-11-03T00:00:00+00:00, run_after=2024-11-04T00:00:00+00:00
[2024-11-03T01:26:52.698+0000] {processor.py:179} INFO - Processing /opt/airflow/dags/table_dag.py took 0.418 seconds
[2024-11-03T01:27:23.088+0000] {processor.py:157} INFO - Started process (PID=3121) to work on /opt/airflow/dags/table_dag.py
[2024-11-03T01:27:23.090+0000] {processor.py:829} INFO - Processing file /opt/airflow/dags/table_dag.py for tasks to queue
[2024-11-03T01:27:23.092+0000] {logging_mixin.py:151} INFO - [2024-11-03T01:27:23.091+0000] {dagbag.py:539} INFO - Filling up the DagBag from /opt/airflow/dags/table_dag.py
[2024-11-03T01:27:23.434+0000] {processor.py:839} INFO - DAG(s) dict_keys(['table_dag']) retrieved from /opt/airflow/dags/table_dag.py
[2024-11-03T01:27:23.473+0000] {logging_mixin.py:151} INFO - [2024-11-03T01:27:23.472+0000] {dag.py:2915} INFO - Sync 1 DAGs
[2024-11-03T01:27:23.500+0000] {logging_mixin.py:151} INFO - [2024-11-03T01:27:23.500+0000] {dag.py:3696} INFO - Setting next_dagrun for table_dag to 2024-11-03T00:00:00+00:00, run_after=2024-11-04T00:00:00+00:00
[2024-11-03T01:27:23.526+0000] {processor.py:179} INFO - Processing /opt/airflow/dags/table_dag.py took 0.442 seconds
[2024-11-03T01:27:54.341+0000] {processor.py:157} INFO - Started process (PID=3168) to work on /opt/airflow/dags/table_dag.py
[2024-11-03T01:27:54.344+0000] {processor.py:829} INFO - Processing file /opt/airflow/dags/table_dag.py for tasks to queue
[2024-11-03T01:27:54.346+0000] {logging_mixin.py:151} INFO - [2024-11-03T01:27:54.345+0000] {dagbag.py:539} INFO - Filling up the DagBag from /opt/airflow/dags/table_dag.py
[2024-11-03T01:27:54.701+0000] {processor.py:839} INFO - DAG(s) dict_keys(['table_dag']) retrieved from /opt/airflow/dags/table_dag.py
[2024-11-03T01:27:54.736+0000] {logging_mixin.py:151} INFO - [2024-11-03T01:27:54.735+0000] {dag.py:2915} INFO - Sync 1 DAGs
[2024-11-03T01:27:54.766+0000] {logging_mixin.py:151} INFO - [2024-11-03T01:27:54.765+0000] {dag.py:3696} INFO - Setting next_dagrun for table_dag to 2024-11-03T00:00:00+00:00, run_after=2024-11-04T00:00:00+00:00
[2024-11-03T01:27:54.792+0000] {processor.py:179} INFO - Processing /opt/airflow/dags/table_dag.py took 0.456 seconds
[2024-11-03T01:28:25.106+0000] {processor.py:157} INFO - Started process (PID=3215) to work on /opt/airflow/dags/table_dag.py
[2024-11-03T01:28:25.108+0000] {processor.py:829} INFO - Processing file /opt/airflow/dags/table_dag.py for tasks to queue
[2024-11-03T01:28:25.110+0000] {logging_mixin.py:151} INFO - [2024-11-03T01:28:25.110+0000] {dagbag.py:539} INFO - Filling up the DagBag from /opt/airflow/dags/table_dag.py
[2024-11-03T01:28:25.478+0000] {processor.py:839} INFO - DAG(s) dict_keys(['table_dag']) retrieved from /opt/airflow/dags/table_dag.py
[2024-11-03T01:28:25.505+0000] {logging_mixin.py:151} INFO - [2024-11-03T01:28:25.504+0000] {dag.py:2915} INFO - Sync 1 DAGs
[2024-11-03T01:28:25.528+0000] {logging_mixin.py:151} INFO - [2024-11-03T01:28:25.528+0000] {dag.py:3696} INFO - Setting next_dagrun for table_dag to 2024-11-03T00:00:00+00:00, run_after=2024-11-04T00:00:00+00:00
[2024-11-03T01:28:25.551+0000] {processor.py:179} INFO - Processing /opt/airflow/dags/table_dag.py took 0.451 seconds
[2024-11-03T01:28:55.942+0000] {processor.py:157} INFO - Started process (PID=3262) to work on /opt/airflow/dags/table_dag.py
[2024-11-03T01:28:55.945+0000] {processor.py:829} INFO - Processing file /opt/airflow/dags/table_dag.py for tasks to queue
[2024-11-03T01:28:55.946+0000] {logging_mixin.py:151} INFO - [2024-11-03T01:28:55.945+0000] {dagbag.py:539} INFO - Filling up the DagBag from /opt/airflow/dags/table_dag.py
[2024-11-03T01:28:56.268+0000] {processor.py:839} INFO - DAG(s) dict_keys(['table_dag']) retrieved from /opt/airflow/dags/table_dag.py
[2024-11-03T01:28:56.298+0000] {logging_mixin.py:151} INFO - [2024-11-03T01:28:56.297+0000] {dag.py:2915} INFO - Sync 1 DAGs
[2024-11-03T01:28:56.327+0000] {logging_mixin.py:151} INFO - [2024-11-03T01:28:56.326+0000] {dag.py:3696} INFO - Setting next_dagrun for table_dag to 2024-11-03T00:00:00+00:00, run_after=2024-11-04T00:00:00+00:00
[2024-11-03T01:28:56.354+0000] {processor.py:179} INFO - Processing /opt/airflow/dags/table_dag.py took 0.417 seconds
[2024-11-03T01:29:26.633+0000] {processor.py:157} INFO - Started process (PID=3309) to work on /opt/airflow/dags/table_dag.py
[2024-11-03T01:29:26.637+0000] {processor.py:829} INFO - Processing file /opt/airflow/dags/table_dag.py for tasks to queue
[2024-11-03T01:29:26.638+0000] {logging_mixin.py:151} INFO - [2024-11-03T01:29:26.638+0000] {dagbag.py:539} INFO - Filling up the DagBag from /opt/airflow/dags/table_dag.py
[2024-11-03T01:29:26.976+0000] {processor.py:839} INFO - DAG(s) dict_keys(['table_dag']) retrieved from /opt/airflow/dags/table_dag.py
[2024-11-03T01:29:27.008+0000] {logging_mixin.py:151} INFO - [2024-11-03T01:29:27.008+0000] {dag.py:2915} INFO - Sync 1 DAGs
[2024-11-03T01:29:27.034+0000] {logging_mixin.py:151} INFO - [2024-11-03T01:29:27.034+0000] {dag.py:3696} INFO - Setting next_dagrun for table_dag to 2024-11-03T00:00:00+00:00, run_after=2024-11-04T00:00:00+00:00
[2024-11-03T01:29:27.056+0000] {processor.py:179} INFO - Processing /opt/airflow/dags/table_dag.py took 0.428 seconds
[2024-11-03T01:29:57.906+0000] {processor.py:157} INFO - Started process (PID=3356) to work on /opt/airflow/dags/table_dag.py
[2024-11-03T01:29:57.908+0000] {processor.py:829} INFO - Processing file /opt/airflow/dags/table_dag.py for tasks to queue
[2024-11-03T01:29:57.909+0000] {logging_mixin.py:151} INFO - [2024-11-03T01:29:57.908+0000] {dagbag.py:539} INFO - Filling up the DagBag from /opt/airflow/dags/table_dag.py
[2024-11-03T01:29:58.238+0000] {processor.py:839} INFO - DAG(s) dict_keys(['table_dag']) retrieved from /opt/airflow/dags/table_dag.py
[2024-11-03T01:29:58.270+0000] {logging_mixin.py:151} INFO - [2024-11-03T01:29:58.269+0000] {dag.py:2915} INFO - Sync 1 DAGs
[2024-11-03T01:29:58.298+0000] {logging_mixin.py:151} INFO - [2024-11-03T01:29:58.297+0000] {dag.py:3696} INFO - Setting next_dagrun for table_dag to 2024-11-03T00:00:00+00:00, run_after=2024-11-04T00:00:00+00:00
[2024-11-03T01:29:58.324+0000] {processor.py:179} INFO - Processing /opt/airflow/dags/table_dag.py took 0.423 seconds
[2024-11-03T01:30:29.398+0000] {processor.py:157} INFO - Started process (PID=3401) to work on /opt/airflow/dags/table_dag.py
[2024-11-03T01:30:29.401+0000] {processor.py:829} INFO - Processing file /opt/airflow/dags/table_dag.py for tasks to queue
[2024-11-03T01:30:29.402+0000] {logging_mixin.py:151} INFO - [2024-11-03T01:30:29.402+0000] {dagbag.py:539} INFO - Filling up the DagBag from /opt/airflow/dags/table_dag.py
[2024-11-03T01:30:29.818+0000] {processor.py:839} INFO - DAG(s) dict_keys(['table_dag']) retrieved from /opt/airflow/dags/table_dag.py
[2024-11-03T01:30:29.856+0000] {logging_mixin.py:151} INFO - [2024-11-03T01:30:29.855+0000] {dag.py:2915} INFO - Sync 1 DAGs
[2024-11-03T01:30:29.887+0000] {logging_mixin.py:151} INFO - [2024-11-03T01:30:29.887+0000] {dag.py:3696} INFO - Setting next_dagrun for table_dag to 2024-11-03T00:00:00+00:00, run_after=2024-11-04T00:00:00+00:00
[2024-11-03T01:30:29.908+0000] {processor.py:179} INFO - Processing /opt/airflow/dags/table_dag.py took 0.513 seconds
[2024-11-03T01:31:00.393+0000] {processor.py:157} INFO - Started process (PID=3450) to work on /opt/airflow/dags/table_dag.py
[2024-11-03T01:31:00.396+0000] {processor.py:829} INFO - Processing file /opt/airflow/dags/table_dag.py for tasks to queue
[2024-11-03T01:31:00.397+0000] {logging_mixin.py:151} INFO - [2024-11-03T01:31:00.397+0000] {dagbag.py:539} INFO - Filling up the DagBag from /opt/airflow/dags/table_dag.py
[2024-11-03T01:31:00.800+0000] {processor.py:839} INFO - DAG(s) dict_keys(['table_dag']) retrieved from /opt/airflow/dags/table_dag.py
[2024-11-03T01:31:00.839+0000] {logging_mixin.py:151} INFO - [2024-11-03T01:31:00.837+0000] {dag.py:2915} INFO - Sync 1 DAGs
[2024-11-03T01:31:00.871+0000] {logging_mixin.py:151} INFO - [2024-11-03T01:31:00.870+0000] {dag.py:3696} INFO - Setting next_dagrun for table_dag to 2024-11-03T00:00:00+00:00, run_after=2024-11-04T00:00:00+00:00
[2024-11-03T01:31:00.900+0000] {processor.py:179} INFO - Processing /opt/airflow/dags/table_dag.py took 0.511 seconds
[2024-11-03T01:31:31.396+0000] {processor.py:157} INFO - Started process (PID=3497) to work on /opt/airflow/dags/table_dag.py
[2024-11-03T01:31:31.399+0000] {processor.py:829} INFO - Processing file /opt/airflow/dags/table_dag.py for tasks to queue
[2024-11-03T01:31:31.400+0000] {logging_mixin.py:151} INFO - [2024-11-03T01:31:31.399+0000] {dagbag.py:539} INFO - Filling up the DagBag from /opt/airflow/dags/table_dag.py
[2024-11-03T01:31:31.767+0000] {processor.py:839} INFO - DAG(s) dict_keys(['table_dag']) retrieved from /opt/airflow/dags/table_dag.py
[2024-11-03T01:31:31.800+0000] {logging_mixin.py:151} INFO - [2024-11-03T01:31:31.799+0000] {dag.py:2915} INFO - Sync 1 DAGs
[2024-11-03T01:31:31.827+0000] {logging_mixin.py:151} INFO - [2024-11-03T01:31:31.827+0000] {dag.py:3696} INFO - Setting next_dagrun for table_dag to 2024-11-03T00:00:00+00:00, run_after=2024-11-04T00:00:00+00:00
[2024-11-03T01:31:31.845+0000] {processor.py:179} INFO - Processing /opt/airflow/dags/table_dag.py took 0.452 seconds
[2024-11-03T01:32:02.552+0000] {processor.py:157} INFO - Started process (PID=3544) to work on /opt/airflow/dags/table_dag.py
[2024-11-03T01:32:02.557+0000] {processor.py:829} INFO - Processing file /opt/airflow/dags/table_dag.py for tasks to queue
[2024-11-03T01:32:02.559+0000] {logging_mixin.py:151} INFO - [2024-11-03T01:32:02.559+0000] {dagbag.py:539} INFO - Filling up the DagBag from /opt/airflow/dags/table_dag.py
[2024-11-03T01:32:03.075+0000] {processor.py:839} INFO - DAG(s) dict_keys(['table_dag']) retrieved from /opt/airflow/dags/table_dag.py
[2024-11-03T01:32:03.148+0000] {logging_mixin.py:151} INFO - [2024-11-03T01:32:03.147+0000] {dag.py:2915} INFO - Sync 1 DAGs
[2024-11-03T01:32:03.218+0000] {logging_mixin.py:151} INFO - [2024-11-03T01:32:03.218+0000] {dag.py:3696} INFO - Setting next_dagrun for table_dag to 2024-11-03T00:00:00+00:00, run_after=2024-11-04T00:00:00+00:00
[2024-11-03T01:32:03.261+0000] {processor.py:179} INFO - Processing /opt/airflow/dags/table_dag.py took 0.716 seconds
[2024-11-03T01:32:33.852+0000] {processor.py:157} INFO - Started process (PID=3589) to work on /opt/airflow/dags/table_dag.py
[2024-11-03T01:32:33.854+0000] {processor.py:829} INFO - Processing file /opt/airflow/dags/table_dag.py for tasks to queue
[2024-11-03T01:32:33.856+0000] {logging_mixin.py:151} INFO - [2024-11-03T01:32:33.856+0000] {dagbag.py:539} INFO - Filling up the DagBag from /opt/airflow/dags/table_dag.py
[2024-11-03T01:32:34.421+0000] {processor.py:839} INFO - DAG(s) dict_keys(['table_dag']) retrieved from /opt/airflow/dags/table_dag.py
[2024-11-03T01:32:34.459+0000] {logging_mixin.py:151} INFO - [2024-11-03T01:32:34.458+0000] {dag.py:2915} INFO - Sync 1 DAGs
[2024-11-03T01:32:34.515+0000] {logging_mixin.py:151} INFO - [2024-11-03T01:32:34.515+0000] {dag.py:3696} INFO - Setting next_dagrun for table_dag to 2024-11-03T00:00:00+00:00, run_after=2024-11-04T00:00:00+00:00
[2024-11-03T01:32:34.599+0000] {processor.py:179} INFO - Processing /opt/airflow/dags/table_dag.py took 0.751 seconds
[2024-11-03T01:33:05.088+0000] {processor.py:157} INFO - Started process (PID=3644) to work on /opt/airflow/dags/table_dag.py
[2024-11-03T01:33:05.091+0000] {processor.py:829} INFO - Processing file /opt/airflow/dags/table_dag.py for tasks to queue
[2024-11-03T01:33:05.097+0000] {logging_mixin.py:151} INFO - [2024-11-03T01:33:05.096+0000] {dagbag.py:539} INFO - Filling up the DagBag from /opt/airflow/dags/table_dag.py
[2024-11-03T01:33:06.286+0000] {processor.py:839} INFO - DAG(s) dict_keys(['table_dag']) retrieved from /opt/airflow/dags/table_dag.py
[2024-11-03T01:33:06.360+0000] {logging_mixin.py:151} INFO - [2024-11-03T01:33:06.357+0000] {dag.py:2915} INFO - Sync 1 DAGs
[2024-11-03T01:33:06.410+0000] {logging_mixin.py:151} INFO - [2024-11-03T01:33:06.409+0000] {dag.py:3696} INFO - Setting next_dagrun for table_dag to 2024-11-03T00:00:00+00:00, run_after=2024-11-04T00:00:00+00:00
[2024-11-03T01:33:06.448+0000] {processor.py:179} INFO - Processing /opt/airflow/dags/table_dag.py took 1.370 seconds
[2024-11-03T01:33:36.842+0000] {processor.py:157} INFO - Started process (PID=3692) to work on /opt/airflow/dags/table_dag.py
[2024-11-03T01:33:36.844+0000] {processor.py:829} INFO - Processing file /opt/airflow/dags/table_dag.py for tasks to queue
[2024-11-03T01:33:36.845+0000] {logging_mixin.py:151} INFO - [2024-11-03T01:33:36.845+0000] {dagbag.py:539} INFO - Filling up the DagBag from /opt/airflow/dags/table_dag.py
[2024-11-03T01:33:37.222+0000] {processor.py:839} INFO - DAG(s) dict_keys(['table_dag']) retrieved from /opt/airflow/dags/table_dag.py
[2024-11-03T01:33:37.258+0000] {logging_mixin.py:151} INFO - [2024-11-03T01:33:37.257+0000] {dag.py:2915} INFO - Sync 1 DAGs
[2024-11-03T01:33:37.286+0000] {logging_mixin.py:151} INFO - [2024-11-03T01:33:37.286+0000] {dag.py:3696} INFO - Setting next_dagrun for table_dag to 2024-11-03T00:00:00+00:00, run_after=2024-11-04T00:00:00+00:00
[2024-11-03T01:33:37.307+0000] {processor.py:179} INFO - Processing /opt/airflow/dags/table_dag.py took 0.471 seconds
[2024-11-03T01:34:07.501+0000] {processor.py:157} INFO - Started process (PID=3739) to work on /opt/airflow/dags/table_dag.py
[2024-11-03T01:34:07.503+0000] {processor.py:829} INFO - Processing file /opt/airflow/dags/table_dag.py for tasks to queue
[2024-11-03T01:34:07.505+0000] {logging_mixin.py:151} INFO - [2024-11-03T01:34:07.505+0000] {dagbag.py:539} INFO - Filling up the DagBag from /opt/airflow/dags/table_dag.py
[2024-11-03T01:34:08.218+0000] {processor.py:839} INFO - DAG(s) dict_keys(['table_dag']) retrieved from /opt/airflow/dags/table_dag.py
[2024-11-03T01:34:08.260+0000] {logging_mixin.py:151} INFO - [2024-11-03T01:34:08.259+0000] {dag.py:2915} INFO - Sync 1 DAGs
[2024-11-03T01:34:08.298+0000] {logging_mixin.py:151} INFO - [2024-11-03T01:34:08.298+0000] {dag.py:3696} INFO - Setting next_dagrun for table_dag to 2024-11-03T00:00:00+00:00, run_after=2024-11-04T00:00:00+00:00
[2024-11-03T01:34:08.333+0000] {processor.py:179} INFO - Processing /opt/airflow/dags/table_dag.py took 0.837 seconds
[2024-11-03T01:34:38.937+0000] {processor.py:157} INFO - Started process (PID=3786) to work on /opt/airflow/dags/table_dag.py
[2024-11-03T01:34:38.939+0000] {processor.py:829} INFO - Processing file /opt/airflow/dags/table_dag.py for tasks to queue
[2024-11-03T01:34:38.940+0000] {logging_mixin.py:151} INFO - [2024-11-03T01:34:38.940+0000] {dagbag.py:539} INFO - Filling up the DagBag from /opt/airflow/dags/table_dag.py
[2024-11-03T01:34:39.447+0000] {processor.py:839} INFO - DAG(s) dict_keys(['table_dag']) retrieved from /opt/airflow/dags/table_dag.py
[2024-11-03T01:34:39.491+0000] {logging_mixin.py:151} INFO - [2024-11-03T01:34:39.490+0000] {dag.py:2915} INFO - Sync 1 DAGs
[2024-11-03T01:34:39.526+0000] {logging_mixin.py:151} INFO - [2024-11-03T01:34:39.526+0000] {dag.py:3696} INFO - Setting next_dagrun for table_dag to 2024-11-03T00:00:00+00:00, run_after=2024-11-04T00:00:00+00:00
[2024-11-03T01:34:39.557+0000] {processor.py:179} INFO - Processing /opt/airflow/dags/table_dag.py took 0.626 seconds
