[2024-11-03T00:07:57.815+0000] {processor.py:157} INFO - Started process (PID=19595) to work on /opt/airflow/dags/transaction_facts_generator.py
[2024-11-03T00:07:57.821+0000] {processor.py:829} INFO - Processing file /opt/airflow/dags/transaction_facts_generator.py for tasks to queue
[2024-11-03T00:07:57.827+0000] {logging_mixin.py:151} INFO - [2024-11-03T00:07:57.826+0000] {dagbag.py:539} INFO - Filling up the DagBag from /opt/airflow/dags/transaction_facts_generator.py
[2024-11-03T00:07:57.900+0000] {processor.py:839} INFO - DAG(s) dict_keys(['transaction_facts_generator']) retrieved from /opt/airflow/dags/transaction_facts_generator.py
[2024-11-03T00:07:58.216+0000] {logging_mixin.py:151} INFO - [2024-11-03T00:07:58.215+0000] {dag.py:2915} INFO - Sync 1 DAGs
[2024-11-03T00:07:58.451+0000] {logging_mixin.py:151} INFO - [2024-11-03T00:07:58.450+0000] {dag.py:3696} INFO - Setting next_dagrun for transaction_facts_generator to 2024-11-02T00:00:00+00:00, run_after=2024-11-03T00:00:00+00:00
[2024-11-03T00:08:00.761+0000] {processor.py:179} INFO - Processing /opt/airflow/dags/transaction_facts_generator.py took 2.963 seconds
[2024-11-03T00:56:29.459+0000] {processor.py:157} INFO - Started process (PID=219) to work on /opt/airflow/dags/transaction_facts_generator.py
[2024-11-03T00:56:29.466+0000] {processor.py:829} INFO - Processing file /opt/airflow/dags/transaction_facts_generator.py for tasks to queue
[2024-11-03T00:56:29.469+0000] {logging_mixin.py:151} INFO - [2024-11-03T00:56:29.469+0000] {dagbag.py:539} INFO - Filling up the DagBag from /opt/airflow/dags/transaction_facts_generator.py
[2024-11-03T00:56:29.532+0000] {processor.py:839} INFO - DAG(s) dict_keys(['transaction_facts_generator']) retrieved from /opt/airflow/dags/transaction_facts_generator.py
[2024-11-03T00:56:31.001+0000] {logging_mixin.py:151} INFO - [2024-11-03T00:56:31.001+0000] {security.py:708} INFO - Not syncing DAG-level permissions for DAG 'DAG:transaction_facts_generator' as access control is unset.
[2024-11-03T00:56:31.002+0000] {logging_mixin.py:151} INFO - [2024-11-03T00:56:31.002+0000] {dag.py:2915} INFO - Sync 1 DAGs
[2024-11-03T00:56:31.056+0000] {logging_mixin.py:151} INFO - [2024-11-03T00:56:31.055+0000] {dag.py:3696} INFO - Setting next_dagrun for transaction_facts_generator to 2024-11-02T00:00:00+00:00, run_after=2024-11-03T00:00:00+00:00
[2024-11-03T00:56:31.096+0000] {processor.py:179} INFO - Processing /opt/airflow/dags/transaction_facts_generator.py took 1.657 seconds
[2024-11-03T00:57:01.441+0000] {processor.py:157} INFO - Started process (PID=266) to work on /opt/airflow/dags/transaction_facts_generator.py
[2024-11-03T00:57:01.443+0000] {processor.py:829} INFO - Processing file /opt/airflow/dags/transaction_facts_generator.py for tasks to queue
[2024-11-03T00:57:01.444+0000] {logging_mixin.py:151} INFO - [2024-11-03T00:57:01.444+0000] {dagbag.py:539} INFO - Filling up the DagBag from /opt/airflow/dags/transaction_facts_generator.py
[2024-11-03T00:57:01.613+0000] {processor.py:839} INFO - DAG(s) dict_keys(['transaction_facts_generator']) retrieved from /opt/airflow/dags/transaction_facts_generator.py
[2024-11-03T00:57:01.827+0000] {logging_mixin.py:151} INFO - [2024-11-03T00:57:01.827+0000] {dag.py:2915} INFO - Sync 1 DAGs
[2024-11-03T00:57:04.090+0000] {logging_mixin.py:151} INFO - [2024-11-03T00:57:04.089+0000] {dag.py:3696} INFO - Setting next_dagrun for transaction_facts_generator to 2024-11-02T00:00:00+00:00, run_after=2024-11-03T00:00:00+00:00
[2024-11-03T00:57:04.133+0000] {processor.py:179} INFO - Processing /opt/airflow/dags/transaction_facts_generator.py took 2.697 seconds
[2024-11-03T00:57:34.930+0000] {processor.py:157} INFO - Started process (PID=313) to work on /opt/airflow/dags/transaction_facts_generator.py
[2024-11-03T00:57:34.973+0000] {processor.py:829} INFO - Processing file /opt/airflow/dags/transaction_facts_generator.py for tasks to queue
[2024-11-03T00:57:34.987+0000] {logging_mixin.py:151} INFO - [2024-11-03T00:57:34.982+0000] {dagbag.py:539} INFO - Filling up the DagBag from /opt/airflow/dags/transaction_facts_generator.py
[2024-11-03T00:57:35.010+0000] {processor.py:839} INFO - DAG(s) dict_keys(['transaction_facts_generator']) retrieved from /opt/airflow/dags/transaction_facts_generator.py
[2024-11-03T00:57:35.245+0000] {logging_mixin.py:151} INFO - [2024-11-03T00:57:35.245+0000] {dag.py:2915} INFO - Sync 1 DAGs
[2024-11-03T00:57:35.276+0000] {logging_mixin.py:151} INFO - [2024-11-03T00:57:35.276+0000] {dag.py:3696} INFO - Setting next_dagrun for transaction_facts_generator to 2024-11-02T00:00:00+00:00, run_after=2024-11-03T00:00:00+00:00
[2024-11-03T00:57:35.305+0000] {processor.py:179} INFO - Processing /opt/airflow/dags/transaction_facts_generator.py took 0.565 seconds
[2024-11-03T00:58:07.123+0000] {processor.py:157} INFO - Started process (PID=360) to work on /opt/airflow/dags/transaction_facts_generator.py
[2024-11-03T00:58:07.126+0000] {processor.py:829} INFO - Processing file /opt/airflow/dags/transaction_facts_generator.py for tasks to queue
[2024-11-03T00:58:07.147+0000] {logging_mixin.py:151} INFO - [2024-11-03T00:58:07.139+0000] {dagbag.py:539} INFO - Filling up the DagBag from /opt/airflow/dags/transaction_facts_generator.py
[2024-11-03T00:58:07.319+0000] {processor.py:839} INFO - DAG(s) dict_keys(['transaction_facts_generator']) retrieved from /opt/airflow/dags/transaction_facts_generator.py
[2024-11-03T00:58:07.378+0000] {logging_mixin.py:151} INFO - [2024-11-03T00:58:07.378+0000] {dag.py:2915} INFO - Sync 1 DAGs
[2024-11-03T00:58:07.412+0000] {logging_mixin.py:151} INFO - [2024-11-03T00:58:07.412+0000] {dag.py:3696} INFO - Setting next_dagrun for transaction_facts_generator to 2024-11-02T00:00:00+00:00, run_after=2024-11-03T00:00:00+00:00
[2024-11-03T00:58:07.458+0000] {processor.py:179} INFO - Processing /opt/airflow/dags/transaction_facts_generator.py took 0.374 seconds
[2024-11-03T00:58:37.993+0000] {processor.py:157} INFO - Started process (PID=413) to work on /opt/airflow/dags/transaction_facts_generator.py
[2024-11-03T00:58:37.994+0000] {processor.py:829} INFO - Processing file /opt/airflow/dags/transaction_facts_generator.py for tasks to queue
[2024-11-03T00:58:37.997+0000] {logging_mixin.py:151} INFO - [2024-11-03T00:58:37.996+0000] {dagbag.py:539} INFO - Filling up the DagBag from /opt/airflow/dags/transaction_facts_generator.py
[2024-11-03T00:58:38.024+0000] {processor.py:839} INFO - DAG(s) dict_keys(['transaction_facts_generator']) retrieved from /opt/airflow/dags/transaction_facts_generator.py
[2024-11-03T00:58:38.073+0000] {logging_mixin.py:151} INFO - [2024-11-03T00:58:38.073+0000] {dag.py:2915} INFO - Sync 1 DAGs
[2024-11-03T00:58:38.104+0000] {logging_mixin.py:151} INFO - [2024-11-03T00:58:38.104+0000] {dag.py:3696} INFO - Setting next_dagrun for transaction_facts_generator to 2024-11-02T00:00:00+00:00, run_after=2024-11-03T00:00:00+00:00
[2024-11-03T00:58:38.130+0000] {processor.py:179} INFO - Processing /opt/airflow/dags/transaction_facts_generator.py took 0.145 seconds
[2024-11-03T00:59:08.450+0000] {processor.py:157} INFO - Started process (PID=460) to work on /opt/airflow/dags/transaction_facts_generator.py
[2024-11-03T00:59:08.451+0000] {processor.py:829} INFO - Processing file /opt/airflow/dags/transaction_facts_generator.py for tasks to queue
[2024-11-03T00:59:08.453+0000] {logging_mixin.py:151} INFO - [2024-11-03T00:59:08.452+0000] {dagbag.py:539} INFO - Filling up the DagBag from /opt/airflow/dags/transaction_facts_generator.py
[2024-11-03T00:59:08.477+0000] {processor.py:839} INFO - DAG(s) dict_keys(['transaction_facts_generator']) retrieved from /opt/airflow/dags/transaction_facts_generator.py
[2024-11-03T00:59:08.536+0000] {logging_mixin.py:151} INFO - [2024-11-03T00:59:08.535+0000] {dag.py:2915} INFO - Sync 1 DAGs
[2024-11-03T00:59:08.574+0000] {logging_mixin.py:151} INFO - [2024-11-03T00:59:08.573+0000] {dag.py:3696} INFO - Setting next_dagrun for transaction_facts_generator to 2024-11-02T00:00:00+00:00, run_after=2024-11-03T00:00:00+00:00
[2024-11-03T00:59:08.623+0000] {processor.py:179} INFO - Processing /opt/airflow/dags/transaction_facts_generator.py took 0.183 seconds
[2024-11-03T00:59:38.803+0000] {processor.py:157} INFO - Started process (PID=507) to work on /opt/airflow/dags/transaction_facts_generator.py
[2024-11-03T00:59:38.807+0000] {processor.py:829} INFO - Processing file /opt/airflow/dags/transaction_facts_generator.py for tasks to queue
[2024-11-03T00:59:38.810+0000] {logging_mixin.py:151} INFO - [2024-11-03T00:59:38.809+0000] {dagbag.py:539} INFO - Filling up the DagBag from /opt/airflow/dags/transaction_facts_generator.py
[2024-11-03T00:59:38.854+0000] {processor.py:839} INFO - DAG(s) dict_keys(['transaction_facts_generator']) retrieved from /opt/airflow/dags/transaction_facts_generator.py
[2024-11-03T00:59:38.924+0000] {logging_mixin.py:151} INFO - [2024-11-03T00:59:38.924+0000] {dag.py:2915} INFO - Sync 1 DAGs
[2024-11-03T00:59:38.982+0000] {logging_mixin.py:151} INFO - [2024-11-03T00:59:38.981+0000] {dag.py:3696} INFO - Setting next_dagrun for transaction_facts_generator to 2024-11-02T00:00:00+00:00, run_after=2024-11-03T00:00:00+00:00
[2024-11-03T00:59:39.026+0000] {processor.py:179} INFO - Processing /opt/airflow/dags/transaction_facts_generator.py took 0.235 seconds
[2024-11-03T01:00:09.218+0000] {processor.py:157} INFO - Started process (PID=554) to work on /opt/airflow/dags/transaction_facts_generator.py
[2024-11-03T01:00:09.220+0000] {processor.py:829} INFO - Processing file /opt/airflow/dags/transaction_facts_generator.py for tasks to queue
[2024-11-03T01:00:09.221+0000] {logging_mixin.py:151} INFO - [2024-11-03T01:00:09.220+0000] {dagbag.py:539} INFO - Filling up the DagBag from /opt/airflow/dags/transaction_facts_generator.py
[2024-11-03T01:00:09.246+0000] {processor.py:839} INFO - DAG(s) dict_keys(['transaction_facts_generator']) retrieved from /opt/airflow/dags/transaction_facts_generator.py
[2024-11-03T01:00:09.308+0000] {logging_mixin.py:151} INFO - [2024-11-03T01:00:09.308+0000] {dag.py:2915} INFO - Sync 1 DAGs
[2024-11-03T01:00:09.381+0000] {logging_mixin.py:151} INFO - [2024-11-03T01:00:09.380+0000] {dag.py:3696} INFO - Setting next_dagrun for transaction_facts_generator to 2024-11-02T00:00:00+00:00, run_after=2024-11-03T00:00:00+00:00
[2024-11-03T01:00:09.418+0000] {processor.py:179} INFO - Processing /opt/airflow/dags/transaction_facts_generator.py took 0.209 seconds
[2024-11-03T01:00:39.871+0000] {processor.py:157} INFO - Started process (PID=601) to work on /opt/airflow/dags/transaction_facts_generator.py
[2024-11-03T01:00:39.872+0000] {processor.py:829} INFO - Processing file /opt/airflow/dags/transaction_facts_generator.py for tasks to queue
[2024-11-03T01:00:39.873+0000] {logging_mixin.py:151} INFO - [2024-11-03T01:00:39.873+0000] {dagbag.py:539} INFO - Filling up the DagBag from /opt/airflow/dags/transaction_facts_generator.py
[2024-11-03T01:00:39.890+0000] {processor.py:839} INFO - DAG(s) dict_keys(['transaction_facts_generator']) retrieved from /opt/airflow/dags/transaction_facts_generator.py
[2024-11-03T01:00:39.922+0000] {logging_mixin.py:151} INFO - [2024-11-03T01:00:39.922+0000] {dag.py:2915} INFO - Sync 1 DAGs
[2024-11-03T01:00:39.946+0000] {logging_mixin.py:151} INFO - [2024-11-03T01:00:39.946+0000] {dag.py:3696} INFO - Setting next_dagrun for transaction_facts_generator to 2024-11-02T00:00:00+00:00, run_after=2024-11-03T00:00:00+00:00
[2024-11-03T01:00:39.963+0000] {processor.py:179} INFO - Processing /opt/airflow/dags/transaction_facts_generator.py took 0.096 seconds
[2024-11-03T01:01:10.095+0000] {processor.py:157} INFO - Started process (PID=648) to work on /opt/airflow/dags/transaction_facts_generator.py
[2024-11-03T01:01:10.097+0000] {processor.py:829} INFO - Processing file /opt/airflow/dags/transaction_facts_generator.py for tasks to queue
[2024-11-03T01:01:10.098+0000] {logging_mixin.py:151} INFO - [2024-11-03T01:01:10.098+0000] {dagbag.py:539} INFO - Filling up the DagBag from /opt/airflow/dags/transaction_facts_generator.py
[2024-11-03T01:01:10.180+0000] {processor.py:839} INFO - DAG(s) dict_keys(['transaction_facts_generator']) retrieved from /opt/airflow/dags/transaction_facts_generator.py
[2024-11-03T01:01:10.324+0000] {logging_mixin.py:151} INFO - [2024-11-03T01:01:10.324+0000] {dag.py:2915} INFO - Sync 1 DAGs
[2024-11-03T01:01:10.388+0000] {logging_mixin.py:151} INFO - [2024-11-03T01:01:10.388+0000] {dag.py:3696} INFO - Setting next_dagrun for transaction_facts_generator to 2024-11-02T00:00:00+00:00, run_after=2024-11-03T00:00:00+00:00
[2024-11-03T01:01:10.455+0000] {processor.py:179} INFO - Processing /opt/airflow/dags/transaction_facts_generator.py took 0.367 seconds
[2024-11-03T01:01:41.167+0000] {processor.py:157} INFO - Started process (PID=695) to work on /opt/airflow/dags/transaction_facts_generator.py
[2024-11-03T01:01:41.169+0000] {processor.py:829} INFO - Processing file /opt/airflow/dags/transaction_facts_generator.py for tasks to queue
[2024-11-03T01:01:41.171+0000] {logging_mixin.py:151} INFO - [2024-11-03T01:01:41.170+0000] {dagbag.py:539} INFO - Filling up the DagBag from /opt/airflow/dags/transaction_facts_generator.py
[2024-11-03T01:01:41.191+0000] {processor.py:839} INFO - DAG(s) dict_keys(['transaction_facts_generator']) retrieved from /opt/airflow/dags/transaction_facts_generator.py
[2024-11-03T01:01:41.419+0000] {logging_mixin.py:151} INFO - [2024-11-03T01:01:41.418+0000] {dag.py:2915} INFO - Sync 1 DAGs
[2024-11-03T01:01:41.470+0000] {logging_mixin.py:151} INFO - [2024-11-03T01:01:41.469+0000] {dag.py:3696} INFO - Setting next_dagrun for transaction_facts_generator to 2024-11-02T00:00:00+00:00, run_after=2024-11-03T00:00:00+00:00
[2024-11-03T01:01:41.520+0000] {processor.py:179} INFO - Processing /opt/airflow/dags/transaction_facts_generator.py took 0.360 seconds
[2024-11-03T01:02:11.634+0000] {processor.py:157} INFO - Started process (PID=742) to work on /opt/airflow/dags/transaction_facts_generator.py
[2024-11-03T01:02:11.636+0000] {processor.py:829} INFO - Processing file /opt/airflow/dags/transaction_facts_generator.py for tasks to queue
[2024-11-03T01:02:11.638+0000] {logging_mixin.py:151} INFO - [2024-11-03T01:02:11.637+0000] {dagbag.py:539} INFO - Filling up the DagBag from /opt/airflow/dags/transaction_facts_generator.py
[2024-11-03T01:02:11.656+0000] {processor.py:839} INFO - DAG(s) dict_keys(['transaction_facts_generator']) retrieved from /opt/airflow/dags/transaction_facts_generator.py
[2024-11-03T01:02:11.706+0000] {logging_mixin.py:151} INFO - [2024-11-03T01:02:11.705+0000] {dag.py:2915} INFO - Sync 1 DAGs
[2024-11-03T01:02:11.742+0000] {logging_mixin.py:151} INFO - [2024-11-03T01:02:11.742+0000] {dag.py:3696} INFO - Setting next_dagrun for transaction_facts_generator to 2024-11-02T00:00:00+00:00, run_after=2024-11-03T00:00:00+00:00
[2024-11-03T01:02:11.773+0000] {processor.py:179} INFO - Processing /opt/airflow/dags/transaction_facts_generator.py took 0.145 seconds
[2024-11-03T01:02:41.854+0000] {processor.py:157} INFO - Started process (PID=789) to work on /opt/airflow/dags/transaction_facts_generator.py
[2024-11-03T01:02:41.857+0000] {processor.py:829} INFO - Processing file /opt/airflow/dags/transaction_facts_generator.py for tasks to queue
[2024-11-03T01:02:41.861+0000] {logging_mixin.py:151} INFO - [2024-11-03T01:02:41.861+0000] {dagbag.py:539} INFO - Filling up the DagBag from /opt/airflow/dags/transaction_facts_generator.py
[2024-11-03T01:02:41.886+0000] {processor.py:839} INFO - DAG(s) dict_keys(['transaction_facts_generator']) retrieved from /opt/airflow/dags/transaction_facts_generator.py
[2024-11-03T01:02:41.948+0000] {logging_mixin.py:151} INFO - [2024-11-03T01:02:41.948+0000] {dag.py:2915} INFO - Sync 1 DAGs
[2024-11-03T01:02:41.991+0000] {logging_mixin.py:151} INFO - [2024-11-03T01:02:41.991+0000] {dag.py:3696} INFO - Setting next_dagrun for transaction_facts_generator to 2024-11-02T00:00:00+00:00, run_after=2024-11-03T00:00:00+00:00
[2024-11-03T01:02:42.025+0000] {processor.py:179} INFO - Processing /opt/airflow/dags/transaction_facts_generator.py took 0.177 seconds
[2024-11-03T01:03:12.281+0000] {processor.py:157} INFO - Started process (PID=835) to work on /opt/airflow/dags/transaction_facts_generator.py
[2024-11-03T01:03:12.283+0000] {processor.py:829} INFO - Processing file /opt/airflow/dags/transaction_facts_generator.py for tasks to queue
[2024-11-03T01:03:12.284+0000] {logging_mixin.py:151} INFO - [2024-11-03T01:03:12.284+0000] {dagbag.py:539} INFO - Filling up the DagBag from /opt/airflow/dags/transaction_facts_generator.py
[2024-11-03T01:03:12.306+0000] {processor.py:839} INFO - DAG(s) dict_keys(['transaction_facts_generator']) retrieved from /opt/airflow/dags/transaction_facts_generator.py
[2024-11-03T01:03:12.354+0000] {logging_mixin.py:151} INFO - [2024-11-03T01:03:12.354+0000] {dag.py:2915} INFO - Sync 1 DAGs
[2024-11-03T01:03:12.387+0000] {logging_mixin.py:151} INFO - [2024-11-03T01:03:12.387+0000] {dag.py:3696} INFO - Setting next_dagrun for transaction_facts_generator to 2024-11-02T00:00:00+00:00, run_after=2024-11-03T00:00:00+00:00
[2024-11-03T01:03:12.422+0000] {processor.py:179} INFO - Processing /opt/airflow/dags/transaction_facts_generator.py took 0.147 seconds
[2024-11-03T01:03:42.511+0000] {processor.py:157} INFO - Started process (PID=882) to work on /opt/airflow/dags/transaction_facts_generator.py
[2024-11-03T01:03:42.513+0000] {processor.py:829} INFO - Processing file /opt/airflow/dags/transaction_facts_generator.py for tasks to queue
[2024-11-03T01:03:42.514+0000] {logging_mixin.py:151} INFO - [2024-11-03T01:03:42.514+0000] {dagbag.py:539} INFO - Filling up the DagBag from /opt/airflow/dags/transaction_facts_generator.py
[2024-11-03T01:03:42.534+0000] {processor.py:839} INFO - DAG(s) dict_keys(['transaction_facts_generator']) retrieved from /opt/airflow/dags/transaction_facts_generator.py
[2024-11-03T01:03:42.575+0000] {logging_mixin.py:151} INFO - [2024-11-03T01:03:42.575+0000] {dag.py:2915} INFO - Sync 1 DAGs
[2024-11-03T01:03:42.599+0000] {logging_mixin.py:151} INFO - [2024-11-03T01:03:42.598+0000] {dag.py:3696} INFO - Setting next_dagrun for transaction_facts_generator to 2024-11-02T00:00:00+00:00, run_after=2024-11-03T00:00:00+00:00
[2024-11-03T01:03:42.618+0000] {processor.py:179} INFO - Processing /opt/airflow/dags/transaction_facts_generator.py took 0.112 seconds
[2024-11-03T01:04:13.002+0000] {processor.py:157} INFO - Started process (PID=929) to work on /opt/airflow/dags/transaction_facts_generator.py
[2024-11-03T01:04:13.005+0000] {processor.py:829} INFO - Processing file /opt/airflow/dags/transaction_facts_generator.py for tasks to queue
[2024-11-03T01:04:13.008+0000] {logging_mixin.py:151} INFO - [2024-11-03T01:04:13.007+0000] {dagbag.py:539} INFO - Filling up the DagBag from /opt/airflow/dags/transaction_facts_generator.py
[2024-11-03T01:04:13.053+0000] {processor.py:839} INFO - DAG(s) dict_keys(['transaction_facts_generator']) retrieved from /opt/airflow/dags/transaction_facts_generator.py
[2024-11-03T01:04:13.096+0000] {logging_mixin.py:151} INFO - [2024-11-03T01:04:13.096+0000] {dag.py:2915} INFO - Sync 1 DAGs
[2024-11-03T01:04:13.130+0000] {logging_mixin.py:151} INFO - [2024-11-03T01:04:13.129+0000] {dag.py:3696} INFO - Setting next_dagrun for transaction_facts_generator to 2024-11-02T00:00:00+00:00, run_after=2024-11-03T00:00:00+00:00
[2024-11-03T01:04:13.157+0000] {processor.py:179} INFO - Processing /opt/airflow/dags/transaction_facts_generator.py took 0.161 seconds
[2024-11-03T01:04:43.544+0000] {processor.py:157} INFO - Started process (PID=976) to work on /opt/airflow/dags/transaction_facts_generator.py
[2024-11-03T01:04:43.546+0000] {processor.py:829} INFO - Processing file /opt/airflow/dags/transaction_facts_generator.py for tasks to queue
[2024-11-03T01:04:43.547+0000] {logging_mixin.py:151} INFO - [2024-11-03T01:04:43.547+0000] {dagbag.py:539} INFO - Filling up the DagBag from /opt/airflow/dags/transaction_facts_generator.py
[2024-11-03T01:04:43.568+0000] {processor.py:839} INFO - DAG(s) dict_keys(['transaction_facts_generator']) retrieved from /opt/airflow/dags/transaction_facts_generator.py
[2024-11-03T01:04:43.607+0000] {logging_mixin.py:151} INFO - [2024-11-03T01:04:43.607+0000] {dag.py:2915} INFO - Sync 1 DAGs
[2024-11-03T01:04:43.641+0000] {logging_mixin.py:151} INFO - [2024-11-03T01:04:43.641+0000] {dag.py:3696} INFO - Setting next_dagrun for transaction_facts_generator to 2024-11-02T00:00:00+00:00, run_after=2024-11-03T00:00:00+00:00
[2024-11-03T01:04:43.668+0000] {processor.py:179} INFO - Processing /opt/airflow/dags/transaction_facts_generator.py took 0.130 seconds
[2024-11-03T01:05:13.936+0000] {processor.py:157} INFO - Started process (PID=1023) to work on /opt/airflow/dags/transaction_facts_generator.py
[2024-11-03T01:05:13.938+0000] {processor.py:829} INFO - Processing file /opt/airflow/dags/transaction_facts_generator.py for tasks to queue
[2024-11-03T01:05:13.939+0000] {logging_mixin.py:151} INFO - [2024-11-03T01:05:13.939+0000] {dagbag.py:539} INFO - Filling up the DagBag from /opt/airflow/dags/transaction_facts_generator.py
[2024-11-03T01:05:13.957+0000] {processor.py:839} INFO - DAG(s) dict_keys(['transaction_facts_generator']) retrieved from /opt/airflow/dags/transaction_facts_generator.py
[2024-11-03T01:05:14.000+0000] {logging_mixin.py:151} INFO - [2024-11-03T01:05:13.999+0000] {dag.py:2915} INFO - Sync 1 DAGs
[2024-11-03T01:05:14.030+0000] {logging_mixin.py:151} INFO - [2024-11-03T01:05:14.030+0000] {dag.py:3696} INFO - Setting next_dagrun for transaction_facts_generator to 2024-11-02T00:00:00+00:00, run_after=2024-11-03T00:00:00+00:00
[2024-11-03T01:05:14.055+0000] {processor.py:179} INFO - Processing /opt/airflow/dags/transaction_facts_generator.py took 0.124 seconds
[2024-11-03T01:05:44.399+0000] {processor.py:157} INFO - Started process (PID=1070) to work on /opt/airflow/dags/transaction_facts_generator.py
[2024-11-03T01:05:44.400+0000] {processor.py:829} INFO - Processing file /opt/airflow/dags/transaction_facts_generator.py for tasks to queue
[2024-11-03T01:05:44.401+0000] {logging_mixin.py:151} INFO - [2024-11-03T01:05:44.401+0000] {dagbag.py:539} INFO - Filling up the DagBag from /opt/airflow/dags/transaction_facts_generator.py
[2024-11-03T01:05:44.436+0000] {processor.py:839} INFO - DAG(s) dict_keys(['transaction_facts_generator']) retrieved from /opt/airflow/dags/transaction_facts_generator.py
[2024-11-03T01:05:44.474+0000] {logging_mixin.py:151} INFO - [2024-11-03T01:05:44.474+0000] {dag.py:2915} INFO - Sync 1 DAGs
[2024-11-03T01:05:44.497+0000] {logging_mixin.py:151} INFO - [2024-11-03T01:05:44.497+0000] {dag.py:3696} INFO - Setting next_dagrun for transaction_facts_generator to 2024-11-02T00:00:00+00:00, run_after=2024-11-03T00:00:00+00:00
[2024-11-03T01:05:44.519+0000] {processor.py:179} INFO - Processing /opt/airflow/dags/transaction_facts_generator.py took 0.124 seconds
[2024-11-03T01:06:14.635+0000] {processor.py:157} INFO - Started process (PID=1117) to work on /opt/airflow/dags/transaction_facts_generator.py
[2024-11-03T01:06:14.637+0000] {processor.py:829} INFO - Processing file /opt/airflow/dags/transaction_facts_generator.py for tasks to queue
[2024-11-03T01:06:14.638+0000] {logging_mixin.py:151} INFO - [2024-11-03T01:06:14.638+0000] {dagbag.py:539} INFO - Filling up the DagBag from /opt/airflow/dags/transaction_facts_generator.py
[2024-11-03T01:06:14.656+0000] {processor.py:839} INFO - DAG(s) dict_keys(['transaction_facts_generator']) retrieved from /opt/airflow/dags/transaction_facts_generator.py
[2024-11-03T01:06:14.707+0000] {logging_mixin.py:151} INFO - [2024-11-03T01:06:14.707+0000] {dag.py:2915} INFO - Sync 1 DAGs
[2024-11-03T01:06:14.739+0000] {logging_mixin.py:151} INFO - [2024-11-03T01:06:14.739+0000] {dag.py:3696} INFO - Setting next_dagrun for transaction_facts_generator to 2024-11-02T00:00:00+00:00, run_after=2024-11-03T00:00:00+00:00
[2024-11-03T01:06:14.767+0000] {processor.py:179} INFO - Processing /opt/airflow/dags/transaction_facts_generator.py took 0.136 seconds
[2024-11-03T01:06:45.009+0000] {processor.py:157} INFO - Started process (PID=1164) to work on /opt/airflow/dags/transaction_facts_generator.py
[2024-11-03T01:06:45.011+0000] {processor.py:829} INFO - Processing file /opt/airflow/dags/transaction_facts_generator.py for tasks to queue
[2024-11-03T01:06:45.013+0000] {logging_mixin.py:151} INFO - [2024-11-03T01:06:45.013+0000] {dagbag.py:539} INFO - Filling up the DagBag from /opt/airflow/dags/transaction_facts_generator.py
[2024-11-03T01:06:45.040+0000] {processor.py:839} INFO - DAG(s) dict_keys(['transaction_facts_generator']) retrieved from /opt/airflow/dags/transaction_facts_generator.py
[2024-11-03T01:06:45.080+0000] {logging_mixin.py:151} INFO - [2024-11-03T01:06:45.079+0000] {dag.py:2915} INFO - Sync 1 DAGs
[2024-11-03T01:06:45.111+0000] {logging_mixin.py:151} INFO - [2024-11-03T01:06:45.111+0000] {dag.py:3696} INFO - Setting next_dagrun for transaction_facts_generator to 2024-11-02T00:00:00+00:00, run_after=2024-11-03T00:00:00+00:00
[2024-11-03T01:06:45.141+0000] {processor.py:179} INFO - Processing /opt/airflow/dags/transaction_facts_generator.py took 0.136 seconds
[2024-11-03T01:07:15.191+0000] {processor.py:157} INFO - Started process (PID=1210) to work on /opt/airflow/dags/transaction_facts_generator.py
[2024-11-03T01:07:15.192+0000] {processor.py:829} INFO - Processing file /opt/airflow/dags/transaction_facts_generator.py for tasks to queue
[2024-11-03T01:07:15.193+0000] {logging_mixin.py:151} INFO - [2024-11-03T01:07:15.193+0000] {dagbag.py:539} INFO - Filling up the DagBag from /opt/airflow/dags/transaction_facts_generator.py
[2024-11-03T01:07:15.211+0000] {processor.py:839} INFO - DAG(s) dict_keys(['transaction_facts_generator']) retrieved from /opt/airflow/dags/transaction_facts_generator.py
[2024-11-03T01:07:15.252+0000] {logging_mixin.py:151} INFO - [2024-11-03T01:07:15.252+0000] {dag.py:2915} INFO - Sync 1 DAGs
[2024-11-03T01:07:15.281+0000] {logging_mixin.py:151} INFO - [2024-11-03T01:07:15.280+0000] {dag.py:3696} INFO - Setting next_dagrun for transaction_facts_generator to 2024-11-02T00:00:00+00:00, run_after=2024-11-03T00:00:00+00:00
[2024-11-03T01:07:15.306+0000] {processor.py:179} INFO - Processing /opt/airflow/dags/transaction_facts_generator.py took 0.120 seconds
[2024-11-03T01:07:45.682+0000] {processor.py:157} INFO - Started process (PID=1257) to work on /opt/airflow/dags/transaction_facts_generator.py
[2024-11-03T01:07:45.683+0000] {processor.py:829} INFO - Processing file /opt/airflow/dags/transaction_facts_generator.py for tasks to queue
[2024-11-03T01:07:45.685+0000] {logging_mixin.py:151} INFO - [2024-11-03T01:07:45.684+0000] {dagbag.py:539} INFO - Filling up the DagBag from /opt/airflow/dags/transaction_facts_generator.py
[2024-11-03T01:07:45.704+0000] {processor.py:839} INFO - DAG(s) dict_keys(['transaction_facts_generator']) retrieved from /opt/airflow/dags/transaction_facts_generator.py
[2024-11-03T01:07:45.745+0000] {logging_mixin.py:151} INFO - [2024-11-03T01:07:45.745+0000] {dag.py:2915} INFO - Sync 1 DAGs
[2024-11-03T01:07:45.781+0000] {logging_mixin.py:151} INFO - [2024-11-03T01:07:45.781+0000] {dag.py:3696} INFO - Setting next_dagrun for transaction_facts_generator to 2024-11-02T00:00:00+00:00, run_after=2024-11-03T00:00:00+00:00
[2024-11-03T01:07:45.807+0000] {processor.py:179} INFO - Processing /opt/airflow/dags/transaction_facts_generator.py took 0.130 seconds
[2024-11-03T01:08:16.086+0000] {processor.py:157} INFO - Started process (PID=1304) to work on /opt/airflow/dags/transaction_facts_generator.py
[2024-11-03T01:08:16.088+0000] {processor.py:829} INFO - Processing file /opt/airflow/dags/transaction_facts_generator.py for tasks to queue
[2024-11-03T01:08:16.089+0000] {logging_mixin.py:151} INFO - [2024-11-03T01:08:16.088+0000] {dagbag.py:539} INFO - Filling up the DagBag from /opt/airflow/dags/transaction_facts_generator.py
[2024-11-03T01:08:16.109+0000] {processor.py:839} INFO - DAG(s) dict_keys(['transaction_facts_generator']) retrieved from /opt/airflow/dags/transaction_facts_generator.py
[2024-11-03T01:08:16.148+0000] {logging_mixin.py:151} INFO - [2024-11-03T01:08:16.148+0000] {dag.py:2915} INFO - Sync 1 DAGs
[2024-11-03T01:08:16.178+0000] {logging_mixin.py:151} INFO - [2024-11-03T01:08:16.177+0000] {dag.py:3696} INFO - Setting next_dagrun for transaction_facts_generator to 2024-11-02T00:00:00+00:00, run_after=2024-11-03T00:00:00+00:00
[2024-11-03T01:08:16.202+0000] {processor.py:179} INFO - Processing /opt/airflow/dags/transaction_facts_generator.py took 0.121 seconds
[2024-11-03T01:08:46.872+0000] {processor.py:157} INFO - Started process (PID=1351) to work on /opt/airflow/dags/transaction_facts_generator.py
[2024-11-03T01:08:46.875+0000] {processor.py:829} INFO - Processing file /opt/airflow/dags/transaction_facts_generator.py for tasks to queue
[2024-11-03T01:08:46.876+0000] {logging_mixin.py:151} INFO - [2024-11-03T01:08:46.876+0000] {dagbag.py:539} INFO - Filling up the DagBag from /opt/airflow/dags/transaction_facts_generator.py
[2024-11-03T01:08:46.897+0000] {processor.py:839} INFO - DAG(s) dict_keys(['transaction_facts_generator']) retrieved from /opt/airflow/dags/transaction_facts_generator.py
[2024-11-03T01:08:46.937+0000] {logging_mixin.py:151} INFO - [2024-11-03T01:08:46.937+0000] {dag.py:2915} INFO - Sync 1 DAGs
[2024-11-03T01:08:46.967+0000] {logging_mixin.py:151} INFO - [2024-11-03T01:08:46.967+0000] {dag.py:3696} INFO - Setting next_dagrun for transaction_facts_generator to 2024-11-02T00:00:00+00:00, run_after=2024-11-03T00:00:00+00:00
[2024-11-03T01:08:46.991+0000] {processor.py:179} INFO - Processing /opt/airflow/dags/transaction_facts_generator.py took 0.123 seconds
[2024-11-03T01:09:17.396+0000] {processor.py:157} INFO - Started process (PID=1397) to work on /opt/airflow/dags/transaction_facts_generator.py
[2024-11-03T01:09:17.398+0000] {processor.py:829} INFO - Processing file /opt/airflow/dags/transaction_facts_generator.py for tasks to queue
[2024-11-03T01:09:17.401+0000] {logging_mixin.py:151} INFO - [2024-11-03T01:09:17.400+0000] {dagbag.py:539} INFO - Filling up the DagBag from /opt/airflow/dags/transaction_facts_generator.py
[2024-11-03T01:09:17.438+0000] {processor.py:839} INFO - DAG(s) dict_keys(['transaction_facts_generator']) retrieved from /opt/airflow/dags/transaction_facts_generator.py
[2024-11-03T01:09:17.499+0000] {logging_mixin.py:151} INFO - [2024-11-03T01:09:17.499+0000] {dag.py:2915} INFO - Sync 1 DAGs
[2024-11-03T01:09:17.548+0000] {logging_mixin.py:151} INFO - [2024-11-03T01:09:17.547+0000] {dag.py:3696} INFO - Setting next_dagrun for transaction_facts_generator to 2024-11-02T00:00:00+00:00, run_after=2024-11-03T00:00:00+00:00
[2024-11-03T01:09:17.587+0000] {processor.py:179} INFO - Processing /opt/airflow/dags/transaction_facts_generator.py took 0.197 seconds
[2024-11-03T01:09:49.008+0000] {processor.py:157} INFO - Started process (PID=1450) to work on /opt/airflow/dags/transaction_facts_generator.py
[2024-11-03T01:09:49.087+0000] {processor.py:829} INFO - Processing file /opt/airflow/dags/transaction_facts_generator.py for tasks to queue
[2024-11-03T01:09:49.105+0000] {logging_mixin.py:151} INFO - [2024-11-03T01:09:49.096+0000] {dagbag.py:539} INFO - Filling up the DagBag from /opt/airflow/dags/transaction_facts_generator.py
[2024-11-03T01:09:49.792+0000] {processor.py:839} INFO - DAG(s) dict_keys(['transaction_facts_generator']) retrieved from /opt/airflow/dags/transaction_facts_generator.py
[2024-11-03T01:09:51.152+0000] {logging_mixin.py:151} INFO - [2024-11-03T01:09:51.150+0000] {dag.py:2915} INFO - Sync 1 DAGs
[2024-11-03T01:09:51.653+0000] {logging_mixin.py:151} INFO - [2024-11-03T01:09:51.653+0000] {dag.py:3696} INFO - Setting next_dagrun for transaction_facts_generator to 2024-11-02T00:00:00+00:00, run_after=2024-11-03T00:00:00+00:00
[2024-11-03T01:09:51.874+0000] {processor.py:179} INFO - Processing /opt/airflow/dags/transaction_facts_generator.py took 3.277 seconds
[2024-11-03T01:10:22.073+0000] {processor.py:157} INFO - Started process (PID=1527) to work on /opt/airflow/dags/transaction_facts_generator.py
[2024-11-03T01:10:22.076+0000] {processor.py:829} INFO - Processing file /opt/airflow/dags/transaction_facts_generator.py for tasks to queue
[2024-11-03T01:10:22.078+0000] {logging_mixin.py:151} INFO - [2024-11-03T01:10:22.078+0000] {dagbag.py:539} INFO - Filling up the DagBag from /opt/airflow/dags/transaction_facts_generator.py
[2024-11-03T01:10:22.098+0000] {processor.py:839} INFO - DAG(s) dict_keys(['transaction_facts_generator']) retrieved from /opt/airflow/dags/transaction_facts_generator.py
[2024-11-03T01:10:22.144+0000] {logging_mixin.py:151} INFO - [2024-11-03T01:10:22.143+0000] {dag.py:2915} INFO - Sync 1 DAGs
[2024-11-03T01:10:22.183+0000] {logging_mixin.py:151} INFO - [2024-11-03T01:10:22.183+0000] {dag.py:3696} INFO - Setting next_dagrun for transaction_facts_generator to 2024-11-02T00:00:00+00:00, run_after=2024-11-03T00:00:00+00:00
[2024-11-03T01:10:22.216+0000] {processor.py:179} INFO - Processing /opt/airflow/dags/transaction_facts_generator.py took 0.149 seconds
[2024-11-03T01:10:52.501+0000] {processor.py:157} INFO - Started process (PID=1574) to work on /opt/airflow/dags/transaction_facts_generator.py
[2024-11-03T01:10:52.502+0000] {processor.py:829} INFO - Processing file /opt/airflow/dags/transaction_facts_generator.py for tasks to queue
[2024-11-03T01:10:52.504+0000] {logging_mixin.py:151} INFO - [2024-11-03T01:10:52.503+0000] {dagbag.py:539} INFO - Filling up the DagBag from /opt/airflow/dags/transaction_facts_generator.py
[2024-11-03T01:10:52.524+0000] {processor.py:839} INFO - DAG(s) dict_keys(['transaction_facts_generator']) retrieved from /opt/airflow/dags/transaction_facts_generator.py
[2024-11-03T01:10:52.571+0000] {logging_mixin.py:151} INFO - [2024-11-03T01:10:52.570+0000] {dag.py:2915} INFO - Sync 1 DAGs
[2024-11-03T01:10:52.601+0000] {logging_mixin.py:151} INFO - [2024-11-03T01:10:52.600+0000] {dag.py:3696} INFO - Setting next_dagrun for transaction_facts_generator to 2024-11-02T00:00:00+00:00, run_after=2024-11-03T00:00:00+00:00
[2024-11-03T01:10:52.629+0000] {processor.py:179} INFO - Processing /opt/airflow/dags/transaction_facts_generator.py took 0.133 seconds
[2024-11-03T01:11:22.894+0000] {processor.py:157} INFO - Started process (PID=1621) to work on /opt/airflow/dags/transaction_facts_generator.py
[2024-11-03T01:11:22.896+0000] {processor.py:829} INFO - Processing file /opt/airflow/dags/transaction_facts_generator.py for tasks to queue
[2024-11-03T01:11:22.897+0000] {logging_mixin.py:151} INFO - [2024-11-03T01:11:22.897+0000] {dagbag.py:539} INFO - Filling up the DagBag from /opt/airflow/dags/transaction_facts_generator.py
[2024-11-03T01:11:22.917+0000] {processor.py:839} INFO - DAG(s) dict_keys(['transaction_facts_generator']) retrieved from /opt/airflow/dags/transaction_facts_generator.py
[2024-11-03T01:11:22.962+0000] {logging_mixin.py:151} INFO - [2024-11-03T01:11:22.961+0000] {dag.py:2915} INFO - Sync 1 DAGs
[2024-11-03T01:11:22.993+0000] {logging_mixin.py:151} INFO - [2024-11-03T01:11:22.992+0000] {dag.py:3696} INFO - Setting next_dagrun for transaction_facts_generator to 2024-11-02T00:00:00+00:00, run_after=2024-11-03T00:00:00+00:00
[2024-11-03T01:11:23.021+0000] {processor.py:179} INFO - Processing /opt/airflow/dags/transaction_facts_generator.py took 0.132 seconds
[2024-11-03T01:11:53.333+0000] {processor.py:157} INFO - Started process (PID=1668) to work on /opt/airflow/dags/transaction_facts_generator.py
[2024-11-03T01:11:53.334+0000] {processor.py:829} INFO - Processing file /opt/airflow/dags/transaction_facts_generator.py for tasks to queue
[2024-11-03T01:11:53.335+0000] {logging_mixin.py:151} INFO - [2024-11-03T01:11:53.335+0000] {dagbag.py:539} INFO - Filling up the DagBag from /opt/airflow/dags/transaction_facts_generator.py
[2024-11-03T01:11:53.352+0000] {processor.py:839} INFO - DAG(s) dict_keys(['transaction_facts_generator']) retrieved from /opt/airflow/dags/transaction_facts_generator.py
[2024-11-03T01:11:53.391+0000] {logging_mixin.py:151} INFO - [2024-11-03T01:11:53.391+0000] {dag.py:2915} INFO - Sync 1 DAGs
[2024-11-03T01:11:53.423+0000] {logging_mixin.py:151} INFO - [2024-11-03T01:11:53.423+0000] {dag.py:3696} INFO - Setting next_dagrun for transaction_facts_generator to 2024-11-02T00:00:00+00:00, run_after=2024-11-03T00:00:00+00:00
[2024-11-03T01:11:53.451+0000] {processor.py:179} INFO - Processing /opt/airflow/dags/transaction_facts_generator.py took 0.123 seconds
[2024-11-03T01:12:23.962+0000] {processor.py:157} INFO - Started process (PID=1715) to work on /opt/airflow/dags/transaction_facts_generator.py
[2024-11-03T01:12:23.966+0000] {processor.py:829} INFO - Processing file /opt/airflow/dags/transaction_facts_generator.py for tasks to queue
[2024-11-03T01:12:23.968+0000] {logging_mixin.py:151} INFO - [2024-11-03T01:12:23.967+0000] {dagbag.py:539} INFO - Filling up the DagBag from /opt/airflow/dags/transaction_facts_generator.py
[2024-11-03T01:12:23.993+0000] {processor.py:839} INFO - DAG(s) dict_keys(['transaction_facts_generator']) retrieved from /opt/airflow/dags/transaction_facts_generator.py
[2024-11-03T01:12:24.055+0000] {logging_mixin.py:151} INFO - [2024-11-03T01:12:24.054+0000] {dag.py:2915} INFO - Sync 1 DAGs
[2024-11-03T01:12:24.091+0000] {logging_mixin.py:151} INFO - [2024-11-03T01:12:24.090+0000] {dag.py:3696} INFO - Setting next_dagrun for transaction_facts_generator to 2024-11-02T00:00:00+00:00, run_after=2024-11-03T00:00:00+00:00
[2024-11-03T01:12:24.126+0000] {processor.py:179} INFO - Processing /opt/airflow/dags/transaction_facts_generator.py took 0.171 seconds
[2024-11-03T01:12:54.635+0000] {processor.py:157} INFO - Started process (PID=1780) to work on /opt/airflow/dags/transaction_facts_generator.py
[2024-11-03T01:12:54.638+0000] {processor.py:829} INFO - Processing file /opt/airflow/dags/transaction_facts_generator.py for tasks to queue
[2024-11-03T01:12:54.639+0000] {logging_mixin.py:151} INFO - [2024-11-03T01:12:54.639+0000] {dagbag.py:539} INFO - Filling up the DagBag from /opt/airflow/dags/transaction_facts_generator.py
[2024-11-03T01:12:54.661+0000] {processor.py:839} INFO - DAG(s) dict_keys(['transaction_facts_generator']) retrieved from /opt/airflow/dags/transaction_facts_generator.py
[2024-11-03T01:12:54.710+0000] {logging_mixin.py:151} INFO - [2024-11-03T01:12:54.710+0000] {dag.py:2915} INFO - Sync 1 DAGs
[2024-11-03T01:12:54.741+0000] {logging_mixin.py:151} INFO - [2024-11-03T01:12:54.741+0000] {dag.py:3696} INFO - Setting next_dagrun for transaction_facts_generator to 2024-11-03T00:00:00+00:00, run_after=2024-11-04T00:00:00+00:00
[2024-11-03T01:12:54.768+0000] {processor.py:179} INFO - Processing /opt/airflow/dags/transaction_facts_generator.py took 0.138 seconds
[2024-11-03T01:13:25.676+0000] {processor.py:157} INFO - Started process (PID=1826) to work on /opt/airflow/dags/transaction_facts_generator.py
[2024-11-03T01:13:25.679+0000] {processor.py:829} INFO - Processing file /opt/airflow/dags/transaction_facts_generator.py for tasks to queue
[2024-11-03T01:13:25.680+0000] {logging_mixin.py:151} INFO - [2024-11-03T01:13:25.680+0000] {dagbag.py:539} INFO - Filling up the DagBag from /opt/airflow/dags/transaction_facts_generator.py
[2024-11-03T01:13:25.722+0000] {processor.py:839} INFO - DAG(s) dict_keys(['transaction_facts_generator']) retrieved from /opt/airflow/dags/transaction_facts_generator.py
[2024-11-03T01:13:25.806+0000] {logging_mixin.py:151} INFO - [2024-11-03T01:13:25.806+0000] {dag.py:2915} INFO - Sync 1 DAGs
[2024-11-03T01:13:25.866+0000] {logging_mixin.py:151} INFO - [2024-11-03T01:13:25.866+0000] {dag.py:3696} INFO - Setting next_dagrun for transaction_facts_generator to 2024-11-03T00:00:00+00:00, run_after=2024-11-04T00:00:00+00:00
[2024-11-03T01:13:25.913+0000] {processor.py:179} INFO - Processing /opt/airflow/dags/transaction_facts_generator.py took 0.243 seconds
[2024-11-03T01:13:56.367+0000] {processor.py:157} INFO - Started process (PID=1877) to work on /opt/airflow/dags/transaction_facts_generator.py
[2024-11-03T01:13:56.369+0000] {processor.py:829} INFO - Processing file /opt/airflow/dags/transaction_facts_generator.py for tasks to queue
[2024-11-03T01:13:56.370+0000] {logging_mixin.py:151} INFO - [2024-11-03T01:13:56.370+0000] {dagbag.py:539} INFO - Filling up the DagBag from /opt/airflow/dags/transaction_facts_generator.py
[2024-11-03T01:13:56.387+0000] {processor.py:839} INFO - DAG(s) dict_keys(['transaction_facts_generator']) retrieved from /opt/airflow/dags/transaction_facts_generator.py
[2024-11-03T01:13:56.427+0000] {logging_mixin.py:151} INFO - [2024-11-03T01:13:56.427+0000] {dag.py:2915} INFO - Sync 1 DAGs
[2024-11-03T01:13:56.458+0000] {logging_mixin.py:151} INFO - [2024-11-03T01:13:56.458+0000] {dag.py:3696} INFO - Setting next_dagrun for transaction_facts_generator to 2024-11-03T00:00:00+00:00, run_after=2024-11-04T00:00:00+00:00
[2024-11-03T01:13:56.487+0000] {processor.py:179} INFO - Processing /opt/airflow/dags/transaction_facts_generator.py took 0.125 seconds
[2024-11-03T01:14:26.768+0000] {processor.py:157} INFO - Started process (PID=1924) to work on /opt/airflow/dags/transaction_facts_generator.py
[2024-11-03T01:14:26.770+0000] {processor.py:829} INFO - Processing file /opt/airflow/dags/transaction_facts_generator.py for tasks to queue
[2024-11-03T01:14:26.771+0000] {logging_mixin.py:151} INFO - [2024-11-03T01:14:26.771+0000] {dagbag.py:539} INFO - Filling up the DagBag from /opt/airflow/dags/transaction_facts_generator.py
[2024-11-03T01:14:26.789+0000] {processor.py:839} INFO - DAG(s) dict_keys(['transaction_facts_generator']) retrieved from /opt/airflow/dags/transaction_facts_generator.py
[2024-11-03T01:14:26.830+0000] {logging_mixin.py:151} INFO - [2024-11-03T01:14:26.830+0000] {dag.py:2915} INFO - Sync 1 DAGs
[2024-11-03T01:14:26.862+0000] {logging_mixin.py:151} INFO - [2024-11-03T01:14:26.862+0000] {dag.py:3696} INFO - Setting next_dagrun for transaction_facts_generator to 2024-11-03T00:00:00+00:00, run_after=2024-11-04T00:00:00+00:00
[2024-11-03T01:14:26.887+0000] {processor.py:179} INFO - Processing /opt/airflow/dags/transaction_facts_generator.py took 0.123 seconds
[2024-11-03T01:14:57.114+0000] {processor.py:157} INFO - Started process (PID=1971) to work on /opt/airflow/dags/transaction_facts_generator.py
[2024-11-03T01:14:57.116+0000] {processor.py:829} INFO - Processing file /opt/airflow/dags/transaction_facts_generator.py for tasks to queue
[2024-11-03T01:14:57.117+0000] {logging_mixin.py:151} INFO - [2024-11-03T01:14:57.117+0000] {dagbag.py:539} INFO - Filling up the DagBag from /opt/airflow/dags/transaction_facts_generator.py
[2024-11-03T01:14:57.133+0000] {processor.py:839} INFO - DAG(s) dict_keys(['transaction_facts_generator']) retrieved from /opt/airflow/dags/transaction_facts_generator.py
[2024-11-03T01:14:57.171+0000] {logging_mixin.py:151} INFO - [2024-11-03T01:14:57.171+0000] {dag.py:2915} INFO - Sync 1 DAGs
[2024-11-03T01:14:57.201+0000] {logging_mixin.py:151} INFO - [2024-11-03T01:14:57.200+0000] {dag.py:3696} INFO - Setting next_dagrun for transaction_facts_generator to 2024-11-03T00:00:00+00:00, run_after=2024-11-04T00:00:00+00:00
[2024-11-03T01:14:57.228+0000] {processor.py:179} INFO - Processing /opt/airflow/dags/transaction_facts_generator.py took 0.119 seconds
[2024-11-03T01:15:27.423+0000] {processor.py:157} INFO - Started process (PID=2018) to work on /opt/airflow/dags/transaction_facts_generator.py
[2024-11-03T01:15:27.425+0000] {processor.py:829} INFO - Processing file /opt/airflow/dags/transaction_facts_generator.py for tasks to queue
[2024-11-03T01:15:27.426+0000] {logging_mixin.py:151} INFO - [2024-11-03T01:15:27.426+0000] {dagbag.py:539} INFO - Filling up the DagBag from /opt/airflow/dags/transaction_facts_generator.py
[2024-11-03T01:15:27.442+0000] {processor.py:839} INFO - DAG(s) dict_keys(['transaction_facts_generator']) retrieved from /opt/airflow/dags/transaction_facts_generator.py
[2024-11-03T01:15:27.478+0000] {logging_mixin.py:151} INFO - [2024-11-03T01:15:27.478+0000] {dag.py:2915} INFO - Sync 1 DAGs
[2024-11-03T01:15:27.505+0000] {logging_mixin.py:151} INFO - [2024-11-03T01:15:27.505+0000] {dag.py:3696} INFO - Setting next_dagrun for transaction_facts_generator to 2024-11-03T00:00:00+00:00, run_after=2024-11-04T00:00:00+00:00
[2024-11-03T01:15:27.529+0000] {processor.py:179} INFO - Processing /opt/airflow/dags/transaction_facts_generator.py took 0.110 seconds
[2024-11-03T01:15:58.130+0000] {processor.py:157} INFO - Started process (PID=2059) to work on /opt/airflow/dags/transaction_facts_generator.py
[2024-11-03T01:15:58.132+0000] {processor.py:829} INFO - Processing file /opt/airflow/dags/transaction_facts_generator.py for tasks to queue
[2024-11-03T01:15:58.133+0000] {logging_mixin.py:151} INFO - [2024-11-03T01:15:58.133+0000] {dagbag.py:539} INFO - Filling up the DagBag from /opt/airflow/dags/transaction_facts_generator.py
[2024-11-03T01:15:58.151+0000] {processor.py:839} INFO - DAG(s) dict_keys(['transaction_facts_generator']) retrieved from /opt/airflow/dags/transaction_facts_generator.py
[2024-11-03T01:15:58.188+0000] {logging_mixin.py:151} INFO - [2024-11-03T01:15:58.188+0000] {dag.py:2915} INFO - Sync 1 DAGs
[2024-11-03T01:15:58.216+0000] {logging_mixin.py:151} INFO - [2024-11-03T01:15:58.215+0000] {dag.py:3696} INFO - Setting next_dagrun for transaction_facts_generator to 2024-11-03T00:00:00+00:00, run_after=2024-11-04T00:00:00+00:00
[2024-11-03T01:15:58.243+0000] {processor.py:179} INFO - Processing /opt/airflow/dags/transaction_facts_generator.py took 0.118 seconds
[2024-11-03T01:16:28.351+0000] {processor.py:157} INFO - Started process (PID=2100) to work on /opt/airflow/dags/transaction_facts_generator.py
[2024-11-03T01:16:28.352+0000] {processor.py:829} INFO - Processing file /opt/airflow/dags/transaction_facts_generator.py for tasks to queue
[2024-11-03T01:16:28.354+0000] {logging_mixin.py:151} INFO - [2024-11-03T01:16:28.353+0000] {dagbag.py:539} INFO - Filling up the DagBag from /opt/airflow/dags/transaction_facts_generator.py
[2024-11-03T01:16:28.369+0000] {processor.py:839} INFO - DAG(s) dict_keys(['transaction_facts_generator']) retrieved from /opt/airflow/dags/transaction_facts_generator.py
[2024-11-03T01:16:28.410+0000] {logging_mixin.py:151} INFO - [2024-11-03T01:16:28.409+0000] {dag.py:2915} INFO - Sync 1 DAGs
[2024-11-03T01:16:28.438+0000] {logging_mixin.py:151} INFO - [2024-11-03T01:16:28.438+0000] {dag.py:3696} INFO - Setting next_dagrun for transaction_facts_generator to 2024-11-03T00:00:00+00:00, run_after=2024-11-04T00:00:00+00:00
[2024-11-03T01:16:28.461+0000] {processor.py:179} INFO - Processing /opt/airflow/dags/transaction_facts_generator.py took 0.115 seconds
[2024-11-03T01:16:58.604+0000] {processor.py:157} INFO - Started process (PID=2141) to work on /opt/airflow/dags/transaction_facts_generator.py
[2024-11-03T01:16:58.606+0000] {processor.py:829} INFO - Processing file /opt/airflow/dags/transaction_facts_generator.py for tasks to queue
[2024-11-03T01:16:58.607+0000] {logging_mixin.py:151} INFO - [2024-11-03T01:16:58.607+0000] {dagbag.py:539} INFO - Filling up the DagBag from /opt/airflow/dags/transaction_facts_generator.py
[2024-11-03T01:16:58.623+0000] {processor.py:839} INFO - DAG(s) dict_keys(['transaction_facts_generator']) retrieved from /opt/airflow/dags/transaction_facts_generator.py
[2024-11-03T01:16:58.659+0000] {logging_mixin.py:151} INFO - [2024-11-03T01:16:58.659+0000] {dag.py:2915} INFO - Sync 1 DAGs
[2024-11-03T01:16:58.685+0000] {logging_mixin.py:151} INFO - [2024-11-03T01:16:58.685+0000] {dag.py:3696} INFO - Setting next_dagrun for transaction_facts_generator to 2024-11-03T00:00:00+00:00, run_after=2024-11-04T00:00:00+00:00
[2024-11-03T01:16:58.706+0000] {processor.py:179} INFO - Processing /opt/airflow/dags/transaction_facts_generator.py took 0.106 seconds
[2024-11-03T01:17:28.830+0000] {processor.py:157} INFO - Started process (PID=2176) to work on /opt/airflow/dags/transaction_facts_generator.py
[2024-11-03T01:17:28.832+0000] {processor.py:829} INFO - Processing file /opt/airflow/dags/transaction_facts_generator.py for tasks to queue
[2024-11-03T01:17:28.833+0000] {logging_mixin.py:151} INFO - [2024-11-03T01:17:28.833+0000] {dagbag.py:539} INFO - Filling up the DagBag from /opt/airflow/dags/transaction_facts_generator.py
[2024-11-03T01:17:28.850+0000] {processor.py:839} INFO - DAG(s) dict_keys(['transaction_facts_generator']) retrieved from /opt/airflow/dags/transaction_facts_generator.py
[2024-11-03T01:17:28.888+0000] {logging_mixin.py:151} INFO - [2024-11-03T01:17:28.888+0000] {dag.py:2915} INFO - Sync 1 DAGs
[2024-11-03T01:17:28.916+0000] {logging_mixin.py:151} INFO - [2024-11-03T01:17:28.915+0000] {dag.py:3696} INFO - Setting next_dagrun for transaction_facts_generator to 2024-11-03T00:00:00+00:00, run_after=2024-11-04T00:00:00+00:00
[2024-11-03T01:17:28.938+0000] {processor.py:179} INFO - Processing /opt/airflow/dags/transaction_facts_generator.py took 0.113 seconds
[2024-11-03T01:17:59.516+0000] {processor.py:157} INFO - Started process (PID=2223) to work on /opt/airflow/dags/transaction_facts_generator.py
[2024-11-03T01:17:59.518+0000] {processor.py:829} INFO - Processing file /opt/airflow/dags/transaction_facts_generator.py for tasks to queue
[2024-11-03T01:17:59.523+0000] {logging_mixin.py:151} INFO - [2024-11-03T01:17:59.522+0000] {dagbag.py:539} INFO - Filling up the DagBag from /opt/airflow/dags/transaction_facts_generator.py
[2024-11-03T01:17:59.541+0000] {processor.py:839} INFO - DAG(s) dict_keys(['transaction_facts_generator']) retrieved from /opt/airflow/dags/transaction_facts_generator.py
[2024-11-03T01:17:59.580+0000] {logging_mixin.py:151} INFO - [2024-11-03T01:17:59.580+0000] {dag.py:2915} INFO - Sync 1 DAGs
[2024-11-03T01:17:59.609+0000] {logging_mixin.py:151} INFO - [2024-11-03T01:17:59.609+0000] {dag.py:3696} INFO - Setting next_dagrun for transaction_facts_generator to 2024-11-03T00:00:00+00:00, run_after=2024-11-04T00:00:00+00:00
[2024-11-03T01:17:59.634+0000] {processor.py:179} INFO - Processing /opt/airflow/dags/transaction_facts_generator.py took 0.123 seconds
[2024-11-03T01:18:30.150+0000] {processor.py:157} INFO - Started process (PID=2270) to work on /opt/airflow/dags/transaction_facts_generator.py
[2024-11-03T01:18:30.152+0000] {processor.py:829} INFO - Processing file /opt/airflow/dags/transaction_facts_generator.py for tasks to queue
[2024-11-03T01:18:30.153+0000] {logging_mixin.py:151} INFO - [2024-11-03T01:18:30.152+0000] {dagbag.py:539} INFO - Filling up the DagBag from /opt/airflow/dags/transaction_facts_generator.py
[2024-11-03T01:18:30.169+0000] {processor.py:839} INFO - DAG(s) dict_keys(['transaction_facts_generator']) retrieved from /opt/airflow/dags/transaction_facts_generator.py
[2024-11-03T01:18:30.209+0000] {logging_mixin.py:151} INFO - [2024-11-03T01:18:30.208+0000] {dag.py:2915} INFO - Sync 1 DAGs
[2024-11-03T01:18:30.238+0000] {logging_mixin.py:151} INFO - [2024-11-03T01:18:30.238+0000] {dag.py:3696} INFO - Setting next_dagrun for transaction_facts_generator to 2024-11-03T00:00:00+00:00, run_after=2024-11-04T00:00:00+00:00
[2024-11-03T01:18:30.260+0000] {processor.py:179} INFO - Processing /opt/airflow/dags/transaction_facts_generator.py took 0.115 seconds
[2024-11-03T01:19:00.592+0000] {processor.py:157} INFO - Started process (PID=2317) to work on /opt/airflow/dags/transaction_facts_generator.py
[2024-11-03T01:19:00.595+0000] {processor.py:829} INFO - Processing file /opt/airflow/dags/transaction_facts_generator.py for tasks to queue
[2024-11-03T01:19:00.596+0000] {logging_mixin.py:151} INFO - [2024-11-03T01:19:00.596+0000] {dagbag.py:539} INFO - Filling up the DagBag from /opt/airflow/dags/transaction_facts_generator.py
[2024-11-03T01:19:00.671+0000] {processor.py:839} INFO - DAG(s) dict_keys(['transaction_facts_generator']) retrieved from /opt/airflow/dags/transaction_facts_generator.py
[2024-11-03T01:19:00.752+0000] {logging_mixin.py:151} INFO - [2024-11-03T01:19:00.751+0000] {dag.py:2915} INFO - Sync 1 DAGs
[2024-11-03T01:19:00.867+0000] {logging_mixin.py:151} INFO - [2024-11-03T01:19:00.867+0000] {dag.py:3696} INFO - Setting next_dagrun for transaction_facts_generator to 2024-11-03T00:00:00+00:00, run_after=2024-11-04T00:00:00+00:00
[2024-11-03T01:19:00.918+0000] {processor.py:179} INFO - Processing /opt/airflow/dags/transaction_facts_generator.py took 0.334 seconds
[2024-11-03T01:19:31.177+0000] {processor.py:157} INFO - Started process (PID=2364) to work on /opt/airflow/dags/transaction_facts_generator.py
[2024-11-03T01:19:31.179+0000] {processor.py:829} INFO - Processing file /opt/airflow/dags/transaction_facts_generator.py for tasks to queue
[2024-11-03T01:19:31.181+0000] {logging_mixin.py:151} INFO - [2024-11-03T01:19:31.180+0000] {dagbag.py:539} INFO - Filling up the DagBag from /opt/airflow/dags/transaction_facts_generator.py
[2024-11-03T01:19:31.196+0000] {processor.py:839} INFO - DAG(s) dict_keys(['transaction_facts_generator']) retrieved from /opt/airflow/dags/transaction_facts_generator.py
[2024-11-03T01:19:31.237+0000] {logging_mixin.py:151} INFO - [2024-11-03T01:19:31.237+0000] {dag.py:2915} INFO - Sync 1 DAGs
[2024-11-03T01:19:31.266+0000] {logging_mixin.py:151} INFO - [2024-11-03T01:19:31.265+0000] {dag.py:3696} INFO - Setting next_dagrun for transaction_facts_generator to 2024-11-03T00:00:00+00:00, run_after=2024-11-04T00:00:00+00:00
[2024-11-03T01:19:31.287+0000] {processor.py:179} INFO - Processing /opt/airflow/dags/transaction_facts_generator.py took 0.115 seconds
[2024-11-03T01:20:01.607+0000] {processor.py:157} INFO - Started process (PID=2411) to work on /opt/airflow/dags/transaction_facts_generator.py
[2024-11-03T01:20:01.609+0000] {processor.py:829} INFO - Processing file /opt/airflow/dags/transaction_facts_generator.py for tasks to queue
[2024-11-03T01:20:01.611+0000] {logging_mixin.py:151} INFO - [2024-11-03T01:20:01.610+0000] {dagbag.py:539} INFO - Filling up the DagBag from /opt/airflow/dags/transaction_facts_generator.py
[2024-11-03T01:20:01.628+0000] {processor.py:839} INFO - DAG(s) dict_keys(['transaction_facts_generator']) retrieved from /opt/airflow/dags/transaction_facts_generator.py
[2024-11-03T01:20:01.671+0000] {logging_mixin.py:151} INFO - [2024-11-03T01:20:01.671+0000] {dag.py:2915} INFO - Sync 1 DAGs
[2024-11-03T01:20:01.701+0000] {logging_mixin.py:151} INFO - [2024-11-03T01:20:01.700+0000] {dag.py:3696} INFO - Setting next_dagrun for transaction_facts_generator to 2024-11-03T00:00:00+00:00, run_after=2024-11-04T00:00:00+00:00
[2024-11-03T01:20:01.724+0000] {processor.py:179} INFO - Processing /opt/airflow/dags/transaction_facts_generator.py took 0.122 seconds
[2024-11-03T01:20:31.805+0000] {processor.py:157} INFO - Started process (PID=2458) to work on /opt/airflow/dags/transaction_facts_generator.py
[2024-11-03T01:20:31.809+0000] {processor.py:829} INFO - Processing file /opt/airflow/dags/transaction_facts_generator.py for tasks to queue
[2024-11-03T01:20:31.810+0000] {logging_mixin.py:151} INFO - [2024-11-03T01:20:31.810+0000] {dagbag.py:539} INFO - Filling up the DagBag from /opt/airflow/dags/transaction_facts_generator.py
[2024-11-03T01:20:31.838+0000] {processor.py:839} INFO - DAG(s) dict_keys(['transaction_facts_generator']) retrieved from /opt/airflow/dags/transaction_facts_generator.py
[2024-11-03T01:20:31.888+0000] {logging_mixin.py:151} INFO - [2024-11-03T01:20:31.887+0000] {dag.py:2915} INFO - Sync 1 DAGs
[2024-11-03T01:20:31.927+0000] {logging_mixin.py:151} INFO - [2024-11-03T01:20:31.927+0000] {dag.py:3696} INFO - Setting next_dagrun for transaction_facts_generator to 2024-11-03T00:00:00+00:00, run_after=2024-11-04T00:00:00+00:00
[2024-11-03T01:20:31.962+0000] {processor.py:179} INFO - Processing /opt/airflow/dags/transaction_facts_generator.py took 0.168 seconds
[2024-11-03T01:21:02.023+0000] {processor.py:157} INFO - Started process (PID=2505) to work on /opt/airflow/dags/transaction_facts_generator.py
[2024-11-03T01:21:02.025+0000] {processor.py:829} INFO - Processing file /opt/airflow/dags/transaction_facts_generator.py for tasks to queue
[2024-11-03T01:21:02.026+0000] {logging_mixin.py:151} INFO - [2024-11-03T01:21:02.026+0000] {dagbag.py:539} INFO - Filling up the DagBag from /opt/airflow/dags/transaction_facts_generator.py
[2024-11-03T01:21:02.046+0000] {processor.py:839} INFO - DAG(s) dict_keys(['transaction_facts_generator']) retrieved from /opt/airflow/dags/transaction_facts_generator.py
[2024-11-03T01:21:02.088+0000] {logging_mixin.py:151} INFO - [2024-11-03T01:21:02.088+0000] {dag.py:2915} INFO - Sync 1 DAGs
[2024-11-03T01:21:02.122+0000] {logging_mixin.py:151} INFO - [2024-11-03T01:21:02.122+0000] {dag.py:3696} INFO - Setting next_dagrun for transaction_facts_generator to 2024-11-03T00:00:00+00:00, run_after=2024-11-04T00:00:00+00:00
[2024-11-03T01:21:02.152+0000] {processor.py:179} INFO - Processing /opt/airflow/dags/transaction_facts_generator.py took 0.134 seconds
[2024-11-03T01:21:32.226+0000] {processor.py:157} INFO - Started process (PID=2552) to work on /opt/airflow/dags/transaction_facts_generator.py
[2024-11-03T01:21:32.229+0000] {processor.py:829} INFO - Processing file /opt/airflow/dags/transaction_facts_generator.py for tasks to queue
[2024-11-03T01:21:32.231+0000] {logging_mixin.py:151} INFO - [2024-11-03T01:21:32.230+0000] {dagbag.py:539} INFO - Filling up the DagBag from /opt/airflow/dags/transaction_facts_generator.py
[2024-11-03T01:21:32.250+0000] {processor.py:839} INFO - DAG(s) dict_keys(['transaction_facts_generator']) retrieved from /opt/airflow/dags/transaction_facts_generator.py
[2024-11-03T01:21:32.303+0000] {logging_mixin.py:151} INFO - [2024-11-03T01:21:32.302+0000] {dag.py:2915} INFO - Sync 1 DAGs
[2024-11-03T01:21:32.341+0000] {logging_mixin.py:151} INFO - [2024-11-03T01:21:32.341+0000] {dag.py:3696} INFO - Setting next_dagrun for transaction_facts_generator to 2024-11-03T00:00:00+00:00, run_after=2024-11-04T00:00:00+00:00
[2024-11-03T01:21:32.369+0000] {processor.py:179} INFO - Processing /opt/airflow/dags/transaction_facts_generator.py took 0.148 seconds
[2024-11-03T01:22:02.410+0000] {processor.py:157} INFO - Started process (PID=2599) to work on /opt/airflow/dags/transaction_facts_generator.py
[2024-11-03T01:22:02.414+0000] {processor.py:829} INFO - Processing file /opt/airflow/dags/transaction_facts_generator.py for tasks to queue
[2024-11-03T01:22:02.415+0000] {logging_mixin.py:151} INFO - [2024-11-03T01:22:02.415+0000] {dagbag.py:539} INFO - Filling up the DagBag from /opt/airflow/dags/transaction_facts_generator.py
[2024-11-03T01:22:02.432+0000] {processor.py:839} INFO - DAG(s) dict_keys(['transaction_facts_generator']) retrieved from /opt/airflow/dags/transaction_facts_generator.py
[2024-11-03T01:22:02.478+0000] {logging_mixin.py:151} INFO - [2024-11-03T01:22:02.478+0000] {dag.py:2915} INFO - Sync 1 DAGs
[2024-11-03T01:22:02.508+0000] {logging_mixin.py:151} INFO - [2024-11-03T01:22:02.508+0000] {dag.py:3696} INFO - Setting next_dagrun for transaction_facts_generator to 2024-11-03T00:00:00+00:00, run_after=2024-11-04T00:00:00+00:00
[2024-11-03T01:22:02.531+0000] {processor.py:179} INFO - Processing /opt/airflow/dags/transaction_facts_generator.py took 0.128 seconds
[2024-11-03T01:22:32.684+0000] {processor.py:157} INFO - Started process (PID=2646) to work on /opt/airflow/dags/transaction_facts_generator.py
[2024-11-03T01:22:32.686+0000] {processor.py:829} INFO - Processing file /opt/airflow/dags/transaction_facts_generator.py for tasks to queue
[2024-11-03T01:22:32.689+0000] {logging_mixin.py:151} INFO - [2024-11-03T01:22:32.688+0000] {dagbag.py:539} INFO - Filling up the DagBag from /opt/airflow/dags/transaction_facts_generator.py
[2024-11-03T01:22:32.713+0000] {processor.py:839} INFO - DAG(s) dict_keys(['transaction_facts_generator']) retrieved from /opt/airflow/dags/transaction_facts_generator.py
[2024-11-03T01:22:32.771+0000] {logging_mixin.py:151} INFO - [2024-11-03T01:22:32.771+0000] {dag.py:2915} INFO - Sync 1 DAGs
[2024-11-03T01:22:32.971+0000] {logging_mixin.py:151} INFO - [2024-11-03T01:22:32.971+0000] {dag.py:3696} INFO - Setting next_dagrun for transaction_facts_generator to 2024-11-03T00:00:00+00:00, run_after=2024-11-04T00:00:00+00:00
[2024-11-03T01:22:33.015+0000] {processor.py:179} INFO - Processing /opt/airflow/dags/transaction_facts_generator.py took 0.337 seconds
[2024-11-03T01:23:03.447+0000] {processor.py:157} INFO - Started process (PID=2700) to work on /opt/airflow/dags/transaction_facts_generator.py
[2024-11-03T01:23:03.451+0000] {processor.py:829} INFO - Processing file /opt/airflow/dags/transaction_facts_generator.py for tasks to queue
[2024-11-03T01:23:03.452+0000] {logging_mixin.py:151} INFO - [2024-11-03T01:23:03.452+0000] {dagbag.py:539} INFO - Filling up the DagBag from /opt/airflow/dags/transaction_facts_generator.py
[2024-11-03T01:23:03.468+0000] {processor.py:839} INFO - DAG(s) dict_keys(['transaction_facts_generator']) retrieved from /opt/airflow/dags/transaction_facts_generator.py
[2024-11-03T01:23:03.509+0000] {logging_mixin.py:151} INFO - [2024-11-03T01:23:03.508+0000] {dag.py:2915} INFO - Sync 1 DAGs
[2024-11-03T01:23:03.539+0000] {logging_mixin.py:151} INFO - [2024-11-03T01:23:03.538+0000] {dag.py:3696} INFO - Setting next_dagrun for transaction_facts_generator to 2024-11-03T00:00:00+00:00, run_after=2024-11-04T00:00:00+00:00
[2024-11-03T01:23:03.563+0000] {processor.py:179} INFO - Processing /opt/airflow/dags/transaction_facts_generator.py took 0.122 seconds
[2024-11-03T01:23:34.543+0000] {processor.py:157} INFO - Started process (PID=2747) to work on /opt/airflow/dags/transaction_facts_generator.py
[2024-11-03T01:23:34.545+0000] {processor.py:829} INFO - Processing file /opt/airflow/dags/transaction_facts_generator.py for tasks to queue
[2024-11-03T01:23:34.547+0000] {logging_mixin.py:151} INFO - [2024-11-03T01:23:34.546+0000] {dagbag.py:539} INFO - Filling up the DagBag from /opt/airflow/dags/transaction_facts_generator.py
[2024-11-03T01:23:34.564+0000] {processor.py:839} INFO - DAG(s) dict_keys(['transaction_facts_generator']) retrieved from /opt/airflow/dags/transaction_facts_generator.py
[2024-11-03T01:23:34.606+0000] {logging_mixin.py:151} INFO - [2024-11-03T01:23:34.606+0000] {dag.py:2915} INFO - Sync 1 DAGs
[2024-11-03T01:23:34.635+0000] {logging_mixin.py:151} INFO - [2024-11-03T01:23:34.635+0000] {dag.py:3696} INFO - Setting next_dagrun for transaction_facts_generator to 2024-11-03T00:00:00+00:00, run_after=2024-11-04T00:00:00+00:00
[2024-11-03T01:23:34.657+0000] {processor.py:179} INFO - Processing /opt/airflow/dags/transaction_facts_generator.py took 0.119 seconds
[2024-11-03T01:24:04.966+0000] {processor.py:157} INFO - Started process (PID=2794) to work on /opt/airflow/dags/transaction_facts_generator.py
[2024-11-03T01:24:04.971+0000] {processor.py:829} INFO - Processing file /opt/airflow/dags/transaction_facts_generator.py for tasks to queue
[2024-11-03T01:24:04.972+0000] {logging_mixin.py:151} INFO - [2024-11-03T01:24:04.972+0000] {dagbag.py:539} INFO - Filling up the DagBag from /opt/airflow/dags/transaction_facts_generator.py
[2024-11-03T01:24:04.994+0000] {processor.py:839} INFO - DAG(s) dict_keys(['transaction_facts_generator']) retrieved from /opt/airflow/dags/transaction_facts_generator.py
[2024-11-03T01:24:05.053+0000] {logging_mixin.py:151} INFO - [2024-11-03T01:24:05.053+0000] {dag.py:2915} INFO - Sync 1 DAGs
[2024-11-03T01:24:05.090+0000] {logging_mixin.py:151} INFO - [2024-11-03T01:24:05.090+0000] {dag.py:3696} INFO - Setting next_dagrun for transaction_facts_generator to 2024-11-03T00:00:00+00:00, run_after=2024-11-04T00:00:00+00:00
[2024-11-03T01:24:05.116+0000] {processor.py:179} INFO - Processing /opt/airflow/dags/transaction_facts_generator.py took 0.165 seconds
[2024-11-03T01:24:36.181+0000] {processor.py:157} INFO - Started process (PID=2849) to work on /opt/airflow/dags/transaction_facts_generator.py
[2024-11-03T01:24:36.197+0000] {processor.py:829} INFO - Processing file /opt/airflow/dags/transaction_facts_generator.py for tasks to queue
[2024-11-03T01:24:36.212+0000] {logging_mixin.py:151} INFO - [2024-11-03T01:24:36.201+0000] {dagbag.py:539} INFO - Filling up the DagBag from /opt/airflow/dags/transaction_facts_generator.py
[2024-11-03T01:24:36.349+0000] {processor.py:839} INFO - DAG(s) dict_keys(['transaction_facts_generator']) retrieved from /opt/airflow/dags/transaction_facts_generator.py
[2024-11-03T01:24:36.583+0000] {logging_mixin.py:151} INFO - [2024-11-03T01:24:36.583+0000] {dag.py:2915} INFO - Sync 1 DAGs
[2024-11-03T01:24:36.695+0000] {logging_mixin.py:151} INFO - [2024-11-03T01:24:36.695+0000] {dag.py:3696} INFO - Setting next_dagrun for transaction_facts_generator to 2024-11-03T00:00:00+00:00, run_after=2024-11-04T00:00:00+00:00
[2024-11-03T01:24:36.757+0000] {processor.py:179} INFO - Processing /opt/airflow/dags/transaction_facts_generator.py took 0.593 seconds
[2024-11-03T01:25:07.062+0000] {processor.py:157} INFO - Started process (PID=2905) to work on /opt/airflow/dags/transaction_facts_generator.py
[2024-11-03T01:25:07.064+0000] {processor.py:829} INFO - Processing file /opt/airflow/dags/transaction_facts_generator.py for tasks to queue
[2024-11-03T01:25:07.066+0000] {logging_mixin.py:151} INFO - [2024-11-03T01:25:07.065+0000] {dagbag.py:539} INFO - Filling up the DagBag from /opt/airflow/dags/transaction_facts_generator.py
[2024-11-03T01:25:07.082+0000] {processor.py:839} INFO - DAG(s) dict_keys(['transaction_facts_generator']) retrieved from /opt/airflow/dags/transaction_facts_generator.py
[2024-11-03T01:25:07.129+0000] {logging_mixin.py:151} INFO - [2024-11-03T01:25:07.129+0000] {dag.py:2915} INFO - Sync 1 DAGs
[2024-11-03T01:25:07.156+0000] {logging_mixin.py:151} INFO - [2024-11-03T01:25:07.156+0000] {dag.py:3696} INFO - Setting next_dagrun for transaction_facts_generator to 2024-11-03T00:00:00+00:00, run_after=2024-11-04T00:00:00+00:00
[2024-11-03T01:25:07.176+0000] {processor.py:179} INFO - Processing /opt/airflow/dags/transaction_facts_generator.py took 0.119 seconds
[2024-11-03T01:25:37.431+0000] {processor.py:157} INFO - Started process (PID=2952) to work on /opt/airflow/dags/transaction_facts_generator.py
[2024-11-03T01:25:37.433+0000] {processor.py:829} INFO - Processing file /opt/airflow/dags/transaction_facts_generator.py for tasks to queue
[2024-11-03T01:25:37.434+0000] {logging_mixin.py:151} INFO - [2024-11-03T01:25:37.433+0000] {dagbag.py:539} INFO - Filling up the DagBag from /opt/airflow/dags/transaction_facts_generator.py
[2024-11-03T01:25:37.451+0000] {processor.py:839} INFO - DAG(s) dict_keys(['transaction_facts_generator']) retrieved from /opt/airflow/dags/transaction_facts_generator.py
[2024-11-03T01:25:37.490+0000] {logging_mixin.py:151} INFO - [2024-11-03T01:25:37.490+0000] {dag.py:2915} INFO - Sync 1 DAGs
[2024-11-03T01:25:37.519+0000] {logging_mixin.py:151} INFO - [2024-11-03T01:25:37.519+0000] {dag.py:3696} INFO - Setting next_dagrun for transaction_facts_generator to 2024-11-03T00:00:00+00:00, run_after=2024-11-04T00:00:00+00:00
[2024-11-03T01:25:37.541+0000] {processor.py:179} INFO - Processing /opt/airflow/dags/transaction_facts_generator.py took 0.116 seconds
[2024-11-03T01:26:08.298+0000] {processor.py:157} INFO - Started process (PID=2999) to work on /opt/airflow/dags/transaction_facts_generator.py
[2024-11-03T01:26:08.300+0000] {processor.py:829} INFO - Processing file /opt/airflow/dags/transaction_facts_generator.py for tasks to queue
[2024-11-03T01:26:08.302+0000] {logging_mixin.py:151} INFO - [2024-11-03T01:26:08.301+0000] {dagbag.py:539} INFO - Filling up the DagBag from /opt/airflow/dags/transaction_facts_generator.py
[2024-11-03T01:26:08.317+0000] {processor.py:839} INFO - DAG(s) dict_keys(['transaction_facts_generator']) retrieved from /opt/airflow/dags/transaction_facts_generator.py
[2024-11-03T01:26:08.354+0000] {logging_mixin.py:151} INFO - [2024-11-03T01:26:08.354+0000] {dag.py:2915} INFO - Sync 1 DAGs
[2024-11-03T01:26:08.380+0000] {logging_mixin.py:151} INFO - [2024-11-03T01:26:08.380+0000] {dag.py:3696} INFO - Setting next_dagrun for transaction_facts_generator to 2024-11-03T00:00:00+00:00, run_after=2024-11-04T00:00:00+00:00
[2024-11-03T01:26:08.402+0000] {processor.py:179} INFO - Processing /opt/airflow/dags/transaction_facts_generator.py took 0.108 seconds
[2024-11-03T01:26:38.521+0000] {processor.py:157} INFO - Started process (PID=3046) to work on /opt/airflow/dags/transaction_facts_generator.py
[2024-11-03T01:26:38.523+0000] {processor.py:829} INFO - Processing file /opt/airflow/dags/transaction_facts_generator.py for tasks to queue
[2024-11-03T01:26:38.524+0000] {logging_mixin.py:151} INFO - [2024-11-03T01:26:38.524+0000] {dagbag.py:539} INFO - Filling up the DagBag from /opt/airflow/dags/transaction_facts_generator.py
[2024-11-03T01:26:38.540+0000] {processor.py:839} INFO - DAG(s) dict_keys(['transaction_facts_generator']) retrieved from /opt/airflow/dags/transaction_facts_generator.py
[2024-11-03T01:26:38.578+0000] {logging_mixin.py:151} INFO - [2024-11-03T01:26:38.577+0000] {dag.py:2915} INFO - Sync 1 DAGs
[2024-11-03T01:26:38.604+0000] {logging_mixin.py:151} INFO - [2024-11-03T01:26:38.604+0000] {dag.py:3696} INFO - Setting next_dagrun for transaction_facts_generator to 2024-11-03T00:00:00+00:00, run_after=2024-11-04T00:00:00+00:00
[2024-11-03T01:26:38.625+0000] {processor.py:179} INFO - Processing /opt/airflow/dags/transaction_facts_generator.py took 0.109 seconds
[2024-11-03T01:27:08.812+0000] {processor.py:157} INFO - Started process (PID=3093) to work on /opt/airflow/dags/transaction_facts_generator.py
[2024-11-03T01:27:08.814+0000] {processor.py:829} INFO - Processing file /opt/airflow/dags/transaction_facts_generator.py for tasks to queue
[2024-11-03T01:27:08.816+0000] {logging_mixin.py:151} INFO - [2024-11-03T01:27:08.815+0000] {dagbag.py:539} INFO - Filling up the DagBag from /opt/airflow/dags/transaction_facts_generator.py
[2024-11-03T01:27:08.832+0000] {processor.py:839} INFO - DAG(s) dict_keys(['transaction_facts_generator']) retrieved from /opt/airflow/dags/transaction_facts_generator.py
[2024-11-03T01:27:08.868+0000] {logging_mixin.py:151} INFO - [2024-11-03T01:27:08.867+0000] {dag.py:2915} INFO - Sync 1 DAGs
[2024-11-03T01:27:08.893+0000] {logging_mixin.py:151} INFO - [2024-11-03T01:27:08.893+0000] {dag.py:3696} INFO - Setting next_dagrun for transaction_facts_generator to 2024-11-03T00:00:00+00:00, run_after=2024-11-04T00:00:00+00:00
[2024-11-03T01:27:08.914+0000] {processor.py:179} INFO - Processing /opt/airflow/dags/transaction_facts_generator.py took 0.107 seconds
[2024-11-03T01:27:39.648+0000] {processor.py:157} INFO - Started process (PID=3140) to work on /opt/airflow/dags/transaction_facts_generator.py
[2024-11-03T01:27:39.651+0000] {processor.py:829} INFO - Processing file /opt/airflow/dags/transaction_facts_generator.py for tasks to queue
[2024-11-03T01:27:39.652+0000] {logging_mixin.py:151} INFO - [2024-11-03T01:27:39.652+0000] {dagbag.py:539} INFO - Filling up the DagBag from /opt/airflow/dags/transaction_facts_generator.py
[2024-11-03T01:27:39.664+0000] {processor.py:839} INFO - DAG(s) dict_keys(['transaction_facts_generator']) retrieved from /opt/airflow/dags/transaction_facts_generator.py
[2024-11-03T01:27:39.692+0000] {logging_mixin.py:151} INFO - [2024-11-03T01:27:39.692+0000] {dag.py:2915} INFO - Sync 1 DAGs
[2024-11-03T01:27:39.720+0000] {logging_mixin.py:151} INFO - [2024-11-03T01:27:39.720+0000] {dag.py:3696} INFO - Setting next_dagrun for transaction_facts_generator to 2024-11-03T00:00:00+00:00, run_after=2024-11-04T00:00:00+00:00
[2024-11-03T01:27:39.744+0000] {processor.py:179} INFO - Processing /opt/airflow/dags/transaction_facts_generator.py took 0.100 seconds
[2024-11-03T01:28:09.912+0000] {processor.py:157} INFO - Started process (PID=3187) to work on /opt/airflow/dags/transaction_facts_generator.py
[2024-11-03T01:28:09.914+0000] {processor.py:829} INFO - Processing file /opt/airflow/dags/transaction_facts_generator.py for tasks to queue
[2024-11-03T01:28:09.915+0000] {logging_mixin.py:151} INFO - [2024-11-03T01:28:09.915+0000] {dagbag.py:539} INFO - Filling up the DagBag from /opt/airflow/dags/transaction_facts_generator.py
[2024-11-03T01:28:09.931+0000] {processor.py:839} INFO - DAG(s) dict_keys(['transaction_facts_generator']) retrieved from /opt/airflow/dags/transaction_facts_generator.py
[2024-11-03T01:28:09.968+0000] {logging_mixin.py:151} INFO - [2024-11-03T01:28:09.967+0000] {dag.py:2915} INFO - Sync 1 DAGs
[2024-11-03T01:28:09.993+0000] {logging_mixin.py:151} INFO - [2024-11-03T01:28:09.993+0000] {dag.py:3696} INFO - Setting next_dagrun for transaction_facts_generator to 2024-11-03T00:00:00+00:00, run_after=2024-11-04T00:00:00+00:00
[2024-11-03T01:28:10.015+0000] {processor.py:179} INFO - Processing /opt/airflow/dags/transaction_facts_generator.py took 0.108 seconds
[2024-11-03T01:28:40.205+0000] {processor.py:157} INFO - Started process (PID=3234) to work on /opt/airflow/dags/transaction_facts_generator.py
[2024-11-03T01:28:40.210+0000] {processor.py:829} INFO - Processing file /opt/airflow/dags/transaction_facts_generator.py for tasks to queue
[2024-11-03T01:28:40.212+0000] {logging_mixin.py:151} INFO - [2024-11-03T01:28:40.211+0000] {dagbag.py:539} INFO - Filling up the DagBag from /opt/airflow/dags/transaction_facts_generator.py
[2024-11-03T01:28:40.228+0000] {processor.py:839} INFO - DAG(s) dict_keys(['transaction_facts_generator']) retrieved from /opt/airflow/dags/transaction_facts_generator.py
[2024-11-03T01:28:40.265+0000] {logging_mixin.py:151} INFO - [2024-11-03T01:28:40.264+0000] {dag.py:2915} INFO - Sync 1 DAGs
[2024-11-03T01:28:40.291+0000] {logging_mixin.py:151} INFO - [2024-11-03T01:28:40.290+0000] {dag.py:3696} INFO - Setting next_dagrun for transaction_facts_generator to 2024-11-03T00:00:00+00:00, run_after=2024-11-04T00:00:00+00:00
[2024-11-03T01:28:40.311+0000] {processor.py:179} INFO - Processing /opt/airflow/dags/transaction_facts_generator.py took 0.111 seconds
[2024-11-03T01:29:10.476+0000] {processor.py:157} INFO - Started process (PID=3281) to work on /opt/airflow/dags/transaction_facts_generator.py
[2024-11-03T01:29:10.480+0000] {processor.py:829} INFO - Processing file /opt/airflow/dags/transaction_facts_generator.py for tasks to queue
[2024-11-03T01:29:10.482+0000] {logging_mixin.py:151} INFO - [2024-11-03T01:29:10.481+0000] {dagbag.py:539} INFO - Filling up the DagBag from /opt/airflow/dags/transaction_facts_generator.py
[2024-11-03T01:29:10.497+0000] {processor.py:839} INFO - DAG(s) dict_keys(['transaction_facts_generator']) retrieved from /opt/airflow/dags/transaction_facts_generator.py
[2024-11-03T01:29:10.533+0000] {logging_mixin.py:151} INFO - [2024-11-03T01:29:10.533+0000] {dag.py:2915} INFO - Sync 1 DAGs
[2024-11-03T01:29:10.560+0000] {logging_mixin.py:151} INFO - [2024-11-03T01:29:10.560+0000] {dag.py:3696} INFO - Setting next_dagrun for transaction_facts_generator to 2024-11-03T00:00:00+00:00, run_after=2024-11-04T00:00:00+00:00
[2024-11-03T01:29:10.592+0000] {processor.py:179} INFO - Processing /opt/airflow/dags/transaction_facts_generator.py took 0.121 seconds
[2024-11-03T01:29:40.730+0000] {processor.py:157} INFO - Started process (PID=3328) to work on /opt/airflow/dags/transaction_facts_generator.py
[2024-11-03T01:29:40.732+0000] {processor.py:829} INFO - Processing file /opt/airflow/dags/transaction_facts_generator.py for tasks to queue
[2024-11-03T01:29:40.734+0000] {logging_mixin.py:151} INFO - [2024-11-03T01:29:40.733+0000] {dagbag.py:539} INFO - Filling up the DagBag from /opt/airflow/dags/transaction_facts_generator.py
[2024-11-03T01:29:40.751+0000] {processor.py:839} INFO - DAG(s) dict_keys(['transaction_facts_generator']) retrieved from /opt/airflow/dags/transaction_facts_generator.py
[2024-11-03T01:29:40.788+0000] {logging_mixin.py:151} INFO - [2024-11-03T01:29:40.788+0000] {dag.py:2915} INFO - Sync 1 DAGs
[2024-11-03T01:29:40.814+0000] {logging_mixin.py:151} INFO - [2024-11-03T01:29:40.814+0000] {dag.py:3696} INFO - Setting next_dagrun for transaction_facts_generator to 2024-11-03T00:00:00+00:00, run_after=2024-11-04T00:00:00+00:00
[2024-11-03T01:29:40.834+0000] {processor.py:179} INFO - Processing /opt/airflow/dags/transaction_facts_generator.py took 0.109 seconds
[2024-11-03T01:30:10.998+0000] {processor.py:157} INFO - Started process (PID=3375) to work on /opt/airflow/dags/transaction_facts_generator.py
[2024-11-03T01:30:10.999+0000] {processor.py:829} INFO - Processing file /opt/airflow/dags/transaction_facts_generator.py for tasks to queue
[2024-11-03T01:30:11.000+0000] {logging_mixin.py:151} INFO - [2024-11-03T01:30:11.000+0000] {dagbag.py:539} INFO - Filling up the DagBag from /opt/airflow/dags/transaction_facts_generator.py
[2024-11-03T01:30:11.015+0000] {processor.py:839} INFO - DAG(s) dict_keys(['transaction_facts_generator']) retrieved from /opt/airflow/dags/transaction_facts_generator.py
[2024-11-03T01:30:11.044+0000] {logging_mixin.py:151} INFO - [2024-11-03T01:30:11.044+0000] {dag.py:2915} INFO - Sync 1 DAGs
[2024-11-03T01:30:11.068+0000] {logging_mixin.py:151} INFO - [2024-11-03T01:30:11.067+0000] {dag.py:3696} INFO - Setting next_dagrun for transaction_facts_generator to 2024-11-03T00:00:00+00:00, run_after=2024-11-04T00:00:00+00:00
[2024-11-03T01:30:11.086+0000] {processor.py:179} INFO - Processing /opt/airflow/dags/transaction_facts_generator.py took 0.093 seconds
[2024-11-03T01:30:42.081+0000] {processor.py:157} INFO - Started process (PID=3422) to work on /opt/airflow/dags/transaction_facts_generator.py
[2024-11-03T01:30:42.086+0000] {processor.py:829} INFO - Processing file /opt/airflow/dags/transaction_facts_generator.py for tasks to queue
[2024-11-03T01:30:42.087+0000] {logging_mixin.py:151} INFO - [2024-11-03T01:30:42.087+0000] {dagbag.py:539} INFO - Filling up the DagBag from /opt/airflow/dags/transaction_facts_generator.py
[2024-11-03T01:30:42.101+0000] {processor.py:839} INFO - DAG(s) dict_keys(['transaction_facts_generator']) retrieved from /opt/airflow/dags/transaction_facts_generator.py
[2024-11-03T01:30:42.139+0000] {logging_mixin.py:151} INFO - [2024-11-03T01:30:42.139+0000] {dag.py:2915} INFO - Sync 1 DAGs
[2024-11-03T01:30:42.169+0000] {logging_mixin.py:151} INFO - [2024-11-03T01:30:42.169+0000] {dag.py:3696} INFO - Setting next_dagrun for transaction_facts_generator to 2024-11-03T00:00:00+00:00, run_after=2024-11-04T00:00:00+00:00
[2024-11-03T01:30:42.192+0000] {processor.py:179} INFO - Processing /opt/airflow/dags/transaction_facts_generator.py took 0.114 seconds
[2024-11-03T01:31:13.101+0000] {processor.py:157} INFO - Started process (PID=3469) to work on /opt/airflow/dags/transaction_facts_generator.py
[2024-11-03T01:31:13.108+0000] {processor.py:829} INFO - Processing file /opt/airflow/dags/transaction_facts_generator.py for tasks to queue
[2024-11-03T01:31:13.109+0000] {logging_mixin.py:151} INFO - [2024-11-03T01:31:13.109+0000] {dagbag.py:539} INFO - Filling up the DagBag from /opt/airflow/dags/transaction_facts_generator.py
[2024-11-03T01:31:13.129+0000] {processor.py:839} INFO - DAG(s) dict_keys(['transaction_facts_generator']) retrieved from /opt/airflow/dags/transaction_facts_generator.py
[2024-11-03T01:31:13.170+0000] {logging_mixin.py:151} INFO - [2024-11-03T01:31:13.169+0000] {dag.py:2915} INFO - Sync 1 DAGs
[2024-11-03T01:31:13.199+0000] {logging_mixin.py:151} INFO - [2024-11-03T01:31:13.198+0000] {dag.py:3696} INFO - Setting next_dagrun for transaction_facts_generator to 2024-11-03T00:00:00+00:00, run_after=2024-11-04T00:00:00+00:00
[2024-11-03T01:31:13.222+0000] {processor.py:179} INFO - Processing /opt/airflow/dags/transaction_facts_generator.py took 0.125 seconds
[2024-11-03T01:31:43.948+0000] {processor.py:157} INFO - Started process (PID=3516) to work on /opt/airflow/dags/transaction_facts_generator.py
[2024-11-03T01:31:43.957+0000] {processor.py:829} INFO - Processing file /opt/airflow/dags/transaction_facts_generator.py for tasks to queue
[2024-11-03T01:31:43.958+0000] {logging_mixin.py:151} INFO - [2024-11-03T01:31:43.958+0000] {dagbag.py:539} INFO - Filling up the DagBag from /opt/airflow/dags/transaction_facts_generator.py
[2024-11-03T01:31:43.972+0000] {processor.py:839} INFO - DAG(s) dict_keys(['transaction_facts_generator']) retrieved from /opt/airflow/dags/transaction_facts_generator.py
[2024-11-03T01:31:43.999+0000] {logging_mixin.py:151} INFO - [2024-11-03T01:31:43.999+0000] {dag.py:2915} INFO - Sync 1 DAGs
[2024-11-03T01:31:44.025+0000] {logging_mixin.py:151} INFO - [2024-11-03T01:31:44.025+0000] {dag.py:3696} INFO - Setting next_dagrun for transaction_facts_generator to 2024-11-03T00:00:00+00:00, run_after=2024-11-04T00:00:00+00:00
[2024-11-03T01:31:44.042+0000] {processor.py:179} INFO - Processing /opt/airflow/dags/transaction_facts_generator.py took 0.099 seconds
[2024-11-03T01:32:14.387+0000] {processor.py:157} INFO - Started process (PID=3563) to work on /opt/airflow/dags/transaction_facts_generator.py
[2024-11-03T01:32:14.389+0000] {processor.py:829} INFO - Processing file /opt/airflow/dags/transaction_facts_generator.py for tasks to queue
[2024-11-03T01:32:14.391+0000] {logging_mixin.py:151} INFO - [2024-11-03T01:32:14.390+0000] {dagbag.py:539} INFO - Filling up the DagBag from /opt/airflow/dags/transaction_facts_generator.py
[2024-11-03T01:32:14.407+0000] {processor.py:839} INFO - DAG(s) dict_keys(['transaction_facts_generator']) retrieved from /opt/airflow/dags/transaction_facts_generator.py
[2024-11-03T01:32:14.444+0000] {logging_mixin.py:151} INFO - [2024-11-03T01:32:14.444+0000] {dag.py:2915} INFO - Sync 1 DAGs
[2024-11-03T01:32:14.471+0000] {logging_mixin.py:151} INFO - [2024-11-03T01:32:14.471+0000] {dag.py:3696} INFO - Setting next_dagrun for transaction_facts_generator to 2024-11-03T00:00:00+00:00, run_after=2024-11-04T00:00:00+00:00
[2024-11-03T01:32:14.492+0000] {processor.py:179} INFO - Processing /opt/airflow/dags/transaction_facts_generator.py took 0.110 seconds
[2024-11-03T01:32:45.054+0000] {processor.py:157} INFO - Started process (PID=3610) to work on /opt/airflow/dags/transaction_facts_generator.py
[2024-11-03T01:32:45.057+0000] {processor.py:829} INFO - Processing file /opt/airflow/dags/transaction_facts_generator.py for tasks to queue
[2024-11-03T01:32:45.059+0000] {logging_mixin.py:151} INFO - [2024-11-03T01:32:45.059+0000] {dagbag.py:539} INFO - Filling up the DagBag from /opt/airflow/dags/transaction_facts_generator.py
[2024-11-03T01:32:45.076+0000] {processor.py:839} INFO - DAG(s) dict_keys(['transaction_facts_generator']) retrieved from /opt/airflow/dags/transaction_facts_generator.py
[2024-11-03T01:32:45.118+0000] {logging_mixin.py:151} INFO - [2024-11-03T01:32:45.118+0000] {dag.py:2915} INFO - Sync 1 DAGs
[2024-11-03T01:32:45.148+0000] {logging_mixin.py:151} INFO - [2024-11-03T01:32:45.148+0000] {dag.py:3696} INFO - Setting next_dagrun for transaction_facts_generator to 2024-11-03T00:00:00+00:00, run_after=2024-11-04T00:00:00+00:00
[2024-11-03T01:32:45.172+0000] {processor.py:179} INFO - Processing /opt/airflow/dags/transaction_facts_generator.py took 0.123 seconds
[2024-11-03T01:33:15.540+0000] {processor.py:157} INFO - Started process (PID=3657) to work on /opt/airflow/dags/transaction_facts_generator.py
[2024-11-03T01:33:15.543+0000] {processor.py:829} INFO - Processing file /opt/airflow/dags/transaction_facts_generator.py for tasks to queue
[2024-11-03T01:33:15.544+0000] {logging_mixin.py:151} INFO - [2024-11-03T01:33:15.543+0000] {dagbag.py:539} INFO - Filling up the DagBag from /opt/airflow/dags/transaction_facts_generator.py
[2024-11-03T01:33:15.560+0000] {processor.py:839} INFO - DAG(s) dict_keys(['transaction_facts_generator']) retrieved from /opt/airflow/dags/transaction_facts_generator.py
[2024-11-03T01:33:15.600+0000] {logging_mixin.py:151} INFO - [2024-11-03T01:33:15.599+0000] {dag.py:2915} INFO - Sync 1 DAGs
[2024-11-03T01:33:15.628+0000] {logging_mixin.py:151} INFO - [2024-11-03T01:33:15.628+0000] {dag.py:3696} INFO - Setting next_dagrun for transaction_facts_generator to 2024-11-03T00:00:00+00:00, run_after=2024-11-04T00:00:00+00:00
[2024-11-03T01:33:15.652+0000] {processor.py:179} INFO - Processing /opt/airflow/dags/transaction_facts_generator.py took 0.117 seconds
[2024-11-03T01:33:45.907+0000] {processor.py:157} INFO - Started process (PID=3704) to work on /opt/airflow/dags/transaction_facts_generator.py
[2024-11-03T01:33:45.910+0000] {processor.py:829} INFO - Processing file /opt/airflow/dags/transaction_facts_generator.py for tasks to queue
[2024-11-03T01:33:45.911+0000] {logging_mixin.py:151} INFO - [2024-11-03T01:33:45.911+0000] {dagbag.py:539} INFO - Filling up the DagBag from /opt/airflow/dags/transaction_facts_generator.py
[2024-11-03T01:33:45.936+0000] {processor.py:839} INFO - DAG(s) dict_keys(['transaction_facts_generator']) retrieved from /opt/airflow/dags/transaction_facts_generator.py
[2024-11-03T01:33:45.983+0000] {logging_mixin.py:151} INFO - [2024-11-03T01:33:45.983+0000] {dag.py:2915} INFO - Sync 1 DAGs
[2024-11-03T01:33:46.021+0000] {logging_mixin.py:151} INFO - [2024-11-03T01:33:46.021+0000] {dag.py:3696} INFO - Setting next_dagrun for transaction_facts_generator to 2024-11-03T00:00:00+00:00, run_after=2024-11-04T00:00:00+00:00
[2024-11-03T01:33:46.056+0000] {processor.py:179} INFO - Processing /opt/airflow/dags/transaction_facts_generator.py took 0.156 seconds
[2024-11-03T01:34:16.426+0000] {processor.py:157} INFO - Started process (PID=3751) to work on /opt/airflow/dags/transaction_facts_generator.py
[2024-11-03T01:34:16.429+0000] {processor.py:829} INFO - Processing file /opt/airflow/dags/transaction_facts_generator.py for tasks to queue
[2024-11-03T01:34:16.431+0000] {logging_mixin.py:151} INFO - [2024-11-03T01:34:16.430+0000] {dagbag.py:539} INFO - Filling up the DagBag from /opt/airflow/dags/transaction_facts_generator.py
[2024-11-03T01:34:16.451+0000] {processor.py:839} INFO - DAG(s) dict_keys(['transaction_facts_generator']) retrieved from /opt/airflow/dags/transaction_facts_generator.py
[2024-11-03T01:34:16.496+0000] {logging_mixin.py:151} INFO - [2024-11-03T01:34:16.496+0000] {dag.py:2915} INFO - Sync 1 DAGs
[2024-11-03T01:34:16.530+0000] {logging_mixin.py:151} INFO - [2024-11-03T01:34:16.529+0000] {dag.py:3696} INFO - Setting next_dagrun for transaction_facts_generator to 2024-11-03T00:00:00+00:00, run_after=2024-11-04T00:00:00+00:00
[2024-11-03T01:34:16.559+0000] {processor.py:179} INFO - Processing /opt/airflow/dags/transaction_facts_generator.py took 0.141 seconds
[2024-11-03T01:34:46.715+0000] {processor.py:157} INFO - Started process (PID=3798) to work on /opt/airflow/dags/transaction_facts_generator.py
[2024-11-03T01:34:46.718+0000] {processor.py:829} INFO - Processing file /opt/airflow/dags/transaction_facts_generator.py for tasks to queue
[2024-11-03T01:34:46.720+0000] {logging_mixin.py:151} INFO - [2024-11-03T01:34:46.720+0000] {dagbag.py:539} INFO - Filling up the DagBag from /opt/airflow/dags/transaction_facts_generator.py
[2024-11-03T01:34:46.742+0000] {processor.py:839} INFO - DAG(s) dict_keys(['transaction_facts_generator']) retrieved from /opt/airflow/dags/transaction_facts_generator.py
[2024-11-03T01:34:46.786+0000] {logging_mixin.py:151} INFO - [2024-11-03T01:34:46.786+0000] {dag.py:2915} INFO - Sync 1 DAGs
[2024-11-03T01:34:46.834+0000] {logging_mixin.py:151} INFO - [2024-11-03T01:34:46.834+0000] {dag.py:3696} INFO - Setting next_dagrun for transaction_facts_generator to 2024-11-03T00:00:00+00:00, run_after=2024-11-04T00:00:00+00:00
[2024-11-03T01:34:46.869+0000] {processor.py:179} INFO - Processing /opt/airflow/dags/transaction_facts_generator.py took 0.162 seconds
