[2024-11-03T01:13:42.328+0000] {taskinstance.py:1157} INFO - Dependencies all met for dep_context=non-requeueable deps ti=<TaskInstance: dimension_batch_ingestion.ingest_branch_dim manual__2024-11-03T01:13:40.691992+00:00 [queued]>
[2024-11-03T01:13:42.357+0000] {taskinstance.py:1157} INFO - Dependencies all met for dep_context=requeueable deps ti=<TaskInstance: dimension_batch_ingestion.ingest_branch_dim manual__2024-11-03T01:13:40.691992+00:00 [queued]>
[2024-11-03T01:13:42.359+0000] {taskinstance.py:1359} INFO - Starting attempt 1 of 1
[2024-11-03T01:13:42.410+0000] {taskinstance.py:1380} INFO - Executing <Task(BashOperator): ingest_branch_dim> on 2024-11-03 01:13:40.691992+00:00
[2024-11-03T01:13:42.425+0000] {standard_task_runner.py:57} INFO - Started process 1844 to run task
[2024-11-03T01:13:42.438+0000] {standard_task_runner.py:84} INFO - Running: ['***', 'tasks', 'run', 'dimension_batch_ingestion', 'ingest_branch_dim', 'manual__2024-11-03T01:13:40.691992+00:00', '--job-id', '313', '--raw', '--subdir', 'DAGS_FOLDER/loader_dag.py', '--cfg-path', '/tmp/tmp65cwub2s']
[2024-11-03T01:13:42.446+0000] {standard_task_runner.py:85} INFO - Job 313: Subtask ingest_branch_dim
[2024-11-03T01:13:42.528+0000] {task_command.py:415} INFO - Running <TaskInstance: dimension_batch_ingestion.ingest_branch_dim manual__2024-11-03T01:13:40.691992+00:00 [running]> on host f79a3875bd34
[2024-11-03T01:13:42.679+0000] {taskinstance.py:1660} INFO - Exporting env vars: AIRFLOW_CTX_DAG_OWNER='ctwang' AIRFLOW_CTX_DAG_ID='dimension_batch_ingestion' AIRFLOW_CTX_TASK_ID='ingest_branch_dim' AIRFLOW_CTX_EXECUTION_DATE='2024-11-03T01:13:40.691992+00:00' AIRFLOW_CTX_TRY_NUMBER='1' AIRFLOW_CTX_DAG_RUN_ID='manual__2024-11-03T01:13:40.691992+00:00'
[2024-11-03T01:13:42.682+0000] {subprocess.py:63} INFO - Tmp dir root location: /tmp
[2024-11-03T01:13:42.685+0000] {subprocess.py:75} INFO - Running command: ['/bin/bash', '-c', 'curl -X POST -F file=@/opt/***/branch_dim_large_data.csv -H "Content-Type: multipart/form-data" "http://pinot-controller:9000/ingestFromFile?tableNameWithType=branch_dim_OFFLINE&batchConfigMapStr=%7B%22inputFormat%22%3A%22csv%22%2C%22recordReader.prop.delimiter%22%3A%22%2C%22%7D"']
[2024-11-03T01:13:42.705+0000] {subprocess.py:86} INFO - Output:
[2024-11-03T01:13:42.749+0000] {subprocess.py:93} INFO -   % Total    % Received % Xferd  Average Speed   Time    Time     Time  Current
[2024-11-03T01:13:42.749+0000] {subprocess.py:93} INFO -                                  Dload  Upload   Total   Spent    Left  Speed
[2024-11-03T01:13:46.565+0000] {subprocess.py:93} INFO -   0     0    0     0    0     0      0      0 --:--:-- --:--:-- --:--:--     0100  3906    0     0  100  3906      0   3238  0:00:01  0:00:01 --:--:--  3238100  3906    0     0  100  3906      0   1769  0:00:02  0:00:02 --:--:--  1769100  3906    0     0  100  3906      0   1216  0:00:03  0:00:03 --:--:--  1216100  4013  100   107  100  3906     28   1023  0:00:03  0:00:03 --:--:--  1051100  4013  100   107  100  3906     28   1023  0:00:03  0:00:03 --:--:--  1051
[2024-11-03T01:13:46.573+0000] {subprocess.py:93} INFO - {"status":"Successfully ingested file into table: branch_dim_OFFLINE as segment: branch_dim_1730596423026"}
[2024-11-03T01:13:46.578+0000] {subprocess.py:97} INFO - Command exited with return code 0
[2024-11-03T01:13:46.630+0000] {taskinstance.py:1398} INFO - Marking task as SUCCESS. dag_id=dimension_batch_ingestion, task_id=ingest_branch_dim, execution_date=20241103T011340, start_date=20241103T011342, end_date=20241103T011346
[2024-11-03T01:13:46.772+0000] {local_task_job_runner.py:228} INFO - Task exited with return code 0
[2024-11-03T01:13:46.925+0000] {taskinstance.py:2776} INFO - 0 downstream tasks scheduled from follow-on schedule check
