[2024-11-03T01:24:37.580+0000] {taskinstance.py:1157} INFO - Dependencies all met for dep_context=non-requeueable deps ti=<TaskInstance: dimension_batch_ingestion.ingest_account_dim manual__2024-11-03T01:24:34.051837+00:00 [queued]>
[2024-11-03T01:24:37.597+0000] {taskinstance.py:1157} INFO - Dependencies all met for dep_context=requeueable deps ti=<TaskInstance: dimension_batch_ingestion.ingest_account_dim manual__2024-11-03T01:24:34.051837+00:00 [queued]>
[2024-11-03T01:24:37.597+0000] {taskinstance.py:1359} INFO - Starting attempt 1 of 1
[2024-11-03T01:24:37.620+0000] {taskinstance.py:1380} INFO - Executing <Task(BashOperator): ingest_account_dim> on 2024-11-03 01:24:34.051837+00:00
[2024-11-03T01:24:37.629+0000] {standard_task_runner.py:57} INFO - Started process 2855 to run task
[2024-11-03T01:24:37.648+0000] {standard_task_runner.py:84} INFO - Running: ['***', 'tasks', 'run', 'dimension_batch_ingestion', 'ingest_account_dim', 'manual__2024-11-03T01:24:34.051837+00:00', '--job-id', '314', '--raw', '--subdir', 'DAGS_FOLDER/loader_dag.py', '--cfg-path', '/tmp/tmpr3kr45sa']
[2024-11-03T01:24:37.661+0000] {standard_task_runner.py:85} INFO - Job 314: Subtask ingest_account_dim
[2024-11-03T01:24:37.781+0000] {task_command.py:415} INFO - Running <TaskInstance: dimension_batch_ingestion.ingest_account_dim manual__2024-11-03T01:24:34.051837+00:00 [running]> on host f79a3875bd34
[2024-11-03T01:24:38.049+0000] {taskinstance.py:1660} INFO - Exporting env vars: AIRFLOW_CTX_DAG_OWNER='ctwang' AIRFLOW_CTX_DAG_ID='dimension_batch_ingestion' AIRFLOW_CTX_TASK_ID='ingest_account_dim' AIRFLOW_CTX_EXECUTION_DATE='2024-11-03T01:24:34.051837+00:00' AIRFLOW_CTX_TRY_NUMBER='1' AIRFLOW_CTX_DAG_RUN_ID='manual__2024-11-03T01:24:34.051837+00:00'
[2024-11-03T01:24:38.051+0000] {subprocess.py:63} INFO - Tmp dir root location: /tmp
[2024-11-03T01:24:38.053+0000] {subprocess.py:75} INFO - Running command: ['/bin/bash', '-c', 'curl -X POST -F file=@/opt/***/account_dim_large_data.csv -H "Content-Type: multipart/form-data" "http://pinot-controller:9000/ingestFromFile?tableNameWithType=account_dim_OFFLINE&batchConfigMapStr=%7B%22inputFormat%22%3A%22csv%22%2C%22recordReader.prop.delimiter%22%3A%22%2C%22%7D"']
[2024-11-03T01:24:38.067+0000] {subprocess.py:86} INFO - Output:
[2024-11-03T01:24:38.083+0000] {subprocess.py:93} INFO -   % Total    % Received % Xferd  Average Speed   Time    Time     Time  Current
[2024-11-03T01:24:38.083+0000] {subprocess.py:93} INFO -                                  Dload  Upload   Total   Spent    Left  Speed
[2024-11-03T01:24:38.832+0000] {subprocess.py:93} INFO -   0     0    0     0    0     0      0      0 --:--:-- --:--:-- --:--:--     0100  2952  100   109  100  2843    145   3795 --:--:-- --:--:-- --:--:--  3936100  2952  100   109  100  2843    145   3795 --:--:-- --:--:-- --:--:--  3936
[2024-11-03T01:24:38.834+0000] {subprocess.py:93} INFO - {"status":"Successfully ingested file into table: account_dim_OFFLINE as segment: account_dim_1730597078104"}
[2024-11-03T01:24:38.838+0000] {subprocess.py:97} INFO - Command exited with return code 0
[2024-11-03T01:24:38.884+0000] {taskinstance.py:1398} INFO - Marking task as SUCCESS. dag_id=dimension_batch_ingestion, task_id=ingest_account_dim, execution_date=20241103T012434, start_date=20241103T012437, end_date=20241103T012438
[2024-11-03T01:24:39.016+0000] {local_task_job_runner.py:228} INFO - Task exited with return code 0
[2024-11-03T01:24:39.075+0000] {taskinstance.py:2776} INFO - 0 downstream tasks scheduled from follow-on schedule check
