[2024-09-20T00:48:34.392+0000] {taskinstance.py:1157} INFO - Dependencies all met for dep_context=non-requeueable deps ti=<TaskInstance: branch_dim_generator.generate_branch_dim_data scheduled__2024-09-19T00:00:00+00:00 [queued]>
[2024-09-20T00:48:34.456+0000] {taskinstance.py:1157} INFO - Dependencies all met for dep_context=requeueable deps ti=<TaskInstance: branch_dim_generator.generate_branch_dim_data scheduled__2024-09-19T00:00:00+00:00 [queued]>
[2024-09-20T00:48:34.481+0000] {taskinstance.py:1359} INFO - Starting attempt 1 of 1
[2024-09-20T00:48:34.541+0000] {taskinstance.py:1380} INFO - Executing <Task(PythonOperator): generate_branch_dim_data> on 2024-09-19 00:00:00+00:00
[2024-09-20T00:48:34.595+0000] {standard_task_runner.py:57} INFO - Started process 3478 to run task
[2024-09-20T00:48:34.769+0000] {standard_task_runner.py:84} INFO - Running: ['***', 'tasks', 'run', 'branch_dim_generator', 'generate_branch_dim_data', 'scheduled__2024-09-19T00:00:00+00:00', '--job-id', '76', '--raw', '--subdir', 'DAGS_FOLDER/branch_dim_generator.py', '--cfg-path', '/tmp/tmpm0occwk6']
[2024-09-20T00:48:34.785+0000] {standard_task_runner.py:85} INFO - Job 76: Subtask generate_branch_dim_data
[2024-09-20T00:48:35.411+0000] {task_command.py:415} INFO - Running <TaskInstance: branch_dim_generator.generate_branch_dim_data scheduled__2024-09-19T00:00:00+00:00 [running]> on host 48913e9acee9
[2024-09-20T00:48:36.017+0000] {taskinstance.py:1660} INFO - Exporting env vars: AIRFLOW_CTX_DAG_OWNER='codewithyu' AIRFLOW_CTX_DAG_ID='branch_dim_generator' AIRFLOW_CTX_TASK_ID='generate_branch_dim_data' AIRFLOW_CTX_EXECUTION_DATE='2024-09-19T00:00:00+00:00' AIRFLOW_CTX_TRY_NUMBER='1' AIRFLOW_CTX_DAG_RUN_ID='scheduled__2024-09-19T00:00:00+00:00'
[2024-09-20T00:48:36.227+0000] {logging_mixin.py:151} INFO - CSV file './branch_dim_large_data.csv' with 50 rows has been generated successfully.
[2024-09-20T00:48:36.229+0000] {python.py:194} INFO - Done. Returned value was: None
[2024-09-20T00:48:36.287+0000] {taskinstance.py:1398} INFO - Marking task as SUCCESS. dag_id=branch_dim_generator, task_id=generate_branch_dim_data, execution_date=20240919T000000, start_date=20240920T004834, end_date=20240920T004836
[2024-09-20T00:48:36.385+0000] {local_task_job_runner.py:228} INFO - Task exited with return code 0
[2024-09-20T00:48:36.541+0000] {taskinstance.py:2776} INFO - 0 downstream tasks scheduled from follow-on schedule check
[2024-10-31T23:29:41.502+0000] {taskinstance.py:1157} INFO - Dependencies all met for dep_context=non-requeueable deps ti=<TaskInstance: branch_dim_generator.generate_branch_dim_data scheduled__2024-09-19T00:00:00+00:00 [queued]>
[2024-10-31T23:30:11.838+0000] {taskinstance.py:1157} INFO - Dependencies all met for dep_context=requeueable deps ti=<TaskInstance: branch_dim_generator.generate_branch_dim_data scheduled__2024-09-19T00:00:00+00:00 [queued]>
[2024-10-31T23:30:11.915+0000] {taskinstance.py:1359} INFO - Starting attempt 1 of 1
[2024-10-31T23:30:12.273+0000] {taskinstance.py:1380} INFO - Executing <Task(PythonOperator): generate_branch_dim_data> on 2024-09-19 00:00:00+00:00
[2024-10-31T23:30:12.590+0000] {standard_task_runner.py:57} INFO - Started process 25274 to run task
[2024-10-31T23:30:12.672+0000] {standard_task_runner.py:84} INFO - Running: ['***', 'tasks', 'run', 'branch_dim_generator', 'generate_branch_dim_data', 'scheduled__2024-09-19T00:00:00+00:00', '--job-id', '30', '--raw', '--subdir', 'DAGS_FOLDER/branch_dim_generator.py', '--cfg-path', '/tmp/tmpsd6baszv']
[2024-10-31T23:30:12.744+0000] {standard_task_runner.py:85} INFO - Job 30: Subtask generate_branch_dim_data
[2024-10-31T23:30:13.996+0000] {task_command.py:415} INFO - Running <TaskInstance: branch_dim_generator.generate_branch_dim_data scheduled__2024-09-19T00:00:00+00:00 [running]> on host 3f4612cc381d
[2024-10-31T23:30:14.772+0000] {taskinstance.py:1660} INFO - Exporting env vars: AIRFLOW_CTX_DAG_OWNER='codewithyu' AIRFLOW_CTX_DAG_ID='branch_dim_generator' AIRFLOW_CTX_TASK_ID='generate_branch_dim_data' AIRFLOW_CTX_EXECUTION_DATE='2024-09-19T00:00:00+00:00' AIRFLOW_CTX_TRY_NUMBER='1' AIRFLOW_CTX_DAG_RUN_ID='scheduled__2024-09-19T00:00:00+00:00'
[2024-10-31T23:30:14.912+0000] {logging_mixin.py:151} INFO - CSV file './branch_dim_large_data.csv' with 50 rows has been generated successfully.
[2024-10-31T23:30:14.912+0000] {python.py:194} INFO - Done. Returned value was: None
[2024-10-31T23:30:15.158+0000] {taskinstance.py:1398} INFO - Marking task as SUCCESS. dag_id=branch_dim_generator, task_id=generate_branch_dim_data, execution_date=20240919T000000, start_date=20241031T232941, end_date=20241031T233015
[2024-10-31T23:30:15.445+0000] {local_task_job_runner.py:228} INFO - Task exited with return code 0
[2024-10-31T23:30:16.133+0000] {taskinstance.py:2776} INFO - 0 downstream tasks scheduled from follow-on schedule check
