[2024-09-19T18:09:40.321+0000] {taskinstance.py:1157} INFO - Dependencies all met for dep_context=non-requeueable deps ti=<TaskInstance: account_dim_generator.generate_account_dim_data scheduled__2024-09-16T00:00:00+00:00 [queued]>
[2024-09-19T18:09:41.013+0000] {taskinstance.py:1157} INFO - Dependencies all met for dep_context=requeueable deps ti=<TaskInstance: account_dim_generator.generate_account_dim_data scheduled__2024-09-16T00:00:00+00:00 [queued]>
[2024-09-19T18:09:41.018+0000] {taskinstance.py:1359} INFO - Starting attempt 1 of 1
[2024-09-19T18:09:41.251+0000] {taskinstance.py:1380} INFO - Executing <Task(PythonOperator): generate_account_dim_data> on 2024-09-16 00:00:00+00:00
[2024-09-19T18:09:41.274+0000] {standard_task_runner.py:57} INFO - Started process 236 to run task
[2024-09-19T18:09:41.289+0000] {standard_task_runner.py:84} INFO - Running: ['***', 'tasks', 'run', 'account_dim_generator', 'generate_account_dim_data', 'scheduled__2024-09-16T00:00:00+00:00', '--job-id', '26', '--raw', '--subdir', 'DAGS_FOLDER/account_dim_generator.py', '--cfg-path', '/tmp/tmpq1d8ocmc']
[2024-09-19T18:09:41.329+0000] {standard_task_runner.py:85} INFO - Job 26: Subtask generate_account_dim_data
[2024-09-19T18:09:41.502+0000] {task_command.py:415} INFO - Running <TaskInstance: account_dim_generator.generate_account_dim_data scheduled__2024-09-16T00:00:00+00:00 [running]> on host 48913e9acee9
[2024-09-19T18:09:41.669+0000] {taskinstance.py:1660} INFO - Exporting env vars: AIRFLOW_CTX_DAG_OWNER='codewithyu' AIRFLOW_CTX_DAG_ID='account_dim_generator' AIRFLOW_CTX_TASK_ID='generate_account_dim_data' AIRFLOW_CTX_EXECUTION_DATE='2024-09-16T00:00:00+00:00' AIRFLOW_CTX_TRY_NUMBER='1' AIRFLOW_CTX_DAG_RUN_ID='scheduled__2024-09-16T00:00:00+00:00'
[2024-09-19T18:09:41.708+0000] {logging_mixin.py:151} INFO - CSV file ./account_dim_large_data.csv with 50 rows has been generated successfully!
[2024-09-19T18:09:41.709+0000] {python.py:194} INFO - Done. Returned value was: None
[2024-09-19T18:09:41.729+0000] {taskinstance.py:1398} INFO - Marking task as SUCCESS. dag_id=account_dim_generator, task_id=generate_account_dim_data, execution_date=20240916T000000, start_date=20240919T180940, end_date=20240919T180941
[2024-09-19T18:09:41.795+0000] {local_task_job_runner.py:228} INFO - Task exited with return code 0
[2024-09-19T18:09:41.843+0000] {taskinstance.py:2776} INFO - 0 downstream tasks scheduled from follow-on schedule check
[2024-10-31T23:30:15.255+0000] {taskinstance.py:1157} INFO - Dependencies all met for dep_context=non-requeueable deps ti=<TaskInstance: account_dim_generator.generate_account_dim_data scheduled__2024-09-16T00:00:00+00:00 [queued]>
[2024-10-31T23:30:15.621+0000] {taskinstance.py:1157} INFO - Dependencies all met for dep_context=requeueable deps ti=<TaskInstance: account_dim_generator.generate_account_dim_data scheduled__2024-09-16T00:00:00+00:00 [queued]>
[2024-10-31T23:30:15.635+0000] {taskinstance.py:1359} INFO - Starting attempt 1 of 1
[2024-10-31T23:30:16.015+0000] {taskinstance.py:1380} INFO - Executing <Task(PythonOperator): generate_account_dim_data> on 2024-09-16 00:00:00+00:00
[2024-10-31T23:30:16.120+0000] {standard_task_runner.py:57} INFO - Started process 25281 to run task
[2024-10-31T23:30:16.223+0000] {standard_task_runner.py:84} INFO - Running: ['***', 'tasks', 'run', 'account_dim_generator', 'generate_account_dim_data', 'scheduled__2024-09-16T00:00:00+00:00', '--job-id', '32', '--raw', '--subdir', 'DAGS_FOLDER/account_dim_generator.py', '--cfg-path', '/tmp/tmpa092bg2w']
[2024-10-31T23:30:16.293+0000] {standard_task_runner.py:85} INFO - Job 32: Subtask generate_account_dim_data
[2024-10-31T23:30:17.046+0000] {task_command.py:415} INFO - Running <TaskInstance: account_dim_generator.generate_account_dim_data scheduled__2024-09-16T00:00:00+00:00 [running]> on host 3f4612cc381d
[2024-10-31T23:30:17.812+0000] {taskinstance.py:1660} INFO - Exporting env vars: AIRFLOW_CTX_DAG_OWNER='codewithyu' AIRFLOW_CTX_DAG_ID='account_dim_generator' AIRFLOW_CTX_TASK_ID='generate_account_dim_data' AIRFLOW_CTX_EXECUTION_DATE='2024-09-16T00:00:00+00:00' AIRFLOW_CTX_TRY_NUMBER='1' AIRFLOW_CTX_DAG_RUN_ID='scheduled__2024-09-16T00:00:00+00:00'
[2024-10-31T23:30:17.907+0000] {logging_mixin.py:151} INFO - CSV file ./account_dim_large_data.csv with 50 rows has been generated successfully!
[2024-10-31T23:30:17.908+0000] {python.py:194} INFO - Done. Returned value was: None
[2024-10-31T23:30:17.941+0000] {taskinstance.py:1398} INFO - Marking task as SUCCESS. dag_id=account_dim_generator, task_id=generate_account_dim_data, execution_date=20240916T000000, start_date=20241031T233015, end_date=20241031T233017
[2024-10-31T23:30:18.109+0000] {local_task_job_runner.py:228} INFO - Task exited with return code 0
[2024-10-31T23:30:18.421+0000] {taskinstance.py:2776} INFO - 0 downstream tasks scheduled from follow-on schedule check
