[2024-11-04T21:49:59.094+0000] {taskinstance.py:1157} INFO - Dependencies all met for dep_context=non-requeueable deps ti=<TaskInstance: dimension_batch_ingestion.ingest_branch_dim scheduled__2024-11-03T00:00:00+00:00 [queued]>
[2024-11-04T21:49:59.163+0000] {taskinstance.py:1157} INFO - Dependencies all met for dep_context=requeueable deps ti=<TaskInstance: dimension_batch_ingestion.ingest_branch_dim scheduled__2024-11-03T00:00:00+00:00 [queued]>
[2024-11-04T21:49:59.166+0000] {taskinstance.py:1359} INFO - Starting attempt 1 of 1
[2024-11-04T21:49:59.557+0000] {taskinstance.py:1380} INFO - Executing <Task(BashOperator): ingest_branch_dim> on 2024-11-03 00:00:00+00:00
[2024-11-04T21:49:59.659+0000] {standard_task_runner.py:57} INFO - Started process 4054 to run task
[2024-11-04T21:49:59.900+0000] {standard_task_runner.py:84} INFO - Running: ['***', 'tasks', 'run', 'dimension_batch_ingestion', 'ingest_branch_dim', 'scheduled__2024-11-03T00:00:00+00:00', '--job-id', '334', '--raw', '--subdir', 'DAGS_FOLDER/loader_dag.py', '--cfg-path', '/tmp/tmp8bhn1xfy']
[2024-11-04T21:49:59.919+0000] {standard_task_runner.py:85} INFO - Job 334: Subtask ingest_branch_dim
[2024-11-04T21:50:02.147+0000] {task_command.py:415} INFO - Running <TaskInstance: dimension_batch_ingestion.ingest_branch_dim scheduled__2024-11-03T00:00:00+00:00 [running]> on host 5840299c91cd
[2024-11-04T21:50:03.163+0000] {taskinstance.py:1660} INFO - Exporting env vars: AIRFLOW_CTX_DAG_OWNER='ctwang' AIRFLOW_CTX_DAG_ID='dimension_batch_ingestion' AIRFLOW_CTX_TASK_ID='ingest_branch_dim' AIRFLOW_CTX_EXECUTION_DATE='2024-11-03T00:00:00+00:00' AIRFLOW_CTX_TRY_NUMBER='1' AIRFLOW_CTX_DAG_RUN_ID='scheduled__2024-11-03T00:00:00+00:00'
[2024-11-04T21:50:03.223+0000] {subprocess.py:63} INFO - Tmp dir root location: /tmp
[2024-11-04T21:50:03.231+0000] {subprocess.py:75} INFO - Running command: ['/bin/bash', '-c', 'curl -X POST -F file=@/opt/***/branch_dim_large_data.csv -H "Content-Type: multipart/form-data" "http://pinot-controller:9000/ingestFromFile?tableNameWithType=branch_dim_OFFLINE&batchConfigMapStr=%7B%22inputFormat%22%3A%22csv%22%2C%22recordReader.prop.delimiter%22%3A%22%2C%22%7D"']
[2024-11-04T21:50:03.290+0000] {subprocess.py:86} INFO - Output:
[2024-11-04T21:50:03.320+0000] {subprocess.py:93} INFO -   % Total    % Received % Xferd  Average Speed   Time    Time     Time  Current
[2024-11-04T21:50:03.321+0000] {subprocess.py:93} INFO -                                  Dload  Upload   Total   Spent    Left  Speed
[2024-11-04T21:50:08.885+0000] {subprocess.py:93} INFO -   0     0    0     0    0     0      0      0 --:--:-- --:--:-- --:--:--     0100  3926    0     0  100  3926      0   3212  0:00:01  0:00:01 --:--:--  3215100  3926    0     0  100  3926      0   1762  0:00:02  0:00:02 --:--:--  1764100  3926    0     0  100  3926      0   1216  0:00:03  0:00:03 --:--:--  1216100  3926    0     0  100  3926      0    928  0:00:04  0:00:04 --:--:--   928100  3926    0     0  100  3926      0    750  0:00:05  0:00:05 --:--:--   750100  4033  100   107  100  3926     19    705  0:00:05  0:00:05 --:--:--    24
[2024-11-04T21:50:08.897+0000] {subprocess.py:93} INFO - {"status":"Successfully ingested file into table: branch_dim_OFFLINE as segment: branch_dim_1730757004861"}
[2024-11-04T21:50:08.898+0000] {subprocess.py:97} INFO - Command exited with return code 0
[2024-11-04T21:50:09.111+0000] {taskinstance.py:1398} INFO - Marking task as SUCCESS. dag_id=dimension_batch_ingestion, task_id=ingest_branch_dim, execution_date=20241103T000000, start_date=20241104T214959, end_date=20241104T215009
[2024-11-04T21:50:09.205+0000] {local_task_job_runner.py:228} INFO - Task exited with return code 0
[2024-11-04T21:50:09.294+0000] {taskinstance.py:2776} INFO - 0 downstream tasks scheduled from follow-on schedule check
