[2024-09-19T18:09:40.320+0000] {taskinstance.py:1157} INFO - Dependencies all met for dep_context=non-requeueable deps ti=<TaskInstance: account_dim_generator.generate_account_dim_data scheduled__2024-09-17T00:00:00+00:00 [queued]>
[2024-09-19T18:09:40.994+0000] {taskinstance.py:1157} INFO - Dependencies all met for dep_context=requeueable deps ti=<TaskInstance: account_dim_generator.generate_account_dim_data scheduled__2024-09-17T00:00:00+00:00 [queued]>
[2024-09-19T18:09:40.998+0000] {taskinstance.py:1359} INFO - Starting attempt 1 of 1
[2024-09-19T18:09:41.208+0000] {taskinstance.py:1380} INFO - Executing <Task(PythonOperator): generate_account_dim_data> on 2024-09-17 00:00:00+00:00
[2024-09-19T18:09:41.272+0000] {standard_task_runner.py:57} INFO - Started process 234 to run task
[2024-09-19T18:09:41.289+0000] {standard_task_runner.py:84} INFO - Running: ['***', 'tasks', 'run', 'account_dim_generator', 'generate_account_dim_data', 'scheduled__2024-09-17T00:00:00+00:00', '--job-id', '28', '--raw', '--subdir', 'DAGS_FOLDER/account_dim_generator.py', '--cfg-path', '/tmp/tmpvwcbqjlp']
[2024-09-19T18:09:41.333+0000] {standard_task_runner.py:85} INFO - Job 28: Subtask generate_account_dim_data
[2024-09-19T18:09:41.507+0000] {task_command.py:415} INFO - Running <TaskInstance: account_dim_generator.generate_account_dim_data scheduled__2024-09-17T00:00:00+00:00 [running]> on host 48913e9acee9
[2024-09-19T18:09:41.667+0000] {taskinstance.py:1660} INFO - Exporting env vars: AIRFLOW_CTX_DAG_OWNER='codewithyu' AIRFLOW_CTX_DAG_ID='account_dim_generator' AIRFLOW_CTX_TASK_ID='generate_account_dim_data' AIRFLOW_CTX_EXECUTION_DATE='2024-09-17T00:00:00+00:00' AIRFLOW_CTX_TRY_NUMBER='1' AIRFLOW_CTX_DAG_RUN_ID='scheduled__2024-09-17T00:00:00+00:00'
[2024-09-19T18:09:41.708+0000] {logging_mixin.py:151} INFO - CSV file ./account_dim_large_data.csv with 50 rows has been generated successfully!
[2024-09-19T18:09:41.708+0000] {python.py:194} INFO - Done. Returned value was: None
[2024-09-19T18:09:41.723+0000] {taskinstance.py:1398} INFO - Marking task as SUCCESS. dag_id=account_dim_generator, task_id=generate_account_dim_data, execution_date=20240917T000000, start_date=20240919T180940, end_date=20240919T180941
[2024-09-19T18:09:41.806+0000] {local_task_job_runner.py:228} INFO - Task exited with return code 0
[2024-09-19T18:09:41.870+0000] {taskinstance.py:2776} INFO - 0 downstream tasks scheduled from follow-on schedule check
[2024-10-31T23:29:44.911+0000] {taskinstance.py:1157} INFO - Dependencies all met for dep_context=non-requeueable deps ti=<TaskInstance: account_dim_generator.generate_account_dim_data scheduled__2024-09-17T00:00:00+00:00 [queued]>
[2024-10-31T23:29:45.137+0000] {taskinstance.py:1157} INFO - Dependencies all met for dep_context=requeueable deps ti=<TaskInstance: account_dim_generator.generate_account_dim_data scheduled__2024-09-17T00:00:00+00:00 [queued]>
[2024-10-31T23:29:45.140+0000] {taskinstance.py:1359} INFO - Starting attempt 1 of 1
[2024-10-31T23:29:55.279+0000] {taskinstance.py:1380} INFO - Executing <Task(PythonOperator): generate_account_dim_data> on 2024-09-17 00:00:00+00:00
[2024-10-31T23:29:57.413+0000] {standard_task_runner.py:57} INFO - Started process 25268 to run task
[2024-10-31T23:29:58.008+0000] {standard_task_runner.py:84} INFO - Running: ['***', 'tasks', 'run', 'account_dim_generator', 'generate_account_dim_data', 'scheduled__2024-09-17T00:00:00+00:00', '--job-id', '26', '--raw', '--subdir', 'DAGS_FOLDER/account_dim_generator.py', '--cfg-path', '/tmp/tmp3w98_n95']
[2024-10-31T23:29:59.135+0000] {standard_task_runner.py:85} INFO - Job 26: Subtask generate_account_dim_data
[2024-10-31T23:30:12.074+0000] {task_command.py:415} INFO - Running <TaskInstance: account_dim_generator.generate_account_dim_data scheduled__2024-09-17T00:00:00+00:00 [running]> on host 3f4612cc381d
[2024-10-31T23:30:14.128+0000] {taskinstance.py:1660} INFO - Exporting env vars: AIRFLOW_CTX_DAG_OWNER='codewithyu' AIRFLOW_CTX_DAG_ID='account_dim_generator' AIRFLOW_CTX_TASK_ID='generate_account_dim_data' AIRFLOW_CTX_EXECUTION_DATE='2024-09-17T00:00:00+00:00' AIRFLOW_CTX_TRY_NUMBER='1' AIRFLOW_CTX_DAG_RUN_ID='scheduled__2024-09-17T00:00:00+00:00'
[2024-10-31T23:30:14.543+0000] {logging_mixin.py:151} INFO - CSV file ./account_dim_large_data.csv with 50 rows has been generated successfully!
[2024-10-31T23:30:14.599+0000] {python.py:194} INFO - Done. Returned value was: None
[2024-10-31T23:30:14.784+0000] {taskinstance.py:1398} INFO - Marking task as SUCCESS. dag_id=account_dim_generator, task_id=generate_account_dim_data, execution_date=20240917T000000, start_date=20241031T232944, end_date=20241031T233014
[2024-10-31T23:30:15.436+0000] {local_task_job_runner.py:228} INFO - Task exited with return code 0
[2024-10-31T23:30:15.921+0000] {taskinstance.py:2776} INFO - 0 downstream tasks scheduled from follow-on schedule check
