[2024-11-04T21:49:59.100+0000] {taskinstance.py:1157} INFO - Dependencies all met for dep_context=non-requeueable deps ti=<TaskInstance: dimension_batch_ingestion.ingest_account_dim scheduled__2024-11-03T00:00:00+00:00 [queued]>
[2024-11-04T21:49:59.137+0000] {taskinstance.py:1157} INFO - Dependencies all met for dep_context=requeueable deps ti=<TaskInstance: dimension_batch_ingestion.ingest_account_dim scheduled__2024-11-03T00:00:00+00:00 [queued]>
[2024-11-04T21:49:59.147+0000] {taskinstance.py:1359} INFO - Starting attempt 1 of 1
[2024-11-04T21:49:59.366+0000] {taskinstance.py:1380} INFO - Executing <Task(BashOperator): ingest_account_dim> on 2024-11-03 00:00:00+00:00
[2024-11-04T21:49:59.647+0000] {standard_task_runner.py:57} INFO - Started process 4053 to run task
[2024-11-04T21:49:59.899+0000] {standard_task_runner.py:84} INFO - Running: ['***', 'tasks', 'run', 'dimension_batch_ingestion', 'ingest_account_dim', 'scheduled__2024-11-03T00:00:00+00:00', '--job-id', '331', '--raw', '--subdir', 'DAGS_FOLDER/loader_dag.py', '--cfg-path', '/tmp/tmpfklp0v5e']
[2024-11-04T21:49:59.915+0000] {standard_task_runner.py:85} INFO - Job 331: Subtask ingest_account_dim
[2024-11-04T21:50:01.333+0000] {task_command.py:415} INFO - Running <TaskInstance: dimension_batch_ingestion.ingest_account_dim scheduled__2024-11-03T00:00:00+00:00 [running]> on host 5840299c91cd
[2024-11-04T21:50:02.844+0000] {taskinstance.py:1660} INFO - Exporting env vars: AIRFLOW_CTX_DAG_OWNER='ctwang' AIRFLOW_CTX_DAG_ID='dimension_batch_ingestion' AIRFLOW_CTX_TASK_ID='ingest_account_dim' AIRFLOW_CTX_EXECUTION_DATE='2024-11-03T00:00:00+00:00' AIRFLOW_CTX_TRY_NUMBER='1' AIRFLOW_CTX_DAG_RUN_ID='scheduled__2024-11-03T00:00:00+00:00'
[2024-11-04T21:50:02.941+0000] {subprocess.py:63} INFO - Tmp dir root location: /tmp
[2024-11-04T21:50:02.948+0000] {subprocess.py:75} INFO - Running command: ['/bin/bash', '-c', 'curl -X POST -F file=@/opt/***/account_dim_large_data.csv -H "Content-Type: multipart/form-data" "http://pinot-controller:9000/ingestFromFile?tableNameWithType=account_dim_OFFLINE&batchConfigMapStr=%7B%22inputFormat%22%3A%22csv%22%2C%22recordReader.prop.delimiter%22%3A%22%2C%22%7D"']
[2024-11-04T21:50:03.012+0000] {subprocess.py:86} INFO - Output:
[2024-11-04T21:50:03.223+0000] {subprocess.py:93} INFO -   % Total    % Received % Xferd  Average Speed   Time    Time     Time  Current
[2024-11-04T21:50:03.224+0000] {subprocess.py:93} INFO -                                  Dload  Upload   Total   Spent    Left  Speed
[2024-11-04T21:50:08.657+0000] {subprocess.py:93} INFO -   0     0    0     0    0     0      0      0 --:--:-- --:--:-- --:--:--     0100  2847    0     0  100  2847      0   2325  0:00:01  0:00:01 --:--:--  2325100  2847    0     0  100  2847      0   1278  0:00:02  0:00:02 --:--:--  1278100  2847    0     0  100  2847      0    881  0:00:03  0:00:03 --:--:--   881100  2847    0     0  100  2847      0    673  0:00:04  0:00:04 --:--:--   673100  2847    0     0  100  2847      0    544  0:00:05  0:00:05 --:--:--   544100  2956  100   109  100  2847     20    524  0:00:05  0:00:05 --:--:--    25
[2024-11-04T21:50:08.659+0000] {subprocess.py:93} INFO - {"status":"Successfully ingested file into table: account_dim_OFFLINE as segment: account_dim_1730757004861"}
[2024-11-04T21:50:08.662+0000] {subprocess.py:97} INFO - Command exited with return code 0
[2024-11-04T21:50:08.813+0000] {taskinstance.py:1398} INFO - Marking task as SUCCESS. dag_id=dimension_batch_ingestion, task_id=ingest_account_dim, execution_date=20241103T000000, start_date=20241104T214959, end_date=20241104T215008
[2024-11-04T21:50:08.907+0000] {local_task_job_runner.py:228} INFO - Task exited with return code 0
[2024-11-04T21:50:09.031+0000] {taskinstance.py:2776} INFO - 0 downstream tasks scheduled from follow-on schedule check
